
===========================================================================
report_checks -path_delay max (Setup)
============================================================================
======================= Fastest Corner ===================================

Startpoint: x[1] (input port clocked by __VIRTUAL_CLK__)
Endpoint: y[6] (output port clocked by __VIRTUAL_CLK__)
Path Group: __VIRTUAL_CLK__
Path Type: max
Corner: Fastest

Fanout     Cap    Slew   Delay    Time   Description
-----------------------------------------------------------------------------
                  0.00    0.00    0.00   clock __VIRTUAL_CLK__ (rise edge)
                          0.00    0.00   clock network delay (ideal)
                          2.00    2.00 v input external delay
     1    0.00    0.00    0.00    2.00 v x[1] (in)
                                         x[1] (net)
                  0.00    0.00    2.00 v input2/A (sky130_fd_sc_hd__clkbuf_2)
     4    0.03    0.07    0.10    2.11 v input2/X (sky130_fd_sc_hd__clkbuf_2)
                                         net2 (net)
                  0.07    0.00    2.11 v _13_/A (sky130_fd_sc_hd__or4_4)
     5    0.03    0.09    0.39    2.50 v _13_/X (sky130_fd_sc_hd__or4_4)
                                         _02_ (net)
                  0.09    0.00    2.50 v _20_/D (sky130_fd_sc_hd__or4_2)
     2    0.02    0.10    0.38    2.88 v _20_/X (sky130_fd_sc_hd__or4_2)
                                         _06_ (net)
                  0.10    0.00    2.88 v _22_/A (sky130_fd_sc_hd__and2_1)
     1    0.00    0.03    0.12    3.00 v _22_/X (sky130_fd_sc_hd__and2_1)
                                         _08_ (net)
                  0.03    0.00    3.00 v _23_/A (sky130_fd_sc_hd__clkbuf_1)
     1    0.01    0.03    0.07    3.07 v _23_/X (sky130_fd_sc_hd__clkbuf_1)
                                         net15 (net)
                  0.03    0.00    3.07 v output15/A (sky130_fd_sc_hd__buf_2)
     1    0.03    0.06    0.12    3.19 v output15/X (sky130_fd_sc_hd__buf_2)
                                         y[6] (net)
                  0.06    0.00    3.19 v y[6] (out)
                                  3.19   data arrival time

                  0.00   10.00   10.00   clock __VIRTUAL_CLK__ (rise edge)
                          0.00   10.00   clock network delay (ideal)
                         -0.25    9.75   clock uncertainty
                          0.00    9.75   clock reconvergence pessimism
                         -2.00    7.75   output external delay
                                  7.75   data required time
-----------------------------------------------------------------------------
                                  7.75   data required time
                                 -3.19   data arrival time
-----------------------------------------------------------------------------
                                  4.56   slack (MET)


Startpoint: x[1] (input port clocked by __VIRTUAL_CLK__)
Endpoint: y[7] (output port clocked by __VIRTUAL_CLK__)
Path Group: __VIRTUAL_CLK__
Path Type: max
Corner: Fastest

Fanout     Cap    Slew   Delay    Time   Description
-----------------------------------------------------------------------------
                  0.00    0.00    0.00   clock __VIRTUAL_CLK__ (rise edge)
                          0.00    0.00   clock network delay (ideal)
                          2.00    2.00 v input external delay
     1    0.00    0.00    0.00    2.00 v x[1] (in)
                                         x[1] (net)
                  0.00    0.00    2.00 v input2/A (sky130_fd_sc_hd__clkbuf_2)
     4    0.03    0.07    0.10    2.11 v input2/X (sky130_fd_sc_hd__clkbuf_2)
                                         net2 (net)
                  0.07    0.00    2.11 v _13_/A (sky130_fd_sc_hd__or4_4)
     5    0.03    0.09    0.39    2.50 v _13_/X (sky130_fd_sc_hd__or4_4)
                                         _02_ (net)
                  0.09    0.00    2.50 v _20_/D (sky130_fd_sc_hd__or4_2)
     2    0.02    0.10    0.38    2.88 v _20_/X (sky130_fd_sc_hd__or4_2)
                                         _06_ (net)
                  0.10    0.00    2.88 v _24_/B (sky130_fd_sc_hd__xor2_1)
     1    0.00    0.09    0.12    3.00 ^ _24_/X (sky130_fd_sc_hd__xor2_1)
                                         net16 (net)
                  0.09    0.00    3.00 ^ output16/A (sky130_fd_sc_hd__buf_2)
     1    0.03    0.13    0.16    3.15 ^ output16/X (sky130_fd_sc_hd__buf_2)
                                         y[7] (net)
                  0.13    0.00    3.15 ^ y[7] (out)
                                  3.15   data arrival time

                  0.00   10.00   10.00   clock __VIRTUAL_CLK__ (rise edge)
                          0.00   10.00   clock network delay (ideal)
                         -0.25    9.75   clock uncertainty
                          0.00    9.75   clock reconvergence pessimism
                         -2.00    7.75   output external delay
                                  7.75   data required time
-----------------------------------------------------------------------------
                                  7.75   data required time
                                 -3.15   data arrival time
-----------------------------------------------------------------------------
                                  4.60   slack (MET)


Startpoint: x[1] (input port clocked by __VIRTUAL_CLK__)
Endpoint: y[4] (output port clocked by __VIRTUAL_CLK__)
Path Group: __VIRTUAL_CLK__
Path Type: max
Corner: Fastest

Fanout     Cap    Slew   Delay    Time   Description
-----------------------------------------------------------------------------
                  0.00    0.00    0.00   clock __VIRTUAL_CLK__ (rise edge)
                          0.00    0.00   clock network delay (ideal)
                          2.00    2.00 v input external delay
     1    0.00    0.00    0.00    2.00 v x[1] (in)
                                         x[1] (net)
                  0.00    0.00    2.00 v input2/A (sky130_fd_sc_hd__clkbuf_2)
     4    0.03    0.07    0.10    2.11 v input2/X (sky130_fd_sc_hd__clkbuf_2)
                                         net2 (net)
                  0.07    0.00    2.11 v _13_/A (sky130_fd_sc_hd__or4_4)
     5    0.03    0.09    0.39    2.50 v _13_/X (sky130_fd_sc_hd__or4_4)
                                         _02_ (net)
                  0.09    0.00    2.50 v _17_/B (sky130_fd_sc_hd__and2_1)
     1    0.02    0.06    0.16    2.66 v _17_/X (sky130_fd_sc_hd__and2_1)
                                         _05_ (net)
                  0.06    0.00    2.67 v _18_/B (sky130_fd_sc_hd__nor2_1)
     1    0.01    0.18    0.17    2.83 ^ _18_/Y (sky130_fd_sc_hd__nor2_1)
                                         net13 (net)
                  0.18    0.00    2.83 ^ output13/A (sky130_fd_sc_hd__buf_2)
     1    0.03    0.13    0.17    3.01 ^ output13/X (sky130_fd_sc_hd__buf_2)
                                         y[4] (net)
                  0.13    0.00    3.01 ^ y[4] (out)
                                  3.01   data arrival time

                  0.00   10.00   10.00   clock __VIRTUAL_CLK__ (rise edge)
                          0.00   10.00   clock network delay (ideal)
                         -0.25    9.75   clock uncertainty
                          0.00    9.75   clock reconvergence pessimism
                         -2.00    7.75   output external delay
                                  7.75   data required time
-----------------------------------------------------------------------------
                                  7.75   data required time
                                 -3.01   data arrival time
-----------------------------------------------------------------------------
                                  4.74   slack (MET)


Startpoint: x[1] (input port clocked by __VIRTUAL_CLK__)
Endpoint: y[5] (output port clocked by __VIRTUAL_CLK__)
Path Group: __VIRTUAL_CLK__
Path Type: max
Corner: Fastest

Fanout     Cap    Slew   Delay    Time   Description
-----------------------------------------------------------------------------
                  0.00    0.00    0.00   clock __VIRTUAL_CLK__ (rise edge)
                          0.00    0.00   clock network delay (ideal)
                          2.00    2.00 v input external delay
     1    0.00    0.00    0.00    2.00 v x[1] (in)
                                         x[1] (net)
                  0.00    0.00    2.00 v input2/A (sky130_fd_sc_hd__clkbuf_2)
     4    0.03    0.07    0.10    2.11 v input2/X (sky130_fd_sc_hd__clkbuf_2)
                                         net2 (net)
                  0.07    0.00    2.11 v _13_/A (sky130_fd_sc_hd__or4_4)
     5    0.03    0.09    0.39    2.50 v _13_/X (sky130_fd_sc_hd__or4_4)
                                         _02_ (net)
                  0.09    0.00    2.50 v _16_/B (sky130_fd_sc_hd__nor2_2)
     2    0.03    0.22    0.21    2.71 ^ _16_/Y (sky130_fd_sc_hd__nor2_2)
                                         _04_ (net)
                  0.22    0.00    2.71 ^ _19_/B (sky130_fd_sc_hd__xnor2_2)
     1    0.02    0.20    0.12    2.83 ^ _19_/Y (sky130_fd_sc_hd__xnor2_2)
                                         net14 (net)
                  0.20    0.00    2.83 ^ output14/A (sky130_fd_sc_hd__buf_2)
     1    0.03    0.13    0.18    3.01 ^ output14/X (sky130_fd_sc_hd__buf_2)
                                         y[5] (net)
                  0.13    0.00    3.01 ^ y[5] (out)
                                  3.01   data arrival time

                  0.00   10.00   10.00   clock __VIRTUAL_CLK__ (rise edge)
                          0.00   10.00   clock network delay (ideal)
                         -0.25    9.75   clock uncertainty
                          0.00    9.75   clock reconvergence pessimism
                         -2.00    7.75   output external delay
                                  7.75   data required time
-----------------------------------------------------------------------------
                                  7.75   data required time
                                 -3.01   data arrival time
-----------------------------------------------------------------------------
                                  4.74   slack (MET)


Startpoint: x[1] (input port clocked by __VIRTUAL_CLK__)
Endpoint: y[3] (output port clocked by __VIRTUAL_CLK__)
Path Group: __VIRTUAL_CLK__
Path Type: max
Corner: Fastest

Fanout     Cap    Slew   Delay    Time   Description
-----------------------------------------------------------------------------
                  0.00    0.00    0.00   clock __VIRTUAL_CLK__ (rise edge)
                          0.00    0.00   clock network delay (ideal)
                          2.00    2.00 v input external delay
     1    0.00    0.00    0.00    2.00 v x[1] (in)
                                         x[1] (net)
                  0.00    0.00    2.00 v input2/A (sky130_fd_sc_hd__clkbuf_2)
     4    0.03    0.07    0.10    2.11 v input2/X (sky130_fd_sc_hd__clkbuf_2)
                                         net2 (net)
                  0.07    0.00    2.11 v _13_/A (sky130_fd_sc_hd__or4_4)
     5    0.03    0.09    0.39    2.50 v _13_/X (sky130_fd_sc_hd__or4_4)
                                         _02_ (net)
                  0.09    0.00    2.50 v _14_/B (sky130_fd_sc_hd__and2b_1)
     1    0.00    0.02    0.12    2.62 v _14_/X (sky130_fd_sc_hd__and2b_1)
                                         _03_ (net)
                  0.02    0.00    2.62 v _15_/A (sky130_fd_sc_hd__clkbuf_1)
     1    0.01    0.04    0.07    2.70 v _15_/X (sky130_fd_sc_hd__clkbuf_1)
                                         net12 (net)
                  0.04    0.00    2.70 v output12/A (sky130_fd_sc_hd__buf_2)
     1    0.03    0.06    0.13    2.82 v output12/X (sky130_fd_sc_hd__buf_2)
                                         y[3] (net)
                  0.06    0.00    2.82 v y[3] (out)
                                  2.82   data arrival time

                  0.00   10.00   10.00   clock __VIRTUAL_CLK__ (rise edge)
                          0.00   10.00   clock network delay (ideal)
                         -0.25    9.75   clock uncertainty
                          0.00    9.75   clock reconvergence pessimism
                         -2.00    7.75   output external delay
                                  7.75   data required time
-----------------------------------------------------------------------------
                                  7.75   data required time
                                 -2.82   data arrival time
-----------------------------------------------------------------------------
                                  4.93   slack (MET)


Startpoint: x[0] (input port clocked by __VIRTUAL_CLK__)
Endpoint: y[1] (output port clocked by __VIRTUAL_CLK__)
Path Group: __VIRTUAL_CLK__
Path Type: max
Corner: Fastest

Fanout     Cap    Slew   Delay    Time   Description
-----------------------------------------------------------------------------
                  0.00    0.00    0.00   clock __VIRTUAL_CLK__ (rise edge)
                          0.00    0.00   clock network delay (ideal)
                          2.00    2.00 v input external delay
     1    0.00    0.00    0.00    2.00 v x[0] (in)
                                         x[0] (net)
                  0.00    0.00    2.00 v input1/A (sky130_fd_sc_hd__clkbuf_2)
     5    0.03    0.08    0.11    2.11 v input1/X (sky130_fd_sc_hd__clkbuf_2)
                                         net1 (net)
                  0.08    0.00    2.11 v _25_/B (sky130_fd_sc_hd__and2_1)
     1    0.01    0.05    0.15    2.26 v _25_/X (sky130_fd_sc_hd__and2_1)
                                         _09_ (net)
                  0.05    0.00    2.26 v _26_/B (sky130_fd_sc_hd__nor2_1)
     1    0.02    0.25    0.21    2.48 ^ _26_/Y (sky130_fd_sc_hd__nor2_1)
                                         net10 (net)
                  0.25    0.00    2.48 ^ output10/A (sky130_fd_sc_hd__buf_2)
     1    0.03    0.13    0.18    2.66 ^ output10/X (sky130_fd_sc_hd__buf_2)
                                         y[1] (net)
                  0.13    0.00    2.66 ^ y[1] (out)
                                  2.66   data arrival time

                  0.00   10.00   10.00   clock __VIRTUAL_CLK__ (rise edge)
                          0.00   10.00   clock network delay (ideal)
                         -0.25    9.75   clock uncertainty
                          0.00    9.75   clock reconvergence pessimism
                         -2.00    7.75   output external delay
                                  7.75   data required time
-----------------------------------------------------------------------------
                                  7.75   data required time
                                 -2.66   data arrival time
-----------------------------------------------------------------------------
                                  5.09   slack (MET)


Startpoint: x[0] (input port clocked by __VIRTUAL_CLK__)
Endpoint: y[2] (output port clocked by __VIRTUAL_CLK__)
Path Group: __VIRTUAL_CLK__
Path Type: max
Corner: Fastest

Fanout     Cap    Slew   Delay    Time   Description
-----------------------------------------------------------------------------
                  0.00    0.00    0.00   clock __VIRTUAL_CLK__ (rise edge)
                          0.00    0.00   clock network delay (ideal)
                          2.00    2.00 v input external delay
     1    0.00    0.00    0.00    2.00 v x[0] (in)
                                         x[0] (net)
                  0.00    0.00    2.00 v input1/A (sky130_fd_sc_hd__clkbuf_2)
     5    0.03    0.08    0.11    2.11 v input1/X (sky130_fd_sc_hd__clkbuf_2)
                                         net1 (net)
                  0.08    0.00    2.12 v _10_/B (sky130_fd_sc_hd__nor2_1)
     2    0.02    0.25    0.23    2.34 ^ _10_/Y (sky130_fd_sc_hd__nor2_1)
                                         _00_ (net)
                  0.25    0.00    2.34 ^ _11_/B (sky130_fd_sc_hd__xnor2_1)
     1    0.01    0.18    0.13    2.47 ^ _11_/Y (sky130_fd_sc_hd__xnor2_1)
                                         net11 (net)
                  0.18    0.00    2.47 ^ output11/A (sky130_fd_sc_hd__buf_2)
     1    0.03    0.13    0.17    2.64 ^ output11/X (sky130_fd_sc_hd__buf_2)
                                         y[2] (net)
                  0.13    0.00    2.65 ^ y[2] (out)
                                  2.65   data arrival time

                  0.00   10.00   10.00   clock __VIRTUAL_CLK__ (rise edge)
                          0.00   10.00   clock network delay (ideal)
                         -0.25    9.75   clock uncertainty
                          0.00    9.75   clock reconvergence pessimism
                         -2.00    7.75   output external delay
                                  7.75   data required time
-----------------------------------------------------------------------------
                                  7.75   data required time
                                 -2.65   data arrival time
-----------------------------------------------------------------------------
                                  5.10   slack (MET)


Startpoint: x[0] (input port clocked by __VIRTUAL_CLK__)
Endpoint: y[0] (output port clocked by __VIRTUAL_CLK__)
Path Group: __VIRTUAL_CLK__
Path Type: max
Corner: Fastest

Fanout     Cap    Slew   Delay    Time   Description
-----------------------------------------------------------------------------
                  0.00    0.00    0.00   clock __VIRTUAL_CLK__ (rise edge)
                          0.00    0.00   clock network delay (ideal)
                          2.00    2.00 ^ input external delay
     1    0.00    0.01    0.01    2.01 ^ x[0] (in)
                                         x[0] (net)
                  0.01    0.00    2.01 ^ input1/A (sky130_fd_sc_hd__clkbuf_2)
     5    0.03    0.13    0.13    2.14 ^ input1/X (sky130_fd_sc_hd__clkbuf_2)
                                         net1 (net)
                  0.13    0.00    2.14 ^ _27_/A (sky130_fd_sc_hd__clkbuf_1)
     1    0.00    0.05    0.08    2.22 ^ _27_/X (sky130_fd_sc_hd__clkbuf_1)
                                         net9 (net)
                  0.05    0.00    2.22 ^ output9/A (sky130_fd_sc_hd__buf_2)
     1    0.03    0.13    0.15    2.37 ^ output9/X (sky130_fd_sc_hd__buf_2)
                                         y[0] (net)
                  0.13    0.00    2.37 ^ y[0] (out)
                                  2.37   data arrival time

                  0.00   10.00   10.00   clock __VIRTUAL_CLK__ (rise edge)
                          0.00   10.00   clock network delay (ideal)
                         -0.25    9.75   clock uncertainty
                          0.00    9.75   clock reconvergence pessimism
                         -2.00    7.75   output external delay
                                  7.75   data required time
-----------------------------------------------------------------------------
                                  7.75   data required time
                                 -2.37   data arrival time
-----------------------------------------------------------------------------
                                  5.38   slack (MET)



worst slack corner Fastest: 4.5553
======================= Slowest Corner ===================================

Startpoint: x[1] (input port clocked by __VIRTUAL_CLK__)
Endpoint: y[6] (output port clocked by __VIRTUAL_CLK__)
Path Group: __VIRTUAL_CLK__
Path Type: max
Corner: Slowest

Fanout     Cap    Slew   Delay    Time   Description
-----------------------------------------------------------------------------
                  0.00    0.00    0.00   clock __VIRTUAL_CLK__ (rise edge)
                          0.00    0.00   clock network delay (ideal)
                          2.00    2.00 v input external delay
     1    0.00    0.02    0.01    2.01 v x[1] (in)
                                         x[1] (net)
                  0.02    0.00    2.01 v input2/A (sky130_fd_sc_hd__clkbuf_2)
     4    0.03    0.18    0.28    2.29 v input2/X (sky130_fd_sc_hd__clkbuf_2)
                                         net2 (net)
                  0.18    0.00    2.29 v _13_/A (sky130_fd_sc_hd__or4_4)
     5    0.03    0.23    1.29    3.58 v _13_/X (sky130_fd_sc_hd__or4_4)
                                         _02_ (net)
                  0.23    0.00    3.58 v _20_/D (sky130_fd_sc_hd__or4_2)
     2    0.02    0.32    1.61    5.19 v _20_/X (sky130_fd_sc_hd__or4_2)
                                         _06_ (net)
                  0.32    0.00    5.19 v _22_/A (sky130_fd_sc_hd__and2_1)
     1    0.00    0.08    0.43    5.62 v _22_/X (sky130_fd_sc_hd__and2_1)
                                         _08_ (net)
                  0.08    0.00    5.62 v _23_/A (sky130_fd_sc_hd__clkbuf_1)
     1    0.01    0.09    0.21    5.83 v _23_/X (sky130_fd_sc_hd__clkbuf_1)
                                         net15 (net)
                  0.09    0.00    5.83 v output15/A (sky130_fd_sc_hd__buf_2)
     1    0.03    0.16    0.37    6.20 v output15/X (sky130_fd_sc_hd__buf_2)
                                         y[6] (net)
                  0.16    0.00    6.20 v y[6] (out)
                                  6.20   data arrival time

                  0.00   10.00   10.00   clock __VIRTUAL_CLK__ (rise edge)
                          0.00   10.00   clock network delay (ideal)
                         -0.25    9.75   clock uncertainty
                          0.00    9.75   clock reconvergence pessimism
                         -2.00    7.75   output external delay
                                  7.75   data required time
-----------------------------------------------------------------------------
                                  7.75   data required time
                                 -6.20   data arrival time
-----------------------------------------------------------------------------
                                  1.55   slack (MET)


Startpoint: x[1] (input port clocked by __VIRTUAL_CLK__)
Endpoint: y[7] (output port clocked by __VIRTUAL_CLK__)
Path Group: __VIRTUAL_CLK__
Path Type: max
Corner: Slowest

Fanout     Cap    Slew   Delay    Time   Description
-----------------------------------------------------------------------------
                  0.00    0.00    0.00   clock __VIRTUAL_CLK__ (rise edge)
                          0.00    0.00   clock network delay (ideal)
                          2.00    2.00 v input external delay
     1    0.00    0.02    0.01    2.01 v x[1] (in)
                                         x[1] (net)
                  0.02    0.00    2.01 v input2/A (sky130_fd_sc_hd__clkbuf_2)
     4    0.03    0.18    0.28    2.29 v input2/X (sky130_fd_sc_hd__clkbuf_2)
                                         net2 (net)
                  0.18    0.00    2.29 v _13_/A (sky130_fd_sc_hd__or4_4)
     5    0.03    0.23    1.29    3.58 v _13_/X (sky130_fd_sc_hd__or4_4)
                                         _02_ (net)
                  0.23    0.00    3.58 v _20_/D (sky130_fd_sc_hd__or4_2)
     2    0.02    0.32    1.61    5.19 v _20_/X (sky130_fd_sc_hd__or4_2)
                                         _06_ (net)
                  0.32    0.00    5.19 v _24_/B (sky130_fd_sc_hd__xor2_1)
     1    0.00    0.10    0.38    5.57 v _24_/X (sky130_fd_sc_hd__xor2_1)
                                         net16 (net)
                  0.10    0.00    5.57 v output16/A (sky130_fd_sc_hd__buf_2)
     1    0.03    0.17    0.38    5.95 v output16/X (sky130_fd_sc_hd__buf_2)
                                         y[7] (net)
                  0.17    0.00    5.95 v y[7] (out)
                                  5.95   data arrival time

                  0.00   10.00   10.00   clock __VIRTUAL_CLK__ (rise edge)
                          0.00   10.00   clock network delay (ideal)
                         -0.25    9.75   clock uncertainty
                          0.00    9.75   clock reconvergence pessimism
                         -2.00    7.75   output external delay
                                  7.75   data required time
-----------------------------------------------------------------------------
                                  7.75   data required time
                                 -5.95   data arrival time
-----------------------------------------------------------------------------
                                  1.80   slack (MET)


Startpoint: x[1] (input port clocked by __VIRTUAL_CLK__)
Endpoint: y[5] (output port clocked by __VIRTUAL_CLK__)
Path Group: __VIRTUAL_CLK__
Path Type: max
Corner: Slowest

Fanout     Cap    Slew   Delay    Time   Description
-----------------------------------------------------------------------------
                  0.00    0.00    0.00   clock __VIRTUAL_CLK__ (rise edge)
                          0.00    0.00   clock network delay (ideal)
                          2.00    2.00 v input external delay
     1    0.00    0.02    0.01    2.01 v x[1] (in)
                                         x[1] (net)
                  0.02    0.00    2.01 v input2/A (sky130_fd_sc_hd__clkbuf_2)
     4    0.03    0.18    0.28    2.29 v input2/X (sky130_fd_sc_hd__clkbuf_2)
                                         net2 (net)
                  0.18    0.00    2.29 v _13_/A (sky130_fd_sc_hd__or4_4)
     5    0.03    0.23    1.29    3.58 v _13_/X (sky130_fd_sc_hd__or4_4)
                                         _02_ (net)
                  0.23    0.00    3.58 v _16_/B (sky130_fd_sc_hd__nor2_2)
     2    0.03    0.50    0.51    4.09 ^ _16_/Y (sky130_fd_sc_hd__nor2_2)
                                         _04_ (net)
                  0.50    0.00    4.09 ^ _19_/B (sky130_fd_sc_hd__xnor2_2)
     1    0.02    0.43    0.44    4.53 ^ _19_/Y (sky130_fd_sc_hd__xnor2_2)
                                         net14 (net)
                  0.43    0.00    4.53 ^ output14/A (sky130_fd_sc_hd__buf_2)
     1    0.03    0.27    0.52    5.05 ^ output14/X (sky130_fd_sc_hd__buf_2)
                                         y[5] (net)
                  0.27    0.00    5.05 ^ y[5] (out)
                                  5.05   data arrival time

                  0.00   10.00   10.00   clock __VIRTUAL_CLK__ (rise edge)
                          0.00   10.00   clock network delay (ideal)
                         -0.25    9.75   clock uncertainty
                          0.00    9.75   clock reconvergence pessimism
                         -2.00    7.75   output external delay
                                  7.75   data required time
-----------------------------------------------------------------------------
                                  7.75   data required time
                                 -5.05   data arrival time
-----------------------------------------------------------------------------
                                  2.70   slack (MET)


Startpoint: x[1] (input port clocked by __VIRTUAL_CLK__)
Endpoint: y[4] (output port clocked by __VIRTUAL_CLK__)
Path Group: __VIRTUAL_CLK__
Path Type: max
Corner: Slowest

Fanout     Cap    Slew   Delay    Time   Description
-----------------------------------------------------------------------------
                  0.00    0.00    0.00   clock __VIRTUAL_CLK__ (rise edge)
                          0.00    0.00   clock network delay (ideal)
                          2.00    2.00 v input external delay
     1    0.00    0.02    0.01    2.01 v x[1] (in)
                                         x[1] (net)
                  0.02    0.00    2.01 v input2/A (sky130_fd_sc_hd__clkbuf_2)
     4    0.03    0.18    0.28    2.29 v input2/X (sky130_fd_sc_hd__clkbuf_2)
                                         net2 (net)
                  0.18    0.00    2.29 v _13_/A (sky130_fd_sc_hd__or4_4)
     5    0.03    0.23    1.29    3.58 v _13_/X (sky130_fd_sc_hd__or4_4)
                                         _02_ (net)
                  0.23    0.00    3.58 v _17_/B (sky130_fd_sc_hd__and2_1)
     1    0.02    0.18    0.53    4.11 v _17_/X (sky130_fd_sc_hd__and2_1)
                                         _05_ (net)
                  0.18    0.00    4.11 v _18_/B (sky130_fd_sc_hd__nor2_1)
     1    0.01    0.42    0.42    4.53 ^ _18_/Y (sky130_fd_sc_hd__nor2_1)
                                         net13 (net)
                  0.42    0.00    4.53 ^ output13/A (sky130_fd_sc_hd__buf_2)
     1    0.03    0.27    0.52    5.05 ^ output13/X (sky130_fd_sc_hd__buf_2)
                                         y[4] (net)
                  0.27    0.00    5.05 ^ y[4] (out)
                                  5.05   data arrival time

                  0.00   10.00   10.00   clock __VIRTUAL_CLK__ (rise edge)
                          0.00   10.00   clock network delay (ideal)
                         -0.25    9.75   clock uncertainty
                          0.00    9.75   clock reconvergence pessimism
                         -2.00    7.75   output external delay
                                  7.75   data required time
-----------------------------------------------------------------------------
                                  7.75   data required time
                                 -5.05   data arrival time
-----------------------------------------------------------------------------
                                  2.70   slack (MET)


Startpoint: x[1] (input port clocked by __VIRTUAL_CLK__)
Endpoint: y[3] (output port clocked by __VIRTUAL_CLK__)
Path Group: __VIRTUAL_CLK__
Path Type: max
Corner: Slowest

Fanout     Cap    Slew   Delay    Time   Description
-----------------------------------------------------------------------------
                  0.00    0.00    0.00   clock __VIRTUAL_CLK__ (rise edge)
                          0.00    0.00   clock network delay (ideal)
                          2.00    2.00 v input external delay
     1    0.00    0.02    0.01    2.01 v x[1] (in)
                                         x[1] (net)
                  0.02    0.00    2.01 v input2/A (sky130_fd_sc_hd__clkbuf_2)
     4    0.03    0.18    0.28    2.29 v input2/X (sky130_fd_sc_hd__clkbuf_2)
                                         net2 (net)
                  0.18    0.00    2.29 v _13_/A (sky130_fd_sc_hd__or4_4)
     5    0.03    0.23    1.29    3.58 v _13_/X (sky130_fd_sc_hd__or4_4)
                                         _02_ (net)
                  0.23    0.00    3.58 v _14_/B (sky130_fd_sc_hd__and2b_1)
     1    0.00    0.06    0.41    3.99 v _14_/X (sky130_fd_sc_hd__and2b_1)
                                         _03_ (net)
                  0.06    0.00    3.99 v _15_/A (sky130_fd_sc_hd__clkbuf_1)
     1    0.01    0.10    0.21    4.20 v _15_/X (sky130_fd_sc_hd__clkbuf_1)
                                         net12 (net)
                  0.10    0.00    4.20 v output12/A (sky130_fd_sc_hd__buf_2)
     1    0.03    0.16    0.38    4.58 v output12/X (sky130_fd_sc_hd__buf_2)
                                         y[3] (net)
                  0.16    0.00    4.58 v y[3] (out)
                                  4.58   data arrival time

                  0.00   10.00   10.00   clock __VIRTUAL_CLK__ (rise edge)
                          0.00   10.00   clock network delay (ideal)
                         -0.25    9.75   clock uncertainty
                          0.00    9.75   clock reconvergence pessimism
                         -2.00    7.75   output external delay
                                  7.75   data required time
-----------------------------------------------------------------------------
                                  7.75   data required time
                                 -4.58   data arrival time
-----------------------------------------------------------------------------
                                  3.17   slack (MET)


Startpoint: x[0] (input port clocked by __VIRTUAL_CLK__)
Endpoint: y[1] (output port clocked by __VIRTUAL_CLK__)
Path Group: __VIRTUAL_CLK__
Path Type: max
Corner: Slowest

Fanout     Cap    Slew   Delay    Time   Description
-----------------------------------------------------------------------------
                  0.00    0.00    0.00   clock __VIRTUAL_CLK__ (rise edge)
                          0.00    0.00   clock network delay (ideal)
                          2.00    2.00 v input external delay
     1    0.00    0.02    0.01    2.01 v x[0] (in)
                                         x[0] (net)
                  0.02    0.00    2.01 v input1/A (sky130_fd_sc_hd__clkbuf_2)
     5    0.03    0.20    0.30    2.31 v input1/X (sky130_fd_sc_hd__clkbuf_2)
                                         net1 (net)
                  0.20    0.00    2.31 v _25_/B (sky130_fd_sc_hd__and2_1)
     1    0.01    0.15    0.48    2.79 v _25_/X (sky130_fd_sc_hd__and2_1)
                                         _09_ (net)
                  0.15    0.00    2.79 v _26_/B (sky130_fd_sc_hd__nor2_1)
     1    0.02    0.57    0.53    3.32 ^ _26_/Y (sky130_fd_sc_hd__nor2_1)
                                         net10 (net)
                  0.57    0.00    3.32 ^ output10/A (sky130_fd_sc_hd__buf_2)
     1    0.03    0.27    0.58    3.90 ^ output10/X (sky130_fd_sc_hd__buf_2)
                                         y[1] (net)
                  0.27    0.00    3.90 ^ y[1] (out)
                                  3.90   data arrival time

                  0.00   10.00   10.00   clock __VIRTUAL_CLK__ (rise edge)
                          0.00   10.00   clock network delay (ideal)
                         -0.25    9.75   clock uncertainty
                          0.00    9.75   clock reconvergence pessimism
                         -2.00    7.75   output external delay
                                  7.75   data required time
-----------------------------------------------------------------------------
                                  7.75   data required time
                                 -3.90   data arrival time
-----------------------------------------------------------------------------
                                  3.85   slack (MET)


Startpoint: x[1] (input port clocked by __VIRTUAL_CLK__)
Endpoint: y[2] (output port clocked by __VIRTUAL_CLK__)
Path Group: __VIRTUAL_CLK__
Path Type: max
Corner: Slowest

Fanout     Cap    Slew   Delay    Time   Description
-----------------------------------------------------------------------------
                  0.00    0.00    0.00   clock __VIRTUAL_CLK__ (rise edge)
                          0.00    0.00   clock network delay (ideal)
                          2.00    2.00 v input external delay
     1    0.00    0.02    0.01    2.01 v x[1] (in)
                                         x[1] (net)
                  0.02    0.00    2.01 v input2/A (sky130_fd_sc_hd__clkbuf_2)
     4    0.03    0.18    0.28    2.29 v input2/X (sky130_fd_sc_hd__clkbuf_2)
                                         net2 (net)
                  0.18    0.00    2.29 v _10_/A (sky130_fd_sc_hd__nor2_1)
     2    0.02    0.59    0.58    2.87 ^ _10_/Y (sky130_fd_sc_hd__nor2_1)
                                         _00_ (net)
                  0.59    0.00    2.87 ^ _11_/B (sky130_fd_sc_hd__xnor2_1)
     1    0.01    0.42    0.47    3.35 ^ _11_/Y (sky130_fd_sc_hd__xnor2_1)
                                         net11 (net)
                  0.42    0.00    3.35 ^ output11/A (sky130_fd_sc_hd__buf_2)
     1    0.03    0.27    0.52    3.86 ^ output11/X (sky130_fd_sc_hd__buf_2)
                                         y[2] (net)
                  0.27    0.00    3.86 ^ y[2] (out)
                                  3.86   data arrival time

                  0.00   10.00   10.00   clock __VIRTUAL_CLK__ (rise edge)
                          0.00   10.00   clock network delay (ideal)
                         -0.25    9.75   clock uncertainty
                          0.00    9.75   clock reconvergence pessimism
                         -2.00    7.75   output external delay
                                  7.75   data required time
-----------------------------------------------------------------------------
                                  7.75   data required time
                                 -3.86   data arrival time
-----------------------------------------------------------------------------
                                  3.89   slack (MET)


Startpoint: x[0] (input port clocked by __VIRTUAL_CLK__)
Endpoint: y[0] (output port clocked by __VIRTUAL_CLK__)
Path Group: __VIRTUAL_CLK__
Path Type: max
Corner: Slowest

Fanout     Cap    Slew   Delay    Time   Description
-----------------------------------------------------------------------------
                  0.00    0.00    0.00   clock __VIRTUAL_CLK__ (rise edge)
                          0.00    0.00   clock network delay (ideal)
                          2.00    2.00 ^ input external delay
     1    0.00    0.03    0.02    2.02 ^ x[0] (in)
                                         x[0] (net)
                  0.03    0.00    2.02 ^ input1/A (sky130_fd_sc_hd__clkbuf_2)
     5    0.03    0.26    0.32    2.34 ^ input1/X (sky130_fd_sc_hd__clkbuf_2)
                                         net1 (net)
                  0.26    0.00    2.34 ^ _27_/A (sky130_fd_sc_hd__clkbuf_1)
     1    0.00    0.11    0.26    2.60 ^ _27_/X (sky130_fd_sc_hd__clkbuf_1)
                                         net9 (net)
                  0.11    0.00    2.60 ^ output9/A (sky130_fd_sc_hd__buf_2)
     1    0.03    0.27    0.38    2.98 ^ output9/X (sky130_fd_sc_hd__buf_2)
                                         y[0] (net)
                  0.27    0.00    2.98 ^ y[0] (out)
                                  2.98   data arrival time

                  0.00   10.00   10.00   clock __VIRTUAL_CLK__ (rise edge)
                          0.00   10.00   clock network delay (ideal)
                         -0.25    9.75   clock uncertainty
                          0.00    9.75   clock reconvergence pessimism
                         -2.00    7.75   output external delay
                                  7.75   data required time
-----------------------------------------------------------------------------
                                  7.75   data required time
                                 -2.98   data arrival time
-----------------------------------------------------------------------------
                                  4.77   slack (MET)



worst slack corner Slowest: 1.5502
======================= Typical Corner ===================================

Startpoint: x[1] (input port clocked by __VIRTUAL_CLK__)
Endpoint: y[6] (output port clocked by __VIRTUAL_CLK__)
Path Group: __VIRTUAL_CLK__
Path Type: max
Corner: Typical

Fanout     Cap    Slew   Delay    Time   Description
-----------------------------------------------------------------------------
                  0.00    0.00    0.00   clock __VIRTUAL_CLK__ (rise edge)
                          0.00    0.00   clock network delay (ideal)
                          2.00    2.00 v input external delay
     1    0.00    0.01    0.00    2.00 v x[1] (in)
                                         x[1] (net)
                  0.01    0.00    2.00 v input2/A (sky130_fd_sc_hd__clkbuf_2)
     4    0.03    0.10    0.15    2.16 v input2/X (sky130_fd_sc_hd__clkbuf_2)
                                         net2 (net)
                  0.10    0.00    2.16 v _13_/A (sky130_fd_sc_hd__or4_4)
     5    0.03    0.12    0.65    2.81 v _13_/X (sky130_fd_sc_hd__or4_4)
                                         _02_ (net)
                  0.12    0.00    2.81 v _20_/D (sky130_fd_sc_hd__or4_2)
     2    0.02    0.15    0.67    3.48 v _20_/X (sky130_fd_sc_hd__or4_2)
                                         _06_ (net)
                  0.15    0.00    3.48 v _22_/A (sky130_fd_sc_hd__and2_1)
     1    0.00    0.04    0.20    3.68 v _22_/X (sky130_fd_sc_hd__and2_1)
                                         _08_ (net)
                  0.04    0.00    3.68 v _23_/A (sky130_fd_sc_hd__clkbuf_1)
     1    0.01    0.04    0.11    3.78 v _23_/X (sky130_fd_sc_hd__clkbuf_1)
                                         net15 (net)
                  0.04    0.00    3.78 v output15/A (sky130_fd_sc_hd__buf_2)
     1    0.03    0.09    0.19    3.97 v output15/X (sky130_fd_sc_hd__buf_2)
                                         y[6] (net)
                  0.09    0.00    3.97 v y[6] (out)
                                  3.97   data arrival time

                  0.00   10.00   10.00   clock __VIRTUAL_CLK__ (rise edge)
                          0.00   10.00   clock network delay (ideal)
                         -0.25    9.75   clock uncertainty
                          0.00    9.75   clock reconvergence pessimism
                         -2.00    7.75   output external delay
                                  7.75   data required time
-----------------------------------------------------------------------------
                                  7.75   data required time
                                 -3.97   data arrival time
-----------------------------------------------------------------------------
                                  3.78   slack (MET)


Startpoint: x[1] (input port clocked by __VIRTUAL_CLK__)
Endpoint: y[7] (output port clocked by __VIRTUAL_CLK__)
Path Group: __VIRTUAL_CLK__
Path Type: max
Corner: Typical

Fanout     Cap    Slew   Delay    Time   Description
-----------------------------------------------------------------------------
                  0.00    0.00    0.00   clock __VIRTUAL_CLK__ (rise edge)
                          0.00    0.00   clock network delay (ideal)
                          2.00    2.00 v input external delay
     1    0.00    0.01    0.00    2.00 v x[1] (in)
                                         x[1] (net)
                  0.01    0.00    2.00 v input2/A (sky130_fd_sc_hd__clkbuf_2)
     4    0.03    0.10    0.15    2.16 v input2/X (sky130_fd_sc_hd__clkbuf_2)
                                         net2 (net)
                  0.10    0.00    2.16 v _13_/A (sky130_fd_sc_hd__or4_4)
     5    0.03    0.12    0.65    2.81 v _13_/X (sky130_fd_sc_hd__or4_4)
                                         _02_ (net)
                  0.12    0.00    2.81 v _20_/D (sky130_fd_sc_hd__or4_2)
     2    0.02    0.15    0.67    3.48 v _20_/X (sky130_fd_sc_hd__or4_2)
                                         _06_ (net)
                  0.15    0.00    3.48 v _24_/B (sky130_fd_sc_hd__xor2_1)
     1    0.00    0.12    0.18    3.66 ^ _24_/X (sky130_fd_sc_hd__xor2_1)
                                         net16 (net)
                  0.12    0.00    3.66 ^ output16/A (sky130_fd_sc_hd__buf_2)
     1    0.03    0.17    0.24    3.89 ^ output16/X (sky130_fd_sc_hd__buf_2)
                                         y[7] (net)
                  0.17    0.00    3.89 ^ y[7] (out)
                                  3.89   data arrival time

                  0.00   10.00   10.00   clock __VIRTUAL_CLK__ (rise edge)
                          0.00   10.00   clock network delay (ideal)
                         -0.25    9.75   clock uncertainty
                          0.00    9.75   clock reconvergence pessimism
                         -2.00    7.75   output external delay
                                  7.75   data required time
-----------------------------------------------------------------------------
                                  7.75   data required time
                                 -3.89   data arrival time
-----------------------------------------------------------------------------
                                  3.86   slack (MET)


Startpoint: x[1] (input port clocked by __VIRTUAL_CLK__)
Endpoint: y[5] (output port clocked by __VIRTUAL_CLK__)
Path Group: __VIRTUAL_CLK__
Path Type: max
Corner: Typical

Fanout     Cap    Slew   Delay    Time   Description
-----------------------------------------------------------------------------
                  0.00    0.00    0.00   clock __VIRTUAL_CLK__ (rise edge)
                          0.00    0.00   clock network delay (ideal)
                          2.00    2.00 v input external delay
     1    0.00    0.01    0.00    2.00 v x[1] (in)
                                         x[1] (net)
                  0.01    0.00    2.00 v input2/A (sky130_fd_sc_hd__clkbuf_2)
     4    0.03    0.10    0.15    2.16 v input2/X (sky130_fd_sc_hd__clkbuf_2)
                                         net2 (net)
                  0.10    0.00    2.16 v _13_/A (sky130_fd_sc_hd__or4_4)
     5    0.03    0.12    0.65    2.81 v _13_/X (sky130_fd_sc_hd__or4_4)
                                         _02_ (net)
                  0.12    0.00    2.81 v _16_/B (sky130_fd_sc_hd__nor2_2)
     2    0.03    0.31    0.30    3.11 ^ _16_/Y (sky130_fd_sc_hd__nor2_2)
                                         _04_ (net)
                  0.31    0.00    3.11 ^ _19_/B (sky130_fd_sc_hd__xnor2_2)
     1    0.02    0.27    0.21    3.32 ^ _19_/Y (sky130_fd_sc_hd__xnor2_2)
                                         net14 (net)
                  0.27    0.00    3.32 ^ output14/A (sky130_fd_sc_hd__buf_2)
     1    0.03    0.17    0.28    3.60 ^ output14/X (sky130_fd_sc_hd__buf_2)
                                         y[5] (net)
                  0.17    0.00    3.60 ^ y[5] (out)
                                  3.60   data arrival time

                  0.00   10.00   10.00   clock __VIRTUAL_CLK__ (rise edge)
                          0.00   10.00   clock network delay (ideal)
                         -0.25    9.75   clock uncertainty
                          0.00    9.75   clock reconvergence pessimism
                         -2.00    7.75   output external delay
                                  7.75   data required time
-----------------------------------------------------------------------------
                                  7.75   data required time
                                 -3.60   data arrival time
-----------------------------------------------------------------------------
                                  4.15   slack (MET)


Startpoint: x[1] (input port clocked by __VIRTUAL_CLK__)
Endpoint: y[4] (output port clocked by __VIRTUAL_CLK__)
Path Group: __VIRTUAL_CLK__
Path Type: max
Corner: Typical

Fanout     Cap    Slew   Delay    Time   Description
-----------------------------------------------------------------------------
                  0.00    0.00    0.00   clock __VIRTUAL_CLK__ (rise edge)
                          0.00    0.00   clock network delay (ideal)
                          2.00    2.00 v input external delay
     1    0.00    0.01    0.00    2.00 v x[1] (in)
                                         x[1] (net)
                  0.01    0.00    2.00 v input2/A (sky130_fd_sc_hd__clkbuf_2)
     4    0.03    0.10    0.15    2.16 v input2/X (sky130_fd_sc_hd__clkbuf_2)
                                         net2 (net)
                  0.10    0.00    2.16 v _13_/A (sky130_fd_sc_hd__or4_4)
     5    0.03    0.12    0.65    2.81 v _13_/X (sky130_fd_sc_hd__or4_4)
                                         _02_ (net)
                  0.12    0.00    2.81 v _17_/B (sky130_fd_sc_hd__and2_1)
     1    0.02    0.09    0.25    3.06 v _17_/X (sky130_fd_sc_hd__and2_1)
                                         _05_ (net)
                  0.09    0.00    3.07 v _18_/B (sky130_fd_sc_hd__nor2_1)
     1    0.01    0.25    0.24    3.31 ^ _18_/Y (sky130_fd_sc_hd__nor2_1)
                                         net13 (net)
                  0.25    0.00    3.31 ^ output13/A (sky130_fd_sc_hd__buf_2)
     1    0.03    0.17    0.27    3.58 ^ output13/X (sky130_fd_sc_hd__buf_2)
                                         y[4] (net)
                  0.17    0.00    3.58 ^ y[4] (out)
                                  3.58   data arrival time

                  0.00   10.00   10.00   clock __VIRTUAL_CLK__ (rise edge)
                          0.00   10.00   clock network delay (ideal)
                         -0.25    9.75   clock uncertainty
                          0.00    9.75   clock reconvergence pessimism
                         -2.00    7.75   output external delay
                                  7.75   data required time
-----------------------------------------------------------------------------
                                  7.75   data required time
                                 -3.58   data arrival time
-----------------------------------------------------------------------------
                                  4.17   slack (MET)


Startpoint: x[1] (input port clocked by __VIRTUAL_CLK__)
Endpoint: y[3] (output port clocked by __VIRTUAL_CLK__)
Path Group: __VIRTUAL_CLK__
Path Type: max
Corner: Typical

Fanout     Cap    Slew   Delay    Time   Description
-----------------------------------------------------------------------------
                  0.00    0.00    0.00   clock __VIRTUAL_CLK__ (rise edge)
                          0.00    0.00   clock network delay (ideal)
                          2.00    2.00 v input external delay
     1    0.00    0.01    0.00    2.00 v x[1] (in)
                                         x[1] (net)
                  0.01    0.00    2.00 v input2/A (sky130_fd_sc_hd__clkbuf_2)
     4    0.03    0.10    0.15    2.16 v input2/X (sky130_fd_sc_hd__clkbuf_2)
                                         net2 (net)
                  0.10    0.00    2.16 v _13_/A (sky130_fd_sc_hd__or4_4)
     5    0.03    0.12    0.65    2.81 v _13_/X (sky130_fd_sc_hd__or4_4)
                                         _02_ (net)
                  0.12    0.00    2.81 v _14_/B (sky130_fd_sc_hd__and2b_1)
     1    0.00    0.03    0.19    3.00 v _14_/X (sky130_fd_sc_hd__and2b_1)
                                         _03_ (net)
                  0.03    0.00    3.00 v _15_/A (sky130_fd_sc_hd__clkbuf_1)
     1    0.01    0.05    0.11    3.11 v _15_/X (sky130_fd_sc_hd__clkbuf_1)
                                         net12 (net)
                  0.05    0.00    3.11 v output12/A (sky130_fd_sc_hd__buf_2)
     1    0.03    0.09    0.19    3.31 v output12/X (sky130_fd_sc_hd__buf_2)
                                         y[3] (net)
                  0.09    0.00    3.31 v y[3] (out)
                                  3.31   data arrival time

                  0.00   10.00   10.00   clock __VIRTUAL_CLK__ (rise edge)
                          0.00   10.00   clock network delay (ideal)
                         -0.25    9.75   clock uncertainty
                          0.00    9.75   clock reconvergence pessimism
                         -2.00    7.75   output external delay
                                  7.75   data required time
-----------------------------------------------------------------------------
                                  7.75   data required time
                                 -3.31   data arrival time
-----------------------------------------------------------------------------
                                  4.44   slack (MET)


Startpoint: x[1] (input port clocked by __VIRTUAL_CLK__)
Endpoint: y[2] (output port clocked by __VIRTUAL_CLK__)
Path Group: __VIRTUAL_CLK__
Path Type: max
Corner: Typical

Fanout     Cap    Slew   Delay    Time   Description
-----------------------------------------------------------------------------
                  0.00    0.00    0.00   clock __VIRTUAL_CLK__ (rise edge)
                          0.00    0.00   clock network delay (ideal)
                          2.00    2.00 v input external delay
     1    0.00    0.01    0.00    2.00 v x[1] (in)
                                         x[1] (net)
                  0.01    0.00    2.00 v input2/A (sky130_fd_sc_hd__clkbuf_2)
     4    0.03    0.10    0.15    2.16 v input2/X (sky130_fd_sc_hd__clkbuf_2)
                                         net2 (net)
                  0.10    0.00    2.16 v _10_/A (sky130_fd_sc_hd__nor2_1)
     2    0.02    0.35    0.34    2.50 ^ _10_/Y (sky130_fd_sc_hd__nor2_1)
                                         _00_ (net)
                  0.35    0.00    2.50 ^ _11_/B (sky130_fd_sc_hd__xnor2_1)
     1    0.01    0.26    0.23    2.73 ^ _11_/Y (sky130_fd_sc_hd__xnor2_1)
                                         net11 (net)
                  0.26    0.00    2.73 ^ output11/A (sky130_fd_sc_hd__buf_2)
     1    0.03    0.17    0.28    3.01 ^ output11/X (sky130_fd_sc_hd__buf_2)
                                         y[2] (net)
                  0.17    0.00    3.01 ^ y[2] (out)
                                  3.01   data arrival time

                  0.00   10.00   10.00   clock __VIRTUAL_CLK__ (rise edge)
                          0.00   10.00   clock network delay (ideal)
                         -0.25    9.75   clock uncertainty
                          0.00    9.75   clock reconvergence pessimism
                         -2.00    7.75   output external delay
                                  7.75   data required time
-----------------------------------------------------------------------------
                                  7.75   data required time
                                 -3.01   data arrival time
-----------------------------------------------------------------------------
                                  4.74   slack (MET)


Startpoint: x[0] (input port clocked by __VIRTUAL_CLK__)
Endpoint: y[1] (output port clocked by __VIRTUAL_CLK__)
Path Group: __VIRTUAL_CLK__
Path Type: max
Corner: Typical

Fanout     Cap    Slew   Delay    Time   Description
-----------------------------------------------------------------------------
                  0.00    0.00    0.00   clock __VIRTUAL_CLK__ (rise edge)
                          0.00    0.00   clock network delay (ideal)
                          2.00    2.00 v input external delay
     1    0.00    0.01    0.00    2.00 v x[0] (in)
                                         x[0] (net)
                  0.01    0.00    2.00 v input1/A (sky130_fd_sc_hd__clkbuf_2)
     5    0.03    0.11    0.16    2.17 v input1/X (sky130_fd_sc_hd__clkbuf_2)
                                         net1 (net)
                  0.11    0.00    2.17 v _25_/B (sky130_fd_sc_hd__and2_1)
     1    0.01    0.08    0.23    2.40 v _25_/X (sky130_fd_sc_hd__and2_1)
                                         _09_ (net)
                  0.08    0.00    2.40 v _26_/B (sky130_fd_sc_hd__nor2_1)
     1    0.02    0.34    0.30    2.71 ^ _26_/Y (sky130_fd_sc_hd__nor2_1)
                                         net10 (net)
                  0.34    0.00    2.71 ^ output10/A (sky130_fd_sc_hd__buf_2)
     1    0.03    0.17    0.29    3.00 ^ output10/X (sky130_fd_sc_hd__buf_2)
                                         y[1] (net)
                  0.17    0.00    3.00 ^ y[1] (out)
                                  3.00   data arrival time

                  0.00   10.00   10.00   clock __VIRTUAL_CLK__ (rise edge)
                          0.00   10.00   clock network delay (ideal)
                         -0.25    9.75   clock uncertainty
                          0.00    9.75   clock reconvergence pessimism
                         -2.00    7.75   output external delay
                                  7.75   data required time
-----------------------------------------------------------------------------
                                  7.75   data required time
                                 -3.00   data arrival time
-----------------------------------------------------------------------------
                                  4.75   slack (MET)


Startpoint: x[0] (input port clocked by __VIRTUAL_CLK__)
Endpoint: y[0] (output port clocked by __VIRTUAL_CLK__)
Path Group: __VIRTUAL_CLK__
Path Type: max
Corner: Typical

Fanout     Cap    Slew   Delay    Time   Description
-----------------------------------------------------------------------------
                  0.00    0.00    0.00   clock __VIRTUAL_CLK__ (rise edge)
                          0.00    0.00   clock network delay (ideal)
                          2.00    2.00 ^ input external delay
     1    0.00    0.02    0.01    2.01 ^ x[0] (in)
                                         x[0] (net)
                  0.02    0.00    2.01 ^ input1/A (sky130_fd_sc_hd__clkbuf_2)
     5    0.03    0.16    0.19    2.20 ^ input1/X (sky130_fd_sc_hd__clkbuf_2)
                                         net1 (net)
                  0.16    0.00    2.20 ^ _27_/A (sky130_fd_sc_hd__clkbuf_1)
     1    0.00    0.07    0.13    2.33 ^ _27_/X (sky130_fd_sc_hd__clkbuf_1)
                                         net9 (net)
                  0.07    0.00    2.33 ^ output9/A (sky130_fd_sc_hd__buf_2)
     1    0.03    0.17    0.22    2.55 ^ output9/X (sky130_fd_sc_hd__buf_2)
                                         y[0] (net)
                  0.17    0.00    2.55 ^ y[0] (out)
                                  2.55   data arrival time

                  0.00   10.00   10.00   clock __VIRTUAL_CLK__ (rise edge)
                          0.00   10.00   clock network delay (ideal)
                         -0.25    9.75   clock uncertainty
                          0.00    9.75   clock reconvergence pessimism
                         -2.00    7.75   output external delay
                                  7.75   data required time
-----------------------------------------------------------------------------
                                  7.75   data required time
                                 -2.55   data arrival time
-----------------------------------------------------------------------------
                                  5.20   slack (MET)



worst slack corner Typical: 3.7764
