
===========================================================================
 report_power
============================================================================
======================= Fastest Corner ===================================

Group                  Internal  Switching    Leakage      Total
                          Power      Power      Power      Power (Watts)
----------------------------------------------------------------
Sequential             0.00e+00   0.00e+00   0.00e+00   0.00e+00   0.0%
Combinational          5.11e-06   1.49e-05   2.22e-10   2.00e-05 100.0%
Clock                  0.00e+00   0.00e+00   4.84e-10   4.84e-10   0.0%
Macro                  0.00e+00   0.00e+00   0.00e+00   0.00e+00   0.0%
Pad                    0.00e+00   0.00e+00   0.00e+00   0.00e+00   0.0%
----------------------------------------------------------------
Total                  5.11e-06   1.49e-05   7.06e-10   2.00e-05 100.0%
                          25.6%      74.4%       0.0%

======================= Slowest Corner ===================================

Group                  Internal  Switching    Leakage      Total
                          Power      Power      Power      Power (Watts)
----------------------------------------------------------------
Sequential             0.00e+00   0.00e+00   0.00e+00   0.00e+00   0.0%
Combinational          3.78e-06   9.95e-06   1.52e-07   1.39e-05 100.0%
Clock                  0.00e+00   0.00e+00   4.84e-10   4.84e-10   0.0%
Macro                  0.00e+00   0.00e+00   0.00e+00   0.00e+00   0.0%
Pad                    0.00e+00   0.00e+00   0.00e+00   0.00e+00   0.0%
----------------------------------------------------------------
Total                  3.78e-06   9.95e-06   1.52e-07   1.39e-05 100.0%
                          27.2%      71.7%       1.1%

======================= Typical Corner ===================================

Group                  Internal  Switching    Leakage      Total
                          Power      Power      Power      Power (Watts)
----------------------------------------------------------------
Sequential             0.00e+00   0.00e+00   0.00e+00   0.00e+00   0.0%
Combinational          4.58e-06   1.26e-05   9.68e-11   1.72e-05 100.0%
Clock                  0.00e+00   0.00e+00   4.84e-10   4.84e-10   0.0%
Macro                  0.00e+00   0.00e+00   0.00e+00   0.00e+00   0.0%
Pad                    0.00e+00   0.00e+00   0.00e+00   0.00e+00   0.0%
----------------------------------------------------------------
Total                  4.58e-06   1.26e-05   5.81e-10   1.72e-05 100.0%
                          26.6%      73.4%       0.0%

