Instance,Terminal,Layer,X location,Y location,Voltage
FILLER_0_27_189,VGND,li1,92.6900,87.0400,0.000000
FILLER_0_27_181,VGND,li1,90.6200,87.0400,0.000000
FILLER_0_27_169,VGND,li1,86.0200,87.0400,0.000000
FILLER_0_27_165,VGND,li1,82.1100,87.0400,0.000000
FILLER_0_27_153,VGND,li1,78.6600,87.0400,0.000000
FILLER_0_27_141,VGND,li1,73.1400,87.0400,0.000000
FILLER_0_27_137,VGND,li1,69.2300,87.0400,0.000000
FILLER_0_27_125,VGND,li1,65.7800,87.0400,0.000000
FILLER_0_27_113,VGND,li1,60.2600,87.0400,0.000000
FILLER_0_27_109,VGND,li1,56.3500,87.0400,0.000000
FILLER_0_27_97,VGND,li1,52.9000,87.0400,0.000000
FILLER_0_27_85,VGND,li1,47.3800,87.0400,0.000000
FILLER_0_27_83,VGND,li1,43.9300,87.0400,0.000000
FILLER_0_27_75,VGND,li1,41.8600,87.0400,0.000000
FILLER_0_27_63,VGND,li1,37.2600,87.0400,0.000000
FILLER_0_27_53,VGND,li1,30.5900,87.0400,0.000000
FILLER_0_27_41,VGND,li1,27.1400,87.0400,0.000000
FILLER_0_27_29,VGND,li1,21.6200,87.0400,0.000000
FILLER_0_27_27,VGND,li1,18.1700,87.0400,0.000000
FILLER_0_27_15,VGND,li1,15.1800,87.0400,0.000000
FILLER_0_27_3,VGND,li1,9.6600,87.0400,0.000000
FILLER_0_26_187,VGND,li1,92.2300,81.6000,0.000001
FILLER_0_26_179,VGND,li1,89.7000,81.6000,0.000001
FILLER_0_26_167,VGND,li1,85.1000,81.6000,0.000001
FILLER_0_26_155,VGND,li1,79.5800,81.6000,0.000001
FILLER_0_26_147,VGND,li1,73.3700,81.6000,0.000000
FILLER_0_26_141,VGND,li1,71.7600,81.6000,0.000000
FILLER_0_26_139,VGND,li1,69.6900,81.6000,0.000000
FILLER_0_26_133,VGND,li1,68.0800,81.6000,0.000000
FILLER_0_26_121,VGND,li1,63.9400,81.6000,0.000000
FILLER_0_26_109,VGND,li1,58.4200,81.6000,0.000000
FILLER_0_26_97,VGND,li1,52.9000,81.6000,0.000000
FILLER_0_26_85,VGND,li1,47.3800,81.6000,0.000000
FILLER_0_26_82,VGND,li1,43.7000,81.6000,0.000000
FILLER_0_26_70,VGND,li1,40.4800,81.6000,0.000000
FILLER_0_26_58,VGND,li1,34.9600,81.6000,0.000000
FILLER_0_26_46,VGND,li1,29.4400,81.6000,0.000000
FILLER_0_26_34,VGND,li1,23.9200,81.6000,0.000000
FILLER_0_26_29,VGND,li1,19.3200,81.6000,0.000000
FILLER_0_26_27,VGND,li1,18.1700,81.6000,0.000000
FILLER_0_26_15,VGND,li1,15.1800,81.6000,0.000000
FILLER_0_26_3,VGND,li1,9.6600,81.6000,0.000000
FILLER_0_25_184,VGND,li1,91.5400,81.6000,0.000001
FILLER_0_25_169,VGND,li1,83.7200,81.6000,0.000001
FILLER_0_25_167,VGND,li1,82.5700,81.6000,0.000001
FILLER_0_25_161,VGND,li1,80.9600,81.6000,0.000001
FILLER_0_25_149,VGND,li1,76.8200,81.6000,0.000001
FILLER_0_25_137,VGND,li1,71.3000,81.6000,0.000000
FILLER_0_25_125,VGND,li1,65.7800,81.6000,0.000000
FILLER_0_25_113,VGND,li1,60.2600,81.6000,0.000000
FILLER_0_25_111,VGND,li1,56.8100,81.6000,0.000000
FILLER_0_25_105,VGND,li1,55.2000,81.6000,0.000000
FILLER_0_25_93,VGND,li1,51.0600,81.6000,0.000000
FILLER_0_25_81,VGND,li1,45.5400,81.6000,0.000000
FILLER_0_25_69,VGND,li1,40.0200,81.6000,0.000000
FILLER_0_25_57,VGND,li1,34.5000,81.6000,0.000000
FILLER_0_25_55,VGND,li1,31.0500,81.6000,0.000000
FILLER_0_25_51,VGND,li1,29.9000,81.6000,0.000000
FILLER_0_25_39,VGND,li1,26.2200,81.6000,0.000000
FILLER_0_25_27,VGND,li1,20.7000,81.6000,0.000000
FILLER_0_25_15,VGND,li1,15.1800,81.6000,0.000000
FILLER_0_25_3,VGND,li1,9.6600,81.6000,0.000000
FILLER_0_24_184,VGND,li1,91.5400,76.1600,0.000000
FILLER_0_24_172,VGND,li1,87.4000,76.1600,0.000000
FILLER_0_24_160,VGND,li1,81.8800,76.1600,0.000001
FILLER_0_24_153,VGND,li1,76.3600,76.1600,0.000001
FILLER_0_24_141,VGND,li1,73.1400,76.1600,0.000001
FILLER_0_24_139,VGND,li1,69.6900,76.1600,0.000000
FILLER_0_24_133,VGND,li1,68.0800,76.1600,0.000000
FILLER_0_24_121,VGND,li1,63.9400,76.1600,0.000000
FILLER_0_24_109,VGND,li1,58.4200,76.1600,0.000000
FILLER_0_24_97,VGND,li1,52.9000,76.1600,0.000000
FILLER_0_24_85,VGND,li1,47.3800,76.1600,0.000000
FILLER_0_24_83,VGND,li1,43.9300,76.1600,0.000000
FILLER_0_24_77,VGND,li1,42.3200,76.1600,0.000000
FILLER_0_24_65,VGND,li1,38.1800,76.1600,0.000000
FILLER_0_24_53,VGND,li1,32.6600,76.1600,0.000001
FILLER_0_24_41,VGND,li1,27.1400,76.1600,0.000001
FILLER_0_24_29,VGND,li1,21.6200,76.1600,0.000001
FILLER_0_24_27,VGND,li1,18.1700,76.1600,0.000001
FILLER_0_24_19,VGND,li1,16.1000,76.1600,0.000002
FILLER_0_24_7,VGND,li1,11.5000,76.1600,0.000002
FILLER_0_23_189,VGND,li1,92.6900,76.1600,0.000000
FILLER_0_23_181,VGND,li1,90.6200,76.1600,0.000000
FILLER_0_23_169,VGND,li1,86.0200,76.1600,0.000000
FILLER_0_23_167,VGND,li1,82.5700,76.1600,0.000001
FILLER_0_23_161,VGND,li1,80.9600,76.1600,0.000001
FILLER_0_23_149,VGND,li1,76.8200,76.1600,0.000001
FILLER_0_23_137,VGND,li1,71.3000,76.1600,0.000000
FILLER_0_23_125,VGND,li1,65.7800,76.1600,0.000000
FILLER_0_23_113,VGND,li1,60.2600,76.1600,0.000000
FILLER_0_23_111,VGND,li1,56.8100,76.1600,0.000000
FILLER_0_23_105,VGND,li1,55.2000,76.1600,0.000000
FILLER_0_23_93,VGND,li1,51.0600,76.1600,0.000000
FILLER_0_23_81,VGND,li1,45.5400,76.1600,0.000000
FILLER_0_23_69,VGND,li1,40.0200,76.1600,0.000000
FILLER_0_23_57,VGND,li1,34.5000,76.1600,0.000001
FILLER_0_23_55,VGND,li1,31.0500,76.1600,0.000001
FILLER_0_23_51,VGND,li1,29.9000,76.1600,0.000001
FILLER_0_23_39,VGND,li1,26.2200,76.1600,0.000001
FILLER_0_23_27,VGND,li1,20.7000,76.1600,0.000001
FILLER_0_23_15,VGND,li1,15.1800,76.1600,0.000002
FILLER_0_23_3,VGND,li1,9.6600,76.1600,0.000002
FILLER_0_22_189,VGND,li1,92.6900,70.7200,0.000001
FILLER_0_22_181,VGND,li1,89.0100,70.7200,0.000001
FILLER_0_22_177,VGND,li1,87.8600,70.7200,0.000001
FILLER_0_22_165,VGND,li1,84.1800,70.7200,0.000000
FILLER_0_22_153,VGND,li1,78.6600,70.7200,0.000000
FILLER_0_22_141,VGND,li1,73.1400,70.7200,0.000000
FILLER_0_22_139,VGND,li1,69.6900,70.7200,0.000000
FILLER_0_22_133,VGND,li1,68.0800,70.7200,0.000000
FILLER_0_22_121,VGND,li1,63.9400,70.7200,0.000000
FILLER_0_22_109,VGND,li1,58.4200,70.7200,0.000000
FILLER_0_22_97,VGND,li1,52.9000,70.7200,0.000000
FILLER_0_22_85,VGND,li1,47.3800,70.7200,0.000000
FILLER_0_22_83,VGND,li1,43.9300,70.7200,0.000001
FILLER_0_22_77,VGND,li1,42.3200,70.7200,0.000000
FILLER_0_22_65,VGND,li1,38.1800,70.7200,0.000001
FILLER_0_22_53,VGND,li1,32.6600,70.7200,0.000001
FILLER_0_22_41,VGND,li1,27.1400,70.7200,0.000001
FILLER_0_22_29,VGND,li1,21.6200,70.7200,0.000001
FILLER_0_22_27,VGND,li1,18.1700,70.7200,0.000001
FILLER_0_22_19,VGND,li1,16.1000,70.7200,0.000002
FILLER_0_22_7,VGND,li1,11.5000,70.7200,0.000002
FILLER_0_21_189,VGND,li1,92.6900,70.7200,0.000001
FILLER_0_21_185,VGND,li1,90.8500,70.7200,0.000001
FILLER_0_21_181,VGND,li1,89.7000,70.7200,0.000001
FILLER_0_21_169,VGND,li1,86.0200,70.7200,0.000000
FILLER_0_21_167,VGND,li1,82.5700,70.7200,0.000000
FILLER_0_21_161,VGND,li1,80.9600,70.7200,0.000000
FILLER_0_21_149,VGND,li1,76.8200,70.7200,0.000000
FILLER_0_21_137,VGND,li1,71.3000,70.7200,0.000000
FILLER_0_21_125,VGND,li1,65.7800,70.7200,0.000000
FILLER_0_21_113,VGND,li1,60.2600,70.7200,0.000000
FILLER_0_21_111,VGND,li1,56.8100,70.7200,0.000000
FILLER_0_21_99,VGND,li1,53.8200,70.7200,0.000000
FILLER_0_21_87,VGND,li1,48.3000,70.7200,0.000000
FILLER_0_21_81,VGND,li1,43.4700,70.7200,0.000000
FILLER_0_21_69,VGND,li1,40.0200,70.7200,0.000001
FILLER_0_21_57,VGND,li1,34.5000,70.7200,0.000001
FILLER_0_21_55,VGND,li1,31.0500,70.7200,0.000001
FILLER_0_21_43,VGND,li1,28.0600,70.7200,0.000001
FILLER_0_21_31,VGND,li1,22.5400,70.7200,0.000001
FILLER_0_21_19,VGND,li1,17.0200,70.7200,0.000002
FILLER_0_21_7,VGND,li1,11.5000,70.7200,0.000002
FILLER_0_20_189,VGND,li1,92.6900,65.2800,0.000000
FILLER_0_20_177,VGND,li1,89.7000,65.2800,0.000000
FILLER_0_20_165,VGND,li1,84.1800,65.2800,0.000000
FILLER_0_20_153,VGND,li1,78.6600,65.2800,0.000000
FILLER_0_20_141,VGND,li1,73.1400,65.2800,0.000000
FILLER_0_20_139,VGND,li1,69.6900,65.2800,0.000000
FILLER_0_20_133,VGND,li1,68.0800,65.2800,0.000000
FILLER_0_20_121,VGND,li1,63.9400,65.2800,0.000000
FILLER_0_20_109,VGND,li1,58.4200,65.2800,0.000000
FILLER_0_20_97,VGND,li1,52.9000,65.2800,0.000000
FILLER_0_20_85,VGND,li1,47.3800,65.2800,0.000000
FILLER_0_20_81,VGND,li1,43.4700,65.2800,0.000000
FILLER_0_20_69,VGND,li1,40.0200,65.2800,0.000000
FILLER_0_20_57,VGND,li1,34.5000,65.2800,0.000001
FILLER_0_20_47,VGND,li1,27.3700,65.2800,0.000001
FILLER_0_20_41,VGND,li1,25.7600,65.2800,0.000001
FILLER_0_20_29,VGND,li1,21.6200,65.2800,0.000001
FILLER_0_20_27,VGND,li1,18.1700,65.2800,0.000001
FILLER_0_20_19,VGND,li1,16.1000,65.2800,0.000001
FILLER_0_20_7,VGND,li1,11.5000,65.2800,0.000002
FILLER_0_19_189,VGND,li1,92.6900,65.2800,0.000000
FILLER_0_19_181,VGND,li1,90.6200,65.2800,0.000000
FILLER_0_19_169,VGND,li1,86.0200,65.2800,0.000000
FILLER_0_19_167,VGND,li1,82.5700,65.2800,0.000000
FILLER_0_19_161,VGND,li1,80.9600,65.2800,0.000000
FILLER_0_19_149,VGND,li1,76.8200,65.2800,0.000000
FILLER_0_19_137,VGND,li1,71.3000,65.2800,0.000000
FILLER_0_19_125,VGND,li1,65.7800,65.2800,0.000000
FILLER_0_19_113,VGND,li1,60.2600,65.2800,0.000000
FILLER_0_19_111,VGND,li1,56.8100,65.2800,0.000000
FILLER_0_19_105,VGND,li1,55.2000,65.2800,0.000000
FILLER_0_19_93,VGND,li1,51.0600,65.2800,0.000000
FILLER_0_19_81,VGND,li1,45.5400,65.2800,0.000000
FILLER_0_19_69,VGND,li1,40.0200,65.2800,0.000000
FILLER_0_19_57,VGND,li1,34.5000,65.2800,0.000001
FILLER_0_19_55,VGND,li1,31.0500,65.2800,0.000001
FILLER_0_19_43,VGND,li1,28.0600,65.2800,0.000001
FILLER_0_19_31,VGND,li1,22.5400,65.2800,0.000001
FILLER_0_19_19,VGND,li1,17.0200,65.2800,0.000001
FILLER_0_19_7,VGND,li1,11.5000,65.2800,0.000002
FILLER_0_18_189,VGND,li1,92.6900,59.8400,0.000000
FILLER_0_18_177,VGND,li1,89.7000,59.8400,0.000000
FILLER_0_18_165,VGND,li1,84.1800,59.8400,0.000000
FILLER_0_18_153,VGND,li1,78.6600,59.8400,0.000000
FILLER_0_18_141,VGND,li1,73.1400,59.8400,0.000000
FILLER_0_18_139,VGND,li1,69.6900,59.8400,0.000000
FILLER_0_18_133,VGND,li1,68.0800,59.8400,0.000000
FILLER_0_18_121,VGND,li1,63.9400,59.8400,0.000000
FILLER_0_18_109,VGND,li1,58.4200,59.8400,0.000000
FILLER_0_18_97,VGND,li1,52.9000,59.8400,0.000000
FILLER_0_18_85,VGND,li1,47.3800,59.8400,0.000000
FILLER_0_18_83,VGND,li1,43.9300,59.8400,0.000000
FILLER_0_18_77,VGND,li1,42.3200,59.8400,0.000000
FILLER_0_18_65,VGND,li1,38.1800,59.8400,0.000000
FILLER_0_18_53,VGND,li1,32.6600,59.8400,0.000001
FILLER_0_18_41,VGND,li1,27.1400,59.8400,0.000001
FILLER_0_18_29,VGND,li1,21.6200,59.8400,0.000001
FILLER_0_18_27,VGND,li1,18.1700,59.8400,0.000002
FILLER_0_18_15,VGND,li1,15.1800,59.8400,0.000002
FILLER_0_18_3,VGND,li1,9.6600,59.8400,0.000003
FILLER_0_17_189,VGND,li1,92.6900,59.8400,0.000000
FILLER_0_17_181,VGND,li1,90.6200,59.8400,0.000000
FILLER_0_17_169,VGND,li1,86.0200,59.8400,0.000000
FILLER_0_17_167,VGND,li1,82.5700,59.8400,0.000000
FILLER_0_17_161,VGND,li1,80.9600,59.8400,0.000000
FILLER_0_17_149,VGND,li1,76.8200,59.8400,0.000000
FILLER_0_17_137,VGND,li1,71.3000,59.8400,0.000000
FILLER_0_17_125,VGND,li1,65.7800,59.8400,0.000000
FILLER_0_17_113,VGND,li1,60.2600,59.8400,0.000000
FILLER_0_17_111,VGND,li1,56.8100,59.8400,0.000000
FILLER_0_17_105,VGND,li1,55.2000,59.8400,0.000000
FILLER_0_17_93,VGND,li1,51.0600,59.8400,0.000000
FILLER_0_17_81,VGND,li1,45.5400,59.8400,0.000000
FILLER_0_17_69,VGND,li1,40.0200,59.8400,0.000000
FILLER_0_17_57,VGND,li1,34.5000,59.8400,0.000001
FILLER_0_17_55,VGND,li1,31.0500,59.8400,0.000001
FILLER_0_17_43,VGND,li1,28.0600,59.8400,0.000001
FILLER_0_17_31,VGND,li1,22.5400,59.8400,0.000001
FILLER_0_17_19,VGND,li1,17.0200,59.8400,0.000002
FILLER_0_17_7,VGND,li1,11.5000,59.8400,0.000002
FILLER_0_16_189,VGND,li1,92.6900,54.4000,0.000000
FILLER_0_16_177,VGND,li1,89.7000,54.4000,0.000000
FILLER_0_16_165,VGND,li1,84.1800,54.4000,0.000000
FILLER_0_16_153,VGND,li1,78.6600,54.4000,0.000000
FILLER_0_16_141,VGND,li1,73.1400,54.4000,0.000000
FILLER_0_16_139,VGND,li1,69.6900,54.4000,0.000000
FILLER_0_16_133,VGND,li1,68.0800,54.4000,0.000000
FILLER_0_16_121,VGND,li1,63.9400,54.4000,0.000000
FILLER_0_16_109,VGND,li1,58.4200,54.4000,0.000000
FILLER_0_16_97,VGND,li1,52.9000,54.4000,0.000000
FILLER_0_16_85,VGND,li1,47.3800,54.4000,0.000000
FILLER_0_16_83,VGND,li1,43.9300,54.4000,0.000000
FILLER_0_16_77,VGND,li1,42.3200,54.4000,0.000000
FILLER_0_16_65,VGND,li1,38.1800,54.4000,0.000000
FILLER_0_16_53,VGND,li1,32.6600,54.4000,0.000000
FILLER_0_16_41,VGND,li1,27.1400,54.4000,0.000000
FILLER_0_16_29,VGND,li1,21.6200,54.4000,0.000001
FILLER_0_16_27,VGND,li1,18.1700,54.4000,0.000001
FILLER_0_16_19,VGND,li1,16.1000,54.4000,0.000001
FILLER_0_16_7,VGND,li1,11.5000,54.4000,0.000001
FILLER_0_15_189,VGND,li1,92.6900,54.4000,0.000000
FILLER_0_15_181,VGND,li1,90.6200,54.4000,0.000000
FILLER_0_15_169,VGND,li1,86.0200,54.4000,0.000000
FILLER_0_15_167,VGND,li1,82.5700,54.4000,0.000000
FILLER_0_15_161,VGND,li1,80.9600,54.4000,0.000000
FILLER_0_15_149,VGND,li1,76.8200,54.4000,0.000000
FILLER_0_15_137,VGND,li1,71.3000,54.4000,0.000000
FILLER_0_15_125,VGND,li1,65.7800,54.4000,0.000000
FILLER_0_15_113,VGND,li1,60.2600,54.4000,0.000000
FILLER_0_15_111,VGND,li1,56.8100,54.4000,0.000000
FILLER_0_15_105,VGND,li1,55.2000,54.4000,0.000000
FILLER_0_15_93,VGND,li1,51.0600,54.4000,0.000000
FILLER_0_15_81,VGND,li1,45.5400,54.4000,0.000000
FILLER_0_15_69,VGND,li1,40.0200,54.4000,0.000000
FILLER_0_15_57,VGND,li1,34.5000,54.4000,0.000000
FILLER_0_15_55,VGND,li1,31.0500,54.4000,0.000000
FILLER_0_15_43,VGND,li1,28.0600,54.4000,0.000000
FILLER_0_15_31,VGND,li1,22.5400,54.4000,0.000001
FILLER_0_15_19,VGND,li1,17.0200,54.4000,0.000001
FILLER_0_15_7,VGND,li1,11.5000,54.4000,0.000001
FILLER_0_14_189,VGND,li1,92.6900,48.9600,0.000000
FILLER_0_14_177,VGND,li1,89.7000,48.9600,0.000000
FILLER_0_14_165,VGND,li1,84.1800,48.9600,0.000000
FILLER_0_14_153,VGND,li1,78.6600,48.9600,0.000000
FILLER_0_14_141,VGND,li1,73.1400,48.9600,0.000000
FILLER_0_14_139,VGND,li1,69.6900,48.9600,0.000000
FILLER_0_14_133,VGND,li1,68.0800,48.9600,0.000000
FILLER_0_14_121,VGND,li1,63.9400,48.9600,0.000000
FILLER_0_14_109,VGND,li1,58.4200,48.9600,0.000000
FILLER_0_14_97,VGND,li1,52.9000,48.9600,0.000000
FILLER_0_14_85,VGND,li1,47.3800,48.9600,0.000000
FILLER_0_14_83,VGND,li1,43.9300,48.9600,0.000000
FILLER_0_14_77,VGND,li1,42.3200,48.9600,0.000000
FILLER_0_14_65,VGND,li1,38.1800,48.9600,0.000000
FILLER_0_14_53,VGND,li1,32.6600,48.9600,0.000000
FILLER_0_14_41,VGND,li1,27.1400,48.9600,0.000000
FILLER_0_14_29,VGND,li1,21.6200,48.9600,0.000000
FILLER_0_14_26,VGND,li1,17.9400,48.9600,0.000001
FILLER_0_14_18,VGND,li1,15.6400,48.9600,0.000001
FILLER_0_14_6,VGND,li1,11.0400,48.9600,0.000001
FILLER_0_13_189,VGND,li1,92.6900,48.9600,0.000000
FILLER_0_13_181,VGND,li1,90.6200,48.9600,0.000000
FILLER_0_13_169,VGND,li1,86.0200,48.9600,0.000000
FILLER_0_13_167,VGND,li1,82.5700,48.9600,0.000000
FILLER_0_13_161,VGND,li1,80.9600,48.9600,0.000000
FILLER_0_13_149,VGND,li1,76.8200,48.9600,0.000000
FILLER_0_13_137,VGND,li1,71.3000,48.9600,0.000000
FILLER_0_13_125,VGND,li1,65.7800,48.9600,0.000000
FILLER_0_13_113,VGND,li1,60.2600,48.9600,0.000000
FILLER_0_13_110,VGND,li1,56.5800,48.9600,0.000000
FILLER_0_13_102,VGND,li1,54.2800,48.9600,0.000000
FILLER_0_13_90,VGND,li1,49.6800,48.9600,0.000000
FILLER_0_13_78,VGND,li1,44.1600,48.9600,0.000000
FILLER_0_13_69,VGND,li1,38.1800,48.9600,0.000000
FILLER_0_13_57,VGND,li1,34.5000,48.9600,0.000000
FILLER_0_13_55,VGND,li1,31.0500,48.9600,0.000000
FILLER_0_13_51,VGND,li1,29.9000,48.9600,0.000000
FILLER_0_13_39,VGND,li1,26.2200,48.9600,0.000000
FILLER_0_13_27,VGND,li1,20.7000,48.9600,0.000001
FILLER_0_13_15,VGND,li1,15.1800,48.9600,0.000001
FILLER_0_13_3,VGND,li1,9.6600,48.9600,0.000001
FILLER_0_12_189,VGND,li1,92.6900,43.5200,0.000000
FILLER_0_12_177,VGND,li1,89.7000,43.5200,0.000000
FILLER_0_12_165,VGND,li1,84.1800,43.5200,0.000000
FILLER_0_12_153,VGND,li1,78.6600,43.5200,0.000000
FILLER_0_12_141,VGND,li1,73.1400,43.5200,0.000000
FILLER_0_12_139,VGND,li1,69.6900,43.5200,0.000000
FILLER_0_12_133,VGND,li1,68.0800,43.5200,0.000000
FILLER_0_12_121,VGND,li1,63.9400,43.5200,0.000000
FILLER_0_12_109,VGND,li1,58.4200,43.5200,0.000000
FILLER_0_12_97,VGND,li1,52.9000,43.5200,0.000000
FILLER_0_12_85,VGND,li1,47.3800,43.5200,0.000000
FILLER_0_12_83,VGND,li1,43.9300,43.5200,0.000000
FILLER_0_12_77,VGND,li1,42.3200,43.5200,0.000000
FILLER_0_12_65,VGND,li1,38.1800,43.5200,0.000000
FILLER_0_12_53,VGND,li1,32.6600,43.5200,0.000000
FILLER_0_12_41,VGND,li1,27.1400,43.5200,0.000000
FILLER_0_12_29,VGND,li1,21.6200,43.5200,0.000000
FILLER_0_12_26,VGND,li1,17.9400,43.5200,0.000000
FILLER_0_12_18,VGND,li1,15.6400,43.5200,0.000001
FILLER_0_12_6,VGND,li1,11.0400,43.5200,0.000001
FILLER_0_11_189,VGND,li1,92.6900,43.5200,0.000000
FILLER_0_11_181,VGND,li1,90.6200,43.5200,0.000000
FILLER_0_11_169,VGND,li1,86.0200,43.5200,0.000000
FILLER_0_11_167,VGND,li1,82.5700,43.5200,0.000000
FILLER_0_11_161,VGND,li1,80.9600,43.5200,0.000000
FILLER_0_11_149,VGND,li1,76.8200,43.5200,0.000000
FILLER_0_11_137,VGND,li1,71.3000,43.5200,0.000000
FILLER_0_11_125,VGND,li1,65.7800,43.5200,0.000000
FILLER_0_11_113,VGND,li1,60.2600,43.5200,0.000000
FILLER_0_11_111,VGND,li1,56.8100,43.5200,0.000000
FILLER_0_11_105,VGND,li1,55.2000,43.5200,0.000000
FILLER_0_11_93,VGND,li1,51.0600,43.5200,0.000000
FILLER_0_11_81,VGND,li1,45.5400,43.5200,0.000000
FILLER_0_11_69,VGND,li1,40.0200,43.5200,0.000000
FILLER_0_11_57,VGND,li1,34.5000,43.5200,0.000000
FILLER_0_11_44,VGND,li1,28.5200,43.5200,0.000000
FILLER_0_11_32,VGND,li1,23.0000,43.5200,0.000000
FILLER_0_11_24,VGND,li1,16.7900,43.5200,0.000001
FILLER_0_11_18,VGND,li1,15.1800,43.5200,0.000001
FILLER_0_11_6,VGND,li1,11.0400,43.5200,0.000001
FILLER_0_10_189,VGND,li1,92.6900,38.0800,0.000000
FILLER_0_10_177,VGND,li1,89.7000,38.0800,0.000000
FILLER_0_10_165,VGND,li1,84.1800,38.0800,0.000000
FILLER_0_10_153,VGND,li1,78.6600,38.0800,0.000000
FILLER_0_10_141,VGND,li1,73.1400,38.0800,0.000000
FILLER_0_10_139,VGND,li1,69.6900,38.0800,0.000000
FILLER_0_10_127,VGND,li1,66.7000,38.0800,0.000000
FILLER_0_10_115,VGND,li1,61.1800,38.0800,0.000001
FILLER_0_10_103,VGND,li1,55.6600,38.0800,0.000001
FILLER_0_10_91,VGND,li1,50.1400,38.0800,0.000001
FILLER_0_10_80,VGND,li1,43.2400,38.0800,0.000001
FILLER_0_10_65,VGND,li1,38.1800,38.0800,0.000001
FILLER_0_10_53,VGND,li1,32.6600,38.0800,0.000001
FILLER_0_10_41,VGND,li1,27.1400,38.0800,0.000001
FILLER_0_10_29,VGND,li1,21.6200,38.0800,0.000001
FILLER_0_10_27,VGND,li1,18.1700,38.0800,0.000001
FILLER_0_10_19,VGND,li1,16.1000,38.0800,0.000001
FILLER_0_10_7,VGND,li1,11.5000,38.0800,0.000002
FILLER_0_9_189,VGND,li1,92.6900,38.0800,0.000000
FILLER_0_9_181,VGND,li1,90.6200,38.0800,0.000000
FILLER_0_9_169,VGND,li1,86.0200,38.0800,0.000000
FILLER_0_9_167,VGND,li1,82.5700,38.0800,0.000000
FILLER_0_9_155,VGND,li1,79.5800,38.0800,0.000000
FILLER_0_9_143,VGND,li1,74.0600,38.0800,0.000000
FILLER_0_9_137,VGND,li1,68.7700,38.0800,0.000000
FILLER_0_9_125,VGND,li1,65.7800,38.0800,0.000000
FILLER_0_9_113,VGND,li1,60.2600,38.0800,0.000001
FILLER_0_9_109,VGND,li1,56.3500,38.0800,0.000001
FILLER_0_9_101,VGND,li1,53.8200,38.0800,0.000001
FILLER_0_9_89,VGND,li1,49.2200,38.0800,0.000001
FILLER_0_9_77,VGND,li1,43.7000,38.0800,0.000001
FILLER_0_9_69,VGND,li1,37.4900,38.0800,0.000001
FILLER_0_9_57,VGND,li1,34.5000,38.0800,0.000001
FILLER_0_9_55,VGND,li1,31.0500,38.0800,0.000001
FILLER_0_9_43,VGND,li1,28.0600,38.0800,0.000001
FILLER_0_9_31,VGND,li1,22.5400,38.0800,0.000001
FILLER_0_9_19,VGND,li1,17.0200,38.0800,0.000001
FILLER_0_9_7,VGND,li1,11.5000,38.0800,0.000002
FILLER_0_8_189,VGND,li1,92.6900,32.6400,0.000000
FILLER_0_8_177,VGND,li1,89.7000,32.6400,0.000000
FILLER_0_8_165,VGND,li1,84.1800,32.6400,0.000000
FILLER_0_8_153,VGND,li1,78.6600,32.6400,0.000000
FILLER_0_8_141,VGND,li1,73.1400,32.6400,0.000000
FILLER_0_8_139,VGND,li1,69.6900,32.6400,0.000000
FILLER_0_8_133,VGND,li1,68.0800,32.6400,0.000000
FILLER_0_8_121,VGND,li1,63.9400,32.6400,0.000000
FILLER_0_8_109,VGND,li1,58.4200,32.6400,0.000000
FILLER_0_8_97,VGND,li1,52.9000,32.6400,0.000000
FILLER_0_8_85,VGND,li1,47.3800,32.6400,0.000000
FILLER_0_8_83,VGND,li1,43.9300,32.6400,0.000000
FILLER_0_8_77,VGND,li1,42.3200,32.6400,0.000000
FILLER_0_8_65,VGND,li1,38.1800,32.6400,0.000000
FILLER_0_8_53,VGND,li1,32.6600,32.6400,0.000001
FILLER_0_8_41,VGND,li1,27.1400,32.6400,0.000001
FILLER_0_8_29,VGND,li1,21.6200,32.6400,0.000001
FILLER_0_8_27,VGND,li1,18.1700,32.6400,0.000001
FILLER_0_8_15,VGND,li1,15.1800,32.6400,0.000001
FILLER_0_8_3,VGND,li1,9.6600,32.6400,0.000002
FILLER_0_7_189,VGND,li1,92.6900,32.6400,0.000000
FILLER_0_7_181,VGND,li1,90.6200,32.6400,0.000000
FILLER_0_7_169,VGND,li1,86.0200,32.6400,0.000000
FILLER_0_7_167,VGND,li1,82.5700,32.6400,0.000000
FILLER_0_7_161,VGND,li1,80.9600,32.6400,0.000000
FILLER_0_7_149,VGND,li1,76.8200,32.6400,0.000000
FILLER_0_7_137,VGND,li1,71.3000,32.6400,0.000000
FILLER_0_7_125,VGND,li1,65.7800,32.6400,0.000000
FILLER_0_7_113,VGND,li1,60.2600,32.6400,0.000000
FILLER_0_7_111,VGND,li1,56.8100,32.6400,0.000000
FILLER_0_7_105,VGND,li1,55.2000,32.6400,0.000000
FILLER_0_7_93,VGND,li1,51.0600,32.6400,0.000000
FILLER_0_7_81,VGND,li1,45.5400,32.6400,0.000000
FILLER_0_7_69,VGND,li1,40.0200,32.6400,0.000000
FILLER_0_7_57,VGND,li1,34.5000,32.6400,0.000000
FILLER_0_7_55,VGND,li1,31.0500,32.6400,0.000001
FILLER_0_7_43,VGND,li1,28.0600,32.6400,0.000001
FILLER_0_7_31,VGND,li1,22.5400,32.6400,0.000001
FILLER_0_7_19,VGND,li1,17.0200,32.6400,0.000001
FILLER_0_7_7,VGND,li1,11.5000,32.6400,0.000002
FILLER_0_6_182,VGND,li1,91.0800,27.2000,0.000001
FILLER_0_6_170,VGND,li1,86.4800,27.2000,0.000001
FILLER_0_6_165,VGND,li1,81.8800,27.2000,0.000001
FILLER_0_6_153,VGND,li1,78.6600,27.2000,0.000001
FILLER_0_6_141,VGND,li1,73.1400,27.2000,0.000000
FILLER_0_6_139,VGND,li1,69.6900,27.2000,0.000000
FILLER_0_6_133,VGND,li1,68.0800,27.2000,0.000000
FILLER_0_6_121,VGND,li1,63.9400,27.2000,0.000000
FILLER_0_6_109,VGND,li1,58.4200,27.2000,0.000000
FILLER_0_6_97,VGND,li1,52.9000,27.2000,0.000000
FILLER_0_6_85,VGND,li1,47.3800,27.2000,0.000000
FILLER_0_6_83,VGND,li1,43.9300,27.2000,0.000000
FILLER_0_6_77,VGND,li1,42.3200,27.2000,0.000000
FILLER_0_6_65,VGND,li1,38.1800,27.2000,0.000000
FILLER_0_6_53,VGND,li1,32.6600,27.2000,0.000000
FILLER_0_6_41,VGND,li1,27.1400,27.2000,0.000001
FILLER_0_6_29,VGND,li1,21.6200,27.2000,0.000001
FILLER_0_6_27,VGND,li1,18.1700,27.2000,0.000001
FILLER_0_6_19,VGND,li1,16.1000,27.2000,0.000001
FILLER_0_6_7,VGND,li1,11.5000,27.2000,0.000001
FILLER_0_5_189,VGND,li1,92.6900,27.2000,0.000001
FILLER_0_5_181,VGND,li1,90.6200,27.2000,0.000001
FILLER_0_5_169,VGND,li1,86.0200,27.2000,0.000001
FILLER_0_5_167,VGND,li1,82.5700,27.2000,0.000001
FILLER_0_5_161,VGND,li1,80.9600,27.2000,0.000001
FILLER_0_5_149,VGND,li1,76.8200,27.2000,0.000001
FILLER_0_5_137,VGND,li1,71.3000,27.2000,0.000000
FILLER_0_5_125,VGND,li1,65.7800,27.2000,0.000000
FILLER_0_5_113,VGND,li1,60.2600,27.2000,0.000000
FILLER_0_5_111,VGND,li1,56.8100,27.2000,0.000000
FILLER_0_5_105,VGND,li1,55.2000,27.2000,0.000000
FILLER_0_5_93,VGND,li1,51.0600,27.2000,0.000000
FILLER_0_5_81,VGND,li1,45.5400,27.2000,0.000000
FILLER_0_5_69,VGND,li1,40.0200,27.2000,0.000000
FILLER_0_5_57,VGND,li1,34.5000,27.2000,0.000000
FILLER_0_5_55,VGND,li1,31.0500,27.2000,0.000000
FILLER_0_5_43,VGND,li1,28.0600,27.2000,0.000001
FILLER_0_5_31,VGND,li1,22.5400,27.2000,0.000001
FILLER_0_5_19,VGND,li1,17.0200,27.2000,0.000001
FILLER_0_5_7,VGND,li1,11.5000,27.2000,0.000001
FILLER_0_4_189,VGND,li1,92.6900,21.7600,0.000000
FILLER_0_4_177,VGND,li1,89.7000,21.7600,0.000000
FILLER_0_4_165,VGND,li1,84.1800,21.7600,0.000000
FILLER_0_4_153,VGND,li1,78.6600,21.7600,0.000000
FILLER_0_4_141,VGND,li1,73.1400,21.7600,0.000000
FILLER_0_4_139,VGND,li1,69.6900,21.7600,0.000000
FILLER_0_4_133,VGND,li1,68.0800,21.7600,0.000000
FILLER_0_4_121,VGND,li1,63.9400,21.7600,0.000000
FILLER_0_4_109,VGND,li1,58.4200,21.7600,0.000000
FILLER_0_4_97,VGND,li1,52.9000,21.7600,0.000000
FILLER_0_4_85,VGND,li1,47.3800,21.7600,0.000000
FILLER_0_4_83,VGND,li1,43.9300,21.7600,0.000000
FILLER_0_4_71,VGND,li1,40.9400,21.7600,0.000000
FILLER_0_4_59,VGND,li1,35.4200,21.7600,0.000000
FILLER_0_4_47,VGND,li1,29.9000,21.7600,0.000000
FILLER_0_4_35,VGND,li1,24.3800,21.7600,0.000000
FILLER_0_4_29,VGND,li1,19.0900,21.7600,0.000000
FILLER_0_4_27,VGND,li1,18.1700,21.7600,0.000000
FILLER_0_4_15,VGND,li1,15.1800,21.7600,0.000000
FILLER_0_4_3,VGND,li1,9.6600,21.7600,0.000000
FILLER_0_3_189,VGND,li1,92.6900,21.7600,0.000000
FILLER_0_3_181,VGND,li1,90.6200,21.7600,0.000000
FILLER_0_3_169,VGND,li1,86.0200,21.7600,0.000000
FILLER_0_3_167,VGND,li1,82.5700,21.7600,0.000000
FILLER_0_3_161,VGND,li1,80.9600,21.7600,0.000000
FILLER_0_3_149,VGND,li1,76.8200,21.7600,0.000000
FILLER_0_3_137,VGND,li1,71.3000,21.7600,0.000000
FILLER_0_3_125,VGND,li1,65.7800,21.7600,0.000000
FILLER_0_3_113,VGND,li1,60.2600,21.7600,0.000000
FILLER_0_3_111,VGND,li1,56.8100,21.7600,0.000000
FILLER_0_3_105,VGND,li1,55.2000,21.7600,0.000000
FILLER_0_3_93,VGND,li1,51.0600,21.7600,0.000000
FILLER_0_3_81,VGND,li1,45.5400,21.7600,0.000000
FILLER_0_3_69,VGND,li1,40.0200,21.7600,0.000000
FILLER_0_3_57,VGND,li1,34.5000,21.7600,0.000000
FILLER_0_3_55,VGND,li1,31.0500,21.7600,0.000000
FILLER_0_3_51,VGND,li1,29.9000,21.7600,0.000000
FILLER_0_3_39,VGND,li1,26.2200,21.7600,0.000000
FILLER_0_3_27,VGND,li1,20.7000,21.7600,0.000000
FILLER_0_3_15,VGND,li1,15.1800,21.7600,0.000000
FILLER_0_3_3,VGND,li1,9.6600,21.7600,0.000000
FILLER_0_2_189,VGND,li1,92.6900,16.3200,0.000000
FILLER_0_2_177,VGND,li1,89.7000,16.3200,0.000000
FILLER_0_2_165,VGND,li1,84.1800,16.3200,0.000000
FILLER_0_2_153,VGND,li1,78.6600,16.3200,0.000000
FILLER_0_2_141,VGND,li1,73.1400,16.3200,0.000000
FILLER_0_2_139,VGND,li1,69.6900,16.3200,0.000000
FILLER_0_2_133,VGND,li1,68.0800,16.3200,0.000000
FILLER_0_2_121,VGND,li1,63.9400,16.3200,0.000000
FILLER_0_2_109,VGND,li1,58.4200,16.3200,0.000000
FILLER_0_2_97,VGND,li1,52.9000,16.3200,0.000000
FILLER_0_2_85,VGND,li1,47.3800,16.3200,0.000000
FILLER_0_2_83,VGND,li1,43.9300,16.3200,0.000000
FILLER_0_2_77,VGND,li1,42.3200,16.3200,0.000000
FILLER_0_2_65,VGND,li1,38.1800,16.3200,0.000000
FILLER_0_2_53,VGND,li1,32.6600,16.3200,0.000000
FILLER_0_2_41,VGND,li1,27.1400,16.3200,0.000000
FILLER_0_2_29,VGND,li1,21.6200,16.3200,0.000000
FILLER_0_2_27,VGND,li1,18.1700,16.3200,0.000000
FILLER_0_2_15,VGND,li1,15.1800,16.3200,0.000000
FILLER_0_2_3,VGND,li1,9.6600,16.3200,0.000000
FILLER_0_1_189,VGND,li1,92.6900,16.3200,0.000000
FILLER_0_1_181,VGND,li1,90.6200,16.3200,0.000000
FILLER_0_1_169,VGND,li1,86.0200,16.3200,0.000000
FILLER_0_1_167,VGND,li1,82.5700,16.3200,0.000000
FILLER_0_1_161,VGND,li1,80.9600,16.3200,0.000000
FILLER_0_1_149,VGND,li1,76.8200,16.3200,0.000000
FILLER_0_1_137,VGND,li1,71.3000,16.3200,0.000000
FILLER_0_1_125,VGND,li1,65.7800,16.3200,0.000000
FILLER_0_1_113,VGND,li1,60.2600,16.3200,0.000000
FILLER_0_1_111,VGND,li1,56.8100,16.3200,0.000000
FILLER_0_1_105,VGND,li1,55.2000,16.3200,0.000000
FILLER_0_1_93,VGND,li1,51.0600,16.3200,0.000000
FILLER_0_1_81,VGND,li1,45.5400,16.3200,0.000000
FILLER_0_1_69,VGND,li1,40.0200,16.3200,0.000000
FILLER_0_1_57,VGND,li1,34.5000,16.3200,0.000000
FILLER_0_1_55,VGND,li1,31.0500,16.3200,0.000000
FILLER_0_1_51,VGND,li1,29.9000,16.3200,0.000000
FILLER_0_1_39,VGND,li1,26.2200,16.3200,0.000000
FILLER_0_1_27,VGND,li1,20.7000,16.3200,0.000000
FILLER_0_1_15,VGND,li1,15.1800,16.3200,0.000000
FILLER_0_1_3,VGND,li1,9.6600,16.3200,0.000000
FILLER_0_0_189,VGND,li1,92.6900,10.8800,0.000000
FILLER_0_0_181,VGND,li1,90.6200,10.8800,0.000000
FILLER_0_0_169,VGND,li1,86.0200,10.8800,0.000000
FILLER_0_0_165,VGND,li1,82.1100,10.8800,0.000000
FILLER_0_0_153,VGND,li1,78.6600,10.8800,0.000000
FILLER_0_0_141,VGND,li1,73.1400,10.8800,0.000000
FILLER_0_0_137,VGND,li1,69.2300,10.8800,0.000000
FILLER_0_0_125,VGND,li1,65.7800,10.8800,0.000000
FILLER_0_0_113,VGND,li1,60.2600,10.8800,0.000000
FILLER_0_0_109,VGND,li1,56.3500,10.8800,0.000000
FILLER_0_0_97,VGND,li1,52.9000,10.8800,0.000000
FILLER_0_0_85,VGND,li1,47.3800,10.8800,0.000000
FILLER_0_0_81,VGND,li1,43.4700,10.8800,0.000000
FILLER_0_0_69,VGND,li1,40.0200,10.8800,0.000000
FILLER_0_0_57,VGND,li1,34.5000,10.8800,0.000000
FILLER_0_0_54,VGND,li1,30.8200,10.8800,0.000000
FILLER_0_0_49,VGND,li1,28.5200,10.8800,0.000000
FILLER_0_0_41,VGND,li1,26.2200,10.8800,0.000000
FILLER_0_0_29,VGND,li1,21.6200,10.8800,0.000000
FILLER_0_0_27,VGND,li1,18.1700,10.8800,0.000000
FILLER_0_0_15,VGND,li1,15.1800,10.8800,0.000000
FILLER_0_0_3,VGND,li1,9.6600,10.8800,0.000000
output16,VGND,li1,7.8200,38.0800,0.000002
output15,VGND,li1,7.8200,70.7200,0.000003
output14,VGND,li1,7.8200,32.6400,0.000003
output13,VGND,li1,7.8200,76.1600,0.000003
output12,VGND,li1,7.8200,27.2000,0.000002
output11,VGND,li1,7.8200,59.8400,0.000003
output10,VGND,li1,7.8200,70.7200,0.000003
output9,VGND,li1,7.8200,65.2800,0.000002
input8,VGND,li1,7.5900,43.5200,0.000001
input7,VGND,li1,7.5900,43.5200,0.000001
input6,VGND,li1,7.8200,65.2800,0.000002
input5,VGND,li1,7.8200,38.0800,0.000002
input4,VGND,li1,7.5900,48.9600,0.000001
input3,VGND,li1,7.8200,54.4000,0.000002
input2,VGND,li1,7.8200,54.4000,0.000002
input1,VGND,li1,7.8200,27.2000,0.000002
TAP_TAPCELL_ROW_27_145,VGND,li1,83.0300,86.7480,0.000000
TAP_TAPCELL_ROW_27_144,VGND,li1,70.1500,86.7480,0.000000
TAP_TAPCELL_ROW_27_143,VGND,li1,57.2700,86.7480,0.000000
TAP_TAPCELL_ROW_27_142,VGND,li1,44.3900,86.7480,0.000000
TAP_TAPCELL_ROW_27_141,VGND,li1,31.5100,86.7480,0.000000
TAP_TAPCELL_ROW_27_140,VGND,li1,18.6300,86.7480,0.000000
TAP_TAPCELL_ROW_26_139,VGND,li1,70.1500,81.8910,0.000000
TAP_TAPCELL_ROW_26_138,VGND,li1,44.3900,81.8910,0.000000
TAP_TAPCELL_ROW_26_137,VGND,li1,18.6300,81.8910,0.000000
TAP_TAPCELL_ROW_25_136,VGND,li1,83.0300,81.3080,0.000001
TAP_TAPCELL_ROW_25_135,VGND,li1,57.2700,81.3080,0.000000
TAP_TAPCELL_ROW_25_134,VGND,li1,31.5100,81.3080,0.000000
TAP_TAPCELL_ROW_24_133,VGND,li1,70.1500,76.4510,0.000000
TAP_TAPCELL_ROW_24_132,VGND,li1,44.3900,76.4510,0.000000
TAP_TAPCELL_ROW_24_131,VGND,li1,18.6300,76.4510,0.000001
TAP_TAPCELL_ROW_23_130,VGND,li1,83.0300,75.8680,0.000000
TAP_TAPCELL_ROW_23_129,VGND,li1,57.2700,75.8680,0.000000
TAP_TAPCELL_ROW_23_128,VGND,li1,31.5100,75.8680,0.000001
TAP_TAPCELL_ROW_22_127,VGND,li1,70.1500,71.0110,0.000000
TAP_TAPCELL_ROW_22_126,VGND,li1,44.3900,71.0110,0.000001
TAP_TAPCELL_ROW_22_125,VGND,li1,18.6300,71.0110,0.000001
TAP_TAPCELL_ROW_21_124,VGND,li1,83.0300,70.4280,0.000000
TAP_TAPCELL_ROW_21_123,VGND,li1,57.2700,70.4280,0.000000
TAP_TAPCELL_ROW_21_122,VGND,li1,31.5100,70.4280,0.000001
TAP_TAPCELL_ROW_20_121,VGND,li1,70.1500,65.5710,0.000000
TAP_TAPCELL_ROW_20_120,VGND,li1,44.3900,65.5710,0.000000
TAP_TAPCELL_ROW_20_119,VGND,li1,18.6300,65.5710,0.000001
TAP_TAPCELL_ROW_19_118,VGND,li1,83.0300,64.9880,0.000000
TAP_TAPCELL_ROW_19_117,VGND,li1,57.2700,64.9880,0.000000
TAP_TAPCELL_ROW_19_116,VGND,li1,31.5100,64.9880,0.000001
TAP_TAPCELL_ROW_18_115,VGND,li1,70.1500,60.1310,0.000000
TAP_TAPCELL_ROW_18_114,VGND,li1,44.3900,60.1310,0.000000
TAP_TAPCELL_ROW_18_113,VGND,li1,18.6300,60.1310,0.000002
TAP_TAPCELL_ROW_17_112,VGND,li1,83.0300,59.5480,0.000000
TAP_TAPCELL_ROW_17_111,VGND,li1,57.2700,59.5480,0.000000
TAP_TAPCELL_ROW_17_110,VGND,li1,31.5100,59.5480,0.000001
TAP_TAPCELL_ROW_16_109,VGND,li1,70.1500,54.6910,0.000000
TAP_TAPCELL_ROW_16_108,VGND,li1,44.3900,54.6910,0.000000
TAP_TAPCELL_ROW_16_107,VGND,li1,18.6300,54.6910,0.000001
TAP_TAPCELL_ROW_15_106,VGND,li1,83.0300,54.1080,0.000000
TAP_TAPCELL_ROW_15_105,VGND,li1,57.2700,54.1080,0.000000
TAP_TAPCELL_ROW_15_104,VGND,li1,31.5100,54.1080,0.000000
TAP_TAPCELL_ROW_14_103,VGND,li1,70.1500,49.2510,0.000000
TAP_TAPCELL_ROW_14_102,VGND,li1,44.3900,49.2510,0.000000
TAP_TAPCELL_ROW_14_101,VGND,li1,18.6300,49.2510,0.000001
TAP_TAPCELL_ROW_13_100,VGND,li1,83.0300,48.6680,0.000000
TAP_TAPCELL_ROW_13_99,VGND,li1,57.2700,48.6680,0.000000
TAP_TAPCELL_ROW_13_98,VGND,li1,31.5100,48.6680,0.000000
TAP_TAPCELL_ROW_12_97,VGND,li1,70.1500,43.8110,0.000000
TAP_TAPCELL_ROW_12_96,VGND,li1,44.3900,43.8110,0.000000
TAP_TAPCELL_ROW_12_95,VGND,li1,18.6300,43.8110,0.000000
TAP_TAPCELL_ROW_11_94,VGND,li1,83.0300,43.2280,0.000000
TAP_TAPCELL_ROW_11_93,VGND,li1,57.2700,43.2280,0.000000
TAP_TAPCELL_ROW_11_92,VGND,li1,31.5100,43.2280,0.000000
TAP_TAPCELL_ROW_10_91,VGND,li1,70.1500,38.3710,0.000000
TAP_TAPCELL_ROW_10_90,VGND,li1,44.3900,38.3710,0.000001
TAP_TAPCELL_ROW_10_89,VGND,li1,18.6300,38.3710,0.000001
TAP_TAPCELL_ROW_9_88,VGND,li1,83.0300,37.7880,0.000000
TAP_TAPCELL_ROW_9_87,VGND,li1,57.2700,37.7880,0.000001
TAP_TAPCELL_ROW_9_86,VGND,li1,31.5100,37.7880,0.000001
TAP_TAPCELL_ROW_8_85,VGND,li1,70.1500,32.9310,0.000000
TAP_TAPCELL_ROW_8_84,VGND,li1,44.3900,32.9310,0.000000
TAP_TAPCELL_ROW_8_83,VGND,li1,18.6300,32.9310,0.000001
TAP_TAPCELL_ROW_7_82,VGND,li1,83.0300,32.3480,0.000000
TAP_TAPCELL_ROW_7_81,VGND,li1,57.2700,32.3480,0.000000
TAP_TAPCELL_ROW_7_80,VGND,li1,31.5100,32.3480,0.000001
TAP_TAPCELL_ROW_6_79,VGND,li1,70.1500,27.4910,0.000000
TAP_TAPCELL_ROW_6_78,VGND,li1,44.3900,27.4910,0.000000
TAP_TAPCELL_ROW_6_77,VGND,li1,18.6300,27.4910,0.000001
TAP_TAPCELL_ROW_5_76,VGND,li1,83.0300,26.9080,0.000001
TAP_TAPCELL_ROW_5_75,VGND,li1,57.2700,26.9080,0.000000
TAP_TAPCELL_ROW_5_74,VGND,li1,31.5100,26.9080,0.000000
TAP_TAPCELL_ROW_4_73,VGND,li1,70.1500,22.0510,0.000000
TAP_TAPCELL_ROW_4_72,VGND,li1,44.3900,22.0510,0.000000
TAP_TAPCELL_ROW_4_71,VGND,li1,18.6300,22.0510,0.000000
TAP_TAPCELL_ROW_3_70,VGND,li1,83.0300,21.4680,0.000000
TAP_TAPCELL_ROW_3_69,VGND,li1,57.2700,21.4680,0.000000
TAP_TAPCELL_ROW_3_68,VGND,li1,31.5100,21.4680,0.000000
TAP_TAPCELL_ROW_2_67,VGND,li1,70.1500,16.6110,0.000000
TAP_TAPCELL_ROW_2_66,VGND,li1,44.3900,16.6110,0.000000
TAP_TAPCELL_ROW_2_65,VGND,li1,18.6300,16.6110,0.000000
TAP_TAPCELL_ROW_1_64,VGND,li1,83.0300,16.0280,0.000000
TAP_TAPCELL_ROW_1_63,VGND,li1,57.2700,16.0280,0.000000
TAP_TAPCELL_ROW_1_62,VGND,li1,31.5100,16.0280,0.000000
TAP_TAPCELL_ROW_0_61,VGND,li1,83.0300,11.1710,0.000000
TAP_TAPCELL_ROW_0_60,VGND,li1,70.1500,11.1710,0.000000
TAP_TAPCELL_ROW_0_59,VGND,li1,57.2700,11.1710,0.000000
TAP_TAPCELL_ROW_0_58,VGND,li1,44.3900,11.1710,0.000000
TAP_TAPCELL_ROW_0_57,VGND,li1,31.5100,11.1710,0.000000
TAP_TAPCELL_ROW_0_56,VGND,li1,18.6300,11.1710,0.000000
PHY_EDGE_ROW_27_Left_55,VGND,li1,6.2100,87.0400,0.000000
PHY_EDGE_ROW_26_Left_54,VGND,li1,6.2100,81.6000,0.000000
PHY_EDGE_ROW_25_Left_53,VGND,li1,6.2100,81.6000,0.000000
PHY_EDGE_ROW_24_Left_52,VGND,li1,6.2100,76.1600,0.000003
PHY_EDGE_ROW_23_Left_51,VGND,li1,6.2100,76.1600,0.000003
PHY_EDGE_ROW_22_Left_50,VGND,li1,6.2100,70.7200,0.000003
PHY_EDGE_ROW_21_Left_49,VGND,li1,6.2100,70.7200,0.000003
PHY_EDGE_ROW_20_Left_48,VGND,li1,6.2100,65.2800,0.000002
PHY_EDGE_ROW_19_Left_47,VGND,li1,6.2100,65.2800,0.000002
PHY_EDGE_ROW_18_Left_46,VGND,li1,6.2100,59.8400,0.000003
PHY_EDGE_ROW_17_Left_45,VGND,li1,6.2100,59.8400,0.000003
PHY_EDGE_ROW_16_Left_44,VGND,li1,6.2100,54.4000,0.000002
PHY_EDGE_ROW_15_Left_43,VGND,li1,6.2100,54.4000,0.000002
PHY_EDGE_ROW_14_Left_42,VGND,li1,6.2100,48.9600,0.000001
PHY_EDGE_ROW_13_Left_41,VGND,li1,6.2100,48.9600,0.000001
PHY_EDGE_ROW_12_Left_40,VGND,li1,6.2100,43.5200,0.000001
PHY_EDGE_ROW_11_Left_39,VGND,li1,6.2100,43.5200,0.000001
PHY_EDGE_ROW_10_Left_38,VGND,li1,6.2100,38.0800,0.000002
PHY_EDGE_ROW_9_Left_37,VGND,li1,6.2100,38.0800,0.000002
PHY_EDGE_ROW_8_Left_36,VGND,li1,6.2100,32.6400,0.000003
PHY_EDGE_ROW_7_Left_35,VGND,li1,6.2100,32.6400,0.000003
PHY_EDGE_ROW_6_Left_34,VGND,li1,6.2100,27.2000,0.000002
PHY_EDGE_ROW_5_Left_33,VGND,li1,6.2100,27.2000,0.000002
PHY_EDGE_ROW_4_Left_32,VGND,li1,6.2100,21.7600,0.000000
PHY_EDGE_ROW_3_Left_31,VGND,li1,6.2100,21.7600,0.000000
PHY_EDGE_ROW_2_Left_30,VGND,li1,6.2100,16.3200,0.000000
PHY_EDGE_ROW_1_Left_29,VGND,li1,6.2100,16.3200,0.000000
PHY_EDGE_ROW_0_Left_28,VGND,li1,6.2100,10.8800,0.000000
PHY_EDGE_ROW_27_Right_27,VGND,li1,93.6100,87.0400,0.000000
PHY_EDGE_ROW_26_Right_26,VGND,li1,93.6100,81.6000,0.000001
PHY_EDGE_ROW_25_Right_25,VGND,li1,93.6100,81.6000,0.000001
PHY_EDGE_ROW_24_Right_24,VGND,li1,93.6100,76.1600,0.000000
PHY_EDGE_ROW_23_Right_23,VGND,li1,93.6100,76.1600,0.000000
PHY_EDGE_ROW_22_Right_22,VGND,li1,93.6100,70.7200,0.000001
PHY_EDGE_ROW_21_Right_21,VGND,li1,93.6100,70.7200,0.000001
PHY_EDGE_ROW_20_Right_20,VGND,li1,93.6100,65.2800,0.000000
PHY_EDGE_ROW_19_Right_19,VGND,li1,93.6100,65.2800,0.000000
PHY_EDGE_ROW_18_Right_18,VGND,li1,93.6100,59.8400,0.000000
PHY_EDGE_ROW_17_Right_17,VGND,li1,93.6100,59.8400,0.000000
PHY_EDGE_ROW_16_Right_16,VGND,li1,93.6100,54.4000,0.000000
PHY_EDGE_ROW_15_Right_15,VGND,li1,93.6100,54.4000,0.000000
PHY_EDGE_ROW_14_Right_14,VGND,li1,93.6100,48.9600,0.000000
PHY_EDGE_ROW_13_Right_13,VGND,li1,93.6100,48.9600,0.000000
PHY_EDGE_ROW_12_Right_12,VGND,li1,93.6100,43.5200,0.000000
PHY_EDGE_ROW_11_Right_11,VGND,li1,93.6100,43.5200,0.000000
PHY_EDGE_ROW_10_Right_10,VGND,li1,93.6100,38.0800,0.000000
PHY_EDGE_ROW_9_Right_9,VGND,li1,93.6100,38.0800,0.000000
PHY_EDGE_ROW_8_Right_8,VGND,li1,93.6100,32.6400,0.000000
PHY_EDGE_ROW_7_Right_7,VGND,li1,93.6100,32.6400,0.000000
PHY_EDGE_ROW_6_Right_6,VGND,li1,93.6100,27.2000,0.000001
PHY_EDGE_ROW_5_Right_5,VGND,li1,93.6100,27.2000,0.000001
PHY_EDGE_ROW_4_Right_4,VGND,li1,93.6100,21.7600,0.000000
PHY_EDGE_ROW_3_Right_3,VGND,li1,93.6100,21.7600,0.000000
PHY_EDGE_ROW_2_Right_2,VGND,li1,93.6100,16.3200,0.000000
PHY_EDGE_ROW_1_Right_1,VGND,li1,93.6100,16.3200,0.000000
PHY_EDGE_ROW_0_Right_0,VGND,li1,93.6100,10.8800,0.000000
_27_,VGND,li1,20.4700,81.6000,0.000000
_26_,VGND,li1,83.0300,27.2000,0.000001
_25_,VGND,li1,20.4700,21.7600,0.000000
_24_,VGND,li1,18.6300,43.5200,0.000000
_23_,VGND,li1,44.8500,70.7200,0.000001
_22_,VGND,li1,40.2500,48.9600,0.000000
_21_,VGND,li1,33.1200,87.0400,0.000000
_20_,VGND,li1,75.2100,81.6000,0.000001
_19_,VGND,li1,87.1700,81.6000,0.000001
_18_,VGND,li1,29.6700,10.8800,0.000000
_17_,VGND,li1,77.9700,76.1600,0.000001
_16_,VGND,li1,70.1500,38.0800,0.000000
_15_,VGND,li1,41.6300,38.0800,0.000001
_14_,VGND,li1,46.0000,38.0800,0.000001
_13_,VGND,li1,29.6700,65.2800,0.000001
_12_,VGND,li1,90.8500,70.7200,0.000001
_11_,VGND,li1,39.3300,38.0800,0.000001
_10_,VGND,li1,91.7700,70.7200,0.000001
