Instance,Terminal,Layer,X location,Y location,Voltage
FILLER_0_27_189,VPWR,li1,92.6900,84.3200,1.800000
FILLER_0_27_181,VPWR,li1,90.6200,84.3200,1.800000
FILLER_0_27_169,VPWR,li1,86.0200,84.3200,1.800000
FILLER_0_27_165,VPWR,li1,82.1100,84.3200,1.800000
FILLER_0_27_153,VPWR,li1,78.6600,84.3200,1.800000
FILLER_0_27_141,VPWR,li1,73.1400,84.3200,1.800000
FILLER_0_27_137,VPWR,li1,69.2300,84.3200,1.800000
FILLER_0_27_125,VPWR,li1,65.7800,84.3200,1.800000
FILLER_0_27_113,VPWR,li1,60.2600,84.3200,1.800000
FILLER_0_27_109,VPWR,li1,56.3500,84.3200,1.800000
FILLER_0_27_97,VPWR,li1,52.9000,84.3200,1.800000
FILLER_0_27_85,VPWR,li1,47.3800,84.3200,1.800000
FILLER_0_27_83,VPWR,li1,43.9300,84.3200,1.800000
FILLER_0_27_75,VPWR,li1,41.8600,84.3200,1.800000
FILLER_0_27_63,VPWR,li1,37.2600,84.3200,1.800000
FILLER_0_27_53,VPWR,li1,30.5900,84.3200,1.800000
FILLER_0_27_41,VPWR,li1,27.1400,84.3200,1.800000
FILLER_0_27_29,VPWR,li1,21.6200,84.3200,1.800000
FILLER_0_27_27,VPWR,li1,18.1700,84.3200,1.800000
FILLER_0_27_15,VPWR,li1,15.1800,84.3200,1.800000
FILLER_0_27_3,VPWR,li1,9.6600,84.3200,1.800000
FILLER_0_26_187,VPWR,li1,92.2300,84.3200,1.800000
FILLER_0_26_179,VPWR,li1,89.7000,84.3200,1.800000
FILLER_0_26_167,VPWR,li1,85.1000,84.3200,1.800000
FILLER_0_26_155,VPWR,li1,79.5800,84.3200,1.800000
FILLER_0_26_147,VPWR,li1,73.3700,84.3200,1.800000
FILLER_0_26_141,VPWR,li1,71.7600,84.3200,1.800000
FILLER_0_26_139,VPWR,li1,69.6900,84.3200,1.800000
FILLER_0_26_133,VPWR,li1,68.0800,84.3200,1.800000
FILLER_0_26_121,VPWR,li1,63.9400,84.3200,1.800000
FILLER_0_26_109,VPWR,li1,58.4200,84.3200,1.800000
FILLER_0_26_97,VPWR,li1,52.9000,84.3200,1.800000
FILLER_0_26_85,VPWR,li1,47.3800,84.3200,1.800000
FILLER_0_26_82,VPWR,li1,43.7000,84.3200,1.800000
FILLER_0_26_70,VPWR,li1,40.4800,84.3200,1.800000
FILLER_0_26_58,VPWR,li1,34.9600,84.3200,1.800000
FILLER_0_26_46,VPWR,li1,29.4400,84.3200,1.800000
FILLER_0_26_34,VPWR,li1,23.9200,84.3200,1.800000
FILLER_0_26_29,VPWR,li1,19.3200,84.3200,1.800000
FILLER_0_26_27,VPWR,li1,18.1700,84.3200,1.800000
FILLER_0_26_15,VPWR,li1,15.1800,84.3200,1.800000
FILLER_0_26_3,VPWR,li1,9.6600,84.3200,1.800000
FILLER_0_25_184,VPWR,li1,91.5400,78.8800,1.799998
FILLER_0_25_169,VPWR,li1,83.7200,78.8800,1.799999
FILLER_0_25_167,VPWR,li1,82.5700,78.8800,1.799999
FILLER_0_25_161,VPWR,li1,80.9600,78.8800,1.799999
FILLER_0_25_149,VPWR,li1,76.8200,78.8800,1.799999
FILLER_0_25_137,VPWR,li1,71.3000,78.8800,1.799999
FILLER_0_25_125,VPWR,li1,65.7800,78.8800,1.799999
FILLER_0_25_113,VPWR,li1,60.2600,78.8800,1.800000
FILLER_0_25_111,VPWR,li1,56.8100,78.8800,1.800000
FILLER_0_25_105,VPWR,li1,55.2000,78.8800,1.800000
FILLER_0_25_93,VPWR,li1,51.0600,78.8800,1.800000
FILLER_0_25_81,VPWR,li1,45.5400,78.8800,1.800000
FILLER_0_25_69,VPWR,li1,40.0200,78.8800,1.800000
FILLER_0_25_57,VPWR,li1,34.5000,78.8800,1.800000
FILLER_0_25_55,VPWR,li1,31.0500,78.8800,1.799999
FILLER_0_25_51,VPWR,li1,29.9000,78.8800,1.799999
FILLER_0_25_39,VPWR,li1,26.2200,78.8800,1.799999
FILLER_0_25_27,VPWR,li1,20.7000,78.8800,1.799999
FILLER_0_25_15,VPWR,li1,15.1800,78.8800,1.799999
FILLER_0_25_3,VPWR,li1,9.6600,78.8800,1.799998
FILLER_0_24_184,VPWR,li1,91.5400,78.8800,1.799998
FILLER_0_24_172,VPWR,li1,87.4000,78.8800,1.799998
FILLER_0_24_160,VPWR,li1,81.8800,78.8800,1.799999
FILLER_0_24_153,VPWR,li1,76.3600,78.8800,1.799999
FILLER_0_24_141,VPWR,li1,73.1400,78.8800,1.799999
FILLER_0_24_139,VPWR,li1,69.6900,78.8800,1.799999
FILLER_0_24_133,VPWR,li1,68.0800,78.8800,1.799999
FILLER_0_24_121,VPWR,li1,63.9400,78.8800,1.799999
FILLER_0_24_109,VPWR,li1,58.4200,78.8800,1.800000
FILLER_0_24_97,VPWR,li1,52.9000,78.8800,1.800000
FILLER_0_24_85,VPWR,li1,47.3800,78.8800,1.800000
FILLER_0_24_83,VPWR,li1,43.9300,78.8800,1.800000
FILLER_0_24_77,VPWR,li1,42.3200,78.8800,1.800000
FILLER_0_24_65,VPWR,li1,38.1800,78.8800,1.800000
FILLER_0_24_53,VPWR,li1,32.6600,78.8800,1.799999
FILLER_0_24_41,VPWR,li1,27.1400,78.8800,1.799999
FILLER_0_24_29,VPWR,li1,21.6200,78.8800,1.799999
FILLER_0_24_27,VPWR,li1,18.1700,78.8800,1.799999
FILLER_0_24_19,VPWR,li1,16.1000,78.8800,1.799999
FILLER_0_24_7,VPWR,li1,11.5000,78.8800,1.799998
FILLER_0_23_189,VPWR,li1,92.6900,73.4400,1.799999
FILLER_0_23_181,VPWR,li1,90.6200,73.4400,1.799999
FILLER_0_23_169,VPWR,li1,86.0200,73.4400,1.799999
FILLER_0_23_167,VPWR,li1,82.5700,73.4400,1.799999
FILLER_0_23_161,VPWR,li1,80.9600,73.4400,1.799999
FILLER_0_23_149,VPWR,li1,76.8200,73.4400,1.799999
FILLER_0_23_137,VPWR,li1,71.3000,73.4400,1.800000
FILLER_0_23_125,VPWR,li1,65.7800,73.4400,1.800000
FILLER_0_23_113,VPWR,li1,60.2600,73.4400,1.800000
FILLER_0_23_111,VPWR,li1,56.8100,73.4400,1.800000
FILLER_0_23_105,VPWR,li1,55.2000,73.4400,1.800000
FILLER_0_23_93,VPWR,li1,51.0600,73.4400,1.800000
FILLER_0_23_81,VPWR,li1,45.5400,73.4400,1.800000
FILLER_0_23_69,VPWR,li1,40.0200,73.4400,1.800000
FILLER_0_23_57,VPWR,li1,34.5000,73.4400,1.800000
FILLER_0_23_55,VPWR,li1,31.0500,73.4400,1.799999
FILLER_0_23_51,VPWR,li1,29.9000,73.4400,1.799999
FILLER_0_23_39,VPWR,li1,26.2200,73.4400,1.799999
FILLER_0_23_27,VPWR,li1,20.7000,73.4400,1.799999
FILLER_0_23_15,VPWR,li1,15.1800,73.4400,1.799999
FILLER_0_23_3,VPWR,li1,9.6600,73.4400,1.799998
FILLER_0_22_189,VPWR,li1,92.6900,73.4400,1.799999
FILLER_0_22_181,VPWR,li1,89.0100,73.4400,1.799999
FILLER_0_22_177,VPWR,li1,87.8600,73.4400,1.799999
FILLER_0_22_165,VPWR,li1,84.1800,73.4400,1.799999
FILLER_0_22_153,VPWR,li1,78.6600,73.4400,1.799999
FILLER_0_22_141,VPWR,li1,73.1400,73.4400,1.800000
FILLER_0_22_139,VPWR,li1,69.6900,73.4400,1.800000
FILLER_0_22_133,VPWR,li1,68.0800,73.4400,1.800000
FILLER_0_22_121,VPWR,li1,63.9400,73.4400,1.800000
FILLER_0_22_109,VPWR,li1,58.4200,73.4400,1.800000
FILLER_0_22_97,VPWR,li1,52.9000,73.4400,1.800000
FILLER_0_22_85,VPWR,li1,47.3800,73.4400,1.800000
FILLER_0_22_83,VPWR,li1,43.9300,73.4400,1.800000
FILLER_0_22_77,VPWR,li1,42.3200,73.4400,1.800000
FILLER_0_22_65,VPWR,li1,38.1800,73.4400,1.800000
FILLER_0_22_53,VPWR,li1,32.6600,73.4400,1.799999
FILLER_0_22_41,VPWR,li1,27.1400,73.4400,1.799999
FILLER_0_22_29,VPWR,li1,21.6200,73.4400,1.799999
FILLER_0_22_27,VPWR,li1,18.1700,73.4400,1.799999
FILLER_0_22_19,VPWR,li1,16.1000,73.4400,1.799999
FILLER_0_22_7,VPWR,li1,11.5000,73.4400,1.799998
FILLER_0_21_189,VPWR,li1,92.6900,68.0000,1.799999
FILLER_0_21_185,VPWR,li1,90.8500,68.0000,1.799999
FILLER_0_21_181,VPWR,li1,89.7000,68.0000,1.799999
FILLER_0_21_169,VPWR,li1,86.0200,68.0000,1.799999
FILLER_0_21_167,VPWR,li1,82.5700,68.0000,1.800000
FILLER_0_21_161,VPWR,li1,80.9600,68.0000,1.800000
FILLER_0_21_149,VPWR,li1,76.8200,68.0000,1.800000
FILLER_0_21_137,VPWR,li1,71.3000,68.0000,1.800000
FILLER_0_21_125,VPWR,li1,65.7800,68.0000,1.800000
FILLER_0_21_113,VPWR,li1,60.2600,68.0000,1.800000
FILLER_0_21_111,VPWR,li1,56.8100,68.0000,1.800000
FILLER_0_21_99,VPWR,li1,53.8200,68.0000,1.800000
FILLER_0_21_87,VPWR,li1,48.3000,68.0000,1.799999
FILLER_0_21_81,VPWR,li1,43.4700,68.0000,1.799999
FILLER_0_21_69,VPWR,li1,40.0200,68.0000,1.799999
FILLER_0_21_57,VPWR,li1,34.5000,68.0000,1.799999
FILLER_0_21_55,VPWR,li1,31.0500,68.0000,1.799999
FILLER_0_21_43,VPWR,li1,28.0600,68.0000,1.799999
FILLER_0_21_31,VPWR,li1,22.5400,68.0000,1.799999
FILLER_0_21_19,VPWR,li1,17.0200,68.0000,1.799999
FILLER_0_21_7,VPWR,li1,11.5000,68.0000,1.799998
FILLER_0_20_189,VPWR,li1,92.6900,68.0000,1.799999
FILLER_0_20_177,VPWR,li1,89.7000,68.0000,1.799999
FILLER_0_20_165,VPWR,li1,84.1800,68.0000,1.799999
FILLER_0_20_153,VPWR,li1,78.6600,68.0000,1.800000
FILLER_0_20_141,VPWR,li1,73.1400,68.0000,1.800000
FILLER_0_20_139,VPWR,li1,69.6900,68.0000,1.800000
FILLER_0_20_133,VPWR,li1,68.0800,68.0000,1.800000
FILLER_0_20_121,VPWR,li1,63.9400,68.0000,1.800000
FILLER_0_20_109,VPWR,li1,58.4200,68.0000,1.800000
FILLER_0_20_97,VPWR,li1,52.9000,68.0000,1.800000
FILLER_0_20_85,VPWR,li1,47.3800,68.0000,1.799999
FILLER_0_20_81,VPWR,li1,43.4700,68.0000,1.799999
FILLER_0_20_69,VPWR,li1,40.0200,68.0000,1.799999
FILLER_0_20_57,VPWR,li1,34.5000,68.0000,1.799999
FILLER_0_20_47,VPWR,li1,27.3700,68.0000,1.799999
FILLER_0_20_41,VPWR,li1,25.7600,68.0000,1.799999
FILLER_0_20_29,VPWR,li1,21.6200,68.0000,1.799999
FILLER_0_20_27,VPWR,li1,18.1700,68.0000,1.799999
FILLER_0_20_19,VPWR,li1,16.1000,68.0000,1.799999
FILLER_0_20_7,VPWR,li1,11.5000,68.0000,1.799998
FILLER_0_19_189,VPWR,li1,92.6900,62.5600,1.800000
FILLER_0_19_181,VPWR,li1,90.6200,62.5600,1.800000
FILLER_0_19_169,VPWR,li1,86.0200,62.5600,1.800000
FILLER_0_19_167,VPWR,li1,82.5700,62.5600,1.800000
FILLER_0_19_161,VPWR,li1,80.9600,62.5600,1.800000
FILLER_0_19_149,VPWR,li1,76.8200,62.5600,1.800000
FILLER_0_19_137,VPWR,li1,71.3000,62.5600,1.800000
FILLER_0_19_125,VPWR,li1,65.7800,62.5600,1.800000
FILLER_0_19_113,VPWR,li1,60.2600,62.5600,1.800000
FILLER_0_19_111,VPWR,li1,56.8100,62.5600,1.800000
FILLER_0_19_105,VPWR,li1,55.2000,62.5600,1.800000
FILLER_0_19_93,VPWR,li1,51.0600,62.5600,1.800000
FILLER_0_19_81,VPWR,li1,45.5400,62.5600,1.800000
FILLER_0_19_69,VPWR,li1,40.0200,62.5600,1.800000
FILLER_0_19_57,VPWR,li1,34.5000,62.5600,1.800000
FILLER_0_19_55,VPWR,li1,31.0500,62.5600,1.800000
FILLER_0_19_43,VPWR,li1,28.0600,62.5600,1.800000
FILLER_0_19_31,VPWR,li1,22.5400,62.5600,1.799999
FILLER_0_19_19,VPWR,li1,17.0200,62.5600,1.799999
FILLER_0_19_7,VPWR,li1,11.5000,62.5600,1.799999
FILLER_0_18_189,VPWR,li1,92.6900,62.5600,1.800000
FILLER_0_18_177,VPWR,li1,89.7000,62.5600,1.800000
FILLER_0_18_165,VPWR,li1,84.1800,62.5600,1.800000
FILLER_0_18_153,VPWR,li1,78.6600,62.5600,1.800000
FILLER_0_18_141,VPWR,li1,73.1400,62.5600,1.800000
FILLER_0_18_139,VPWR,li1,69.6900,62.5600,1.800000
FILLER_0_18_133,VPWR,li1,68.0800,62.5600,1.800000
FILLER_0_18_121,VPWR,li1,63.9400,62.5600,1.800000
FILLER_0_18_109,VPWR,li1,58.4200,62.5600,1.800000
FILLER_0_18_97,VPWR,li1,52.9000,62.5600,1.800000
FILLER_0_18_85,VPWR,li1,47.3800,62.5600,1.800000
FILLER_0_18_83,VPWR,li1,43.9300,62.5600,1.800000
FILLER_0_18_77,VPWR,li1,42.3200,62.5600,1.800000
FILLER_0_18_65,VPWR,li1,38.1800,62.5600,1.800000
FILLER_0_18_53,VPWR,li1,32.6600,62.5600,1.800000
FILLER_0_18_41,VPWR,li1,27.1400,62.5600,1.800000
FILLER_0_18_29,VPWR,li1,21.6200,62.5600,1.799999
FILLER_0_18_27,VPWR,li1,18.1700,62.5600,1.799999
FILLER_0_18_15,VPWR,li1,15.1800,62.5600,1.799999
FILLER_0_18_3,VPWR,li1,9.6600,62.5600,1.799999
FILLER_0_17_189,VPWR,li1,92.6900,57.1200,1.800000
FILLER_0_17_181,VPWR,li1,90.6200,57.1200,1.800000
FILLER_0_17_169,VPWR,li1,86.0200,57.1200,1.800000
FILLER_0_17_167,VPWR,li1,82.5700,57.1200,1.800000
FILLER_0_17_161,VPWR,li1,80.9600,57.1200,1.800000
FILLER_0_17_149,VPWR,li1,76.8200,57.1200,1.800000
FILLER_0_17_137,VPWR,li1,71.3000,57.1200,1.800000
FILLER_0_17_125,VPWR,li1,65.7800,57.1200,1.800000
FILLER_0_17_113,VPWR,li1,60.2600,57.1200,1.800000
FILLER_0_17_111,VPWR,li1,56.8100,57.1200,1.800000
FILLER_0_17_105,VPWR,li1,55.2000,57.1200,1.800000
FILLER_0_17_93,VPWR,li1,51.0600,57.1200,1.800000
FILLER_0_17_81,VPWR,li1,45.5400,57.1200,1.800000
FILLER_0_17_69,VPWR,li1,40.0200,57.1200,1.800000
FILLER_0_17_57,VPWR,li1,34.5000,57.1200,1.800000
FILLER_0_17_55,VPWR,li1,31.0500,57.1200,1.799999
FILLER_0_17_43,VPWR,li1,28.0600,57.1200,1.799999
FILLER_0_17_31,VPWR,li1,22.5400,57.1200,1.799999
FILLER_0_17_19,VPWR,li1,17.0200,57.1200,1.799999
FILLER_0_17_7,VPWR,li1,11.5000,57.1200,1.799998
FILLER_0_16_189,VPWR,li1,92.6900,57.1200,1.800000
FILLER_0_16_177,VPWR,li1,89.7000,57.1200,1.800000
FILLER_0_16_165,VPWR,li1,84.1800,57.1200,1.800000
FILLER_0_16_153,VPWR,li1,78.6600,57.1200,1.800000
FILLER_0_16_141,VPWR,li1,73.1400,57.1200,1.800000
FILLER_0_16_139,VPWR,li1,69.6900,57.1200,1.800000
FILLER_0_16_133,VPWR,li1,68.0800,57.1200,1.800000
FILLER_0_16_121,VPWR,li1,63.9400,57.1200,1.800000
FILLER_0_16_109,VPWR,li1,58.4200,57.1200,1.800000
FILLER_0_16_97,VPWR,li1,52.9000,57.1200,1.800000
FILLER_0_16_85,VPWR,li1,47.3800,57.1200,1.800000
FILLER_0_16_83,VPWR,li1,43.9300,57.1200,1.800000
FILLER_0_16_77,VPWR,li1,42.3200,57.1200,1.800000
FILLER_0_16_65,VPWR,li1,38.1800,57.1200,1.800000
FILLER_0_16_53,VPWR,li1,32.6600,57.1200,1.799999
FILLER_0_16_41,VPWR,li1,27.1400,57.1200,1.799999
FILLER_0_16_29,VPWR,li1,21.6200,57.1200,1.799999
FILLER_0_16_27,VPWR,li1,18.1700,57.1200,1.799999
FILLER_0_16_19,VPWR,li1,16.1000,57.1200,1.799999
FILLER_0_16_7,VPWR,li1,11.5000,57.1200,1.799998
FILLER_0_15_189,VPWR,li1,92.6900,51.6800,1.800000
FILLER_0_15_181,VPWR,li1,90.6200,51.6800,1.800000
FILLER_0_15_169,VPWR,li1,86.0200,51.6800,1.800000
FILLER_0_15_167,VPWR,li1,82.5700,51.6800,1.800000
FILLER_0_15_161,VPWR,li1,80.9600,51.6800,1.800000
FILLER_0_15_149,VPWR,li1,76.8200,51.6800,1.800000
FILLER_0_15_137,VPWR,li1,71.3000,51.6800,1.800000
FILLER_0_15_125,VPWR,li1,65.7800,51.6800,1.800000
FILLER_0_15_113,VPWR,li1,60.2600,51.6800,1.800000
FILLER_0_15_111,VPWR,li1,56.8100,51.6800,1.800000
FILLER_0_15_105,VPWR,li1,55.2000,51.6800,1.800000
FILLER_0_15_93,VPWR,li1,51.0600,51.6800,1.800000
FILLER_0_15_81,VPWR,li1,45.5400,51.6800,1.800000
FILLER_0_15_69,VPWR,li1,40.0200,51.6800,1.800000
FILLER_0_15_57,VPWR,li1,34.5000,51.6800,1.800000
FILLER_0_15_55,VPWR,li1,31.0500,51.6800,1.799999
FILLER_0_15_43,VPWR,li1,28.0600,51.6800,1.799999
FILLER_0_15_31,VPWR,li1,22.5400,51.6800,1.799999
FILLER_0_15_19,VPWR,li1,17.0200,51.6800,1.799999
FILLER_0_15_7,VPWR,li1,11.5000,51.6800,1.799998
FILLER_0_14_189,VPWR,li1,92.6900,51.6800,1.800000
FILLER_0_14_177,VPWR,li1,89.7000,51.6800,1.800000
FILLER_0_14_165,VPWR,li1,84.1800,51.6800,1.800000
FILLER_0_14_153,VPWR,li1,78.6600,51.6800,1.800000
FILLER_0_14_141,VPWR,li1,73.1400,51.6800,1.800000
FILLER_0_14_139,VPWR,li1,69.6900,51.6800,1.800000
FILLER_0_14_133,VPWR,li1,68.0800,51.6800,1.800000
FILLER_0_14_121,VPWR,li1,63.9400,51.6800,1.800000
FILLER_0_14_109,VPWR,li1,58.4200,51.6800,1.800000
FILLER_0_14_97,VPWR,li1,52.9000,51.6800,1.800000
FILLER_0_14_85,VPWR,li1,47.3800,51.6800,1.800000
FILLER_0_14_83,VPWR,li1,43.9300,51.6800,1.800000
FILLER_0_14_77,VPWR,li1,42.3200,51.6800,1.800000
FILLER_0_14_65,VPWR,li1,38.1800,51.6800,1.800000
FILLER_0_14_53,VPWR,li1,32.6600,51.6800,1.799999
FILLER_0_14_41,VPWR,li1,27.1400,51.6800,1.799999
FILLER_0_14_29,VPWR,li1,21.6200,51.6800,1.799999
FILLER_0_14_26,VPWR,li1,17.9400,51.6800,1.799999
FILLER_0_14_18,VPWR,li1,15.6400,51.6800,1.799999
FILLER_0_14_6,VPWR,li1,11.0400,51.6800,1.799998
FILLER_0_13_189,VPWR,li1,92.6900,46.2400,1.800000
FILLER_0_13_181,VPWR,li1,90.6200,46.2400,1.800000
FILLER_0_13_169,VPWR,li1,86.0200,46.2400,1.800000
FILLER_0_13_167,VPWR,li1,82.5700,46.2400,1.800000
FILLER_0_13_161,VPWR,li1,80.9600,46.2400,1.800000
FILLER_0_13_149,VPWR,li1,76.8200,46.2400,1.800000
FILLER_0_13_137,VPWR,li1,71.3000,46.2400,1.800000
FILLER_0_13_125,VPWR,li1,65.7800,46.2400,1.800000
FILLER_0_13_113,VPWR,li1,60.2600,46.2400,1.800000
FILLER_0_13_110,VPWR,li1,56.5800,46.2400,1.800000
FILLER_0_13_102,VPWR,li1,54.2800,46.2400,1.800000
FILLER_0_13_90,VPWR,li1,49.6800,46.2400,1.800000
FILLER_0_13_78,VPWR,li1,44.1600,46.2400,1.800000
FILLER_0_13_69,VPWR,li1,38.1800,46.2400,1.800000
FILLER_0_13_57,VPWR,li1,34.5000,46.2400,1.800000
FILLER_0_13_55,VPWR,li1,31.0500,46.2400,1.800000
FILLER_0_13_51,VPWR,li1,29.9000,46.2400,1.800000
FILLER_0_13_39,VPWR,li1,26.2200,46.2400,1.800000
FILLER_0_13_27,VPWR,li1,20.7000,46.2400,1.800000
FILLER_0_13_15,VPWR,li1,15.1800,46.2400,1.799999
FILLER_0_13_3,VPWR,li1,9.6600,46.2400,1.799999
FILLER_0_12_189,VPWR,li1,92.6900,46.2400,1.800000
FILLER_0_12_177,VPWR,li1,89.7000,46.2400,1.800000
FILLER_0_12_165,VPWR,li1,84.1800,46.2400,1.800000
FILLER_0_12_153,VPWR,li1,78.6600,46.2400,1.800000
FILLER_0_12_141,VPWR,li1,73.1400,46.2400,1.800000
FILLER_0_12_139,VPWR,li1,69.6900,46.2400,1.800000
FILLER_0_12_133,VPWR,li1,68.0800,46.2400,1.800000
FILLER_0_12_121,VPWR,li1,63.9400,46.2400,1.800000
FILLER_0_12_109,VPWR,li1,58.4200,46.2400,1.800000
FILLER_0_12_97,VPWR,li1,52.9000,46.2400,1.800000
FILLER_0_12_85,VPWR,li1,47.3800,46.2400,1.800000
FILLER_0_12_83,VPWR,li1,43.9300,46.2400,1.800000
FILLER_0_12_77,VPWR,li1,42.3200,46.2400,1.800000
FILLER_0_12_65,VPWR,li1,38.1800,46.2400,1.800000
FILLER_0_12_53,VPWR,li1,32.6600,46.2400,1.800000
FILLER_0_12_41,VPWR,li1,27.1400,46.2400,1.800000
FILLER_0_12_29,VPWR,li1,21.6200,46.2400,1.800000
FILLER_0_12_26,VPWR,li1,17.9400,46.2400,1.799999
FILLER_0_12_18,VPWR,li1,15.6400,46.2400,1.799999
FILLER_0_12_6,VPWR,li1,11.0400,46.2400,1.799999
FILLER_0_11_189,VPWR,li1,92.6900,40.8000,1.800000
FILLER_0_11_181,VPWR,li1,90.6200,40.8000,1.800000
FILLER_0_11_169,VPWR,li1,86.0200,40.8000,1.800000
FILLER_0_11_167,VPWR,li1,82.5700,40.8000,1.800000
FILLER_0_11_161,VPWR,li1,80.9600,40.8000,1.800000
FILLER_0_11_149,VPWR,li1,76.8200,40.8000,1.800000
FILLER_0_11_137,VPWR,li1,71.3000,40.8000,1.800000
FILLER_0_11_125,VPWR,li1,65.7800,40.8000,1.800000
FILLER_0_11_113,VPWR,li1,60.2600,40.8000,1.800000
FILLER_0_11_111,VPWR,li1,56.8100,40.8000,1.799999
FILLER_0_11_105,VPWR,li1,55.2000,40.8000,1.799999
FILLER_0_11_93,VPWR,li1,51.0600,40.8000,1.799999
FILLER_0_11_81,VPWR,li1,45.5400,40.8000,1.799999
FILLER_0_11_69,VPWR,li1,40.0200,40.8000,1.799999
FILLER_0_11_57,VPWR,li1,34.5000,40.8000,1.799999
FILLER_0_11_44,VPWR,li1,28.5200,40.8000,1.799999
FILLER_0_11_32,VPWR,li1,23.0000,40.8000,1.799999
FILLER_0_11_24,VPWR,li1,16.7900,40.8000,1.799999
FILLER_0_11_18,VPWR,li1,15.1800,40.8000,1.799999
FILLER_0_11_6,VPWR,li1,11.0400,40.8000,1.799998
FILLER_0_10_189,VPWR,li1,92.6900,40.8000,1.800000
FILLER_0_10_177,VPWR,li1,89.7000,40.8000,1.800000
FILLER_0_10_165,VPWR,li1,84.1800,40.8000,1.800000
FILLER_0_10_153,VPWR,li1,78.6600,40.8000,1.800000
FILLER_0_10_141,VPWR,li1,73.1400,40.8000,1.800000
FILLER_0_10_139,VPWR,li1,69.6900,40.8000,1.800000
FILLER_0_10_127,VPWR,li1,66.7000,40.8000,1.800000
FILLER_0_10_115,VPWR,li1,61.1800,40.8000,1.800000
FILLER_0_10_103,VPWR,li1,55.6600,40.8000,1.799999
FILLER_0_10_91,VPWR,li1,50.1400,40.8000,1.799999
FILLER_0_10_80,VPWR,li1,43.2400,40.8000,1.799999
FILLER_0_10_65,VPWR,li1,38.1800,40.8000,1.799999
FILLER_0_10_53,VPWR,li1,32.6600,40.8000,1.799999
FILLER_0_10_41,VPWR,li1,27.1400,40.8000,1.799999
FILLER_0_10_29,VPWR,li1,21.6200,40.8000,1.799999
FILLER_0_10_27,VPWR,li1,18.1700,40.8000,1.799999
FILLER_0_10_19,VPWR,li1,16.1000,40.8000,1.799999
FILLER_0_10_7,VPWR,li1,11.5000,40.8000,1.799998
FILLER_0_9_189,VPWR,li1,92.6900,35.3600,1.800000
FILLER_0_9_181,VPWR,li1,90.6200,35.3600,1.800000
FILLER_0_9_169,VPWR,li1,86.0200,35.3600,1.800000
FILLER_0_9_167,VPWR,li1,82.5700,35.3600,1.800000
FILLER_0_9_155,VPWR,li1,79.5800,35.3600,1.800000
FILLER_0_9_143,VPWR,li1,74.0600,35.3600,1.800000
FILLER_0_9_137,VPWR,li1,68.7700,35.3600,1.800000
FILLER_0_9_125,VPWR,li1,65.7800,35.3600,1.800000
FILLER_0_9_113,VPWR,li1,60.2600,35.3600,1.800000
FILLER_0_9_109,VPWR,li1,56.3500,35.3600,1.800000
FILLER_0_9_101,VPWR,li1,53.8200,35.3600,1.800000
FILLER_0_9_89,VPWR,li1,49.2200,35.3600,1.799999
FILLER_0_9_77,VPWR,li1,43.7000,35.3600,1.799999
FILLER_0_9_69,VPWR,li1,37.4900,35.3600,1.799999
FILLER_0_9_57,VPWR,li1,34.5000,35.3600,1.799999
FILLER_0_9_55,VPWR,li1,31.0500,35.3600,1.799999
FILLER_0_9_43,VPWR,li1,28.0600,35.3600,1.799999
FILLER_0_9_31,VPWR,li1,22.5400,35.3600,1.799999
FILLER_0_9_19,VPWR,li1,17.0200,35.3600,1.799999
FILLER_0_9_7,VPWR,li1,11.5000,35.3600,1.799999
FILLER_0_8_189,VPWR,li1,92.6900,35.3600,1.800000
FILLER_0_8_177,VPWR,li1,89.7000,35.3600,1.800000
FILLER_0_8_165,VPWR,li1,84.1800,35.3600,1.800000
FILLER_0_8_153,VPWR,li1,78.6600,35.3600,1.800000
FILLER_0_8_141,VPWR,li1,73.1400,35.3600,1.800000
FILLER_0_8_139,VPWR,li1,69.6900,35.3600,1.800000
FILLER_0_8_133,VPWR,li1,68.0800,35.3600,1.800000
FILLER_0_8_121,VPWR,li1,63.9400,35.3600,1.800000
FILLER_0_8_109,VPWR,li1,58.4200,35.3600,1.800000
FILLER_0_8_97,VPWR,li1,52.9000,35.3600,1.800000
FILLER_0_8_85,VPWR,li1,47.3800,35.3600,1.799999
FILLER_0_8_83,VPWR,li1,43.9300,35.3600,1.799999
FILLER_0_8_77,VPWR,li1,42.3200,35.3600,1.799999
FILLER_0_8_65,VPWR,li1,38.1800,35.3600,1.799999
FILLER_0_8_53,VPWR,li1,32.6600,35.3600,1.799999
FILLER_0_8_41,VPWR,li1,27.1400,35.3600,1.799999
FILLER_0_8_29,VPWR,li1,21.6200,35.3600,1.799999
FILLER_0_8_27,VPWR,li1,18.1700,35.3600,1.799999
FILLER_0_8_15,VPWR,li1,15.1800,35.3600,1.799999
FILLER_0_8_3,VPWR,li1,9.6600,35.3600,1.799999
FILLER_0_7_189,VPWR,li1,92.6900,29.9200,1.799999
FILLER_0_7_181,VPWR,li1,90.6200,29.9200,1.799999
FILLER_0_7_169,VPWR,li1,86.0200,29.9200,1.799999
FILLER_0_7_167,VPWR,li1,82.5700,29.9200,1.799999
FILLER_0_7_161,VPWR,li1,80.9600,29.9200,1.799999
FILLER_0_7_149,VPWR,li1,76.8200,29.9200,1.799999
FILLER_0_7_137,VPWR,li1,71.3000,29.9200,1.800000
FILLER_0_7_125,VPWR,li1,65.7800,29.9200,1.800000
FILLER_0_7_113,VPWR,li1,60.2600,29.9200,1.800000
FILLER_0_7_111,VPWR,li1,56.8100,29.9200,1.800000
FILLER_0_7_105,VPWR,li1,55.2000,29.9200,1.800000
FILLER_0_7_93,VPWR,li1,51.0600,29.9200,1.800000
FILLER_0_7_81,VPWR,li1,45.5400,29.9200,1.800000
FILLER_0_7_69,VPWR,li1,40.0200,29.9200,1.800000
FILLER_0_7_57,VPWR,li1,34.5000,29.9200,1.800000
FILLER_0_7_55,VPWR,li1,31.0500,29.9200,1.799999
FILLER_0_7_43,VPWR,li1,28.0600,29.9200,1.799999
FILLER_0_7_31,VPWR,li1,22.5400,29.9200,1.799999
FILLER_0_7_19,VPWR,li1,17.0200,29.9200,1.799999
FILLER_0_7_7,VPWR,li1,11.5000,29.9200,1.799998
FILLER_0_6_182,VPWR,li1,91.0800,29.9200,1.799999
FILLER_0_6_170,VPWR,li1,86.4800,29.9200,1.799999
FILLER_0_6_165,VPWR,li1,81.8800,29.9200,1.799999
FILLER_0_6_153,VPWR,li1,78.6600,29.9200,1.799999
FILLER_0_6_141,VPWR,li1,73.1400,29.9200,1.800000
FILLER_0_6_139,VPWR,li1,69.6900,29.9200,1.800000
FILLER_0_6_133,VPWR,li1,68.0800,29.9200,1.800000
FILLER_0_6_121,VPWR,li1,63.9400,29.9200,1.800000
FILLER_0_6_109,VPWR,li1,58.4200,29.9200,1.800000
FILLER_0_6_97,VPWR,li1,52.9000,29.9200,1.800000
FILLER_0_6_85,VPWR,li1,47.3800,29.9200,1.800000
FILLER_0_6_83,VPWR,li1,43.9300,29.9200,1.800000
FILLER_0_6_77,VPWR,li1,42.3200,29.9200,1.800000
FILLER_0_6_65,VPWR,li1,38.1800,29.9200,1.800000
FILLER_0_6_53,VPWR,li1,32.6600,29.9200,1.799999
FILLER_0_6_41,VPWR,li1,27.1400,29.9200,1.799999
FILLER_0_6_29,VPWR,li1,21.6200,29.9200,1.799999
FILLER_0_6_27,VPWR,li1,18.1700,29.9200,1.799999
FILLER_0_6_19,VPWR,li1,16.1000,29.9200,1.799999
FILLER_0_6_7,VPWR,li1,11.5000,29.9200,1.799998
FILLER_0_5_189,VPWR,li1,92.6900,24.4800,1.800000
FILLER_0_5_181,VPWR,li1,90.6200,24.4800,1.800000
FILLER_0_5_169,VPWR,li1,86.0200,24.4800,1.800000
FILLER_0_5_167,VPWR,li1,82.5700,24.4800,1.800000
FILLER_0_5_161,VPWR,li1,80.9600,24.4800,1.800000
FILLER_0_5_149,VPWR,li1,76.8200,24.4800,1.800000
FILLER_0_5_137,VPWR,li1,71.3000,24.4800,1.800000
FILLER_0_5_125,VPWR,li1,65.7800,24.4800,1.800000
FILLER_0_5_113,VPWR,li1,60.2600,24.4800,1.800000
FILLER_0_5_111,VPWR,li1,56.8100,24.4800,1.800000
FILLER_0_5_105,VPWR,li1,55.2000,24.4800,1.800000
FILLER_0_5_93,VPWR,li1,51.0600,24.4800,1.800000
FILLER_0_5_81,VPWR,li1,45.5400,24.4800,1.800000
FILLER_0_5_69,VPWR,li1,40.0200,24.4800,1.800000
FILLER_0_5_57,VPWR,li1,34.5000,24.4800,1.800000
FILLER_0_5_55,VPWR,li1,31.0500,24.4800,1.799999
FILLER_0_5_43,VPWR,li1,28.0600,24.4800,1.799999
FILLER_0_5_31,VPWR,li1,22.5400,24.4800,1.799999
FILLER_0_5_19,VPWR,li1,17.0200,24.4800,1.799999
FILLER_0_5_7,VPWR,li1,11.5000,24.4800,1.799999
FILLER_0_4_189,VPWR,li1,92.6900,24.4800,1.800000
FILLER_0_4_177,VPWR,li1,89.7000,24.4800,1.800000
FILLER_0_4_165,VPWR,li1,84.1800,24.4800,1.800000
FILLER_0_4_153,VPWR,li1,78.6600,24.4800,1.800000
FILLER_0_4_141,VPWR,li1,73.1400,24.4800,1.800000
FILLER_0_4_139,VPWR,li1,69.6900,24.4800,1.800000
FILLER_0_4_133,VPWR,li1,68.0800,24.4800,1.800000
FILLER_0_4_121,VPWR,li1,63.9400,24.4800,1.800000
FILLER_0_4_109,VPWR,li1,58.4200,24.4800,1.800000
FILLER_0_4_97,VPWR,li1,52.9000,24.4800,1.800000
FILLER_0_4_85,VPWR,li1,47.3800,24.4800,1.800000
FILLER_0_4_83,VPWR,li1,43.9300,24.4800,1.800000
FILLER_0_4_71,VPWR,li1,40.9400,24.4800,1.800000
FILLER_0_4_59,VPWR,li1,35.4200,24.4800,1.800000
FILLER_0_4_47,VPWR,li1,29.9000,24.4800,1.799999
FILLER_0_4_35,VPWR,li1,24.3800,24.4800,1.799999
FILLER_0_4_29,VPWR,li1,19.0900,24.4800,1.799999
FILLER_0_4_27,VPWR,li1,18.1700,24.4800,1.799999
FILLER_0_4_15,VPWR,li1,15.1800,24.4800,1.799999
FILLER_0_4_3,VPWR,li1,9.6600,24.4800,1.799998
FILLER_0_3_189,VPWR,li1,92.6900,19.0400,1.800000
FILLER_0_3_181,VPWR,li1,90.6200,19.0400,1.800000
FILLER_0_3_169,VPWR,li1,86.0200,19.0400,1.800000
FILLER_0_3_167,VPWR,li1,82.5700,19.0400,1.800000
FILLER_0_3_161,VPWR,li1,80.9600,19.0400,1.800000
FILLER_0_3_149,VPWR,li1,76.8200,19.0400,1.800000
FILLER_0_3_137,VPWR,li1,71.3000,19.0400,1.800000
FILLER_0_3_125,VPWR,li1,65.7800,19.0400,1.800000
FILLER_0_3_113,VPWR,li1,60.2600,19.0400,1.800000
FILLER_0_3_111,VPWR,li1,56.8100,19.0400,1.800000
FILLER_0_3_105,VPWR,li1,55.2000,19.0400,1.800000
FILLER_0_3_93,VPWR,li1,51.0600,19.0400,1.800000
FILLER_0_3_81,VPWR,li1,45.5400,19.0400,1.800000
FILLER_0_3_69,VPWR,li1,40.0200,19.0400,1.800000
FILLER_0_3_57,VPWR,li1,34.5000,19.0400,1.800000
FILLER_0_3_55,VPWR,li1,31.0500,19.0400,1.800000
FILLER_0_3_51,VPWR,li1,29.9000,19.0400,1.800000
FILLER_0_3_39,VPWR,li1,26.2200,19.0400,1.800000
FILLER_0_3_27,VPWR,li1,20.7000,19.0400,1.800000
FILLER_0_3_15,VPWR,li1,15.1800,19.0400,1.800000
FILLER_0_3_3,VPWR,li1,9.6600,19.0400,1.800000
FILLER_0_2_189,VPWR,li1,92.6900,19.0400,1.800000
FILLER_0_2_177,VPWR,li1,89.7000,19.0400,1.800000
FILLER_0_2_165,VPWR,li1,84.1800,19.0400,1.800000
FILLER_0_2_153,VPWR,li1,78.6600,19.0400,1.800000
FILLER_0_2_141,VPWR,li1,73.1400,19.0400,1.800000
FILLER_0_2_139,VPWR,li1,69.6900,19.0400,1.800000
FILLER_0_2_133,VPWR,li1,68.0800,19.0400,1.800000
FILLER_0_2_121,VPWR,li1,63.9400,19.0400,1.800000
FILLER_0_2_109,VPWR,li1,58.4200,19.0400,1.800000
FILLER_0_2_97,VPWR,li1,52.9000,19.0400,1.800000
FILLER_0_2_85,VPWR,li1,47.3800,19.0400,1.800000
FILLER_0_2_83,VPWR,li1,43.9300,19.0400,1.800000
FILLER_0_2_77,VPWR,li1,42.3200,19.0400,1.800000
FILLER_0_2_65,VPWR,li1,38.1800,19.0400,1.800000
FILLER_0_2_53,VPWR,li1,32.6600,19.0400,1.800000
FILLER_0_2_41,VPWR,li1,27.1400,19.0400,1.800000
FILLER_0_2_29,VPWR,li1,21.6200,19.0400,1.800000
FILLER_0_2_27,VPWR,li1,18.1700,19.0400,1.800000
FILLER_0_2_15,VPWR,li1,15.1800,19.0400,1.800000
FILLER_0_2_3,VPWR,li1,9.6600,19.0400,1.800000
FILLER_0_1_189,VPWR,li1,92.6900,13.6000,1.800000
FILLER_0_1_181,VPWR,li1,90.6200,13.6000,1.800000
FILLER_0_1_169,VPWR,li1,86.0200,13.6000,1.800000
FILLER_0_1_167,VPWR,li1,82.5700,13.6000,1.800000
FILLER_0_1_161,VPWR,li1,80.9600,13.6000,1.800000
FILLER_0_1_149,VPWR,li1,76.8200,13.6000,1.800000
FILLER_0_1_137,VPWR,li1,71.3000,13.6000,1.800000
FILLER_0_1_125,VPWR,li1,65.7800,13.6000,1.800000
FILLER_0_1_113,VPWR,li1,60.2600,13.6000,1.800000
FILLER_0_1_111,VPWR,li1,56.8100,13.6000,1.800000
FILLER_0_1_105,VPWR,li1,55.2000,13.6000,1.800000
FILLER_0_1_93,VPWR,li1,51.0600,13.6000,1.800000
FILLER_0_1_81,VPWR,li1,45.5400,13.6000,1.800000
FILLER_0_1_69,VPWR,li1,40.0200,13.6000,1.800000
FILLER_0_1_57,VPWR,li1,34.5000,13.6000,1.800000
FILLER_0_1_55,VPWR,li1,31.0500,13.6000,1.800000
FILLER_0_1_51,VPWR,li1,29.9000,13.6000,1.799999
FILLER_0_1_39,VPWR,li1,26.2200,13.6000,1.800000
FILLER_0_1_27,VPWR,li1,20.7000,13.6000,1.800000
FILLER_0_1_15,VPWR,li1,15.1800,13.6000,1.800000
FILLER_0_1_3,VPWR,li1,9.6600,13.6000,1.800000
FILLER_0_0_189,VPWR,li1,92.6900,13.6000,1.800000
FILLER_0_0_181,VPWR,li1,90.6200,13.6000,1.800000
FILLER_0_0_169,VPWR,li1,86.0200,13.6000,1.800000
FILLER_0_0_165,VPWR,li1,82.1100,13.6000,1.800000
FILLER_0_0_153,VPWR,li1,78.6600,13.6000,1.800000
FILLER_0_0_141,VPWR,li1,73.1400,13.6000,1.800000
FILLER_0_0_137,VPWR,li1,69.2300,13.6000,1.800000
FILLER_0_0_125,VPWR,li1,65.7800,13.6000,1.800000
FILLER_0_0_113,VPWR,li1,60.2600,13.6000,1.800000
FILLER_0_0_109,VPWR,li1,56.3500,13.6000,1.800000
FILLER_0_0_97,VPWR,li1,52.9000,13.6000,1.800000
FILLER_0_0_85,VPWR,li1,47.3800,13.6000,1.800000
FILLER_0_0_81,VPWR,li1,43.4700,13.6000,1.800000
FILLER_0_0_69,VPWR,li1,40.0200,13.6000,1.800000
FILLER_0_0_57,VPWR,li1,34.5000,13.6000,1.800000
FILLER_0_0_54,VPWR,li1,30.8200,13.6000,1.800000
FILLER_0_0_49,VPWR,li1,28.5200,13.6000,1.799999
FILLER_0_0_41,VPWR,li1,26.2200,13.6000,1.800000
FILLER_0_0_29,VPWR,li1,21.6200,13.6000,1.800000
FILLER_0_0_27,VPWR,li1,18.1700,13.6000,1.800000
FILLER_0_0_15,VPWR,li1,15.1800,13.6000,1.800000
FILLER_0_0_3,VPWR,li1,9.6600,13.6000,1.800000
output16,VPWR,li1,7.8200,40.8000,1.799997
output15,VPWR,li1,7.8200,68.0000,1.799998
output14,VPWR,li1,7.8200,29.9200,1.799998
output13,VPWR,li1,7.8200,78.8800,1.799998
output12,VPWR,li1,7.8200,29.9200,1.799998
output11,VPWR,li1,7.8200,57.1200,1.799997
output10,VPWR,li1,7.8200,73.4400,1.799997
output9,VPWR,li1,7.8200,68.0000,1.799998
input8,VPWR,li1,7.5900,40.8000,1.799997
input7,VPWR,li1,7.5900,46.2400,1.799999
input6,VPWR,li1,7.8200,62.5600,1.799999
input5,VPWR,li1,7.8200,35.3600,1.799998
input4,VPWR,li1,7.5900,51.6800,1.799998
input3,VPWR,li1,7.8200,57.1200,1.799997
input2,VPWR,li1,7.8200,51.6800,1.799998
input1,VPWR,li1,7.8200,24.4800,1.799998
TAP_TAPCELL_ROW_27_145,VPWR,li1,83.0300,84.6260,1.800000
TAP_TAPCELL_ROW_27_144,VPWR,li1,70.1500,84.6260,1.800000
TAP_TAPCELL_ROW_27_143,VPWR,li1,57.2700,84.6260,1.800000
TAP_TAPCELL_ROW_27_142,VPWR,li1,44.3900,84.6260,1.800000
TAP_TAPCELL_ROW_27_141,VPWR,li1,31.5100,84.6260,1.800000
TAP_TAPCELL_ROW_27_140,VPWR,li1,18.6300,84.6260,1.800000
TAP_TAPCELL_ROW_26_139,VPWR,li1,70.1500,84.0130,1.800000
TAP_TAPCELL_ROW_26_138,VPWR,li1,44.3900,84.0130,1.800000
TAP_TAPCELL_ROW_26_137,VPWR,li1,18.6300,84.0130,1.800000
TAP_TAPCELL_ROW_25_136,VPWR,li1,83.0300,79.1860,1.799999
TAP_TAPCELL_ROW_25_135,VPWR,li1,57.2700,79.1860,1.800000
TAP_TAPCELL_ROW_25_134,VPWR,li1,31.5100,79.1860,1.799999
TAP_TAPCELL_ROW_24_133,VPWR,li1,70.1500,78.5730,1.799999
TAP_TAPCELL_ROW_24_132,VPWR,li1,44.3900,78.5730,1.800000
TAP_TAPCELL_ROW_24_131,VPWR,li1,18.6300,78.5730,1.799999
TAP_TAPCELL_ROW_23_130,VPWR,li1,83.0300,73.7460,1.799999
TAP_TAPCELL_ROW_23_129,VPWR,li1,57.2700,73.7460,1.800000
TAP_TAPCELL_ROW_23_128,VPWR,li1,31.5100,73.7460,1.799999
TAP_TAPCELL_ROW_22_127,VPWR,li1,70.1500,73.1330,1.800000
TAP_TAPCELL_ROW_22_126,VPWR,li1,44.3900,73.1330,1.800000
TAP_TAPCELL_ROW_22_125,VPWR,li1,18.6300,73.1330,1.799999
TAP_TAPCELL_ROW_21_124,VPWR,li1,83.0300,68.3060,1.799999
TAP_TAPCELL_ROW_21_123,VPWR,li1,57.2700,68.3060,1.800000
TAP_TAPCELL_ROW_21_122,VPWR,li1,31.5100,68.3060,1.799999
TAP_TAPCELL_ROW_20_121,VPWR,li1,70.1500,67.6930,1.800000
TAP_TAPCELL_ROW_20_120,VPWR,li1,44.3900,67.6930,1.799999
TAP_TAPCELL_ROW_20_119,VPWR,li1,18.6300,67.6930,1.799999
TAP_TAPCELL_ROW_19_118,VPWR,li1,83.0300,62.8660,1.800000
TAP_TAPCELL_ROW_19_117,VPWR,li1,57.2700,62.8660,1.800000
TAP_TAPCELL_ROW_19_116,VPWR,li1,31.5100,62.8660,1.800000
TAP_TAPCELL_ROW_18_115,VPWR,li1,70.1500,62.2530,1.800000
TAP_TAPCELL_ROW_18_114,VPWR,li1,44.3900,62.2530,1.800000
TAP_TAPCELL_ROW_18_113,VPWR,li1,18.6300,62.2530,1.799999
TAP_TAPCELL_ROW_17_112,VPWR,li1,83.0300,57.4260,1.800000
TAP_TAPCELL_ROW_17_111,VPWR,li1,57.2700,57.4260,1.800000
TAP_TAPCELL_ROW_17_110,VPWR,li1,31.5100,57.4260,1.799999
TAP_TAPCELL_ROW_16_109,VPWR,li1,70.1500,56.8130,1.800000
TAP_TAPCELL_ROW_16_108,VPWR,li1,44.3900,56.8130,1.800000
TAP_TAPCELL_ROW_16_107,VPWR,li1,18.6300,56.8130,1.799999
TAP_TAPCELL_ROW_15_106,VPWR,li1,83.0300,51.9860,1.800000
TAP_TAPCELL_ROW_15_105,VPWR,li1,57.2700,51.9860,1.800000
TAP_TAPCELL_ROW_15_104,VPWR,li1,31.5100,51.9860,1.799999
TAP_TAPCELL_ROW_14_103,VPWR,li1,70.1500,51.3730,1.800000
TAP_TAPCELL_ROW_14_102,VPWR,li1,44.3900,51.3730,1.800000
TAP_TAPCELL_ROW_14_101,VPWR,li1,18.6300,51.3730,1.799999
TAP_TAPCELL_ROW_13_100,VPWR,li1,83.0300,46.5460,1.800000
TAP_TAPCELL_ROW_13_99,VPWR,li1,57.2700,46.5460,1.800000
TAP_TAPCELL_ROW_13_98,VPWR,li1,31.5100,46.5460,1.800000
TAP_TAPCELL_ROW_12_97,VPWR,li1,70.1500,45.9330,1.800000
TAP_TAPCELL_ROW_12_96,VPWR,li1,44.3900,45.9330,1.800000
TAP_TAPCELL_ROW_12_95,VPWR,li1,18.6300,45.9330,1.799999
TAP_TAPCELL_ROW_11_94,VPWR,li1,83.0300,41.1060,1.800000
TAP_TAPCELL_ROW_11_93,VPWR,li1,57.2700,41.1060,1.800000
TAP_TAPCELL_ROW_11_92,VPWR,li1,31.5100,41.1060,1.799999
TAP_TAPCELL_ROW_10_91,VPWR,li1,70.1500,40.4930,1.800000
TAP_TAPCELL_ROW_10_90,VPWR,li1,44.3900,40.4930,1.799999
TAP_TAPCELL_ROW_10_89,VPWR,li1,18.6300,40.4930,1.799999
TAP_TAPCELL_ROW_9_88,VPWR,li1,83.0300,35.6660,1.800000
TAP_TAPCELL_ROW_9_87,VPWR,li1,57.2700,35.6660,1.800000
TAP_TAPCELL_ROW_9_86,VPWR,li1,31.5100,35.6660,1.799999
TAP_TAPCELL_ROW_8_85,VPWR,li1,70.1500,35.0530,1.800000
TAP_TAPCELL_ROW_8_84,VPWR,li1,44.3900,35.0530,1.799999
TAP_TAPCELL_ROW_8_83,VPWR,li1,18.6300,35.0530,1.799999
TAP_TAPCELL_ROW_7_82,VPWR,li1,83.0300,30.2260,1.799999
TAP_TAPCELL_ROW_7_81,VPWR,li1,57.2700,30.2260,1.800000
TAP_TAPCELL_ROW_7_80,VPWR,li1,31.5100,30.2260,1.799999
TAP_TAPCELL_ROW_6_79,VPWR,li1,70.1500,29.6130,1.800000
TAP_TAPCELL_ROW_6_78,VPWR,li1,44.3900,29.6130,1.800000
TAP_TAPCELL_ROW_6_77,VPWR,li1,18.6300,29.6130,1.799999
TAP_TAPCELL_ROW_5_76,VPWR,li1,83.0300,24.7860,1.800000
TAP_TAPCELL_ROW_5_75,VPWR,li1,57.2700,24.7860,1.800000
TAP_TAPCELL_ROW_5_74,VPWR,li1,31.5100,24.7860,1.799999
TAP_TAPCELL_ROW_4_73,VPWR,li1,70.1500,24.1730,1.800000
TAP_TAPCELL_ROW_4_72,VPWR,li1,44.3900,24.1730,1.800000
TAP_TAPCELL_ROW_4_71,VPWR,li1,18.6300,24.1730,1.799999
TAP_TAPCELL_ROW_3_70,VPWR,li1,83.0300,19.3460,1.800000
TAP_TAPCELL_ROW_3_69,VPWR,li1,57.2700,19.3460,1.800000
TAP_TAPCELL_ROW_3_68,VPWR,li1,31.5100,19.3460,1.800000
TAP_TAPCELL_ROW_2_67,VPWR,li1,70.1500,18.7330,1.800000
TAP_TAPCELL_ROW_2_66,VPWR,li1,44.3900,18.7330,1.800000
TAP_TAPCELL_ROW_2_65,VPWR,li1,18.6300,18.7330,1.800000
TAP_TAPCELL_ROW_1_64,VPWR,li1,83.0300,13.9060,1.800000
TAP_TAPCELL_ROW_1_63,VPWR,li1,57.2700,13.9060,1.800000
TAP_TAPCELL_ROW_1_62,VPWR,li1,31.5100,13.9060,1.800000
TAP_TAPCELL_ROW_0_61,VPWR,li1,83.0300,13.2930,1.800000
TAP_TAPCELL_ROW_0_60,VPWR,li1,70.1500,13.2930,1.800000
TAP_TAPCELL_ROW_0_59,VPWR,li1,57.2700,13.2930,1.800000
TAP_TAPCELL_ROW_0_58,VPWR,li1,44.3900,13.2930,1.800000
TAP_TAPCELL_ROW_0_57,VPWR,li1,31.5100,13.2930,1.800000
TAP_TAPCELL_ROW_0_56,VPWR,li1,18.6300,13.2930,1.800000
PHY_EDGE_ROW_27_Left_55,VPWR,li1,6.2100,84.3200,1.800000
PHY_EDGE_ROW_26_Left_54,VPWR,li1,6.2100,84.3200,1.800000
PHY_EDGE_ROW_25_Left_53,VPWR,li1,6.2100,78.8800,1.799998
PHY_EDGE_ROW_24_Left_52,VPWR,li1,6.2100,78.8800,1.799998
PHY_EDGE_ROW_23_Left_51,VPWR,li1,6.2100,73.4400,1.799997
PHY_EDGE_ROW_22_Left_50,VPWR,li1,6.2100,73.4400,1.799997
PHY_EDGE_ROW_21_Left_49,VPWR,li1,6.2100,68.0000,1.799998
PHY_EDGE_ROW_20_Left_48,VPWR,li1,6.2100,68.0000,1.799998
PHY_EDGE_ROW_19_Left_47,VPWR,li1,6.2100,62.5600,1.799999
PHY_EDGE_ROW_18_Left_46,VPWR,li1,6.2100,62.5600,1.799999
PHY_EDGE_ROW_17_Left_45,VPWR,li1,6.2100,57.1200,1.799997
PHY_EDGE_ROW_16_Left_44,VPWR,li1,6.2100,57.1200,1.799997
PHY_EDGE_ROW_15_Left_43,VPWR,li1,6.2100,51.6800,1.799998
PHY_EDGE_ROW_14_Left_42,VPWR,li1,6.2100,51.6800,1.799998
PHY_EDGE_ROW_13_Left_41,VPWR,li1,6.2100,46.2400,1.799999
PHY_EDGE_ROW_12_Left_40,VPWR,li1,6.2100,46.2400,1.799999
PHY_EDGE_ROW_11_Left_39,VPWR,li1,6.2100,40.8000,1.799997
PHY_EDGE_ROW_10_Left_38,VPWR,li1,6.2100,40.8000,1.799997
PHY_EDGE_ROW_9_Left_37,VPWR,li1,6.2100,35.3600,1.799998
PHY_EDGE_ROW_8_Left_36,VPWR,li1,6.2100,35.3600,1.799998
PHY_EDGE_ROW_7_Left_35,VPWR,li1,6.2100,29.9200,1.799998
PHY_EDGE_ROW_6_Left_34,VPWR,li1,6.2100,29.9200,1.799998
PHY_EDGE_ROW_5_Left_33,VPWR,li1,6.2100,24.4800,1.799998
PHY_EDGE_ROW_4_Left_32,VPWR,li1,6.2100,24.4800,1.799998
PHY_EDGE_ROW_3_Left_31,VPWR,li1,6.2100,19.0400,1.800000
PHY_EDGE_ROW_2_Left_30,VPWR,li1,6.2100,19.0400,1.800000
PHY_EDGE_ROW_1_Left_29,VPWR,li1,6.2100,13.6000,1.800000
PHY_EDGE_ROW_0_Left_28,VPWR,li1,6.2100,13.6000,1.800000
PHY_EDGE_ROW_27_Right_27,VPWR,li1,93.6100,84.3200,1.800000
PHY_EDGE_ROW_26_Right_26,VPWR,li1,93.6100,84.3200,1.800000
PHY_EDGE_ROW_25_Right_25,VPWR,li1,93.6100,78.8800,1.799998
PHY_EDGE_ROW_24_Right_24,VPWR,li1,93.6100,78.8800,1.799998
PHY_EDGE_ROW_23_Right_23,VPWR,li1,93.6100,73.4400,1.799999
PHY_EDGE_ROW_22_Right_22,VPWR,li1,93.6100,73.4400,1.799999
PHY_EDGE_ROW_21_Right_21,VPWR,li1,93.6100,68.0000,1.799999
PHY_EDGE_ROW_20_Right_20,VPWR,li1,93.6100,68.0000,1.799999
PHY_EDGE_ROW_19_Right_19,VPWR,li1,93.6100,62.5600,1.800000
PHY_EDGE_ROW_18_Right_18,VPWR,li1,93.6100,62.5600,1.800000
PHY_EDGE_ROW_17_Right_17,VPWR,li1,93.6100,57.1200,1.800000
PHY_EDGE_ROW_16_Right_16,VPWR,li1,93.6100,57.1200,1.800000
PHY_EDGE_ROW_15_Right_15,VPWR,li1,93.6100,51.6800,1.800000
PHY_EDGE_ROW_14_Right_14,VPWR,li1,93.6100,51.6800,1.800000
PHY_EDGE_ROW_13_Right_13,VPWR,li1,93.6100,46.2400,1.800000
PHY_EDGE_ROW_12_Right_12,VPWR,li1,93.6100,46.2400,1.800000
PHY_EDGE_ROW_11_Right_11,VPWR,li1,93.6100,40.8000,1.800000
PHY_EDGE_ROW_10_Right_10,VPWR,li1,93.6100,40.8000,1.800000
PHY_EDGE_ROW_9_Right_9,VPWR,li1,93.6100,35.3600,1.800000
PHY_EDGE_ROW_8_Right_8,VPWR,li1,93.6100,35.3600,1.800000
PHY_EDGE_ROW_7_Right_7,VPWR,li1,93.6100,29.9200,1.799999
PHY_EDGE_ROW_6_Right_6,VPWR,li1,93.6100,29.9200,1.799999
PHY_EDGE_ROW_5_Right_5,VPWR,li1,93.6100,24.4800,1.800000
PHY_EDGE_ROW_4_Right_4,VPWR,li1,93.6100,24.4800,1.800000
PHY_EDGE_ROW_3_Right_3,VPWR,li1,93.6100,19.0400,1.800000
PHY_EDGE_ROW_2_Right_2,VPWR,li1,93.6100,19.0400,1.800000
PHY_EDGE_ROW_1_Right_1,VPWR,li1,93.6100,13.6000,1.800000
PHY_EDGE_ROW_0_Right_0,VPWR,li1,93.6100,13.6000,1.800000
_27_,VPWR,li1,20.4700,84.3200,1.800000
_26_,VPWR,li1,83.0300,29.9200,1.799999
_25_,VPWR,li1,20.4700,24.4800,1.799999
_24_,VPWR,li1,18.6300,40.8000,1.799999
_23_,VPWR,li1,44.8500,68.0000,1.799999
_22_,VPWR,li1,40.2500,46.2400,1.800000
_21_,VPWR,li1,33.1200,84.3200,1.800000
_20_,VPWR,li1,75.2100,84.3200,1.800000
_19_,VPWR,li1,87.1700,78.8800,1.799998
_18_,VPWR,li1,29.6700,13.6000,1.799999
_17_,VPWR,li1,77.9700,78.8800,1.799999
_16_,VPWR,li1,70.1500,35.3600,1.800000
_15_,VPWR,li1,41.6300,40.8000,1.799999
_14_,VPWR,li1,46.0000,40.8000,1.799999
_13_,VPWR,li1,29.6700,68.0000,1.799999
_12_,VPWR,li1,90.8500,73.4400,1.799999
_11_,VPWR,li1,39.3300,35.3600,1.799999
_10_,VPWR,li1,91.7700,68.0000,1.799999
