
===========================================================================
report_checks -path_delay min (Hold)
============================================================================
======================= Fastest Corner ===================================

Startpoint: A[6] (input port clocked by __VIRTUAL_CLK__)
Endpoint: out[6] (output port clocked by __VIRTUAL_CLK__)
Path Group: __VIRTUAL_CLK__
Path Type: min
Corner: Fastest

Fanout     Cap    Slew   Delay    Time   Description
-----------------------------------------------------------------------------
                  0.00    0.00    0.00   clock __VIRTUAL_CLK__ (rise edge)
                          0.00    0.00   clock network delay (ideal)
                          2.00    2.00 ^ input external delay
     1    0.00    0.01    0.01    2.01 ^ A[6] (in)
                                         A[6] (net)
                  0.01    0.00    2.01 ^ input7/A (sky130_fd_sc_hd__buf_2)
     5    0.05    0.18    0.15    2.16 ^ input7/X (sky130_fd_sc_hd__buf_2)
                                         net7 (net)
                  0.18    0.00    2.16 ^ _289_/A1 (sky130_fd_sc_hd__o211ai_2)
     1    0.02    0.08    0.10    2.27 v _289_/Y (sky130_fd_sc_hd__o211ai_2)
                                         _046_ (net)
                  0.08    0.00    2.27 v _290_/B1 (sky130_fd_sc_hd__a31o_1)
     1    0.01    0.03    0.09    2.37 v _290_/X (sky130_fd_sc_hd__a31o_1)
                                         _047_ (net)
                  0.03    0.00    2.37 v _291_/B1 (sky130_fd_sc_hd__a21o_1)
     1    0.02    0.07    0.11    2.48 v _291_/X (sky130_fd_sc_hd__a21o_1)
                                         net26 (net)
                  0.07    0.00    2.48 v output26/A (sky130_fd_sc_hd__buf_2)
     1    0.03    0.06    0.13    2.61 v output26/X (sky130_fd_sc_hd__buf_2)
                                         out[6] (net)
                  0.06    0.00    2.61 v out[6] (out)
                                  2.61   data arrival time

                  0.00    0.00    0.00   clock __VIRTUAL_CLK__ (rise edge)
                          0.00    0.00   clock network delay (ideal)
                          0.25    0.25   clock uncertainty
                          0.00    0.25   clock reconvergence pessimism
                         -2.00   -1.75   output external delay
                                 -1.75   data required time
-----------------------------------------------------------------------------
                                 -1.75   data required time
                                 -2.61   data arrival time
-----------------------------------------------------------------------------
                                  4.36   slack (MET)


Startpoint: A[0] (input port clocked by __VIRTUAL_CLK__)
Endpoint: out[0] (output port clocked by __VIRTUAL_CLK__)
Path Group: __VIRTUAL_CLK__
Path Type: min
Corner: Fastest

Fanout     Cap    Slew   Delay    Time   Description
-----------------------------------------------------------------------------
                  0.00    0.00    0.00   clock __VIRTUAL_CLK__ (rise edge)
                          0.00    0.00   clock network delay (ideal)
                          2.00    2.00 v input external delay
     1    0.00    0.01    0.00    2.00 v A[0] (in)
                                         A[0] (net)
                  0.01    0.00    2.00 v input1/A (sky130_fd_sc_hd__buf_1)
     2    0.02    0.08    0.09    2.10 v input1/X (sky130_fd_sc_hd__buf_1)
                                         net1 (net)
                  0.08    0.00    2.10 v _190_/A (sky130_fd_sc_hd__clkbuf_4)
    10    0.07    0.10    0.17    2.27 v _190_/X (sky130_fd_sc_hd__clkbuf_4)
                                         _118_ (net)
                  0.10    0.00    2.27 v _307_/A2 (sky130_fd_sc_hd__a31o_1)
     2    0.03    0.09    0.21    2.48 v _307_/X (sky130_fd_sc_hd__a31o_1)
                                         net20 (net)
                  0.09    0.00    2.48 v output20/A (sky130_fd_sc_hd__buf_2)
     1    0.03    0.06    0.13    2.62 v output20/X (sky130_fd_sc_hd__buf_2)
                                         out[0] (net)
                  0.06    0.00    2.62 v out[0] (out)
                                  2.62   data arrival time

                  0.00    0.00    0.00   clock __VIRTUAL_CLK__ (rise edge)
                          0.00    0.00   clock network delay (ideal)
                          0.25    0.25   clock uncertainty
                          0.00    0.25   clock reconvergence pessimism
                         -2.00   -1.75   output external delay
                                 -1.75   data required time
-----------------------------------------------------------------------------
                                 -1.75   data required time
                                 -2.62   data arrival time
-----------------------------------------------------------------------------
                                  4.37   slack (MET)


Startpoint: B[5] (input port clocked by __VIRTUAL_CLK__)
Endpoint: out[5] (output port clocked by __VIRTUAL_CLK__)
Path Group: __VIRTUAL_CLK__
Path Type: min
Corner: Fastest

Fanout     Cap    Slew   Delay    Time   Description
-----------------------------------------------------------------------------
                  0.00    0.00    0.00   clock __VIRTUAL_CLK__ (rise edge)
                          0.00    0.00   clock network delay (ideal)
                          2.00    2.00 ^ input external delay
     1    0.00    0.01    0.01    2.01 ^ B[5] (in)
                                         B[5] (net)
                  0.01    0.00    2.01 ^ input14/A (sky130_fd_sc_hd__buf_2)
     5    0.05    0.19    0.16    2.17 ^ input14/X (sky130_fd_sc_hd__buf_2)
                                         net14 (net)
                  0.19    0.01    2.17 ^ _233_/A1 (sky130_fd_sc_hd__a311o_1)
     1    0.02    0.13    0.17    2.35 ^ _233_/X (sky130_fd_sc_hd__a311o_1)
                                         _161_ (net)
                  0.13    0.00    2.35 ^ _267_/B1 (sky130_fd_sc_hd__a211o_1)
     1    0.02    0.12    0.13    2.48 ^ _267_/X (sky130_fd_sc_hd__a211o_1)
                                         net25 (net)
                  0.12    0.00    2.48 ^ output25/A (sky130_fd_sc_hd__buf_2)
     1    0.03    0.13    0.15    2.63 ^ output25/X (sky130_fd_sc_hd__buf_2)
                                         out[5] (net)
                  0.13    0.00    2.63 ^ out[5] (out)
                                  2.63   data arrival time

                  0.00    0.00    0.00   clock __VIRTUAL_CLK__ (rise edge)
                          0.00    0.00   clock network delay (ideal)
                          0.25    0.25   clock uncertainty
                          0.00    0.25   clock reconvergence pessimism
                         -2.00   -1.75   output external delay
                                 -1.75   data required time
-----------------------------------------------------------------------------
                                 -1.75   data required time
                                 -2.63   data arrival time
-----------------------------------------------------------------------------
                                  4.38   slack (MET)


Startpoint: opcode[2] (input port clocked by __VIRTUAL_CLK__)
Endpoint: out[3] (output port clocked by __VIRTUAL_CLK__)
Path Group: __VIRTUAL_CLK__
Path Type: min
Corner: Fastest

Fanout     Cap    Slew   Delay    Time   Description
-----------------------------------------------------------------------------
                  0.00    0.00    0.00   clock __VIRTUAL_CLK__ (rise edge)
                          0.00    0.00   clock network delay (ideal)
                          2.00    2.00 v input external delay
     1    0.00    0.01    0.00    2.00 v opcode[2] (in)
                                         opcode[2] (net)
                  0.01    0.00    2.00 v input19/A (sky130_fd_sc_hd__clkbuf_4)
     6    0.06    0.09    0.13    2.13 v input19/X (sky130_fd_sc_hd__clkbuf_4)
                                         net19 (net)
                  0.09    0.01    2.14 v _170_/A (sky130_fd_sc_hd__inv_2)
     2    0.03    0.10    0.10    2.24 ^ _170_/Y (sky130_fd_sc_hd__inv_2)
                                         _098_ (net)
                  0.10    0.00    2.24 ^ _172_/A (sky130_fd_sc_hd__nor2_4)
     8    0.06    0.07    0.07    2.31 v _172_/Y (sky130_fd_sc_hd__nor2_4)
                                         _100_ (net)
                  0.07    0.00    2.31 v _335_/B2 (sky130_fd_sc_hd__a221o_1)
     1    0.02    0.07    0.20    2.52 v _335_/X (sky130_fd_sc_hd__a221o_1)
                                         net23 (net)
                  0.07    0.00    2.52 v output23/A (sky130_fd_sc_hd__buf_2)
     1    0.03    0.06    0.13    2.65 v output23/X (sky130_fd_sc_hd__buf_2)
                                         out[3] (net)
                  0.06    0.00    2.65 v out[3] (out)
                                  2.65   data arrival time

                  0.00    0.00    0.00   clock __VIRTUAL_CLK__ (rise edge)
                          0.00    0.00   clock network delay (ideal)
                          0.25    0.25   clock uncertainty
                          0.00    0.25   clock reconvergence pessimism
                         -2.00   -1.75   output external delay
                                 -1.75   data required time
-----------------------------------------------------------------------------
                                 -1.75   data required time
                                 -2.65   data arrival time
-----------------------------------------------------------------------------
                                  4.40   slack (MET)


Startpoint: opcode[2] (input port clocked by __VIRTUAL_CLK__)
Endpoint: out[2] (output port clocked by __VIRTUAL_CLK__)
Path Group: __VIRTUAL_CLK__
Path Type: min
Corner: Fastest

Fanout     Cap    Slew   Delay    Time   Description
-----------------------------------------------------------------------------
                  0.00    0.00    0.00   clock __VIRTUAL_CLK__ (rise edge)
                          0.00    0.00   clock network delay (ideal)
                          2.00    2.00 v input external delay
     1    0.00    0.01    0.00    2.00 v opcode[2] (in)
                                         opcode[2] (net)
                  0.01    0.00    2.00 v input19/A (sky130_fd_sc_hd__clkbuf_4)
     6    0.06    0.09    0.13    2.13 v input19/X (sky130_fd_sc_hd__clkbuf_4)
                                         net19 (net)
                  0.09    0.00    2.14 v _265_/A (sky130_fd_sc_hd__and3_2)
     7    0.05    0.10    0.19    2.33 v _265_/X (sky130_fd_sc_hd__and3_2)
                                         _023_ (net)
                  0.10    0.01    2.34 v _326_/A2 (sky130_fd_sc_hd__a31o_1)
     1    0.02    0.06    0.19    2.53 v _326_/X (sky130_fd_sc_hd__a31o_1)
                                         net22 (net)
                  0.06    0.00    2.53 v output22/A (sky130_fd_sc_hd__buf_2)
     1    0.03    0.06    0.12    2.65 v output22/X (sky130_fd_sc_hd__buf_2)
                                         out[2] (net)
                  0.06    0.00    2.65 v out[2] (out)
                                  2.65   data arrival time

                  0.00    0.00    0.00   clock __VIRTUAL_CLK__ (rise edge)
                          0.00    0.00   clock network delay (ideal)
                          0.25    0.25   clock uncertainty
                          0.00    0.25   clock reconvergence pessimism
                         -2.00   -1.75   output external delay
                                 -1.75   data required time
-----------------------------------------------------------------------------
                                 -1.75   data required time
                                 -2.65   data arrival time
-----------------------------------------------------------------------------
                                  4.40   slack (MET)


Startpoint: opcode[2] (input port clocked by __VIRTUAL_CLK__)
Endpoint: out[7] (output port clocked by __VIRTUAL_CLK__)
Path Group: __VIRTUAL_CLK__
Path Type: min
Corner: Fastest

Fanout     Cap    Slew   Delay    Time   Description
-----------------------------------------------------------------------------
                  0.00    0.00    0.00   clock __VIRTUAL_CLK__ (rise edge)
                          0.00    0.00   clock network delay (ideal)
                          2.00    2.00 v input external delay
     1    0.00    0.01    0.00    2.00 v opcode[2] (in)
                                         opcode[2] (net)
                  0.01    0.00    2.00 v input19/A (sky130_fd_sc_hd__clkbuf_4)
     6    0.06    0.09    0.13    2.13 v input19/X (sky130_fd_sc_hd__clkbuf_4)
                                         net19 (net)
                  0.09    0.00    2.14 v _265_/A (sky130_fd_sc_hd__and3_2)
     7    0.05    0.10    0.19    2.33 v _265_/X (sky130_fd_sc_hd__and3_2)
                                         _023_ (net)
                  0.10    0.01    2.33 v _302_/A1 (sky130_fd_sc_hd__a31o_1)
     2    0.03    0.10    0.20    2.54 v _302_/X (sky130_fd_sc_hd__a31o_1)
                                         net27 (net)
                  0.10    0.00    2.54 v output27/A (sky130_fd_sc_hd__buf_2)
     1    0.04    0.07    0.14    2.68 v output27/X (sky130_fd_sc_hd__buf_2)
                                         out[7] (net)
                  0.07    0.00    2.68 v out[7] (out)
                                  2.68   data arrival time

                  0.00    0.00    0.00   clock __VIRTUAL_CLK__ (rise edge)
                          0.00    0.00   clock network delay (ideal)
                          0.25    0.25   clock uncertainty
                          0.00    0.25   clock reconvergence pessimism
                         -2.00   -1.75   output external delay
                                 -1.75   data required time
-----------------------------------------------------------------------------
                                 -1.75   data required time
                                 -2.68   data arrival time
-----------------------------------------------------------------------------
                                  4.43   slack (MET)


Startpoint: B[4] (input port clocked by __VIRTUAL_CLK__)
Endpoint: out[4] (output port clocked by __VIRTUAL_CLK__)
Path Group: __VIRTUAL_CLK__
Path Type: min
Corner: Fastest

Fanout     Cap    Slew   Delay    Time   Description
-----------------------------------------------------------------------------
                  0.00    0.00    0.00   clock __VIRTUAL_CLK__ (rise edge)
                          0.00    0.00   clock network delay (ideal)
                          2.00    2.00 ^ input external delay
     1    0.00    0.02    0.01    2.01 ^ B[4] (in)
                                         B[4] (net)
                  0.02    0.00    2.01 ^ input13/A (sky130_fd_sc_hd__clkbuf_4)
     6    0.05    0.13    0.14    2.15 ^ input13/X (sky130_fd_sc_hd__clkbuf_4)
                                         net13 (net)
                  0.13    0.01    2.16 ^ _341_/A1 (sky130_fd_sc_hd__a31o_1)
     1    0.01    0.09    0.13    2.28 ^ _341_/X (sky130_fd_sc_hd__a31o_1)
                                         _092_ (net)
                  0.09    0.00    2.28 ^ _346_/B (sky130_fd_sc_hd__or3_1)
     1    0.02    0.11    0.13    2.41 ^ _346_/X (sky130_fd_sc_hd__or3_1)
                                         _097_ (net)
                  0.11    0.00    2.41 ^ _347_/A (sky130_fd_sc_hd__buf_1)
     1    0.02    0.14    0.13    2.54 ^ _347_/X (sky130_fd_sc_hd__buf_1)
                                         net24 (net)
                  0.14    0.00    2.54 ^ output24/A (sky130_fd_sc_hd__buf_2)
     1    0.03    0.13    0.15    2.69 ^ output24/X (sky130_fd_sc_hd__buf_2)
                                         out[4] (net)
                  0.13    0.00    2.69 ^ out[4] (out)
                                  2.69   data arrival time

                  0.00    0.00    0.00   clock __VIRTUAL_CLK__ (rise edge)
                          0.00    0.00   clock network delay (ideal)
                          0.25    0.25   clock uncertainty
                          0.00    0.25   clock reconvergence pessimism
                         -2.00   -1.75   output external delay
                                 -1.75   data required time
-----------------------------------------------------------------------------
                                 -1.75   data required time
                                 -2.69   data arrival time
-----------------------------------------------------------------------------
                                  4.44   slack (MET)


Startpoint: B[1] (input port clocked by __VIRTUAL_CLK__)
Endpoint: out[1] (output port clocked by __VIRTUAL_CLK__)
Path Group: __VIRTUAL_CLK__
Path Type: min
Corner: Fastest

Fanout     Cap    Slew   Delay    Time   Description
-----------------------------------------------------------------------------
                  0.00    0.00    0.00   clock __VIRTUAL_CLK__ (rise edge)
                          0.00    0.00   clock network delay (ideal)
                          2.00    2.00 ^ input external delay
     1    0.00    0.02    0.01    2.01 ^ B[1] (in)
                                         B[1] (net)
                  0.02    0.00    2.01 ^ input10/A (sky130_fd_sc_hd__clkbuf_2)
     5    0.04    0.17    0.14    2.15 ^ input10/X (sky130_fd_sc_hd__clkbuf_2)
                                         net10 (net)
                  0.17    0.01    2.16 ^ _175_/A (sky130_fd_sc_hd__buf_4)
    10    0.08    0.18    0.18    2.34 ^ _175_/X (sky130_fd_sc_hd__buf_4)
                                         _103_ (net)
                  0.18    0.01    2.36 ^ _309_/A2 (sky130_fd_sc_hd__o22a_1)
     1    0.00    0.03    0.08    2.43 ^ _309_/X (sky130_fd_sc_hd__o22a_1)
                                         _063_ (net)
                  0.03    0.00    2.43 ^ _317_/A (sky130_fd_sc_hd__or4b_1)
     1    0.01    0.08    0.10    2.53 ^ _317_/X (sky130_fd_sc_hd__or4b_1)
                                         _071_ (net)
                  0.08    0.00    2.53 ^ _318_/A (sky130_fd_sc_hd__buf_1)
     2    0.02    0.19    0.16    2.69 ^ _318_/X (sky130_fd_sc_hd__buf_1)
                                         net21 (net)
                  0.19    0.00    2.69 ^ output21/A (sky130_fd_sc_hd__buf_2)
     1    0.03    0.13    0.16    2.84 ^ output21/X (sky130_fd_sc_hd__buf_2)
                                         out[1] (net)
                  0.13    0.00    2.85 ^ out[1] (out)
                                  2.85   data arrival time

                  0.00    0.00    0.00   clock __VIRTUAL_CLK__ (rise edge)
                          0.00    0.00   clock network delay (ideal)
                          0.25    0.25   clock uncertainty
                          0.00    0.25   clock reconvergence pessimism
                         -2.00   -1.75   output external delay
                                 -1.75   data required time
-----------------------------------------------------------------------------
                                 -1.75   data required time
                                 -2.85   data arrival time
-----------------------------------------------------------------------------
                                  4.60   slack (MET)



worst slack corner Fastest: 4.3570
======================= Slowest Corner ===================================

Startpoint: A[0] (input port clocked by __VIRTUAL_CLK__)
Endpoint: out[0] (output port clocked by __VIRTUAL_CLK__)
Path Group: __VIRTUAL_CLK__
Path Type: min
Corner: Slowest

Fanout     Cap    Slew   Delay    Time   Description
-----------------------------------------------------------------------------
                  0.00    0.00    0.00   clock __VIRTUAL_CLK__ (rise edge)
                          0.00    0.00   clock network delay (ideal)
                          2.00    2.00 v input external delay
     1    0.00    0.03    0.01    2.01 v A[0] (in)
                                         A[0] (net)
                  0.03    0.00    2.01 v input1/A (sky130_fd_sc_hd__buf_1)
     2    0.02    0.23    0.26    2.28 v input1/X (sky130_fd_sc_hd__buf_1)
                                         net1 (net)
                  0.23    0.00    2.28 v _190_/A (sky130_fd_sc_hd__clkbuf_4)
    10    0.07    0.26    0.46    2.74 v _190_/X (sky130_fd_sc_hd__clkbuf_4)
                                         _118_ (net)
                  0.26    0.00    2.75 v _307_/A2 (sky130_fd_sc_hd__a31o_1)
     2    0.03    0.24    0.59    3.34 v _307_/X (sky130_fd_sc_hd__a31o_1)
                                         net20 (net)
                  0.24    0.00    3.34 v output20/A (sky130_fd_sc_hd__buf_2)
     1    0.03    0.17    0.41    3.75 v output20/X (sky130_fd_sc_hd__buf_2)
                                         out[0] (net)
                  0.17    0.00    3.75 v out[0] (out)
                                  3.75   data arrival time

                  0.00    0.00    0.00   clock __VIRTUAL_CLK__ (rise edge)
                          0.00    0.00   clock network delay (ideal)
                          0.25    0.25   clock uncertainty
                          0.00    0.25   clock reconvergence pessimism
                         -2.00   -1.75   output external delay
                                 -1.75   data required time
-----------------------------------------------------------------------------
                                 -1.75   data required time
                                 -3.75   data arrival time
-----------------------------------------------------------------------------
                                  5.50   slack (MET)


Startpoint: B[5] (input port clocked by __VIRTUAL_CLK__)
Endpoint: out[5] (output port clocked by __VIRTUAL_CLK__)
Path Group: __VIRTUAL_CLK__
Path Type: min
Corner: Slowest

Fanout     Cap    Slew   Delay    Time   Description
-----------------------------------------------------------------------------
                  0.00    0.00    0.00   clock __VIRTUAL_CLK__ (rise edge)
                          0.00    0.00   clock network delay (ideal)
                          2.00    2.00 ^ input external delay
     1    0.00    0.03    0.01    2.01 ^ B[5] (in)
                                         B[5] (net)
                  0.03    0.00    2.01 ^ input14/A (sky130_fd_sc_hd__buf_2)
     5    0.05    0.39    0.39    2.40 ^ input14/X (sky130_fd_sc_hd__buf_2)
                                         net14 (net)
                  0.39    0.01    2.41 ^ _233_/A1 (sky130_fd_sc_hd__a311o_1)
     1    0.02    0.29    0.58    2.98 ^ _233_/X (sky130_fd_sc_hd__a311o_1)
                                         _161_ (net)
                  0.29    0.00    2.98 ^ _267_/B1 (sky130_fd_sc_hd__a211o_1)
     1    0.02    0.25    0.38    3.36 ^ _267_/X (sky130_fd_sc_hd__a211o_1)
                                         net25 (net)
                  0.25    0.00    3.36 ^ output25/A (sky130_fd_sc_hd__buf_2)
     1    0.03    0.28    0.41    3.77 ^ output25/X (sky130_fd_sc_hd__buf_2)
                                         out[5] (net)
                  0.28    0.00    3.77 ^ out[5] (out)
                                  3.77   data arrival time

                  0.00    0.00    0.00   clock __VIRTUAL_CLK__ (rise edge)
                          0.00    0.00   clock network delay (ideal)
                          0.25    0.25   clock uncertainty
                          0.00    0.25   clock reconvergence pessimism
                         -2.00   -1.75   output external delay
                                 -1.75   data required time
-----------------------------------------------------------------------------
                                 -1.75   data required time
                                 -3.77   data arrival time
-----------------------------------------------------------------------------
                                  5.52   slack (MET)


Startpoint: opcode[2] (input port clocked by __VIRTUAL_CLK__)
Endpoint: out[2] (output port clocked by __VIRTUAL_CLK__)
Path Group: __VIRTUAL_CLK__
Path Type: min
Corner: Slowest

Fanout     Cap    Slew   Delay    Time   Description
-----------------------------------------------------------------------------
                  0.00    0.00    0.00   clock __VIRTUAL_CLK__ (rise edge)
                          0.00    0.00   clock network delay (ideal)
                          2.00    2.00 v input external delay
     1    0.00    0.02    0.01    2.01 v opcode[2] (in)
                                         opcode[2] (net)
                  0.02    0.00    2.01 v input19/A (sky130_fd_sc_hd__clkbuf_4)
     6    0.06    0.22    0.34    2.35 v input19/X (sky130_fd_sc_hd__clkbuf_4)
                                         net19 (net)
                  0.22    0.00    2.36 v _265_/A (sky130_fd_sc_hd__and3_2)
     7    0.05    0.26    0.60    2.96 v _265_/X (sky130_fd_sc_hd__and3_2)
                                         _023_ (net)
                  0.26    0.01    2.97 v _326_/A2 (sky130_fd_sc_hd__a31o_1)
     1    0.02    0.18    0.54    3.51 v _326_/X (sky130_fd_sc_hd__a31o_1)
                                         net22 (net)
                  0.18    0.00    3.51 v output22/A (sky130_fd_sc_hd__buf_2)
     1    0.03    0.17    0.38    3.89 v output22/X (sky130_fd_sc_hd__buf_2)
                                         out[2] (net)
                  0.17    0.00    3.89 v out[2] (out)
                                  3.89   data arrival time

                  0.00    0.00    0.00   clock __VIRTUAL_CLK__ (rise edge)
                          0.00    0.00   clock network delay (ideal)
                          0.25    0.25   clock uncertainty
                          0.00    0.25   clock reconvergence pessimism
                         -2.00   -1.75   output external delay
                                 -1.75   data required time
-----------------------------------------------------------------------------
                                 -1.75   data required time
                                 -3.89   data arrival time
-----------------------------------------------------------------------------
                                  5.64   slack (MET)


Startpoint: A[6] (input port clocked by __VIRTUAL_CLK__)
Endpoint: out[6] (output port clocked by __VIRTUAL_CLK__)
Path Group: __VIRTUAL_CLK__
Path Type: min
Corner: Slowest

Fanout     Cap    Slew   Delay    Time   Description
-----------------------------------------------------------------------------
                  0.00    0.00    0.00   clock __VIRTUAL_CLK__ (rise edge)
                          0.00    0.00   clock network delay (ideal)
                          2.00    2.00 v input external delay
     1    0.00    0.02    0.01    2.01 v A[6] (in)
                                         A[6] (net)
                  0.02    0.00    2.01 v input7/A (sky130_fd_sc_hd__buf_2)
     5    0.05    0.21    0.34    2.35 v input7/X (sky130_fd_sc_hd__buf_2)
                                         net7 (net)
                  0.21    0.00    2.35 v _289_/A1 (sky130_fd_sc_hd__o211ai_2)
     1    0.02    0.23    0.52    2.87 ^ _289_/Y (sky130_fd_sc_hd__o211ai_2)
                                         _046_ (net)
                  0.23    0.00    2.87 ^ _290_/B1 (sky130_fd_sc_hd__a31o_1)
     1    0.01    0.13    0.27    3.14 ^ _290_/X (sky130_fd_sc_hd__a31o_1)
                                         _047_ (net)
                  0.13    0.00    3.14 ^ _291_/B1 (sky130_fd_sc_hd__a21o_1)
     1    0.02    0.30    0.33    3.47 ^ _291_/X (sky130_fd_sc_hd__a21o_1)
                                         net26 (net)
                  0.30    0.00    3.47 ^ output26/A (sky130_fd_sc_hd__buf_2)
     1    0.03    0.27    0.42    3.89 ^ output26/X (sky130_fd_sc_hd__buf_2)
                                         out[6] (net)
                  0.27    0.00    3.89 ^ out[6] (out)
                                  3.89   data arrival time

                  0.00    0.00    0.00   clock __VIRTUAL_CLK__ (rise edge)
                          0.00    0.00   clock network delay (ideal)
                          0.25    0.25   clock uncertainty
                          0.00    0.25   clock reconvergence pessimism
                         -2.00   -1.75   output external delay
                                 -1.75   data required time
-----------------------------------------------------------------------------
                                 -1.75   data required time
                                 -3.89   data arrival time
-----------------------------------------------------------------------------
                                  5.64   slack (MET)


Startpoint: B[4] (input port clocked by __VIRTUAL_CLK__)
Endpoint: out[4] (output port clocked by __VIRTUAL_CLK__)
Path Group: __VIRTUAL_CLK__
Path Type: min
Corner: Slowest

Fanout     Cap    Slew   Delay    Time   Description
-----------------------------------------------------------------------------
                  0.00    0.00    0.00   clock __VIRTUAL_CLK__ (rise edge)
                          0.00    0.00   clock network delay (ideal)
                          2.00    2.00 ^ input external delay
     1    0.00    0.03    0.02    2.02 ^ B[4] (in)
                                         B[4] (net)
                  0.03    0.00    2.02 ^ input13/A (sky130_fd_sc_hd__clkbuf_4)
     6    0.05    0.27    0.35    2.37 ^ input13/X (sky130_fd_sc_hd__clkbuf_4)
                                         net13 (net)
                  0.27    0.01    2.38 ^ _341_/A1 (sky130_fd_sc_hd__a31o_1)
     1    0.01    0.20    0.42    2.80 ^ _341_/X (sky130_fd_sc_hd__a31o_1)
                                         _092_ (net)
                  0.20    0.00    2.80 ^ _346_/B (sky130_fd_sc_hd__or3_1)
     1    0.01    0.23    0.33    3.13 ^ _346_/X (sky130_fd_sc_hd__or3_1)
                                         _097_ (net)
                  0.23    0.00    3.13 ^ _347_/A (sky130_fd_sc_hd__buf_1)
     1    0.02    0.30    0.36    3.49 ^ _347_/X (sky130_fd_sc_hd__buf_1)
                                         net24 (net)
                  0.30    0.00    3.49 ^ output24/A (sky130_fd_sc_hd__buf_2)
     1    0.03    0.28    0.42    3.92 ^ output24/X (sky130_fd_sc_hd__buf_2)
                                         out[4] (net)
                  0.28    0.00    3.92 ^ out[4] (out)
                                  3.92   data arrival time

                  0.00    0.00    0.00   clock __VIRTUAL_CLK__ (rise edge)
                          0.00    0.00   clock network delay (ideal)
                          0.25    0.25   clock uncertainty
                          0.00    0.25   clock reconvergence pessimism
                         -2.00   -1.75   output external delay
                                 -1.75   data required time
-----------------------------------------------------------------------------
                                 -1.75   data required time
                                 -3.92   data arrival time
-----------------------------------------------------------------------------
                                  5.67   slack (MET)


Startpoint: opcode[2] (input port clocked by __VIRTUAL_CLK__)
Endpoint: out[3] (output port clocked by __VIRTUAL_CLK__)
Path Group: __VIRTUAL_CLK__
Path Type: min
Corner: Slowest

Fanout     Cap    Slew   Delay    Time   Description
-----------------------------------------------------------------------------
                  0.00    0.00    0.00   clock __VIRTUAL_CLK__ (rise edge)
                          0.00    0.00   clock network delay (ideal)
                          2.00    2.00 v input external delay
     1    0.00    0.02    0.01    2.01 v opcode[2] (in)
                                         opcode[2] (net)
                  0.02    0.00    2.01 v input19/A (sky130_fd_sc_hd__clkbuf_4)
     6    0.06    0.22    0.34    2.35 v input19/X (sky130_fd_sc_hd__clkbuf_4)
                                         net19 (net)
                  0.22    0.01    2.36 v _170_/A (sky130_fd_sc_hd__inv_2)
     2    0.03    0.20    0.24    2.60 ^ _170_/Y (sky130_fd_sc_hd__inv_2)
                                         _098_ (net)
                  0.20    0.00    2.61 ^ _172_/A (sky130_fd_sc_hd__nor2_4)
     8    0.06    0.15    0.20    2.81 v _172_/Y (sky130_fd_sc_hd__nor2_4)
                                         _100_ (net)
                  0.15    0.00    2.81 v _335_/B2 (sky130_fd_sc_hd__a221o_1)
     1    0.02    0.21    0.73    3.54 v _335_/X (sky130_fd_sc_hd__a221o_1)
                                         net23 (net)
                  0.21    0.00    3.54 v output23/A (sky130_fd_sc_hd__buf_2)
     1    0.03    0.17    0.39    3.93 v output23/X (sky130_fd_sc_hd__buf_2)
                                         out[3] (net)
                  0.17    0.00    3.93 v out[3] (out)
                                  3.93   data arrival time

                  0.00    0.00    0.00   clock __VIRTUAL_CLK__ (rise edge)
                          0.00    0.00   clock network delay (ideal)
                          0.25    0.25   clock uncertainty
                          0.00    0.25   clock reconvergence pessimism
                         -2.00   -1.75   output external delay
                                 -1.75   data required time
-----------------------------------------------------------------------------
                                 -1.75   data required time
                                 -3.93   data arrival time
-----------------------------------------------------------------------------
                                  5.68   slack (MET)


Startpoint: opcode[2] (input port clocked by __VIRTUAL_CLK__)
Endpoint: out[7] (output port clocked by __VIRTUAL_CLK__)
Path Group: __VIRTUAL_CLK__
Path Type: min
Corner: Slowest

Fanout     Cap    Slew   Delay    Time   Description
-----------------------------------------------------------------------------
                  0.00    0.00    0.00   clock __VIRTUAL_CLK__ (rise edge)
                          0.00    0.00   clock network delay (ideal)
                          2.00    2.00 v input external delay
     1    0.00    0.02    0.01    2.01 v opcode[2] (in)
                                         opcode[2] (net)
                  0.02    0.00    2.01 v input19/A (sky130_fd_sc_hd__clkbuf_4)
     6    0.06    0.22    0.34    2.35 v input19/X (sky130_fd_sc_hd__clkbuf_4)
                                         net19 (net)
                  0.22    0.00    2.36 v _265_/A (sky130_fd_sc_hd__and3_2)
     7    0.05    0.26    0.60    2.96 v _265_/X (sky130_fd_sc_hd__and3_2)
                                         _023_ (net)
                  0.26    0.01    2.97 v _302_/A1 (sky130_fd_sc_hd__a31o_1)
     2    0.03    0.29    0.58    3.55 v _302_/X (sky130_fd_sc_hd__a31o_1)
                                         net27 (net)
                  0.29    0.00    3.55 v output27/A (sky130_fd_sc_hd__buf_2)
     1    0.04    0.17    0.43    3.98 v output27/X (sky130_fd_sc_hd__buf_2)
                                         out[7] (net)
                  0.17    0.00    3.98 v out[7] (out)
                                  3.98   data arrival time

                  0.00    0.00    0.00   clock __VIRTUAL_CLK__ (rise edge)
                          0.00    0.00   clock network delay (ideal)
                          0.25    0.25   clock uncertainty
                          0.00    0.25   clock reconvergence pessimism
                         -2.00   -1.75   output external delay
                                 -1.75   data required time
-----------------------------------------------------------------------------
                                 -1.75   data required time
                                 -3.98   data arrival time
-----------------------------------------------------------------------------
                                  5.73   slack (MET)


Startpoint: B[1] (input port clocked by __VIRTUAL_CLK__)
Endpoint: out[1] (output port clocked by __VIRTUAL_CLK__)
Path Group: __VIRTUAL_CLK__
Path Type: min
Corner: Slowest

Fanout     Cap    Slew   Delay    Time   Description
-----------------------------------------------------------------------------
                  0.00    0.00    0.00   clock __VIRTUAL_CLK__ (rise edge)
                          0.00    0.00   clock network delay (ideal)
                          2.00    2.00 ^ input external delay
     1    0.00    0.03    0.02    2.02 ^ B[1] (in)
                                         B[1] (net)
                  0.03    0.00    2.02 ^ input10/A (sky130_fd_sc_hd__clkbuf_2)
     5    0.04    0.33    0.34    2.36 ^ input10/X (sky130_fd_sc_hd__clkbuf_2)
                                         net10 (net)
                  0.33    0.01    2.37 ^ _175_/A (sky130_fd_sc_hd__buf_4)
    10    0.08    0.37    0.51    2.88 ^ _175_/X (sky130_fd_sc_hd__buf_4)
                                         _103_ (net)
                  0.37    0.01    2.89 ^ _309_/A2 (sky130_fd_sc_hd__o22a_1)
     1    0.00    0.07    0.33    3.22 ^ _309_/X (sky130_fd_sc_hd__o22a_1)
                                         _063_ (net)
                  0.07    0.00    3.22 ^ _317_/A (sky130_fd_sc_hd__or4b_1)
     1    0.01    0.17    0.25    3.47 ^ _317_/X (sky130_fd_sc_hd__or4b_1)
                                         _071_ (net)
                  0.17    0.00    3.47 ^ _318_/A (sky130_fd_sc_hd__buf_1)
     2    0.02    0.40    0.41    3.87 ^ _318_/X (sky130_fd_sc_hd__buf_1)
                                         net21 (net)
                  0.40    0.00    3.88 ^ output21/A (sky130_fd_sc_hd__buf_2)
     1    0.03    0.27    0.46    4.34 ^ output21/X (sky130_fd_sc_hd__buf_2)
                                         out[1] (net)
                  0.27    0.00    4.34 ^ out[1] (out)
                                  4.34   data arrival time

                  0.00    0.00    0.00   clock __VIRTUAL_CLK__ (rise edge)
                          0.00    0.00   clock network delay (ideal)
                          0.25    0.25   clock uncertainty
                          0.00    0.25   clock reconvergence pessimism
                         -2.00   -1.75   output external delay
                                 -1.75   data required time
-----------------------------------------------------------------------------
                                 -1.75   data required time
                                 -4.34   data arrival time
-----------------------------------------------------------------------------
                                  6.09   slack (MET)



worst slack corner Slowest: 5.4969
======================= Typical Corner ===================================

Startpoint: A[0] (input port clocked by __VIRTUAL_CLK__)
Endpoint: out[0] (output port clocked by __VIRTUAL_CLK__)
Path Group: __VIRTUAL_CLK__
Path Type: min
Corner: Typical

Fanout     Cap    Slew   Delay    Time   Description
-----------------------------------------------------------------------------
                  0.00    0.00    0.00   clock __VIRTUAL_CLK__ (rise edge)
                          0.00    0.00   clock network delay (ideal)
                          2.00    2.00 v input external delay
     1    0.00    0.01    0.01    2.01 v A[0] (in)
                                         A[0] (net)
                  0.01    0.00    2.01 v input1/A (sky130_fd_sc_hd__buf_1)
     2    0.02    0.12    0.14    2.15 v input1/X (sky130_fd_sc_hd__buf_1)
                                         net1 (net)
                  0.12    0.00    2.15 v _190_/A (sky130_fd_sc_hd__clkbuf_4)
    10    0.07    0.14    0.25    2.40 v _190_/X (sky130_fd_sc_hd__clkbuf_4)
                                         _118_ (net)
                  0.14    0.00    2.40 v _307_/A2 (sky130_fd_sc_hd__a31o_1)
     2    0.03    0.13    0.32    2.72 v _307_/X (sky130_fd_sc_hd__a31o_1)
                                         net20 (net)
                  0.13    0.00    2.72 v output20/A (sky130_fd_sc_hd__buf_2)
     1    0.03    0.09    0.21    2.93 v output20/X (sky130_fd_sc_hd__buf_2)
                                         out[0] (net)
                  0.09    0.00    2.93 v out[0] (out)
                                  2.93   data arrival time

                  0.00    0.00    0.00   clock __VIRTUAL_CLK__ (rise edge)
                          0.00    0.00   clock network delay (ideal)
                          0.25    0.25   clock uncertainty
                          0.00    0.25   clock reconvergence pessimism
                         -2.00   -1.75   output external delay
                                 -1.75   data required time
-----------------------------------------------------------------------------
                                 -1.75   data required time
                                 -2.93   data arrival time
-----------------------------------------------------------------------------
                                  4.68   slack (MET)


Startpoint: B[5] (input port clocked by __VIRTUAL_CLK__)
Endpoint: out[5] (output port clocked by __VIRTUAL_CLK__)
Path Group: __VIRTUAL_CLK__
Path Type: min
Corner: Typical

Fanout     Cap    Slew   Delay    Time   Description
-----------------------------------------------------------------------------
                  0.00    0.00    0.00   clock __VIRTUAL_CLK__ (rise edge)
                          0.00    0.00   clock network delay (ideal)
                          2.00    2.00 ^ input external delay
     1    0.00    0.02    0.01    2.01 ^ B[5] (in)
                                         B[5] (net)
                  0.02    0.00    2.01 ^ input14/A (sky130_fd_sc_hd__buf_2)
     5    0.05    0.24    0.23    2.23 ^ input14/X (sky130_fd_sc_hd__buf_2)
                                         net14 (net)
                  0.24    0.01    2.24 ^ _233_/A1 (sky130_fd_sc_hd__a311o_1)
     1    0.02    0.18    0.29    2.53 ^ _233_/X (sky130_fd_sc_hd__a311o_1)
                                         _161_ (net)
                  0.18    0.00    2.53 ^ _267_/B1 (sky130_fd_sc_hd__a211o_1)
     1    0.02    0.16    0.21    2.74 ^ _267_/X (sky130_fd_sc_hd__a211o_1)
                                         net25 (net)
                  0.16    0.00    2.74 ^ output25/A (sky130_fd_sc_hd__buf_2)
     1    0.03    0.17    0.23    2.96 ^ output25/X (sky130_fd_sc_hd__buf_2)
                                         out[5] (net)
                  0.17    0.00    2.97 ^ out[5] (out)
                                  2.97   data arrival time

                  0.00    0.00    0.00   clock __VIRTUAL_CLK__ (rise edge)
                          0.00    0.00   clock network delay (ideal)
                          0.25    0.25   clock uncertainty
                          0.00    0.25   clock reconvergence pessimism
                         -2.00   -1.75   output external delay
                                 -1.75   data required time
-----------------------------------------------------------------------------
                                 -1.75   data required time
                                 -2.97   data arrival time
-----------------------------------------------------------------------------
                                  4.72   slack (MET)


Startpoint: opcode[2] (input port clocked by __VIRTUAL_CLK__)
Endpoint: out[2] (output port clocked by __VIRTUAL_CLK__)
Path Group: __VIRTUAL_CLK__
Path Type: min
Corner: Typical

Fanout     Cap    Slew   Delay    Time   Description
-----------------------------------------------------------------------------
                  0.00    0.00    0.00   clock __VIRTUAL_CLK__ (rise edge)
                          0.00    0.00   clock network delay (ideal)
                          2.00    2.00 v input external delay
     1    0.00    0.01    0.00    2.00 v opcode[2] (in)
                                         opcode[2] (net)
                  0.01    0.00    2.00 v input19/A (sky130_fd_sc_hd__clkbuf_4)
     6    0.06    0.12    0.19    2.20 v input19/X (sky130_fd_sc_hd__clkbuf_4)
                                         net19 (net)
                  0.12    0.00    2.20 v _265_/A (sky130_fd_sc_hd__and3_2)
     7    0.05    0.14    0.29    2.49 v _265_/X (sky130_fd_sc_hd__and3_2)
                                         _023_ (net)
                  0.14    0.01    2.50 v _326_/A2 (sky130_fd_sc_hd__a31o_1)
     1    0.02    0.10    0.29    2.79 v _326_/X (sky130_fd_sc_hd__a31o_1)
                                         net22 (net)
                  0.10    0.00    2.79 v output22/A (sky130_fd_sc_hd__buf_2)
     1    0.03    0.09    0.19    2.98 v output22/X (sky130_fd_sc_hd__buf_2)
                                         out[2] (net)
                  0.09    0.00    2.99 v out[2] (out)
                                  2.99   data arrival time

                  0.00    0.00    0.00   clock __VIRTUAL_CLK__ (rise edge)
                          0.00    0.00   clock network delay (ideal)
                          0.25    0.25   clock uncertainty
                          0.00    0.25   clock reconvergence pessimism
                         -2.00   -1.75   output external delay
                                 -1.75   data required time
-----------------------------------------------------------------------------
                                 -1.75   data required time
                                 -2.99   data arrival time
-----------------------------------------------------------------------------
                                  4.74   slack (MET)


Startpoint: opcode[2] (input port clocked by __VIRTUAL_CLK__)
Endpoint: out[7] (output port clocked by __VIRTUAL_CLK__)
Path Group: __VIRTUAL_CLK__
Path Type: min
Corner: Typical

Fanout     Cap    Slew   Delay    Time   Description
-----------------------------------------------------------------------------
                  0.00    0.00    0.00   clock __VIRTUAL_CLK__ (rise edge)
                          0.00    0.00   clock network delay (ideal)
                          2.00    2.00 v input external delay
     1    0.00    0.01    0.00    2.00 v opcode[2] (in)
                                         opcode[2] (net)
                  0.01    0.00    2.00 v input19/A (sky130_fd_sc_hd__clkbuf_4)
     6    0.06    0.12    0.19    2.20 v input19/X (sky130_fd_sc_hd__clkbuf_4)
                                         net19 (net)
                  0.12    0.00    2.20 v _265_/A (sky130_fd_sc_hd__and3_2)
     7    0.05    0.14    0.29    2.49 v _265_/X (sky130_fd_sc_hd__and3_2)
                                         _023_ (net)
                  0.14    0.01    2.50 v _302_/A1 (sky130_fd_sc_hd__a31o_1)
     2    0.03    0.16    0.30    2.80 v _302_/X (sky130_fd_sc_hd__a31o_1)
                                         net27 (net)
                  0.16    0.00    2.81 v output27/A (sky130_fd_sc_hd__buf_2)
     1    0.04    0.09    0.22    3.03 v output27/X (sky130_fd_sc_hd__buf_2)
                                         out[7] (net)
                  0.09    0.00    3.03 v out[7] (out)
                                  3.03   data arrival time

                  0.00    0.00    0.00   clock __VIRTUAL_CLK__ (rise edge)
                          0.00    0.00   clock network delay (ideal)
                          0.25    0.25   clock uncertainty
                          0.00    0.25   clock reconvergence pessimism
                         -2.00   -1.75   output external delay
                                 -1.75   data required time
-----------------------------------------------------------------------------
                                 -1.75   data required time
                                 -3.03   data arrival time
-----------------------------------------------------------------------------
                                  4.78   slack (MET)


Startpoint: A[4] (input port clocked by __VIRTUAL_CLK__)
Endpoint: out[6] (output port clocked by __VIRTUAL_CLK__)
Path Group: __VIRTUAL_CLK__
Path Type: min
Corner: Typical

Fanout     Cap    Slew   Delay    Time   Description
-----------------------------------------------------------------------------
                  0.00    0.00    0.00   clock __VIRTUAL_CLK__ (rise edge)
                          0.00    0.00   clock network delay (ideal)
                          2.00    2.00 v input external delay
     1    0.00    0.01    0.00    2.00 v A[4] (in)
                                         A[4] (net)
                  0.01    0.00    2.00 v input5/A (sky130_fd_sc_hd__buf_2)
     6    0.06    0.14    0.19    2.19 v input5/X (sky130_fd_sc_hd__buf_2)
                                         net5 (net)
                  0.14    0.01    2.20 v _238_/A (sky130_fd_sc_hd__nand2_4)
     5    0.05    0.14    0.16    2.37 ^ _238_/Y (sky130_fd_sc_hd__nand2_4)
                                         _166_ (net)
                  0.14    0.00    2.37 ^ _274_/A2 (sky130_fd_sc_hd__a31o_1)
     1    0.00    0.05    0.16    2.53 ^ _274_/X (sky130_fd_sc_hd__a31o_1)
                                         _031_ (net)
                  0.05    0.00    2.53 ^ _275_/B (sky130_fd_sc_hd__nand2_1)
     1    0.01    0.08    0.09    2.61 v _275_/Y (sky130_fd_sc_hd__nand2_1)
                                         _032_ (net)
                  0.08    0.00    2.61 v _291_/A1 (sky130_fd_sc_hd__a21o_1)
     1    0.02    0.11    0.23    2.84 v _291_/X (sky130_fd_sc_hd__a21o_1)
                                         net26 (net)
                  0.11    0.00    2.84 v output26/A (sky130_fd_sc_hd__buf_2)
     1    0.03    0.09    0.20    3.04 v output26/X (sky130_fd_sc_hd__buf_2)
                                         out[6] (net)
                  0.09    0.00    3.04 v out[6] (out)
                                  3.04   data arrival time

                  0.00    0.00    0.00   clock __VIRTUAL_CLK__ (rise edge)
                          0.00    0.00   clock network delay (ideal)
                          0.25    0.25   clock uncertainty
                          0.00    0.25   clock reconvergence pessimism
                         -2.00   -1.75   output external delay
                                 -1.75   data required time
-----------------------------------------------------------------------------
                                 -1.75   data required time
                                 -3.04   data arrival time
-----------------------------------------------------------------------------
                                  4.79   slack (MET)


Startpoint: B[4] (input port clocked by __VIRTUAL_CLK__)
Endpoint: out[4] (output port clocked by __VIRTUAL_CLK__)
Path Group: __VIRTUAL_CLK__
Path Type: min
Corner: Typical

Fanout     Cap    Slew   Delay    Time   Description
-----------------------------------------------------------------------------
                  0.00    0.00    0.00   clock __VIRTUAL_CLK__ (rise edge)
                          0.00    0.00   clock network delay (ideal)
                          2.00    2.00 ^ input external delay
     1    0.00    0.02    0.01    2.01 ^ B[4] (in)
                                         B[4] (net)
                  0.02    0.00    2.01 ^ input13/A (sky130_fd_sc_hd__clkbuf_4)
     6    0.05    0.17    0.20    2.21 ^ input13/X (sky130_fd_sc_hd__clkbuf_4)
                                         net13 (net)
                  0.17    0.01    2.22 ^ _341_/A1 (sky130_fd_sc_hd__a31o_1)
     1    0.01    0.12    0.21    2.43 ^ _341_/X (sky130_fd_sc_hd__a31o_1)
                                         _092_ (net)
                  0.12    0.00    2.43 ^ _346_/B (sky130_fd_sc_hd__or3_1)
     1    0.02    0.14    0.19    2.62 ^ _346_/X (sky130_fd_sc_hd__or3_1)
                                         _097_ (net)
                  0.14    0.00    2.62 ^ _347_/A (sky130_fd_sc_hd__buf_1)
     1    0.02    0.19    0.19    2.81 ^ _347_/X (sky130_fd_sc_hd__buf_1)
                                         net24 (net)
                  0.19    0.00    2.81 ^ output24/A (sky130_fd_sc_hd__buf_2)
     1    0.03    0.17    0.23    3.05 ^ output24/X (sky130_fd_sc_hd__buf_2)
                                         out[4] (net)
                  0.17    0.00    3.05 ^ out[4] (out)
                                  3.05   data arrival time

                  0.00    0.00    0.00   clock __VIRTUAL_CLK__ (rise edge)
                          0.00    0.00   clock network delay (ideal)
                          0.25    0.25   clock uncertainty
                          0.00    0.25   clock reconvergence pessimism
                         -2.00   -1.75   output external delay
                                 -1.75   data required time
-----------------------------------------------------------------------------
                                 -1.75   data required time
                                 -3.05   data arrival time
-----------------------------------------------------------------------------
                                  4.80   slack (MET)


Startpoint: opcode[2] (input port clocked by __VIRTUAL_CLK__)
Endpoint: out[3] (output port clocked by __VIRTUAL_CLK__)
Path Group: __VIRTUAL_CLK__
Path Type: min
Corner: Typical

Fanout     Cap    Slew   Delay    Time   Description
-----------------------------------------------------------------------------
                  0.00    0.00    0.00   clock __VIRTUAL_CLK__ (rise edge)
                          0.00    0.00   clock network delay (ideal)
                          2.00    2.00 v input external delay
     1    0.00    0.01    0.00    2.00 v opcode[2] (in)
                                         opcode[2] (net)
                  0.01    0.00    2.00 v input19/A (sky130_fd_sc_hd__clkbuf_4)
     6    0.06    0.12    0.19    2.20 v input19/X (sky130_fd_sc_hd__clkbuf_4)
                                         net19 (net)
                  0.12    0.01    2.20 v _170_/A (sky130_fd_sc_hd__inv_2)
     2    0.03    0.13    0.14    2.34 ^ _170_/Y (sky130_fd_sc_hd__inv_2)
                                         _098_ (net)
                  0.13    0.00    2.35 ^ _172_/A (sky130_fd_sc_hd__nor2_4)
     8    0.06    0.09    0.10    2.45 v _172_/Y (sky130_fd_sc_hd__nor2_4)
                                         _100_ (net)
                  0.09    0.00    2.45 v _335_/B2 (sky130_fd_sc_hd__a221o_1)
     1    0.02    0.12    0.39    2.84 v _335_/X (sky130_fd_sc_hd__a221o_1)
                                         net23 (net)
                  0.12    0.00    2.84 v output23/A (sky130_fd_sc_hd__buf_2)
     1    0.03    0.09    0.20    3.05 v output23/X (sky130_fd_sc_hd__buf_2)
                                         out[3] (net)
                  0.09    0.00    3.05 v out[3] (out)
                                  3.05   data arrival time

                  0.00    0.00    0.00   clock __VIRTUAL_CLK__ (rise edge)
                          0.00    0.00   clock network delay (ideal)
                          0.25    0.25   clock uncertainty
                          0.00    0.25   clock reconvergence pessimism
                         -2.00   -1.75   output external delay
                                 -1.75   data required time
-----------------------------------------------------------------------------
                                 -1.75   data required time
                                 -3.05   data arrival time
-----------------------------------------------------------------------------
                                  4.80   slack (MET)


Startpoint: B[1] (input port clocked by __VIRTUAL_CLK__)
Endpoint: out[1] (output port clocked by __VIRTUAL_CLK__)
Path Group: __VIRTUAL_CLK__
Path Type: min
Corner: Typical

Fanout     Cap    Slew   Delay    Time   Description
-----------------------------------------------------------------------------
                  0.00    0.00    0.00   clock __VIRTUAL_CLK__ (rise edge)
                          0.00    0.00   clock network delay (ideal)
                          2.00    2.00 ^ input external delay
     1    0.00    0.02    0.01    2.01 ^ B[1] (in)
                                         B[1] (net)
                  0.02    0.00    2.01 ^ input10/A (sky130_fd_sc_hd__clkbuf_2)
     5    0.04    0.21    0.20    2.21 ^ input10/X (sky130_fd_sc_hd__clkbuf_2)
                                         net10 (net)
                  0.21    0.01    2.22 ^ _175_/A (sky130_fd_sc_hd__buf_4)
    10    0.08    0.23    0.28    2.50 ^ _175_/X (sky130_fd_sc_hd__buf_4)
                                         _103_ (net)
                  0.24    0.01    2.51 ^ _309_/A2 (sky130_fd_sc_hd__o22a_1)
     1    0.00    0.04    0.16    2.67 ^ _309_/X (sky130_fd_sc_hd__o22a_1)
                                         _063_ (net)
                  0.04    0.00    2.67 ^ _317_/A (sky130_fd_sc_hd__or4b_1)
     1    0.01    0.11    0.14    2.81 ^ _317_/X (sky130_fd_sc_hd__or4b_1)
                                         _071_ (net)
                  0.11    0.00    2.81 ^ _318_/A (sky130_fd_sc_hd__buf_1)
     2    0.02    0.25    0.23    3.04 ^ _318_/X (sky130_fd_sc_hd__buf_1)
                                         net21 (net)
                  0.25    0.00    3.04 ^ output21/A (sky130_fd_sc_hd__buf_2)
     1    0.03    0.17    0.25    3.29 ^ output21/X (sky130_fd_sc_hd__buf_2)
                                         out[1] (net)
                  0.17    0.00    3.29 ^ out[1] (out)
                                  3.29   data arrival time

                  0.00    0.00    0.00   clock __VIRTUAL_CLK__ (rise edge)
                          0.00    0.00   clock network delay (ideal)
                          0.25    0.25   clock uncertainty
                          0.00    0.25   clock reconvergence pessimism
                         -2.00   -1.75   output external delay
                                 -1.75   data required time
-----------------------------------------------------------------------------
                                 -1.75   data required time
                                 -3.29   data arrival time
-----------------------------------------------------------------------------
                                  5.04   slack (MET)



worst slack corner Typical: 4.6824
