
===========================================================================
 report_power
============================================================================
======================= Fastest Corner ===================================

Group                  Internal  Switching    Leakage      Total
                          Power      Power      Power      Power (Watts)
----------------------------------------------------------------
Sequential             0.00e+00   0.00e+00   0.00e+00   0.00e+00   0.0%
Combinational          5.33e-05   1.55e-04   1.85e-09   2.09e-04 100.0%
Clock                 -1.96e-10   0.00e+00   7.69e-10   5.73e-10   0.0%
Macro                  0.00e+00   0.00e+00   0.00e+00   0.00e+00   0.0%
Pad                    0.00e+00   0.00e+00   0.00e+00   0.00e+00   0.0%
----------------------------------------------------------------
Total                  5.33e-05   1.55e-04   2.62e-09   2.09e-04 100.0%
                          25.6%      74.4%       0.0%

======================= Slowest Corner ===================================

Group                  Internal  Switching    Leakage      Total
                          Power      Power      Power      Power (Watts)
----------------------------------------------------------------
Sequential             0.00e+00   0.00e+00   0.00e+00   0.00e+00   0.0%
Combinational          3.81e-05   1.04e-04   1.04e-06   1.43e-04 100.0%
Clock                 -8.04e-11   0.00e+00   7.72e-10   6.92e-10   0.0%
Macro                  0.00e+00   0.00e+00   0.00e+00   0.00e+00   0.0%
Pad                    0.00e+00   0.00e+00   0.00e+00   0.00e+00   0.0%
----------------------------------------------------------------
Total                  3.81e-05   1.04e-04   1.04e-06   1.43e-04 100.0%
                          26.6%      72.7%       0.7%

======================= Typical Corner ===================================

Group                  Internal  Switching    Leakage      Total
                          Power      Power      Power      Power (Watts)
----------------------------------------------------------------
Sequential             0.00e+00   0.00e+00   0.00e+00   0.00e+00   0.0%
Combinational          4.85e-05   1.32e-04   8.06e-10   1.81e-04 100.0%
Clock                 -4.86e-11   0.00e+00   7.69e-10   7.20e-10   0.0%
Macro                  0.00e+00   0.00e+00   0.00e+00   0.00e+00   0.0%
Pad                    0.00e+00   0.00e+00   0.00e+00   0.00e+00   0.0%
----------------------------------------------------------------
Total                  4.85e-05   1.32e-04   1.57e-09   1.81e-04 100.0%
                          26.9%      73.1%       0.0%

