
===========================================================================
report_checks -unconstrained
===========================================================================
======================= Fastest Corner ===================================

Startpoint: B[0] (input port clocked by __VIRTUAL_CLK__)
Endpoint: out[5] (output port clocked by __VIRTUAL_CLK__)
Path Group: __VIRTUAL_CLK__
Path Type: max
Corner: Fastest

Fanout     Cap    Slew   Delay    Time   Description
-----------------------------------------------------------------------------
                  0.00    0.00    0.00   clock __VIRTUAL_CLK__ (rise edge)
                          0.00    0.00   clock network delay (ideal)
                          2.00    2.00 ^ input external delay
     1    0.00    0.02    0.01    2.01 ^ B[0] (in)
                                         B[0] (net)
                  0.02    0.00    2.01 ^ input9/A (sky130_fd_sc_hd__clkbuf_2)
     4    0.05    0.19    0.18    2.19 ^ input9/X (sky130_fd_sc_hd__clkbuf_2)
                                         net9 (net)
                  0.19    0.00    2.19 ^ _184_/A (sky130_fd_sc_hd__clkbuf_4)
    10    0.08    0.18    0.23    2.42 ^ _184_/X (sky130_fd_sc_hd__clkbuf_4)
                                         _112_ (net)
                  0.18    0.01    2.44 ^ _185_/B2 (sky130_fd_sc_hd__a22oi_4)
     3    0.03    0.08    0.07    2.50 v _185_/Y (sky130_fd_sc_hd__a22oi_4)
                                         _113_ (net)
                  0.08    0.00    2.51 v _192_/C (sky130_fd_sc_hd__or3_1)
     2    0.03    0.12    0.28    2.79 v _192_/X (sky130_fd_sc_hd__or3_1)
                                         _120_ (net)
                  0.12    0.00    2.79 v _197_/A1 (sky130_fd_sc_hd__a21o_1)
     2    0.02    0.07    0.18    2.97 v _197_/X (sky130_fd_sc_hd__a21o_1)
                                         _125_ (net)
                  0.07    0.00    2.97 v _199_/A3 (sky130_fd_sc_hd__a31o_2)
     2    0.03    0.08    0.23    3.20 v _199_/X (sky130_fd_sc_hd__a31o_2)
                                         _127_ (net)
                  0.08    0.00    3.21 v _201_/B (sky130_fd_sc_hd__xor2_2)
     2    0.03    0.30    0.27    3.48 ^ _201_/X (sky130_fd_sc_hd__xor2_2)
                                         _129_ (net)
                  0.30    0.00    3.48 ^ _210_/A (sky130_fd_sc_hd__nand3_2)
     3    0.03    0.17    0.16    3.64 v _210_/Y (sky130_fd_sc_hd__nand3_2)
                                         _138_ (net)
                  0.17    0.00    3.65 v _219_/A2 (sky130_fd_sc_hd__a21oi_1)
     1    0.02    0.25    0.28    3.93 ^ _219_/Y (sky130_fd_sc_hd__a21oi_1)
                                         _147_ (net)
                  0.25    0.00    3.93 ^ _221_/A (sky130_fd_sc_hd__nor2_1)
     1    0.02    0.12    0.13    4.06 v _221_/Y (sky130_fd_sc_hd__nor2_1)
                                         _149_ (net)
                  0.12    0.00    4.06 v _267_/A2 (sky130_fd_sc_hd__a211o_1)
     1    0.02    0.08    0.27    4.33 v _267_/X (sky130_fd_sc_hd__a211o_1)
                                         net25 (net)
                  0.08    0.00    4.33 v output25/A (sky130_fd_sc_hd__buf_2)
     1    0.03    0.06    0.14    4.48 v output25/X (sky130_fd_sc_hd__buf_2)
                                         out[5] (net)
                  0.06    0.00    4.48 v out[5] (out)
                                  4.48   data arrival time

                  0.00   10.00   10.00   clock __VIRTUAL_CLK__ (rise edge)
                          0.00   10.00   clock network delay (ideal)
                         -0.25    9.75   clock uncertainty
                          0.00    9.75   clock reconvergence pessimism
                         -2.00    7.75   output external delay
                                  7.75   data required time
-----------------------------------------------------------------------------
                                  7.75   data required time
                                 -4.48   data arrival time
-----------------------------------------------------------------------------
                                  3.27   slack (MET)



======================= Slowest Corner ===================================

Startpoint: opcode[0] (input port clocked by __VIRTUAL_CLK__)
Endpoint: out[4] (output port clocked by __VIRTUAL_CLK__)
Path Group: __VIRTUAL_CLK__
Path Type: max
Corner: Slowest

Fanout     Cap    Slew   Delay    Time   Description
-----------------------------------------------------------------------------
                  0.00    0.00    0.00   clock __VIRTUAL_CLK__ (rise edge)
                          0.00    0.00   clock network delay (ideal)
                          2.00    2.00 v input external delay
     1    0.00    0.02    0.01    2.01 v opcode[0] (in)
                                         opcode[0] (net)
                  0.02    0.00    2.01 v input17/A (sky130_fd_sc_hd__clkbuf_2)
     5    0.04    0.29    0.36    2.38 v input17/X (sky130_fd_sc_hd__clkbuf_2)
                                         net17 (net)
                  0.29    0.00    2.38 v _235_/A_N (sky130_fd_sc_hd__nand3b_4)
     4    0.03    0.24    0.50    2.88 v _235_/Y (sky130_fd_sc_hd__nand3b_4)
                                         _163_ (net)
                  0.24    0.00    2.88 v rebuffer1/A (sky130_fd_sc_hd__buf_6)
     6    0.03    0.08    0.34    3.23 v rebuffer1/X (sky130_fd_sc_hd__buf_6)
                                         net28 (net)
                  0.08    0.00    3.23 v _243_/A2 (sky130_fd_sc_hd__a21oi_1)
     2    0.02    0.72    0.67    3.90 ^ _243_/Y (sky130_fd_sc_hd__a21oi_1)
                                         _001_ (net)
                  0.72    0.00    3.91 ^ _244_/A2 (sky130_fd_sc_hd__o21a_2)
     4    0.03    0.27    0.63    4.54 ^ _244_/X (sky130_fd_sc_hd__o21a_2)
                                         _002_ (net)
                  0.27    0.00    4.54 ^ _247_/A_N (sky130_fd_sc_hd__and3b_2)
     3    0.03    0.17    0.64    5.18 v _247_/X (sky130_fd_sc_hd__and3b_2)
                                         _005_ (net)
                  0.17    0.00    5.18 v _250_/A2 (sky130_fd_sc_hd__o21ai_4)
     4    0.03    0.42    0.46    5.64 ^ _250_/Y (sky130_fd_sc_hd__o21ai_4)
                                         _008_ (net)
                  0.42    0.00    5.64 ^ _336_/A1 (sky130_fd_sc_hd__a31o_1)
     1    0.03    0.52    0.77    6.41 ^ _336_/X (sky130_fd_sc_hd__a31o_1)
                                         _087_ (net)
                  0.52    0.01    6.42 ^ _337_/B (sky130_fd_sc_hd__nand2_1)
     1    0.02    0.34    0.49    6.91 v _337_/Y (sky130_fd_sc_hd__nand2_1)
                                         _088_ (net)
                  0.34    0.00    6.91 v _338_/C (sky130_fd_sc_hd__and3_1)
     1    0.01    0.10    0.55    7.46 v _338_/X (sky130_fd_sc_hd__and3_1)
                                         _089_ (net)
                  0.10    0.00    7.46 v _346_/A (sky130_fd_sc_hd__or3_1)
     1    0.01    0.25    1.06    8.53 v _346_/X (sky130_fd_sc_hd__or3_1)
                                         _097_ (net)
                  0.25    0.00    8.53 v _347_/A (sky130_fd_sc_hd__buf_1)
     1    0.02    0.18    0.36    8.89 v _347_/X (sky130_fd_sc_hd__buf_1)
                                         net24 (net)
                  0.18    0.00    8.89 v output24/A (sky130_fd_sc_hd__buf_2)
     1    0.03    0.17    0.42    9.31 v output24/X (sky130_fd_sc_hd__buf_2)
                                         out[4] (net)
                  0.17    0.00    9.31 v out[4] (out)
                                  9.31   data arrival time

                  0.00   10.00   10.00   clock __VIRTUAL_CLK__ (rise edge)
                          0.00   10.00   clock network delay (ideal)
                         -0.25    9.75   clock uncertainty
                          0.00    9.75   clock reconvergence pessimism
                         -2.00    7.75   output external delay
                                  7.75   data required time
-----------------------------------------------------------------------------
                                  7.75   data required time
                                 -9.31   data arrival time
-----------------------------------------------------------------------------
                                 -1.56   slack (VIOLATED)



======================= Typical Corner ===================================

Startpoint: B[0] (input port clocked by __VIRTUAL_CLK__)
Endpoint: out[5] (output port clocked by __VIRTUAL_CLK__)
Path Group: __VIRTUAL_CLK__
Path Type: max
Corner: Typical

Fanout     Cap    Slew   Delay    Time   Description
-----------------------------------------------------------------------------
                  0.00    0.00    0.00   clock __VIRTUAL_CLK__ (rise edge)
                          0.00    0.00   clock network delay (ideal)
                          2.00    2.00 ^ input external delay
     1    0.00    0.02    0.01    2.01 ^ B[0] (in)
                                         B[0] (net)
                  0.02    0.00    2.01 ^ input9/A (sky130_fd_sc_hd__clkbuf_2)
     4    0.05    0.25    0.25    2.26 ^ input9/X (sky130_fd_sc_hd__clkbuf_2)
                                         net9 (net)
                  0.25    0.00    2.27 ^ _184_/A (sky130_fd_sc_hd__clkbuf_4)
    10    0.08    0.23    0.35    2.62 ^ _184_/X (sky130_fd_sc_hd__clkbuf_4)
                                         _112_ (net)
                  0.23    0.01    2.63 ^ _185_/B2 (sky130_fd_sc_hd__a22oi_4)
     3    0.03    0.11    0.12    2.76 v _185_/Y (sky130_fd_sc_hd__a22oi_4)
                                         _113_ (net)
                  0.11    0.00    2.76 v _192_/C (sky130_fd_sc_hd__or3_1)
     2    0.03    0.17    0.48    3.23 v _192_/X (sky130_fd_sc_hd__or3_1)
                                         _120_ (net)
                  0.17    0.00    3.24 v _197_/A1 (sky130_fd_sc_hd__a21o_1)
     2    0.02    0.10    0.27    3.51 v _197_/X (sky130_fd_sc_hd__a21o_1)
                                         _125_ (net)
                  0.10    0.00    3.51 v _199_/A3 (sky130_fd_sc_hd__a31o_2)
     2    0.03    0.10    0.36    3.87 v _199_/X (sky130_fd_sc_hd__a31o_2)
                                         _127_ (net)
                  0.10    0.00    3.87 v _201_/B (sky130_fd_sc_hd__xor2_2)
     2    0.03    0.40    0.37    4.24 ^ _201_/X (sky130_fd_sc_hd__xor2_2)
                                         _129_ (net)
                  0.40    0.00    4.25 ^ _210_/A (sky130_fd_sc_hd__nand3_2)
     3    0.03    0.24    0.29    4.54 v _210_/Y (sky130_fd_sc_hd__nand3_2)
                                         _138_ (net)
                  0.24    0.00    4.54 v _219_/A2 (sky130_fd_sc_hd__a21oi_1)
     1    0.02    0.35    0.41    4.95 ^ _219_/Y (sky130_fd_sc_hd__a21oi_1)
                                         _147_ (net)
                  0.35    0.00    4.95 ^ _221_/A (sky130_fd_sc_hd__nor2_1)
     1    0.02    0.15    0.22    5.17 v _221_/Y (sky130_fd_sc_hd__nor2_1)
                                         _149_ (net)
                  0.15    0.00    5.17 v _267_/A2 (sky130_fd_sc_hd__a211o_1)
     1    0.02    0.11    0.42    5.59 v _267_/X (sky130_fd_sc_hd__a211o_1)
                                         net25 (net)
                  0.11    0.00    5.59 v output25/A (sky130_fd_sc_hd__buf_2)
     1    0.03    0.09    0.22    5.81 v output25/X (sky130_fd_sc_hd__buf_2)
                                         out[5] (net)
                  0.09    0.00    5.82 v out[5] (out)
                                  5.82   data arrival time

                  0.00   10.00   10.00   clock __VIRTUAL_CLK__ (rise edge)
                          0.00   10.00   clock network delay (ideal)
                         -0.25    9.75   clock uncertainty
                          0.00    9.75   clock reconvergence pessimism
                         -2.00    7.75   output external delay
                                  7.75   data required time
-----------------------------------------------------------------------------
                                  7.75   data required time
                                 -5.82   data arrival time
-----------------------------------------------------------------------------
                                  1.93   slack (MET)




===========================================================================
report_checks --slack_max -0.01
============================================================================
======================= Fastest Corner ===================================

No paths found.

======================= Slowest Corner ===================================

Startpoint: opcode[0] (input port clocked by __VIRTUAL_CLK__)
Endpoint: out[4] (output port clocked by __VIRTUAL_CLK__)
Path Group: __VIRTUAL_CLK__
Path Type: max
Corner: Slowest

Fanout     Cap    Slew   Delay    Time   Description
-----------------------------------------------------------------------------
                  0.00    0.00    0.00   clock __VIRTUAL_CLK__ (rise edge)
                          0.00    0.00   clock network delay (ideal)
                          2.00    2.00 v input external delay
     1    0.00    0.02    0.01    2.01 v opcode[0] (in)
                                         opcode[0] (net)
                  0.02    0.00    2.01 v input17/A (sky130_fd_sc_hd__clkbuf_2)
     5    0.04    0.29    0.36    2.38 v input17/X (sky130_fd_sc_hd__clkbuf_2)
                                         net17 (net)
                  0.29    0.00    2.38 v _235_/A_N (sky130_fd_sc_hd__nand3b_4)
     4    0.03    0.24    0.50    2.88 v _235_/Y (sky130_fd_sc_hd__nand3b_4)
                                         _163_ (net)
                  0.24    0.00    2.88 v rebuffer1/A (sky130_fd_sc_hd__buf_6)
     6    0.03    0.08    0.34    3.23 v rebuffer1/X (sky130_fd_sc_hd__buf_6)
                                         net28 (net)
                  0.08    0.00    3.23 v _243_/A2 (sky130_fd_sc_hd__a21oi_1)
     2    0.02    0.72    0.67    3.90 ^ _243_/Y (sky130_fd_sc_hd__a21oi_1)
                                         _001_ (net)
                  0.72    0.00    3.91 ^ _244_/A2 (sky130_fd_sc_hd__o21a_2)
     4    0.03    0.27    0.63    4.54 ^ _244_/X (sky130_fd_sc_hd__o21a_2)
                                         _002_ (net)
                  0.27    0.00    4.54 ^ _247_/A_N (sky130_fd_sc_hd__and3b_2)
     3    0.03    0.17    0.64    5.18 v _247_/X (sky130_fd_sc_hd__and3b_2)
                                         _005_ (net)
                  0.17    0.00    5.18 v _250_/A2 (sky130_fd_sc_hd__o21ai_4)
     4    0.03    0.42    0.46    5.64 ^ _250_/Y (sky130_fd_sc_hd__o21ai_4)
                                         _008_ (net)
                  0.42    0.00    5.64 ^ _336_/A1 (sky130_fd_sc_hd__a31o_1)
     1    0.03    0.52    0.77    6.41 ^ _336_/X (sky130_fd_sc_hd__a31o_1)
                                         _087_ (net)
                  0.52    0.01    6.42 ^ _337_/B (sky130_fd_sc_hd__nand2_1)
     1    0.02    0.34    0.49    6.91 v _337_/Y (sky130_fd_sc_hd__nand2_1)
                                         _088_ (net)
                  0.34    0.00    6.91 v _338_/C (sky130_fd_sc_hd__and3_1)
     1    0.01    0.10    0.55    7.46 v _338_/X (sky130_fd_sc_hd__and3_1)
                                         _089_ (net)
                  0.10    0.00    7.46 v _346_/A (sky130_fd_sc_hd__or3_1)
     1    0.01    0.25    1.06    8.53 v _346_/X (sky130_fd_sc_hd__or3_1)
                                         _097_ (net)
                  0.25    0.00    8.53 v _347_/A (sky130_fd_sc_hd__buf_1)
     1    0.02    0.18    0.36    8.89 v _347_/X (sky130_fd_sc_hd__buf_1)
                                         net24 (net)
                  0.18    0.00    8.89 v output24/A (sky130_fd_sc_hd__buf_2)
     1    0.03    0.17    0.42    9.31 v output24/X (sky130_fd_sc_hd__buf_2)
                                         out[4] (net)
                  0.17    0.00    9.31 v out[4] (out)
                                  9.31   data arrival time

                  0.00   10.00   10.00   clock __VIRTUAL_CLK__ (rise edge)
                          0.00   10.00   clock network delay (ideal)
                         -0.25    9.75   clock uncertainty
                          0.00    9.75   clock reconvergence pessimism
                         -2.00    7.75   output external delay
                                  7.75   data required time
-----------------------------------------------------------------------------
                                  7.75   data required time
                                 -9.31   data arrival time
-----------------------------------------------------------------------------
                                 -1.56   slack (VIOLATED)



======================= Typical Corner ===================================

No paths found.


===========================================================================
 report_check_types -max_slew -max_cap -max_fanout -violators
============================================================================
======================= Fastest Corner ===================================


max slew violations count Fastest: 0
max fanout violations count Fastest: 0
max cap violations count Fastest: 0
======================= Slowest Corner ===================================

max slew

Pin                                    Limit    Slew   Slack
------------------------------------------------------------
_218_/A                                 0.75    1.21   -0.46 (VIOLATED)
_282_/B1                                0.75    1.21   -0.46 (VIOLATED)
_216_/Y                                 0.75    1.21   -0.46 (VIOLATED)
_322_/B2                                0.75    1.02   -0.27 (VIOLATED)
_321_/Y                                 0.75    1.02   -0.27 (VIOLATED)
_217_/B1                                0.75    0.82   -0.07 (VIOLATED)
_216_/C                                 0.75    0.82   -0.07 (VIOLATED)
_215_/Y                                 0.75    0.82   -0.07 (VIOLATED)
_317_/C                                 0.75    0.81   -0.06 (VIOLATED)
_313_/Y                                 0.75    0.81   -0.06 (VIOLATED)
_238_/B                                 0.75    0.81   -0.06 (VIOLATED)
_255_/B                                 0.75    0.81   -0.06 (VIOLATED)
_237_/Y                                 0.75    0.81   -0.06 (VIOLATED)
_257_/B1                                0.75    0.79   -0.04 (VIOLATED)
_336_/B1                                0.75    0.79   -0.04 (VIOLATED)
_327_/A                                 0.75    0.79   -0.04 (VIOLATED)
_254_/Y                                 0.75    0.79   -0.04 (VIOLATED)
_282_/A2                                0.75    0.78   -0.03 (VIOLATED)
_218_/B_N                               0.75    0.78   -0.03 (VIOLATED)
_217_/Y                                 0.75    0.78   -0.03 (VIOLATED)
_309_/B1                                0.75    0.77   -0.02 (VIOLATED)
_322_/B1                                0.75    0.77   -0.02 (VIOLATED)
_340_/B                                 0.75    0.77   -0.02 (VIOLATED)
_298_/B1                                0.75    0.77   -0.02 (VIOLATED)
_232_/B1                                0.75    0.77   -0.02 (VIOLATED)
_332_/B1                                0.75    0.77   -0.02 (VIOLATED)
_228_/Y                                 0.75    0.77   -0.02 (VIOLATED)


max slew violations count Slowest: 27
max fanout violations count Slowest: 0
max cap violations count Slowest: 0
======================= Typical Corner ===================================


max slew violations count Typical: 0
max fanout violations count Typical: 0
max cap violations count Typical: 0

===========================================================================
report_parasitic_annotation -report_unannotated
============================================================================
Found 0 unannotated drivers.
Found 0 partially unannotated drivers.

===========================================================================
max slew violation count 27
max fanout violation count 0
max cap violation count 0
============================================================================

===========================================================================
check_setup -verbose -unconstrained_endpoints -multiple_clock -no_clock -no_input_delay -loops -generated_clocks
===========================================================================
