
===========================================================================
report_checks -path_delay max (Setup)
============================================================================
======================= Fastest Corner ===================================

Startpoint: B[0] (input port clocked by __VIRTUAL_CLK__)
Endpoint: out[5] (output port clocked by __VIRTUAL_CLK__)
Path Group: __VIRTUAL_CLK__
Path Type: max
Corner: Fastest

Fanout     Cap    Slew   Delay    Time   Description
-----------------------------------------------------------------------------
                  0.00    0.00    0.00   clock __VIRTUAL_CLK__ (rise edge)
                          0.00    0.00   clock network delay (ideal)
                          2.00    2.00 ^ input external delay
     1    0.00    0.02    0.01    2.01 ^ B[0] (in)
                                         B[0] (net)
                  0.02    0.00    2.01 ^ input9/A (sky130_fd_sc_hd__clkbuf_2)
     4    0.05    0.19    0.18    2.19 ^ input9/X (sky130_fd_sc_hd__clkbuf_2)
                                         net9 (net)
                  0.19    0.00    2.19 ^ _184_/A (sky130_fd_sc_hd__clkbuf_4)
    10    0.08    0.18    0.23    2.42 ^ _184_/X (sky130_fd_sc_hd__clkbuf_4)
                                         _112_ (net)
                  0.18    0.01    2.44 ^ _185_/B2 (sky130_fd_sc_hd__a22oi_4)
     3    0.03    0.08    0.07    2.50 v _185_/Y (sky130_fd_sc_hd__a22oi_4)
                                         _113_ (net)
                  0.08    0.00    2.51 v _192_/C (sky130_fd_sc_hd__or3_1)
     2    0.03    0.12    0.28    2.79 v _192_/X (sky130_fd_sc_hd__or3_1)
                                         _120_ (net)
                  0.12    0.00    2.79 v _197_/A1 (sky130_fd_sc_hd__a21o_1)
     2    0.02    0.07    0.18    2.97 v _197_/X (sky130_fd_sc_hd__a21o_1)
                                         _125_ (net)
                  0.07    0.00    2.97 v _199_/A3 (sky130_fd_sc_hd__a31o_2)
     2    0.03    0.08    0.23    3.20 v _199_/X (sky130_fd_sc_hd__a31o_2)
                                         _127_ (net)
                  0.08    0.00    3.21 v _201_/B (sky130_fd_sc_hd__xor2_2)
     2    0.03    0.30    0.27    3.48 ^ _201_/X (sky130_fd_sc_hd__xor2_2)
                                         _129_ (net)
                  0.30    0.00    3.48 ^ _210_/A (sky130_fd_sc_hd__nand3_2)
     3    0.03    0.17    0.16    3.64 v _210_/Y (sky130_fd_sc_hd__nand3_2)
                                         _138_ (net)
                  0.17    0.00    3.65 v _219_/A2 (sky130_fd_sc_hd__a21oi_1)
     1    0.02    0.25    0.28    3.93 ^ _219_/Y (sky130_fd_sc_hd__a21oi_1)
                                         _147_ (net)
                  0.25    0.00    3.93 ^ _221_/A (sky130_fd_sc_hd__nor2_1)
     1    0.02    0.12    0.13    4.06 v _221_/Y (sky130_fd_sc_hd__nor2_1)
                                         _149_ (net)
                  0.12    0.00    4.06 v _267_/A2 (sky130_fd_sc_hd__a211o_1)
     1    0.02    0.08    0.27    4.33 v _267_/X (sky130_fd_sc_hd__a211o_1)
                                         net25 (net)
                  0.08    0.00    4.33 v output25/A (sky130_fd_sc_hd__buf_2)
     1    0.03    0.06    0.14    4.48 v output25/X (sky130_fd_sc_hd__buf_2)
                                         out[5] (net)
                  0.06    0.00    4.48 v out[5] (out)
                                  4.48   data arrival time

                  0.00   10.00   10.00   clock __VIRTUAL_CLK__ (rise edge)
                          0.00   10.00   clock network delay (ideal)
                         -0.25    9.75   clock uncertainty
                          0.00    9.75   clock reconvergence pessimism
                         -2.00    7.75   output external delay
                                  7.75   data required time
-----------------------------------------------------------------------------
                                  7.75   data required time
                                 -4.48   data arrival time
-----------------------------------------------------------------------------
                                  3.27   slack (MET)


Startpoint: opcode[0] (input port clocked by __VIRTUAL_CLK__)
Endpoint: out[4] (output port clocked by __VIRTUAL_CLK__)
Path Group: __VIRTUAL_CLK__
Path Type: max
Corner: Fastest

Fanout     Cap    Slew   Delay    Time   Description
-----------------------------------------------------------------------------
                  0.00    0.00    0.00   clock __VIRTUAL_CLK__ (rise edge)
                          0.00    0.00   clock network delay (ideal)
                          2.00    2.00 v input external delay
     1    0.00    0.01    0.00    2.00 v opcode[0] (in)
                                         opcode[0] (net)
                  0.01    0.00    2.00 v input17/A (sky130_fd_sc_hd__clkbuf_2)
     5    0.04    0.11    0.13    2.14 v input17/X (sky130_fd_sc_hd__clkbuf_2)
                                         net17 (net)
                  0.11    0.00    2.14 v _235_/A_N (sky130_fd_sc_hd__nand3b_4)
     4    0.03    0.09    0.17    2.31 v _235_/Y (sky130_fd_sc_hd__nand3b_4)
                                         _163_ (net)
                  0.09    0.00    2.31 v rebuffer1/A (sky130_fd_sc_hd__buf_6)
     6    0.03    0.03    0.12    2.43 v rebuffer1/X (sky130_fd_sc_hd__buf_6)
                                         net28 (net)
                  0.03    0.00    2.43 v _243_/A2 (sky130_fd_sc_hd__a21oi_1)
     2    0.02    0.32    0.29    2.72 ^ _243_/Y (sky130_fd_sc_hd__a21oi_1)
                                         _001_ (net)
                  0.32    0.00    2.72 ^ _244_/A2 (sky130_fd_sc_hd__o21a_2)
     4    0.03    0.12    0.17    2.89 ^ _244_/X (sky130_fd_sc_hd__o21a_2)
                                         _002_ (net)
                  0.12    0.00    2.90 ^ _247_/A_N (sky130_fd_sc_hd__and3b_2)
     3    0.03    0.06    0.18    3.08 v _247_/X (sky130_fd_sc_hd__and3b_2)
                                         _005_ (net)
                  0.06    0.00    3.08 v _250_/A2 (sky130_fd_sc_hd__o21ai_4)
     4    0.03    0.20    0.19    3.27 ^ _250_/Y (sky130_fd_sc_hd__o21ai_4)
                                         _008_ (net)
                  0.20    0.00    3.28 ^ _336_/A1 (sky130_fd_sc_hd__a31o_1)
     1    0.03    0.24    0.25    3.52 ^ _336_/X (sky130_fd_sc_hd__a31o_1)
                                         _087_ (net)
                  0.24    0.01    3.53 ^ _337_/B (sky130_fd_sc_hd__nand2_1)
     1    0.02    0.11    0.12    3.66 v _337_/Y (sky130_fd_sc_hd__nand2_1)
                                         _088_ (net)
                  0.11    0.00    3.66 v _338_/C (sky130_fd_sc_hd__and3_1)
     1    0.01    0.04    0.16    3.82 v _338_/X (sky130_fd_sc_hd__and3_1)
                                         _089_ (net)
                  0.04    0.00    3.82 v _346_/A (sky130_fd_sc_hd__or3_1)
     1    0.01    0.09    0.28    4.10 v _346_/X (sky130_fd_sc_hd__or3_1)
                                         _097_ (net)
                  0.09    0.00    4.10 v _347_/A (sky130_fd_sc_hd__buf_1)
     1    0.02    0.06    0.12    4.22 v _347_/X (sky130_fd_sc_hd__buf_1)
                                         net24 (net)
                  0.06    0.00    4.22 v output24/A (sky130_fd_sc_hd__buf_2)
     1    0.03    0.06    0.14    4.36 v output24/X (sky130_fd_sc_hd__buf_2)
                                         out[4] (net)
                  0.06    0.00    4.36 v out[4] (out)
                                  4.36   data arrival time

                  0.00   10.00   10.00   clock __VIRTUAL_CLK__ (rise edge)
                          0.00   10.00   clock network delay (ideal)
                         -0.25    9.75   clock uncertainty
                          0.00    9.75   clock reconvergence pessimism
                         -2.00    7.75   output external delay
                                  7.75   data required time
-----------------------------------------------------------------------------
                                  7.75   data required time
                                 -4.36   data arrival time
-----------------------------------------------------------------------------
                                  3.39   slack (MET)


Startpoint: B[2] (input port clocked by __VIRTUAL_CLK__)
Endpoint: out[7] (output port clocked by __VIRTUAL_CLK__)
Path Group: __VIRTUAL_CLK__
Path Type: max
Corner: Fastest

Fanout     Cap    Slew   Delay    Time   Description
-----------------------------------------------------------------------------
                  0.00    0.00    0.00   clock __VIRTUAL_CLK__ (rise edge)
                          0.00    0.00   clock network delay (ideal)
                          2.00    2.00 ^ input external delay
     1    0.00    0.02    0.01    2.01 ^ B[2] (in)
                                         B[2] (net)
                  0.02    0.00    2.01 ^ input11/A (sky130_fd_sc_hd__clkbuf_2)
     4    0.05    0.20    0.18    2.19 ^ input11/X (sky130_fd_sc_hd__clkbuf_2)
                                         net11 (net)
                  0.20    0.01    2.20 ^ _178_/A (sky130_fd_sc_hd__clkbuf_4)
    10    0.08    0.19    0.25    2.45 ^ _178_/X (sky130_fd_sc_hd__clkbuf_4)
                                         _106_ (net)
                  0.19    0.01    2.45 ^ _181_/A2 (sky130_fd_sc_hd__a22o_1)
     1    0.02    0.16    0.19    2.64 ^ _181_/X (sky130_fd_sc_hd__a22o_1)
                                         _109_ (net)
                  0.16    0.00    2.65 ^ _182_/B1 (sky130_fd_sc_hd__o21ai_4)
     2    0.03    0.07    0.06    2.70 v _182_/Y (sky130_fd_sc_hd__o21ai_4)
                                         _110_ (net)
                  0.07    0.00    2.71 v _188_/A (sky130_fd_sc_hd__xnor2_4)
     2    0.05    0.29    0.28    2.98 ^ _188_/Y (sky130_fd_sc_hd__xnor2_4)
                                         _116_ (net)
                  0.29    0.00    2.99 ^ _212_/C (sky130_fd_sc_hd__and3_1)
     2    0.02    0.15    0.21    3.20 ^ _212_/X (sky130_fd_sc_hd__and3_1)
                                         _140_ (net)
                  0.15    0.00    3.20 ^ _217_/A2 (sky130_fd_sc_hd__o21ai_1)
     2    0.02    0.15    0.13    3.33 v _217_/Y (sky130_fd_sc_hd__o21ai_1)
                                         _145_ (net)
                  0.15    0.00    3.33 v _282_/A2 (sky130_fd_sc_hd__a21o_1)
     3    0.02    0.06    0.20    3.53 v _282_/X (sky130_fd_sc_hd__a21o_1)
                                         _039_ (net)
                  0.06    0.00    3.53 v _297_/A2 (sky130_fd_sc_hd__o21ai_1)
     1    0.02    0.31    0.28    3.81 ^ _297_/Y (sky130_fd_sc_hd__o21ai_1)
                                         _053_ (net)
                  0.31    0.00    3.81 ^ _301_/A2 (sky130_fd_sc_hd__a21bo_1)
     1    0.01    0.08    0.13    3.94 ^ _301_/X (sky130_fd_sc_hd__a21bo_1)
                                         _057_ (net)
                  0.08    0.00    3.94 ^ _302_/B1 (sky130_fd_sc_hd__a31o_1)
     2    0.03    0.23    0.21    4.15 ^ _302_/X (sky130_fd_sc_hd__a31o_1)
                                         net27 (net)
                  0.23    0.00    4.16 ^ output27/A (sky130_fd_sc_hd__buf_2)
     1    0.04    0.13    0.18    4.34 ^ output27/X (sky130_fd_sc_hd__buf_2)
                                         out[7] (net)
                  0.13    0.00    4.34 ^ out[7] (out)
                                  4.34   data arrival time

                  0.00   10.00   10.00   clock __VIRTUAL_CLK__ (rise edge)
                          0.00   10.00   clock network delay (ideal)
                         -0.25    9.75   clock uncertainty
                          0.00    9.75   clock reconvergence pessimism
                         -2.00    7.75   output external delay
                                  7.75   data required time
-----------------------------------------------------------------------------
                                  7.75   data required time
                                 -4.34   data arrival time
-----------------------------------------------------------------------------
                                  3.41   slack (MET)


Startpoint: B[0] (input port clocked by __VIRTUAL_CLK__)
Endpoint: out[6] (output port clocked by __VIRTUAL_CLK__)
Path Group: __VIRTUAL_CLK__
Path Type: max
Corner: Fastest

Fanout     Cap    Slew   Delay    Time   Description
-----------------------------------------------------------------------------
                  0.00    0.00    0.00   clock __VIRTUAL_CLK__ (rise edge)
                          0.00    0.00   clock network delay (ideal)
                          2.00    2.00 v input external delay
     1    0.00    0.01    0.00    2.00 v B[0] (in)
                                         B[0] (net)
                  0.01    0.00    2.00 v input9/A (sky130_fd_sc_hd__clkbuf_2)
     4    0.05    0.12    0.14    2.15 v input9/X (sky130_fd_sc_hd__clkbuf_2)
                                         net9 (net)
                  0.12    0.00    2.15 v _234_/A (sky130_fd_sc_hd__or2_4)
     4    0.04    0.07    0.24    2.39 v _234_/X (sky130_fd_sc_hd__or2_4)
                                         _162_ (net)
                  0.07    0.01    2.39 v _236_/A3 (sky130_fd_sc_hd__o31a_2)
     3    0.04    0.10    0.27    2.66 v _236_/X (sky130_fd_sc_hd__o31a_2)
                                         _164_ (net)
                  0.10    0.00    2.67 v _237_/B (sky130_fd_sc_hd__xnor2_2)
     2    0.04    0.39    0.34    3.01 ^ _237_/Y (sky130_fd_sc_hd__xnor2_2)
                                         _165_ (net)
                  0.39    0.01    3.01 ^ _255_/B (sky130_fd_sc_hd__or2_1)
     1    0.01    0.10    0.14    3.15 ^ _255_/X (sky130_fd_sc_hd__or2_1)
                                         _013_ (net)
                  0.10    0.00    3.15 ^ _256_/B (sky130_fd_sc_hd__nand2_1)
     2    0.03    0.12    0.12    3.27 v _256_/Y (sky130_fd_sc_hd__nand2_1)
                                         _014_ (net)
                  0.12    0.00    3.27 v _257_/C1 (sky130_fd_sc_hd__a311o_4)
     3    0.02    0.06    0.18    3.45 v _257_/X (sky130_fd_sc_hd__a311o_4)
                                         _015_ (net)
                  0.06    0.00    3.45 v rebuffer4/A (sky130_fd_sc_hd__dlymetal6s2s_1)
     3    0.02    0.06    0.14    3.59 v rebuffer4/X (sky130_fd_sc_hd__dlymetal6s2s_1)
                                         net31 (net)
                  0.06    0.00    3.59 v rebuffer5/A (sky130_fd_sc_hd__dlygate4sd1_1)
     1    0.00    0.02    0.16    3.76 v rebuffer5/X (sky130_fd_sc_hd__dlygate4sd1_1)
                                         net32 (net)
                  0.02    0.00    3.76 v _274_/A3 (sky130_fd_sc_hd__a31o_1)
     1    0.00    0.03    0.14    3.90 v _274_/X (sky130_fd_sc_hd__a31o_1)
                                         _031_ (net)
                  0.03    0.00    3.90 v _275_/B (sky130_fd_sc_hd__nand2_1)
     1    0.01    0.08    0.08    3.98 ^ _275_/Y (sky130_fd_sc_hd__nand2_1)
                                         _032_ (net)
                  0.08    0.00    3.98 ^ _291_/A1 (sky130_fd_sc_hd__a21o_1)
     1    0.02    0.15    0.16    4.15 ^ _291_/X (sky130_fd_sc_hd__a21o_1)
                                         net26 (net)
                  0.15    0.00    4.15 ^ output26/A (sky130_fd_sc_hd__buf_2)
     1    0.03    0.13    0.17    4.32 ^ output26/X (sky130_fd_sc_hd__buf_2)
                                         out[6] (net)
                  0.13    0.00    4.32 ^ out[6] (out)
                                  4.32   data arrival time

                  0.00   10.00   10.00   clock __VIRTUAL_CLK__ (rise edge)
                          0.00   10.00   clock network delay (ideal)
                         -0.25    9.75   clock uncertainty
                          0.00    9.75   clock reconvergence pessimism
                         -2.00    7.75   output external delay
                                  7.75   data required time
-----------------------------------------------------------------------------
                                  7.75   data required time
                                 -4.32   data arrival time
-----------------------------------------------------------------------------
                                  3.43   slack (MET)


Startpoint: opcode[0] (input port clocked by __VIRTUAL_CLK__)
Endpoint: out[1] (output port clocked by __VIRTUAL_CLK__)
Path Group: __VIRTUAL_CLK__
Path Type: max
Corner: Fastest

Fanout     Cap    Slew   Delay    Time   Description
-----------------------------------------------------------------------------
                  0.00    0.00    0.00   clock __VIRTUAL_CLK__ (rise edge)
                          0.00    0.00   clock network delay (ideal)
                          2.00    2.00 v input external delay
     1    0.00    0.01    0.00    2.00 v opcode[0] (in)
                                         opcode[0] (net)
                  0.01    0.00    2.00 v input17/A (sky130_fd_sc_hd__clkbuf_2)
     5    0.04    0.11    0.13    2.14 v input17/X (sky130_fd_sc_hd__clkbuf_2)
                                         net17 (net)
                  0.11    0.00    2.14 v _235_/A_N (sky130_fd_sc_hd__nand3b_4)
     4    0.03    0.09    0.17    2.31 v _235_/Y (sky130_fd_sc_hd__nand3b_4)
                                         _163_ (net)
                  0.09    0.00    2.31 v rebuffer1/A (sky130_fd_sc_hd__buf_6)
     6    0.03    0.03    0.12    2.43 v rebuffer1/X (sky130_fd_sc_hd__buf_6)
                                         net28 (net)
                  0.03    0.00    2.43 v _243_/A2 (sky130_fd_sc_hd__a21oi_1)
     2    0.02    0.32    0.29    2.72 ^ _243_/Y (sky130_fd_sc_hd__a21oi_1)
                                         _001_ (net)
                  0.32    0.00    2.72 ^ _244_/A2 (sky130_fd_sc_hd__o21a_2)
     4    0.03    0.12    0.17    2.89 ^ _244_/X (sky130_fd_sc_hd__o21a_2)
                                         _002_ (net)
                  0.12    0.00    2.90 ^ _314_/A_N (sky130_fd_sc_hd__and2b_1)
     1    0.01    0.05    0.16    3.05 v _314_/X (sky130_fd_sc_hd__and2b_1)
                                         _068_ (net)
                  0.05    0.00    3.05 v _315_/A (sky130_fd_sc_hd__nor2_1)
     1    0.01    0.20    0.18    3.24 ^ _315_/Y (sky130_fd_sc_hd__nor2_1)
                                         _069_ (net)
                  0.20    0.00    3.24 ^ _316_/B (sky130_fd_sc_hd__or3b_1)
     1    0.03    0.22    0.23    3.47 ^ _316_/X (sky130_fd_sc_hd__or3b_1)
                                         _070_ (net)
                  0.23    0.01    3.48 ^ _317_/D_N (sky130_fd_sc_hd__or4b_1)
     1    0.01    0.09    0.30    3.78 v _317_/X (sky130_fd_sc_hd__or4b_1)
                                         _071_ (net)
                  0.09    0.00    3.78 v _318_/A (sky130_fd_sc_hd__buf_1)
     2    0.02    0.08    0.14    3.92 v _318_/X (sky130_fd_sc_hd__buf_1)
                                         net21 (net)
                  0.08    0.00    3.92 v output21/A (sky130_fd_sc_hd__buf_2)
     1    0.03    0.06    0.15    4.07 v output21/X (sky130_fd_sc_hd__buf_2)
                                         out[1] (net)
                  0.06    0.00    4.07 v out[1] (out)
                                  4.07   data arrival time

                  0.00   10.00   10.00   clock __VIRTUAL_CLK__ (rise edge)
                          0.00   10.00   clock network delay (ideal)
                         -0.25    9.75   clock uncertainty
                          0.00    9.75   clock reconvergence pessimism
                         -2.00    7.75   output external delay
                                  7.75   data required time
-----------------------------------------------------------------------------
                                  7.75   data required time
                                 -4.07   data arrival time
-----------------------------------------------------------------------------
                                  3.68   slack (MET)


Startpoint: opcode[0] (input port clocked by __VIRTUAL_CLK__)
Endpoint: out[3] (output port clocked by __VIRTUAL_CLK__)
Path Group: __VIRTUAL_CLK__
Path Type: max
Corner: Fastest

Fanout     Cap    Slew   Delay    Time   Description
-----------------------------------------------------------------------------
                  0.00    0.00    0.00   clock __VIRTUAL_CLK__ (rise edge)
                          0.00    0.00   clock network delay (ideal)
                          2.00    2.00 v input external delay
     1    0.00    0.01    0.00    2.00 v opcode[0] (in)
                                         opcode[0] (net)
                  0.01    0.00    2.00 v input17/A (sky130_fd_sc_hd__clkbuf_2)
     5    0.04    0.11    0.13    2.14 v input17/X (sky130_fd_sc_hd__clkbuf_2)
                                         net17 (net)
                  0.11    0.00    2.14 v _235_/A_N (sky130_fd_sc_hd__nand3b_4)
     4    0.03    0.09    0.17    2.31 v _235_/Y (sky130_fd_sc_hd__nand3b_4)
                                         _163_ (net)
                  0.09    0.00    2.31 v rebuffer1/A (sky130_fd_sc_hd__buf_6)
     6    0.03    0.03    0.12    2.43 v rebuffer1/X (sky130_fd_sc_hd__buf_6)
                                         net28 (net)
                  0.03    0.00    2.43 v _243_/A2 (sky130_fd_sc_hd__a21oi_1)
     2    0.02    0.32    0.29    2.72 ^ _243_/Y (sky130_fd_sc_hd__a21oi_1)
                                         _001_ (net)
                  0.32    0.00    2.72 ^ _244_/A2 (sky130_fd_sc_hd__o21a_2)
     4    0.03    0.12    0.17    2.89 ^ _244_/X (sky130_fd_sc_hd__o21a_2)
                                         _002_ (net)
                  0.12    0.00    2.90 ^ _247_/A_N (sky130_fd_sc_hd__and3b_2)
     3    0.03    0.06    0.18    3.08 v _247_/X (sky130_fd_sc_hd__and3b_2)
                                         _005_ (net)
                  0.06    0.00    3.08 v _250_/A2 (sky130_fd_sc_hd__o21ai_4)
     4    0.03    0.20    0.19    3.27 ^ _250_/Y (sky130_fd_sc_hd__o21ai_4)
                                         _008_ (net)
                  0.20    0.00    3.27 ^ _328_/B (sky130_fd_sc_hd__nand2_1)
     1    0.01    0.10    0.10    3.37 v _328_/Y (sky130_fd_sc_hd__nand2_1)
                                         _080_ (net)
                  0.10    0.00    3.37 v _329_/B (sky130_fd_sc_hd__xnor2_1)
     1    0.02    0.26    0.25    3.63 ^ _329_/Y (sky130_fd_sc_hd__xnor2_1)
                                         _081_ (net)
                  0.26    0.00    3.63 ^ _335_/A2 (sky130_fd_sc_hd__a221o_1)
     1    0.02    0.13    0.19    3.81 ^ _335_/X (sky130_fd_sc_hd__a221o_1)
                                         net23 (net)
                  0.13    0.00    3.82 ^ output23/A (sky130_fd_sc_hd__buf_2)
     1    0.03    0.13    0.17    3.98 ^ output23/X (sky130_fd_sc_hd__buf_2)
                                         out[3] (net)
                  0.13    0.00    3.99 ^ out[3] (out)
                                  3.99   data arrival time

                  0.00   10.00   10.00   clock __VIRTUAL_CLK__ (rise edge)
                          0.00   10.00   clock network delay (ideal)
                         -0.25    9.75   clock uncertainty
                          0.00    9.75   clock reconvergence pessimism
                         -2.00    7.75   output external delay
                                  7.75   data required time
-----------------------------------------------------------------------------
                                  7.75   data required time
                                 -3.99   data arrival time
-----------------------------------------------------------------------------
                                  3.76   slack (MET)


Startpoint: opcode[0] (input port clocked by __VIRTUAL_CLK__)
Endpoint: out[2] (output port clocked by __VIRTUAL_CLK__)
Path Group: __VIRTUAL_CLK__
Path Type: max
Corner: Fastest

Fanout     Cap    Slew   Delay    Time   Description
-----------------------------------------------------------------------------
                  0.00    0.00    0.00   clock __VIRTUAL_CLK__ (rise edge)
                          0.00    0.00   clock network delay (ideal)
                          2.00    2.00 v input external delay
     1    0.00    0.01    0.00    2.00 v opcode[0] (in)
                                         opcode[0] (net)
                  0.01    0.00    2.00 v input17/A (sky130_fd_sc_hd__clkbuf_2)
     5    0.04    0.11    0.13    2.14 v input17/X (sky130_fd_sc_hd__clkbuf_2)
                                         net17 (net)
                  0.11    0.00    2.14 v _235_/A_N (sky130_fd_sc_hd__nand3b_4)
     4    0.03    0.09    0.17    2.31 v _235_/Y (sky130_fd_sc_hd__nand3b_4)
                                         _163_ (net)
                  0.09    0.00    2.31 v rebuffer1/A (sky130_fd_sc_hd__buf_6)
     6    0.03    0.03    0.12    2.43 v rebuffer1/X (sky130_fd_sc_hd__buf_6)
                                         net28 (net)
                  0.03    0.00    2.43 v _243_/A2 (sky130_fd_sc_hd__a21oi_1)
     2    0.02    0.32    0.29    2.72 ^ _243_/Y (sky130_fd_sc_hd__a21oi_1)
                                         _001_ (net)
                  0.32    0.00    2.72 ^ _244_/A2 (sky130_fd_sc_hd__o21a_2)
     4    0.03    0.12    0.17    2.89 ^ _244_/X (sky130_fd_sc_hd__o21a_2)
                                         _002_ (net)
                  0.12    0.00    2.90 ^ _247_/A_N (sky130_fd_sc_hd__and3b_2)
     3    0.03    0.06    0.18    3.08 v _247_/X (sky130_fd_sc_hd__and3b_2)
                                         _005_ (net)
                  0.06    0.00    3.08 v _319_/C (sky130_fd_sc_hd__or3_1)
     1    0.01    0.08    0.24    3.32 v _319_/X (sky130_fd_sc_hd__or3_1)
                                         _072_ (net)
                  0.08    0.00    3.32 v _326_/A3 (sky130_fd_sc_hd__a31o_1)
     1    0.02    0.07    0.21    3.53 v _326_/X (sky130_fd_sc_hd__a31o_1)
                                         net22 (net)
                  0.07    0.00    3.53 v output22/A (sky130_fd_sc_hd__buf_2)
     1    0.03    0.06    0.14    3.67 v output22/X (sky130_fd_sc_hd__buf_2)
                                         out[2] (net)
                  0.06    0.00    3.68 v out[2] (out)
                                  3.68   data arrival time

                  0.00   10.00   10.00   clock __VIRTUAL_CLK__ (rise edge)
                          0.00   10.00   clock network delay (ideal)
                         -0.25    9.75   clock uncertainty
                          0.00    9.75   clock reconvergence pessimism
                         -2.00    7.75   output external delay
                                  7.75   data required time
-----------------------------------------------------------------------------
                                  7.75   data required time
                                 -3.68   data arrival time
-----------------------------------------------------------------------------
                                  4.07   slack (MET)


Startpoint: opcode[0] (input port clocked by __VIRTUAL_CLK__)
Endpoint: out[0] (output port clocked by __VIRTUAL_CLK__)
Path Group: __VIRTUAL_CLK__
Path Type: max
Corner: Fastest

Fanout     Cap    Slew   Delay    Time   Description
-----------------------------------------------------------------------------
                  0.00    0.00    0.00   clock __VIRTUAL_CLK__ (rise edge)
                          0.00    0.00   clock network delay (ideal)
                          2.00    2.00 v input external delay
     1    0.00    0.01    0.00    2.00 v opcode[0] (in)
                                         opcode[0] (net)
                  0.01    0.00    2.00 v input17/A (sky130_fd_sc_hd__clkbuf_2)
     5    0.04    0.11    0.13    2.14 v input17/X (sky130_fd_sc_hd__clkbuf_2)
                                         net17 (net)
                  0.11    0.01    2.14 v _171_/A (sky130_fd_sc_hd__or2_2)
     4    0.04    0.10    0.28    2.43 v _171_/X (sky130_fd_sc_hd__or2_2)
                                         _099_ (net)
                  0.10    0.00    2.43 v _224_/B (sky130_fd_sc_hd__or2_1)
     1    0.01    0.05    0.17    2.61 v _224_/X (sky130_fd_sc_hd__or2_1)
                                         _152_ (net)
                  0.05    0.00    2.61 v _225_/A (sky130_fd_sc_hd__clkbuf_4)
     8    0.06    0.09    0.16    2.76 v _225_/X (sky130_fd_sc_hd__clkbuf_4)
                                         _153_ (net)
                  0.10    0.01    2.78 v _306_/A2 (sky130_fd_sc_hd__o21ai_1)
     1    0.01    0.13    0.15    2.92 ^ _306_/Y (sky130_fd_sc_hd__o21ai_1)
                                         _061_ (net)
                  0.13    0.00    2.93 ^ _307_/B1 (sky130_fd_sc_hd__a31o_1)
     2    0.03    0.19    0.18    3.11 ^ _307_/X (sky130_fd_sc_hd__a31o_1)
                                         net20 (net)
                  0.19    0.00    3.11 ^ output20/A (sky130_fd_sc_hd__buf_2)
     1    0.03    0.13    0.17    3.28 ^ output20/X (sky130_fd_sc_hd__buf_2)
                                         out[0] (net)
                  0.13    0.00    3.29 ^ out[0] (out)
                                  3.29   data arrival time

                  0.00   10.00   10.00   clock __VIRTUAL_CLK__ (rise edge)
                          0.00   10.00   clock network delay (ideal)
                         -0.25    9.75   clock uncertainty
                          0.00    9.75   clock reconvergence pessimism
                         -2.00    7.75   output external delay
                                  7.75   data required time
-----------------------------------------------------------------------------
                                  7.75   data required time
                                 -3.29   data arrival time
-----------------------------------------------------------------------------
                                  4.46   slack (MET)



worst slack corner Fastest: 3.2731
======================= Slowest Corner ===================================

Startpoint: opcode[0] (input port clocked by __VIRTUAL_CLK__)
Endpoint: out[4] (output port clocked by __VIRTUAL_CLK__)
Path Group: __VIRTUAL_CLK__
Path Type: max
Corner: Slowest

Fanout     Cap    Slew   Delay    Time   Description
-----------------------------------------------------------------------------
                  0.00    0.00    0.00   clock __VIRTUAL_CLK__ (rise edge)
                          0.00    0.00   clock network delay (ideal)
                          2.00    2.00 v input external delay
     1    0.00    0.02    0.01    2.01 v opcode[0] (in)
                                         opcode[0] (net)
                  0.02    0.00    2.01 v input17/A (sky130_fd_sc_hd__clkbuf_2)
     5    0.04    0.29    0.36    2.38 v input17/X (sky130_fd_sc_hd__clkbuf_2)
                                         net17 (net)
                  0.29    0.00    2.38 v _235_/A_N (sky130_fd_sc_hd__nand3b_4)
     4    0.03    0.24    0.50    2.88 v _235_/Y (sky130_fd_sc_hd__nand3b_4)
                                         _163_ (net)
                  0.24    0.00    2.88 v rebuffer1/A (sky130_fd_sc_hd__buf_6)
     6    0.03    0.08    0.34    3.23 v rebuffer1/X (sky130_fd_sc_hd__buf_6)
                                         net28 (net)
                  0.08    0.00    3.23 v _243_/A2 (sky130_fd_sc_hd__a21oi_1)
     2    0.02    0.72    0.67    3.90 ^ _243_/Y (sky130_fd_sc_hd__a21oi_1)
                                         _001_ (net)
                  0.72    0.00    3.91 ^ _244_/A2 (sky130_fd_sc_hd__o21a_2)
     4    0.03    0.27    0.63    4.54 ^ _244_/X (sky130_fd_sc_hd__o21a_2)
                                         _002_ (net)
                  0.27    0.00    4.54 ^ _247_/A_N (sky130_fd_sc_hd__and3b_2)
     3    0.03    0.17    0.64    5.18 v _247_/X (sky130_fd_sc_hd__and3b_2)
                                         _005_ (net)
                  0.17    0.00    5.18 v _250_/A2 (sky130_fd_sc_hd__o21ai_4)
     4    0.03    0.42    0.46    5.64 ^ _250_/Y (sky130_fd_sc_hd__o21ai_4)
                                         _008_ (net)
                  0.42    0.00    5.64 ^ _336_/A1 (sky130_fd_sc_hd__a31o_1)
     1    0.03    0.52    0.77    6.41 ^ _336_/X (sky130_fd_sc_hd__a31o_1)
                                         _087_ (net)
                  0.52    0.01    6.42 ^ _337_/B (sky130_fd_sc_hd__nand2_1)
     1    0.02    0.34    0.49    6.91 v _337_/Y (sky130_fd_sc_hd__nand2_1)
                                         _088_ (net)
                  0.34    0.00    6.91 v _338_/C (sky130_fd_sc_hd__and3_1)
     1    0.01    0.10    0.55    7.46 v _338_/X (sky130_fd_sc_hd__and3_1)
                                         _089_ (net)
                  0.10    0.00    7.46 v _346_/A (sky130_fd_sc_hd__or3_1)
     1    0.01    0.25    1.06    8.53 v _346_/X (sky130_fd_sc_hd__or3_1)
                                         _097_ (net)
                  0.25    0.00    8.53 v _347_/A (sky130_fd_sc_hd__buf_1)
     1    0.02    0.18    0.36    8.89 v _347_/X (sky130_fd_sc_hd__buf_1)
                                         net24 (net)
                  0.18    0.00    8.89 v output24/A (sky130_fd_sc_hd__buf_2)
     1    0.03    0.17    0.42    9.31 v output24/X (sky130_fd_sc_hd__buf_2)
                                         out[4] (net)
                  0.17    0.00    9.31 v out[4] (out)
                                  9.31   data arrival time

                  0.00   10.00   10.00   clock __VIRTUAL_CLK__ (rise edge)
                          0.00   10.00   clock network delay (ideal)
                         -0.25    9.75   clock uncertainty
                          0.00    9.75   clock reconvergence pessimism
                         -2.00    7.75   output external delay
                                  7.75   data required time
-----------------------------------------------------------------------------
                                  7.75   data required time
                                 -9.31   data arrival time
-----------------------------------------------------------------------------
                                 -1.56   slack (VIOLATED)


Startpoint: B[0] (input port clocked by __VIRTUAL_CLK__)
Endpoint: out[5] (output port clocked by __VIRTUAL_CLK__)
Path Group: __VIRTUAL_CLK__
Path Type: max
Corner: Slowest

Fanout     Cap    Slew   Delay    Time   Description
-----------------------------------------------------------------------------
                  0.00    0.00    0.00   clock __VIRTUAL_CLK__ (rise edge)
                          0.00    0.00   clock network delay (ideal)
                          2.00    2.00 ^ input external delay
     1    0.00    0.03    0.02    2.02 ^ B[0] (in)
                                         B[0] (net)
                  0.03    0.00    2.02 ^ input9/A (sky130_fd_sc_hd__clkbuf_2)
     4    0.05    0.39    0.42    2.44 ^ input9/X (sky130_fd_sc_hd__clkbuf_2)
                                         net9 (net)
                  0.39    0.00    2.44 ^ _184_/A (sky130_fd_sc_hd__clkbuf_4)
    10    0.08    0.36    0.63    3.07 ^ _184_/X (sky130_fd_sc_hd__clkbuf_4)
                                         _112_ (net)
                  0.36    0.01    3.09 ^ _185_/B2 (sky130_fd_sc_hd__a22oi_4)
     3    0.03    0.19    0.27    3.35 v _185_/Y (sky130_fd_sc_hd__a22oi_4)
                                         _113_ (net)
                  0.19    0.00    3.36 v _192_/C (sky130_fd_sc_hd__or3_1)
     2    0.03    0.34    1.06    4.42 v _192_/X (sky130_fd_sc_hd__or3_1)
                                         _120_ (net)
                  0.34    0.00    4.42 v _197_/A1 (sky130_fd_sc_hd__a21o_1)
     2    0.02    0.18    0.53    4.95 v _197_/X (sky130_fd_sc_hd__a21o_1)
                                         _125_ (net)
                  0.18    0.00    4.95 v _199_/A3 (sky130_fd_sc_hd__a31o_2)
     2    0.03    0.19    0.66    5.61 v _199_/X (sky130_fd_sc_hd__a31o_2)
                                         _127_ (net)
                  0.19    0.00    5.61 v _201_/B (sky130_fd_sc_hd__xor2_2)
     2    0.03    0.62    0.62    6.24 ^ _201_/X (sky130_fd_sc_hd__xor2_2)
                                         _129_ (net)
                  0.62    0.00    6.24 ^ _210_/A (sky130_fd_sc_hd__nand3_2)
     3    0.03    0.47    0.62    6.86 v _210_/Y (sky130_fd_sc_hd__nand3_2)
                                         _138_ (net)
                  0.47    0.00    6.87 v _219_/A2 (sky130_fd_sc_hd__a21oi_1)
     1    0.02    0.57    0.72    7.59 ^ _219_/Y (sky130_fd_sc_hd__a21oi_1)
                                         _147_ (net)
                  0.57    0.00    7.59 ^ _221_/A (sky130_fd_sc_hd__nor2_1)
     1    0.02    0.26    0.46    8.05 v _221_/Y (sky130_fd_sc_hd__nor2_1)
                                         _149_ (net)
                  0.26    0.00    8.05 v _267_/A2 (sky130_fd_sc_hd__a211o_1)
     1    0.02    0.21    0.79    8.84 v _267_/X (sky130_fd_sc_hd__a211o_1)
                                         net25 (net)
                  0.21    0.00    8.84 v output25/A (sky130_fd_sc_hd__buf_2)
     1    0.03    0.17    0.43    9.28 v output25/X (sky130_fd_sc_hd__buf_2)
                                         out[5] (net)
                  0.17    0.00    9.28 v out[5] (out)
                                  9.28   data arrival time

                  0.00   10.00   10.00   clock __VIRTUAL_CLK__ (rise edge)
                          0.00   10.00   clock network delay (ideal)
                         -0.25    9.75   clock uncertainty
                          0.00    9.75   clock reconvergence pessimism
                         -2.00    7.75   output external delay
                                  7.75   data required time
-----------------------------------------------------------------------------
                                  7.75   data required time
                                 -9.28   data arrival time
-----------------------------------------------------------------------------
                                 -1.53   slack (VIOLATED)


Startpoint: B[0] (input port clocked by __VIRTUAL_CLK__)
Endpoint: out[6] (output port clocked by __VIRTUAL_CLK__)
Path Group: __VIRTUAL_CLK__
Path Type: max
Corner: Slowest

Fanout     Cap    Slew   Delay    Time   Description
-----------------------------------------------------------------------------
                  0.00    0.00    0.00   clock __VIRTUAL_CLK__ (rise edge)
                          0.00    0.00   clock network delay (ideal)
                          2.00    2.00 v input external delay
     1    0.00    0.02    0.01    2.01 v B[0] (in)
                                         B[0] (net)
                  0.02    0.00    2.01 v input9/A (sky130_fd_sc_hd__clkbuf_2)
     4    0.05    0.31    0.38    2.39 v input9/X (sky130_fd_sc_hd__clkbuf_2)
                                         net9 (net)
                  0.31    0.00    2.40 v _234_/A (sky130_fd_sc_hd__or2_4)
     4    0.04    0.17    0.72    3.11 v _234_/X (sky130_fd_sc_hd__or2_4)
                                         _162_ (net)
                  0.17    0.01    3.12 v _236_/A3 (sky130_fd_sc_hd__o31a_2)
     3    0.04    0.26    0.83    3.95 v _236_/X (sky130_fd_sc_hd__o31a_2)
                                         _164_ (net)
                  0.26    0.00    3.95 v _237_/B (sky130_fd_sc_hd__xnor2_2)
     2    0.04    0.81    0.78    4.74 ^ _237_/Y (sky130_fd_sc_hd__xnor2_2)
                                         _165_ (net)
                  0.81    0.01    4.74 ^ _255_/B (sky130_fd_sc_hd__or2_1)
     1    0.01    0.22    0.53    5.27 ^ _255_/X (sky130_fd_sc_hd__or2_1)
                                         _013_ (net)
                  0.22    0.00    5.28 ^ _256_/B (sky130_fd_sc_hd__nand2_1)
     2    0.03    0.42    0.44    5.72 v _256_/Y (sky130_fd_sc_hd__nand2_1)
                                         _014_ (net)
                  0.42    0.00    5.72 v _257_/C1 (sky130_fd_sc_hd__a311o_4)
     3    0.02    0.13    0.79    6.52 v _257_/X (sky130_fd_sc_hd__a311o_4)
                                         _015_ (net)
                  0.13    0.00    6.52 v rebuffer4/A (sky130_fd_sc_hd__dlymetal6s2s_1)
     3    0.02    0.18    0.42    6.94 v rebuffer4/X (sky130_fd_sc_hd__dlymetal6s2s_1)
                                         net31 (net)
                  0.18    0.00    6.94 v rebuffer5/A (sky130_fd_sc_hd__dlygate4sd1_1)
     1    0.00    0.06    0.55    7.49 v rebuffer5/X (sky130_fd_sc_hd__dlygate4sd1_1)
                                         net32 (net)
                  0.06    0.00    7.49 v _274_/A3 (sky130_fd_sc_hd__a31o_1)
     1    0.00    0.08    0.41    7.90 v _274_/X (sky130_fd_sc_hd__a31o_1)
                                         _031_ (net)
                  0.08    0.00    7.90 v _275_/B (sky130_fd_sc_hd__nand2_1)
     1    0.01    0.17    0.19    8.09 ^ _275_/Y (sky130_fd_sc_hd__nand2_1)
                                         _032_ (net)
                  0.17    0.00    8.09 ^ _291_/A1 (sky130_fd_sc_hd__a21o_1)
     1    0.02    0.31    0.45    8.54 ^ _291_/X (sky130_fd_sc_hd__a21o_1)
                                         net26 (net)
                  0.31    0.00    8.54 ^ output26/A (sky130_fd_sc_hd__buf_2)
     1    0.03    0.27    0.47    9.01 ^ output26/X (sky130_fd_sc_hd__buf_2)
                                         out[6] (net)
                  0.27    0.00    9.01 ^ out[6] (out)
                                  9.01   data arrival time

                  0.00   10.00   10.00   clock __VIRTUAL_CLK__ (rise edge)
                          0.00   10.00   clock network delay (ideal)
                         -0.25    9.75   clock uncertainty
                          0.00    9.75   clock reconvergence pessimism
                         -2.00    7.75   output external delay
                                  7.75   data required time
-----------------------------------------------------------------------------
                                  7.75   data required time
                                 -9.01   data arrival time
-----------------------------------------------------------------------------
                                 -1.26   slack (VIOLATED)


Startpoint: B[0] (input port clocked by __VIRTUAL_CLK__)
Endpoint: out[7] (output port clocked by __VIRTUAL_CLK__)
Path Group: __VIRTUAL_CLK__
Path Type: max
Corner: Slowest

Fanout     Cap    Slew   Delay    Time   Description
-----------------------------------------------------------------------------
                  0.00    0.00    0.00   clock __VIRTUAL_CLK__ (rise edge)
                          0.00    0.00   clock network delay (ideal)
                          2.00    2.00 v input external delay
     1    0.00    0.02    0.01    2.01 v B[0] (in)
                                         B[0] (net)
                  0.02    0.00    2.01 v input9/A (sky130_fd_sc_hd__clkbuf_2)
     4    0.05    0.31    0.38    2.39 v input9/X (sky130_fd_sc_hd__clkbuf_2)
                                         net9 (net)
                  0.31    0.00    2.40 v _234_/A (sky130_fd_sc_hd__or2_4)
     4    0.04    0.17    0.72    3.11 v _234_/X (sky130_fd_sc_hd__or2_4)
                                         _162_ (net)
                  0.17    0.01    3.12 v _236_/A3 (sky130_fd_sc_hd__o31a_2)
     3    0.04    0.26    0.83    3.95 v _236_/X (sky130_fd_sc_hd__o31a_2)
                                         _164_ (net)
                  0.26    0.00    3.95 v _237_/B (sky130_fd_sc_hd__xnor2_2)
     2    0.04    0.81    0.78    4.74 ^ _237_/Y (sky130_fd_sc_hd__xnor2_2)
                                         _165_ (net)
                  0.81    0.01    4.74 ^ _255_/B (sky130_fd_sc_hd__or2_1)
     1    0.01    0.22    0.53    5.27 ^ _255_/X (sky130_fd_sc_hd__or2_1)
                                         _013_ (net)
                  0.22    0.00    5.28 ^ _256_/B (sky130_fd_sc_hd__nand2_1)
     2    0.03    0.42    0.44    5.72 v _256_/Y (sky130_fd_sc_hd__nand2_1)
                                         _014_ (net)
                  0.42    0.00    5.72 v _257_/C1 (sky130_fd_sc_hd__a311o_4)
     3    0.02    0.13    0.79    6.52 v _257_/X (sky130_fd_sc_hd__a311o_4)
                                         _015_ (net)
                  0.13    0.00    6.52 v _276_/A3 (sky130_fd_sc_hd__a311oi_4)
     3    0.02    0.55    0.71    7.22 ^ _276_/Y (sky130_fd_sc_hd__a311oi_4)
                                         _033_ (net)
                  0.55    0.00    7.22 ^ _296_/B (sky130_fd_sc_hd__or3_1)
     1    0.01    0.19    0.46    7.69 ^ _296_/X (sky130_fd_sc_hd__or3_1)
                                         _052_ (net)
                  0.19    0.00    7.69 ^ _302_/A3 (sky130_fd_sc_hd__a31o_1)
     2    0.03    0.50    0.69    8.38 ^ _302_/X (sky130_fd_sc_hd__a31o_1)
                                         net27 (net)
                  0.50    0.00    8.38 ^ output27/A (sky130_fd_sc_hd__buf_2)
     1    0.04    0.29    0.56    8.94 ^ output27/X (sky130_fd_sc_hd__buf_2)
                                         out[7] (net)
                  0.29    0.00    8.94 ^ out[7] (out)
                                  8.94   data arrival time

                  0.00   10.00   10.00   clock __VIRTUAL_CLK__ (rise edge)
                          0.00   10.00   clock network delay (ideal)
                         -0.25    9.75   clock uncertainty
                          0.00    9.75   clock reconvergence pessimism
                         -2.00    7.75   output external delay
                                  7.75   data required time
-----------------------------------------------------------------------------
                                  7.75   data required time
                                 -8.94   data arrival time
-----------------------------------------------------------------------------
                                 -1.19   slack (VIOLATED)


Startpoint: opcode[0] (input port clocked by __VIRTUAL_CLK__)
Endpoint: out[1] (output port clocked by __VIRTUAL_CLK__)
Path Group: __VIRTUAL_CLK__
Path Type: max
Corner: Slowest

Fanout     Cap    Slew   Delay    Time   Description
-----------------------------------------------------------------------------
                  0.00    0.00    0.00   clock __VIRTUAL_CLK__ (rise edge)
                          0.00    0.00   clock network delay (ideal)
                          2.00    2.00 v input external delay
     1    0.00    0.02    0.01    2.01 v opcode[0] (in)
                                         opcode[0] (net)
                  0.02    0.00    2.01 v input17/A (sky130_fd_sc_hd__clkbuf_2)
     5    0.04    0.29    0.36    2.38 v input17/X (sky130_fd_sc_hd__clkbuf_2)
                                         net17 (net)
                  0.29    0.00    2.38 v _235_/A_N (sky130_fd_sc_hd__nand3b_4)
     4    0.03    0.24    0.50    2.88 v _235_/Y (sky130_fd_sc_hd__nand3b_4)
                                         _163_ (net)
                  0.24    0.00    2.88 v rebuffer1/A (sky130_fd_sc_hd__buf_6)
     6    0.03    0.08    0.34    3.23 v rebuffer1/X (sky130_fd_sc_hd__buf_6)
                                         net28 (net)
                  0.08    0.00    3.23 v _243_/A2 (sky130_fd_sc_hd__a21oi_1)
     2    0.02    0.72    0.67    3.90 ^ _243_/Y (sky130_fd_sc_hd__a21oi_1)
                                         _001_ (net)
                  0.72    0.00    3.91 ^ _244_/A2 (sky130_fd_sc_hd__o21a_2)
     4    0.03    0.27    0.63    4.54 ^ _244_/X (sky130_fd_sc_hd__o21a_2)
                                         _002_ (net)
                  0.27    0.00    4.54 ^ _314_/A_N (sky130_fd_sc_hd__and2b_1)
     1    0.01    0.15    0.55    5.09 v _314_/X (sky130_fd_sc_hd__and2b_1)
                                         _068_ (net)
                  0.15    0.00    5.09 v _315_/A (sky130_fd_sc_hd__nor2_1)
     1    0.01    0.46    0.46    5.55 ^ _315_/Y (sky130_fd_sc_hd__nor2_1)
                                         _069_ (net)
                  0.46    0.00    5.55 ^ _316_/B (sky130_fd_sc_hd__or3b_1)
     1    0.03    0.47    0.64    6.19 ^ _316_/X (sky130_fd_sc_hd__or3b_1)
                                         _070_ (net)
                  0.47    0.01    6.20 ^ _317_/D_N (sky130_fd_sc_hd__or4b_1)
     1    0.01    0.27    1.35    7.55 v _317_/X (sky130_fd_sc_hd__or4b_1)
                                         _071_ (net)
                  0.27    0.00    7.55 v _318_/A (sky130_fd_sc_hd__buf_1)
     2    0.02    0.24    0.42    7.97 v _318_/X (sky130_fd_sc_hd__buf_1)
                                         net21 (net)
                  0.24    0.00    7.97 v output21/A (sky130_fd_sc_hd__buf_2)
     1    0.03    0.17    0.45    8.42 v output21/X (sky130_fd_sc_hd__buf_2)
                                         out[1] (net)
                  0.17    0.00    8.42 v out[1] (out)
                                  8.42   data arrival time

                  0.00   10.00   10.00   clock __VIRTUAL_CLK__ (rise edge)
                          0.00   10.00   clock network delay (ideal)
                         -0.25    9.75   clock uncertainty
                          0.00    9.75   clock reconvergence pessimism
                         -2.00    7.75   output external delay
                                  7.75   data required time
-----------------------------------------------------------------------------
                                  7.75   data required time
                                 -8.42   data arrival time
-----------------------------------------------------------------------------
                                 -0.67   slack (VIOLATED)


Startpoint: opcode[0] (input port clocked by __VIRTUAL_CLK__)
Endpoint: out[3] (output port clocked by __VIRTUAL_CLK__)
Path Group: __VIRTUAL_CLK__
Path Type: max
Corner: Slowest

Fanout     Cap    Slew   Delay    Time   Description
-----------------------------------------------------------------------------
                  0.00    0.00    0.00   clock __VIRTUAL_CLK__ (rise edge)
                          0.00    0.00   clock network delay (ideal)
                          2.00    2.00 v input external delay
     1    0.00    0.02    0.01    2.01 v opcode[0] (in)
                                         opcode[0] (net)
                  0.02    0.00    2.01 v input17/A (sky130_fd_sc_hd__clkbuf_2)
     5    0.04    0.29    0.36    2.38 v input17/X (sky130_fd_sc_hd__clkbuf_2)
                                         net17 (net)
                  0.29    0.00    2.38 v _235_/A_N (sky130_fd_sc_hd__nand3b_4)
     4    0.03    0.24    0.50    2.88 v _235_/Y (sky130_fd_sc_hd__nand3b_4)
                                         _163_ (net)
                  0.24    0.00    2.88 v rebuffer1/A (sky130_fd_sc_hd__buf_6)
     6    0.03    0.08    0.34    3.23 v rebuffer1/X (sky130_fd_sc_hd__buf_6)
                                         net28 (net)
                  0.08    0.00    3.23 v _243_/A2 (sky130_fd_sc_hd__a21oi_1)
     2    0.02    0.72    0.67    3.90 ^ _243_/Y (sky130_fd_sc_hd__a21oi_1)
                                         _001_ (net)
                  0.72    0.00    3.91 ^ _244_/A2 (sky130_fd_sc_hd__o21a_2)
     4    0.03    0.27    0.63    4.54 ^ _244_/X (sky130_fd_sc_hd__o21a_2)
                                         _002_ (net)
                  0.27    0.00    4.54 ^ _247_/A_N (sky130_fd_sc_hd__and3b_2)
     3    0.03    0.17    0.64    5.18 v _247_/X (sky130_fd_sc_hd__and3b_2)
                                         _005_ (net)
                  0.17    0.00    5.18 v _250_/A2 (sky130_fd_sc_hd__o21ai_4)
     4    0.03    0.42    0.46    5.64 ^ _250_/Y (sky130_fd_sc_hd__o21ai_4)
                                         _008_ (net)
                  0.42    0.00    5.64 ^ _328_/B (sky130_fd_sc_hd__nand2_1)
     1    0.01    0.28    0.39    6.03 v _328_/Y (sky130_fd_sc_hd__nand2_1)
                                         _080_ (net)
                  0.28    0.00    6.03 v _329_/B (sky130_fd_sc_hd__xnor2_1)
     1    0.01    0.28    0.46    6.49 v _329_/Y (sky130_fd_sc_hd__xnor2_1)
                                         _081_ (net)
                  0.28    0.00    6.49 v _335_/A2 (sky130_fd_sc_hd__a221o_1)
     1    0.02    0.22    0.91    7.40 v _335_/X (sky130_fd_sc_hd__a221o_1)
                                         net23 (net)
                  0.22    0.00    7.40 v output23/A (sky130_fd_sc_hd__buf_2)
     1    0.03    0.17    0.43    7.83 v output23/X (sky130_fd_sc_hd__buf_2)
                                         out[3] (net)
                  0.17    0.00    7.84 v out[3] (out)
                                  7.84   data arrival time

                  0.00   10.00   10.00   clock __VIRTUAL_CLK__ (rise edge)
                          0.00   10.00   clock network delay (ideal)
                         -0.25    9.75   clock uncertainty
                          0.00    9.75   clock reconvergence pessimism
                         -2.00    7.75   output external delay
                                  7.75   data required time
-----------------------------------------------------------------------------
                                  7.75   data required time
                                 -7.84   data arrival time
-----------------------------------------------------------------------------
                                 -0.09   slack (VIOLATED)


Startpoint: opcode[1] (input port clocked by __VIRTUAL_CLK__)
Endpoint: out[2] (output port clocked by __VIRTUAL_CLK__)
Path Group: __VIRTUAL_CLK__
Path Type: max
Corner: Slowest

Fanout     Cap    Slew   Delay    Time   Description
-----------------------------------------------------------------------------
                  0.00    0.00    0.00   clock __VIRTUAL_CLK__ (rise edge)
                          0.00    0.00   clock network delay (ideal)
                          2.00    2.00 ^ input external delay
     1    0.00    0.04    0.03    2.03 ^ opcode[1] (in)
                                         opcode[1] (net)
                  0.04    0.00    2.03 ^ input18/A (sky130_fd_sc_hd__buf_2)
     6    0.05    0.41    0.45    2.48 ^ input18/X (sky130_fd_sc_hd__buf_2)
                                         net18 (net)
                  0.41    0.00    2.48 ^ _229_/C_N (sky130_fd_sc_hd__or3b_1)
     1    0.02    0.30    1.17    3.65 v _229_/X (sky130_fd_sc_hd__or3b_1)
                                         _157_ (net)
                  0.30    0.00    3.66 v _230_/A (sky130_fd_sc_hd__buf_2)
     7    0.04    0.20    0.50    4.16 v _230_/X (sky130_fd_sc_hd__buf_2)
                                         _158_ (net)
                  0.20    0.00    4.16 v _321_/B1 (sky130_fd_sc_hd__a21oi_1)
     1    0.03    1.02    0.91    5.08 ^ _321_/Y (sky130_fd_sc_hd__a21oi_1)
                                         _074_ (net)
                  1.02    0.01    5.08 ^ _322_/B2 (sky130_fd_sc_hd__o22a_1)
     1    0.01    0.24    0.67    5.75 ^ _322_/X (sky130_fd_sc_hd__o22a_1)
                                         _075_ (net)
                  0.24    0.00    5.75 ^ _324_/B1 (sky130_fd_sc_hd__a311o_1)
     1    0.01    0.23    0.39    6.14 ^ _324_/X (sky130_fd_sc_hd__a311o_1)
                                         _077_ (net)
                  0.23    0.00    6.14 ^ _325_/B1_N (sky130_fd_sc_hd__o21bai_1)
     1    0.01    0.35    0.33    6.47 ^ _325_/Y (sky130_fd_sc_hd__o21bai_1)
                                         _078_ (net)
                  0.35    0.00    6.47 ^ _326_/B1 (sky130_fd_sc_hd__a31o_1)
     1    0.02    0.29    0.45    6.92 ^ _326_/X (sky130_fd_sc_hd__a31o_1)
                                         net22 (net)
                  0.29    0.00    6.93 ^ output22/A (sky130_fd_sc_hd__buf_2)
     1    0.03    0.27    0.46    7.39 ^ output22/X (sky130_fd_sc_hd__buf_2)
                                         out[2] (net)
                  0.27    0.00    7.39 ^ out[2] (out)
                                  7.39   data arrival time

                  0.00   10.00   10.00   clock __VIRTUAL_CLK__ (rise edge)
                          0.00   10.00   clock network delay (ideal)
                         -0.25    9.75   clock uncertainty
                          0.00    9.75   clock reconvergence pessimism
                         -2.00    7.75   output external delay
                                  7.75   data required time
-----------------------------------------------------------------------------
                                  7.75   data required time
                                 -7.39   data arrival time
-----------------------------------------------------------------------------
                                  0.36   slack (MET)


Startpoint: opcode[0] (input port clocked by __VIRTUAL_CLK__)
Endpoint: out[0] (output port clocked by __VIRTUAL_CLK__)
Path Group: __VIRTUAL_CLK__
Path Type: max
Corner: Slowest

Fanout     Cap    Slew   Delay    Time   Description
-----------------------------------------------------------------------------
                  0.00    0.00    0.00   clock __VIRTUAL_CLK__ (rise edge)
                          0.00    0.00   clock network delay (ideal)
                          2.00    2.00 v input external delay
     1    0.00    0.02    0.01    2.01 v opcode[0] (in)
                                         opcode[0] (net)
                  0.02    0.00    2.01 v input17/A (sky130_fd_sc_hd__clkbuf_2)
     5    0.04    0.29    0.36    2.38 v input17/X (sky130_fd_sc_hd__clkbuf_2)
                                         net17 (net)
                  0.29    0.01    2.38 v _171_/A (sky130_fd_sc_hd__or2_2)
     4    0.04    0.28    1.02    3.40 v _171_/X (sky130_fd_sc_hd__or2_2)
                                         _099_ (net)
                  0.28    0.00    3.40 v _224_/B (sky130_fd_sc_hd__or2_1)
     1    0.01    0.15    0.63    4.03 v _224_/X (sky130_fd_sc_hd__or2_1)
                                         _152_ (net)
                  0.15    0.00    4.03 v _225_/A (sky130_fd_sc_hd__clkbuf_4)
     8    0.06    0.24    0.45    4.48 v _225_/X (sky130_fd_sc_hd__clkbuf_4)
                                         _153_ (net)
                  0.24    0.01    4.49 v _306_/A2 (sky130_fd_sc_hd__o21ai_1)
     1    0.01    0.29    0.38    4.87 ^ _306_/Y (sky130_fd_sc_hd__o21ai_1)
                                         _061_ (net)
                  0.29    0.00    4.87 ^ _307_/B1 (sky130_fd_sc_hd__a31o_1)
     2    0.03    0.41    0.52    5.40 ^ _307_/X (sky130_fd_sc_hd__a31o_1)
                                         net20 (net)
                  0.41    0.00    5.40 ^ output20/A (sky130_fd_sc_hd__buf_2)
     1    0.03    0.28    0.51    5.91 ^ output20/X (sky130_fd_sc_hd__buf_2)
                                         out[0] (net)
                  0.28    0.00    5.92 ^ out[0] (out)
                                  5.92   data arrival time

                  0.00   10.00   10.00   clock __VIRTUAL_CLK__ (rise edge)
                          0.00   10.00   clock network delay (ideal)
                         -0.25    9.75   clock uncertainty
                          0.00    9.75   clock reconvergence pessimism
                         -2.00    7.75   output external delay
                                  7.75   data required time
-----------------------------------------------------------------------------
                                  7.75   data required time
                                 -5.92   data arrival time
-----------------------------------------------------------------------------
                                  1.83   slack (MET)



worst slack corner Slowest: -1.5629
======================= Typical Corner ===================================

Startpoint: B[0] (input port clocked by __VIRTUAL_CLK__)
Endpoint: out[5] (output port clocked by __VIRTUAL_CLK__)
Path Group: __VIRTUAL_CLK__
Path Type: max
Corner: Typical

Fanout     Cap    Slew   Delay    Time   Description
-----------------------------------------------------------------------------
                  0.00    0.00    0.00   clock __VIRTUAL_CLK__ (rise edge)
                          0.00    0.00   clock network delay (ideal)
                          2.00    2.00 ^ input external delay
     1    0.00    0.02    0.01    2.01 ^ B[0] (in)
                                         B[0] (net)
                  0.02    0.00    2.01 ^ input9/A (sky130_fd_sc_hd__clkbuf_2)
     4    0.05    0.25    0.25    2.26 ^ input9/X (sky130_fd_sc_hd__clkbuf_2)
                                         net9 (net)
                  0.25    0.00    2.27 ^ _184_/A (sky130_fd_sc_hd__clkbuf_4)
    10    0.08    0.23    0.35    2.62 ^ _184_/X (sky130_fd_sc_hd__clkbuf_4)
                                         _112_ (net)
                  0.23    0.01    2.63 ^ _185_/B2 (sky130_fd_sc_hd__a22oi_4)
     3    0.03    0.11    0.12    2.76 v _185_/Y (sky130_fd_sc_hd__a22oi_4)
                                         _113_ (net)
                  0.11    0.00    2.76 v _192_/C (sky130_fd_sc_hd__or3_1)
     2    0.03    0.17    0.48    3.23 v _192_/X (sky130_fd_sc_hd__or3_1)
                                         _120_ (net)
                  0.17    0.00    3.24 v _197_/A1 (sky130_fd_sc_hd__a21o_1)
     2    0.02    0.10    0.27    3.51 v _197_/X (sky130_fd_sc_hd__a21o_1)
                                         _125_ (net)
                  0.10    0.00    3.51 v _199_/A3 (sky130_fd_sc_hd__a31o_2)
     2    0.03    0.10    0.36    3.87 v _199_/X (sky130_fd_sc_hd__a31o_2)
                                         _127_ (net)
                  0.10    0.00    3.87 v _201_/B (sky130_fd_sc_hd__xor2_2)
     2    0.03    0.40    0.37    4.24 ^ _201_/X (sky130_fd_sc_hd__xor2_2)
                                         _129_ (net)
                  0.40    0.00    4.25 ^ _210_/A (sky130_fd_sc_hd__nand3_2)
     3    0.03    0.24    0.29    4.54 v _210_/Y (sky130_fd_sc_hd__nand3_2)
                                         _138_ (net)
                  0.24    0.00    4.54 v _219_/A2 (sky130_fd_sc_hd__a21oi_1)
     1    0.02    0.35    0.41    4.95 ^ _219_/Y (sky130_fd_sc_hd__a21oi_1)
                                         _147_ (net)
                  0.35    0.00    4.95 ^ _221_/A (sky130_fd_sc_hd__nor2_1)
     1    0.02    0.15    0.22    5.17 v _221_/Y (sky130_fd_sc_hd__nor2_1)
                                         _149_ (net)
                  0.15    0.00    5.17 v _267_/A2 (sky130_fd_sc_hd__a211o_1)
     1    0.02    0.11    0.42    5.59 v _267_/X (sky130_fd_sc_hd__a211o_1)
                                         net25 (net)
                  0.11    0.00    5.59 v output25/A (sky130_fd_sc_hd__buf_2)
     1    0.03    0.09    0.22    5.81 v output25/X (sky130_fd_sc_hd__buf_2)
                                         out[5] (net)
                  0.09    0.00    5.82 v out[5] (out)
                                  5.82   data arrival time

                  0.00   10.00   10.00   clock __VIRTUAL_CLK__ (rise edge)
                          0.00   10.00   clock network delay (ideal)
                         -0.25    9.75   clock uncertainty
                          0.00    9.75   clock reconvergence pessimism
                         -2.00    7.75   output external delay
                                  7.75   data required time
-----------------------------------------------------------------------------
                                  7.75   data required time
                                 -5.82   data arrival time
-----------------------------------------------------------------------------
                                  1.93   slack (MET)


Startpoint: B[0] (input port clocked by __VIRTUAL_CLK__)
Endpoint: out[7] (output port clocked by __VIRTUAL_CLK__)
Path Group: __VIRTUAL_CLK__
Path Type: max
Corner: Typical

Fanout     Cap    Slew   Delay    Time   Description
-----------------------------------------------------------------------------
                  0.00    0.00    0.00   clock __VIRTUAL_CLK__ (rise edge)
                          0.00    0.00   clock network delay (ideal)
                          2.00    2.00 v input external delay
     1    0.00    0.01    0.01    2.01 v B[0] (in)
                                         B[0] (net)
                  0.01    0.00    2.01 v input9/A (sky130_fd_sc_hd__clkbuf_2)
     4    0.05    0.17    0.21    2.22 v input9/X (sky130_fd_sc_hd__clkbuf_2)
                                         net9 (net)
                  0.17    0.00    2.22 v _234_/A (sky130_fd_sc_hd__or2_4)
     4    0.04    0.10    0.38    2.59 v _234_/X (sky130_fd_sc_hd__or2_4)
                                         _162_ (net)
                  0.10    0.01    2.60 v _236_/A3 (sky130_fd_sc_hd__o31a_2)
     3    0.04    0.14    0.43    3.03 v _236_/X (sky130_fd_sc_hd__o31a_2)
                                         _164_ (net)
                  0.14    0.00    3.03 v _237_/B (sky130_fd_sc_hd__xnor2_2)
     2    0.04    0.52    0.47    3.51 ^ _237_/Y (sky130_fd_sc_hd__xnor2_2)
                                         _165_ (net)
                  0.52    0.01    3.51 ^ _255_/B (sky130_fd_sc_hd__or2_1)
     1    0.01    0.14    0.25    3.76 ^ _255_/X (sky130_fd_sc_hd__or2_1)
                                         _013_ (net)
                  0.14    0.00    3.76 ^ _256_/B (sky130_fd_sc_hd__nand2_1)
     2    0.03    0.18    0.20    3.96 v _256_/Y (sky130_fd_sc_hd__nand2_1)
                                         _014_ (net)
                  0.18    0.00    3.97 v _257_/C1 (sky130_fd_sc_hd__a311o_4)
     3    0.02    0.08    0.41    4.38 v _257_/X (sky130_fd_sc_hd__a311o_4)
                                         _015_ (net)
                  0.08    0.00    4.38 v _276_/A3 (sky130_fd_sc_hd__a311oi_4)
     3    0.02    0.36    0.43    4.81 ^ _276_/Y (sky130_fd_sc_hd__a311oi_4)
                                         _033_ (net)
                  0.36    0.00    4.81 ^ _296_/B (sky130_fd_sc_hd__or3_1)
     1    0.01    0.12    0.23    5.05 ^ _296_/X (sky130_fd_sc_hd__or3_1)
                                         _052_ (net)
                  0.12    0.00    5.05 ^ _302_/A3 (sky130_fd_sc_hd__a31o_1)
     2    0.03    0.31    0.36    5.41 ^ _302_/X (sky130_fd_sc_hd__a31o_1)
                                         net27 (net)
                  0.31    0.00    5.41 ^ output27/A (sky130_fd_sc_hd__buf_2)
     1    0.04    0.18    0.29    5.70 ^ output27/X (sky130_fd_sc_hd__buf_2)
                                         out[7] (net)
                  0.18    0.00    5.70 ^ out[7] (out)
                                  5.70   data arrival time

                  0.00   10.00   10.00   clock __VIRTUAL_CLK__ (rise edge)
                          0.00   10.00   clock network delay (ideal)
                         -0.25    9.75   clock uncertainty
                          0.00    9.75   clock reconvergence pessimism
                         -2.00    7.75   output external delay
                                  7.75   data required time
-----------------------------------------------------------------------------
                                  7.75   data required time
                                 -5.70   data arrival time
-----------------------------------------------------------------------------
                                  2.05   slack (MET)


Startpoint: opcode[0] (input port clocked by __VIRTUAL_CLK__)
Endpoint: out[4] (output port clocked by __VIRTUAL_CLK__)
Path Group: __VIRTUAL_CLK__
Path Type: max
Corner: Typical

Fanout     Cap    Slew   Delay    Time   Description
-----------------------------------------------------------------------------
                  0.00    0.00    0.00   clock __VIRTUAL_CLK__ (rise edge)
                          0.00    0.00   clock network delay (ideal)
                          2.00    2.00 v input external delay
     1    0.00    0.01    0.01    2.01 v opcode[0] (in)
                                         opcode[0] (net)
                  0.01    0.00    2.01 v input17/A (sky130_fd_sc_hd__clkbuf_2)
     5    0.04    0.16    0.20    2.20 v input17/X (sky130_fd_sc_hd__clkbuf_2)
                                         net17 (net)
                  0.16    0.00    2.21 v _235_/A_N (sky130_fd_sc_hd__nand3b_4)
     4    0.03    0.12    0.26    2.47 v _235_/Y (sky130_fd_sc_hd__nand3b_4)
                                         _163_ (net)
                  0.12    0.00    2.47 v rebuffer1/A (sky130_fd_sc_hd__buf_6)
     6    0.03    0.04    0.18    2.65 v rebuffer1/X (sky130_fd_sc_hd__buf_6)
                                         net28 (net)
                  0.04    0.00    2.65 v _243_/A2 (sky130_fd_sc_hd__a21oi_1)
     2    0.02    0.44    0.41    3.06 ^ _243_/Y (sky130_fd_sc_hd__a21oi_1)
                                         _001_ (net)
                  0.44    0.00    3.06 ^ _244_/A2 (sky130_fd_sc_hd__o21a_2)
     4    0.03    0.17    0.30    3.36 ^ _244_/X (sky130_fd_sc_hd__o21a_2)
                                         _002_ (net)
                  0.17    0.00    3.36 ^ _247_/A_N (sky130_fd_sc_hd__and3b_2)
     3    0.03    0.09    0.30    3.66 v _247_/X (sky130_fd_sc_hd__and3b_2)
                                         _005_ (net)
                  0.09    0.00    3.66 v _250_/A2 (sky130_fd_sc_hd__o21ai_4)
     4    0.03    0.27    0.27    3.93 ^ _250_/Y (sky130_fd_sc_hd__o21ai_4)
                                         _008_ (net)
                  0.27    0.00    3.93 ^ _336_/A1 (sky130_fd_sc_hd__a31o_1)
     1    0.03    0.32    0.40    4.33 ^ _336_/X (sky130_fd_sc_hd__a31o_1)
                                         _087_ (net)
                  0.32    0.01    4.34 ^ _337_/B (sky130_fd_sc_hd__nand2_1)
     1    0.02    0.17    0.22    4.56 v _337_/Y (sky130_fd_sc_hd__nand2_1)
                                         _088_ (net)
                  0.17    0.00    4.56 v _338_/C (sky130_fd_sc_hd__and3_1)
     1    0.01    0.05    0.26    4.82 v _338_/X (sky130_fd_sc_hd__and3_1)
                                         _089_ (net)
                  0.05    0.00    4.82 v _346_/A (sky130_fd_sc_hd__or3_1)
     1    0.01    0.13    0.47    5.29 v _346_/X (sky130_fd_sc_hd__or3_1)
                                         _097_ (net)
                  0.13    0.00    5.29 v _347_/A (sky130_fd_sc_hd__buf_1)
     1    0.02    0.09    0.19    5.47 v _347_/X (sky130_fd_sc_hd__buf_1)
                                         net24 (net)
                  0.09    0.00    5.48 v output24/A (sky130_fd_sc_hd__buf_2)
     1    0.03    0.09    0.21    5.69 v output24/X (sky130_fd_sc_hd__buf_2)
                                         out[4] (net)
                  0.09    0.00    5.69 v out[4] (out)
                                  5.69   data arrival time

                  0.00   10.00   10.00   clock __VIRTUAL_CLK__ (rise edge)
                          0.00   10.00   clock network delay (ideal)
                         -0.25    9.75   clock uncertainty
                          0.00    9.75   clock reconvergence pessimism
                         -2.00    7.75   output external delay
                                  7.75   data required time
-----------------------------------------------------------------------------
                                  7.75   data required time
                                 -5.69   data arrival time
-----------------------------------------------------------------------------
                                  2.06   slack (MET)


Startpoint: B[0] (input port clocked by __VIRTUAL_CLK__)
Endpoint: out[6] (output port clocked by __VIRTUAL_CLK__)
Path Group: __VIRTUAL_CLK__
Path Type: max
Corner: Typical

Fanout     Cap    Slew   Delay    Time   Description
-----------------------------------------------------------------------------
                  0.00    0.00    0.00   clock __VIRTUAL_CLK__ (rise edge)
                          0.00    0.00   clock network delay (ideal)
                          2.00    2.00 v input external delay
     1    0.00    0.01    0.01    2.01 v B[0] (in)
                                         B[0] (net)
                  0.01    0.00    2.01 v input9/A (sky130_fd_sc_hd__clkbuf_2)
     4    0.05    0.17    0.21    2.22 v input9/X (sky130_fd_sc_hd__clkbuf_2)
                                         net9 (net)
                  0.17    0.00    2.22 v _234_/A (sky130_fd_sc_hd__or2_4)
     4    0.04    0.10    0.38    2.59 v _234_/X (sky130_fd_sc_hd__or2_4)
                                         _162_ (net)
                  0.10    0.01    2.60 v _236_/A3 (sky130_fd_sc_hd__o31a_2)
     3    0.04    0.14    0.43    3.03 v _236_/X (sky130_fd_sc_hd__o31a_2)
                                         _164_ (net)
                  0.14    0.00    3.03 v _237_/B (sky130_fd_sc_hd__xnor2_2)
     2    0.04    0.52    0.47    3.51 ^ _237_/Y (sky130_fd_sc_hd__xnor2_2)
                                         _165_ (net)
                  0.52    0.01    3.51 ^ _255_/B (sky130_fd_sc_hd__or2_1)
     1    0.01    0.14    0.25    3.76 ^ _255_/X (sky130_fd_sc_hd__or2_1)
                                         _013_ (net)
                  0.14    0.00    3.76 ^ _256_/B (sky130_fd_sc_hd__nand2_1)
     2    0.03    0.18    0.20    3.96 v _256_/Y (sky130_fd_sc_hd__nand2_1)
                                         _014_ (net)
                  0.18    0.00    3.97 v _257_/C1 (sky130_fd_sc_hd__a311o_4)
     3    0.02    0.08    0.41    4.38 v _257_/X (sky130_fd_sc_hd__a311o_4)
                                         _015_ (net)
                  0.08    0.00    4.38 v rebuffer4/A (sky130_fd_sc_hd__dlymetal6s2s_1)
     3    0.02    0.09    0.21    4.59 v rebuffer4/X (sky130_fd_sc_hd__dlymetal6s2s_1)
                                         net31 (net)
                  0.09    0.00    4.59 v rebuffer5/A (sky130_fd_sc_hd__dlygate4sd1_1)
     1    0.00    0.03    0.26    4.85 v rebuffer5/X (sky130_fd_sc_hd__dlygate4sd1_1)
                                         net32 (net)
                  0.03    0.00    4.85 v _274_/A3 (sky130_fd_sc_hd__a31o_1)
     1    0.00    0.04    0.22    5.07 v _274_/X (sky130_fd_sc_hd__a31o_1)
                                         _031_ (net)
                  0.04    0.00    5.07 v _275_/B (sky130_fd_sc_hd__nand2_1)
     1    0.01    0.11    0.11    5.18 ^ _275_/Y (sky130_fd_sc_hd__nand2_1)
                                         _032_ (net)
                  0.11    0.00    5.18 ^ _291_/A1 (sky130_fd_sc_hd__a21o_1)
     1    0.02    0.19    0.25    5.43 ^ _291_/X (sky130_fd_sc_hd__a21o_1)
                                         net26 (net)
                  0.20    0.00    5.43 ^ output26/A (sky130_fd_sc_hd__buf_2)
     1    0.03    0.17    0.26    5.69 ^ output26/X (sky130_fd_sc_hd__buf_2)
                                         out[6] (net)
                  0.17    0.00    5.69 ^ out[6] (out)
                                  5.69   data arrival time

                  0.00   10.00   10.00   clock __VIRTUAL_CLK__ (rise edge)
                          0.00   10.00   clock network delay (ideal)
                         -0.25    9.75   clock uncertainty
                          0.00    9.75   clock reconvergence pessimism
                         -2.00    7.75   output external delay
                                  7.75   data required time
-----------------------------------------------------------------------------
                                  7.75   data required time
                                 -5.69   data arrival time
-----------------------------------------------------------------------------
                                  2.06   slack (MET)


Startpoint: opcode[0] (input port clocked by __VIRTUAL_CLK__)
Endpoint: out[1] (output port clocked by __VIRTUAL_CLK__)
Path Group: __VIRTUAL_CLK__
Path Type: max
Corner: Typical

Fanout     Cap    Slew   Delay    Time   Description
-----------------------------------------------------------------------------
                  0.00    0.00    0.00   clock __VIRTUAL_CLK__ (rise edge)
                          0.00    0.00   clock network delay (ideal)
                          2.00    2.00 v input external delay
     1    0.00    0.01    0.01    2.01 v opcode[0] (in)
                                         opcode[0] (net)
                  0.01    0.00    2.01 v input17/A (sky130_fd_sc_hd__clkbuf_2)
     5    0.04    0.16    0.20    2.20 v input17/X (sky130_fd_sc_hd__clkbuf_2)
                                         net17 (net)
                  0.16    0.00    2.21 v _235_/A_N (sky130_fd_sc_hd__nand3b_4)
     4    0.03    0.12    0.26    2.47 v _235_/Y (sky130_fd_sc_hd__nand3b_4)
                                         _163_ (net)
                  0.12    0.00    2.47 v rebuffer1/A (sky130_fd_sc_hd__buf_6)
     6    0.03    0.04    0.18    2.65 v rebuffer1/X (sky130_fd_sc_hd__buf_6)
                                         net28 (net)
                  0.04    0.00    2.65 v _243_/A2 (sky130_fd_sc_hd__a21oi_1)
     2    0.02    0.44    0.41    3.06 ^ _243_/Y (sky130_fd_sc_hd__a21oi_1)
                                         _001_ (net)
                  0.44    0.00    3.06 ^ _244_/A2 (sky130_fd_sc_hd__o21a_2)
     4    0.03    0.17    0.30    3.36 ^ _244_/X (sky130_fd_sc_hd__o21a_2)
                                         _002_ (net)
                  0.17    0.00    3.36 ^ _314_/A_N (sky130_fd_sc_hd__and2b_1)
     1    0.01    0.08    0.26    3.61 v _314_/X (sky130_fd_sc_hd__and2b_1)
                                         _068_ (net)
                  0.08    0.00    3.62 v _315_/A (sky130_fd_sc_hd__nor2_1)
     1    0.01    0.27    0.27    3.88 ^ _315_/Y (sky130_fd_sc_hd__nor2_1)
                                         _069_ (net)
                  0.27    0.00    3.88 ^ _316_/B (sky130_fd_sc_hd__or3b_1)
     1    0.03    0.30    0.35    4.24 ^ _316_/X (sky130_fd_sc_hd__or3b_1)
                                         _070_ (net)
                  0.30    0.01    4.25 ^ _317_/D_N (sky130_fd_sc_hd__or4b_1)
     1    0.01    0.13    0.56    4.81 v _317_/X (sky130_fd_sc_hd__or4b_1)
                                         _071_ (net)
                  0.13    0.00    4.81 v _318_/A (sky130_fd_sc_hd__buf_1)
     2    0.02    0.12    0.21    5.02 v _318_/X (sky130_fd_sc_hd__buf_1)
                                         net21 (net)
                  0.12    0.00    5.02 v output21/A (sky130_fd_sc_hd__buf_2)
     1    0.03    0.09    0.23    5.25 v output21/X (sky130_fd_sc_hd__buf_2)
                                         out[1] (net)
                  0.09    0.00    5.25 v out[1] (out)
                                  5.25   data arrival time

                  0.00   10.00   10.00   clock __VIRTUAL_CLK__ (rise edge)
                          0.00   10.00   clock network delay (ideal)
                         -0.25    9.75   clock uncertainty
                          0.00    9.75   clock reconvergence pessimism
                         -2.00    7.75   output external delay
                                  7.75   data required time
-----------------------------------------------------------------------------
                                  7.75   data required time
                                 -5.25   data arrival time
-----------------------------------------------------------------------------
                                  2.50   slack (MET)


Startpoint: opcode[0] (input port clocked by __VIRTUAL_CLK__)
Endpoint: out[3] (output port clocked by __VIRTUAL_CLK__)
Path Group: __VIRTUAL_CLK__
Path Type: max
Corner: Typical

Fanout     Cap    Slew   Delay    Time   Description
-----------------------------------------------------------------------------
                  0.00    0.00    0.00   clock __VIRTUAL_CLK__ (rise edge)
                          0.00    0.00   clock network delay (ideal)
                          2.00    2.00 v input external delay
     1    0.00    0.01    0.01    2.01 v opcode[0] (in)
                                         opcode[0] (net)
                  0.01    0.00    2.01 v input17/A (sky130_fd_sc_hd__clkbuf_2)
     5    0.04    0.16    0.20    2.20 v input17/X (sky130_fd_sc_hd__clkbuf_2)
                                         net17 (net)
                  0.16    0.00    2.21 v _235_/A_N (sky130_fd_sc_hd__nand3b_4)
     4    0.03    0.12    0.26    2.47 v _235_/Y (sky130_fd_sc_hd__nand3b_4)
                                         _163_ (net)
                  0.12    0.00    2.47 v rebuffer1/A (sky130_fd_sc_hd__buf_6)
     6    0.03    0.04    0.18    2.65 v rebuffer1/X (sky130_fd_sc_hd__buf_6)
                                         net28 (net)
                  0.04    0.00    2.65 v _243_/A2 (sky130_fd_sc_hd__a21oi_1)
     2    0.02    0.44    0.41    3.06 ^ _243_/Y (sky130_fd_sc_hd__a21oi_1)
                                         _001_ (net)
                  0.44    0.00    3.06 ^ _244_/A2 (sky130_fd_sc_hd__o21a_2)
     4    0.03    0.17    0.30    3.36 ^ _244_/X (sky130_fd_sc_hd__o21a_2)
                                         _002_ (net)
                  0.17    0.00    3.36 ^ _247_/A_N (sky130_fd_sc_hd__and3b_2)
     3    0.03    0.09    0.30    3.66 v _247_/X (sky130_fd_sc_hd__and3b_2)
                                         _005_ (net)
                  0.09    0.00    3.66 v _250_/A2 (sky130_fd_sc_hd__o21ai_4)
     4    0.03    0.27    0.27    3.93 ^ _250_/Y (sky130_fd_sc_hd__o21ai_4)
                                         _008_ (net)
                  0.27    0.00    3.93 ^ _328_/B (sky130_fd_sc_hd__nand2_1)
     1    0.01    0.14    0.18    4.11 v _328_/Y (sky130_fd_sc_hd__nand2_1)
                                         _080_ (net)
                  0.14    0.00    4.11 v _329_/B (sky130_fd_sc_hd__xnor2_1)
     1    0.02    0.36    0.37    4.48 ^ _329_/Y (sky130_fd_sc_hd__xnor2_1)
                                         _081_ (net)
                  0.36    0.00    4.48 ^ _335_/A2 (sky130_fd_sc_hd__a221o_1)
     1    0.02    0.18    0.33    4.81 ^ _335_/X (sky130_fd_sc_hd__a221o_1)
                                         net23 (net)
                  0.18    0.00    4.81 ^ output23/A (sky130_fd_sc_hd__buf_2)
     1    0.03    0.17    0.25    5.06 ^ output23/X (sky130_fd_sc_hd__buf_2)
                                         out[3] (net)
                  0.17    0.00    5.06 ^ out[3] (out)
                                  5.06   data arrival time

                  0.00   10.00   10.00   clock __VIRTUAL_CLK__ (rise edge)
                          0.00   10.00   clock network delay (ideal)
                         -0.25    9.75   clock uncertainty
                          0.00    9.75   clock reconvergence pessimism
                         -2.00    7.75   output external delay
                                  7.75   data required time
-----------------------------------------------------------------------------
                                  7.75   data required time
                                 -5.06   data arrival time
-----------------------------------------------------------------------------
                                  2.69   slack (MET)


Startpoint: opcode[1] (input port clocked by __VIRTUAL_CLK__)
Endpoint: out[2] (output port clocked by __VIRTUAL_CLK__)
Path Group: __VIRTUAL_CLK__
Path Type: max
Corner: Typical

Fanout     Cap    Slew   Delay    Time   Description
-----------------------------------------------------------------------------
                  0.00    0.00    0.00   clock __VIRTUAL_CLK__ (rise edge)
                          0.00    0.00   clock network delay (ideal)
                          2.00    2.00 ^ input external delay
     1    0.00    0.03    0.02    2.02 ^ opcode[1] (in)
                                         opcode[1] (net)
                  0.03    0.00    2.02 ^ input18/A (sky130_fd_sc_hd__buf_2)
     6    0.05    0.26    0.26    2.28 ^ input18/X (sky130_fd_sc_hd__buf_2)
                                         net18 (net)
                  0.26    0.00    2.28 ^ _229_/C_N (sky130_fd_sc_hd__or3b_1)
     1    0.02    0.16    0.51    2.80 v _229_/X (sky130_fd_sc_hd__or3b_1)
                                         _157_ (net)
                  0.16    0.00    2.80 v _230_/A (sky130_fd_sc_hd__buf_2)
     7    0.04    0.10    0.25    3.05 v _230_/X (sky130_fd_sc_hd__buf_2)
                                         _158_ (net)
                  0.10    0.00    3.06 v _321_/B1 (sky130_fd_sc_hd__a21oi_1)
     1    0.03    0.63    0.54    3.60 ^ _321_/Y (sky130_fd_sc_hd__a21oi_1)
                                         _074_ (net)
                  0.63    0.01    3.61 ^ _322_/B2 (sky130_fd_sc_hd__o22a_1)
     1    0.01    0.15    0.29    3.90 ^ _322_/X (sky130_fd_sc_hd__o22a_1)
                                         _075_ (net)
                  0.15    0.00    3.90 ^ _324_/B1 (sky130_fd_sc_hd__a311o_1)
     1    0.01    0.14    0.21    4.12 ^ _324_/X (sky130_fd_sc_hd__a311o_1)
                                         _077_ (net)
                  0.14    0.00    4.12 ^ _325_/B1_N (sky130_fd_sc_hd__o21bai_1)
     1    0.01    0.21    0.17    4.29 ^ _325_/Y (sky130_fd_sc_hd__o21bai_1)
                                         _078_ (net)
                  0.21    0.00    4.29 ^ _326_/B1 (sky130_fd_sc_hd__a31o_1)
     1    0.02    0.18    0.24    4.53 ^ _326_/X (sky130_fd_sc_hd__a31o_1)
                                         net22 (net)
                  0.18    0.00    4.53 ^ output22/A (sky130_fd_sc_hd__buf_2)
     1    0.03    0.17    0.25    4.79 ^ output22/X (sky130_fd_sc_hd__buf_2)
                                         out[2] (net)
                  0.17    0.00    4.79 ^ out[2] (out)
                                  4.79   data arrival time

                  0.00   10.00   10.00   clock __VIRTUAL_CLK__ (rise edge)
                          0.00   10.00   clock network delay (ideal)
                         -0.25    9.75   clock uncertainty
                          0.00    9.75   clock reconvergence pessimism
                         -2.00    7.75   output external delay
                                  7.75   data required time
-----------------------------------------------------------------------------
                                  7.75   data required time
                                 -4.79   data arrival time
-----------------------------------------------------------------------------
                                  2.96   slack (MET)


Startpoint: opcode[0] (input port clocked by __VIRTUAL_CLK__)
Endpoint: out[0] (output port clocked by __VIRTUAL_CLK__)
Path Group: __VIRTUAL_CLK__
Path Type: max
Corner: Typical

Fanout     Cap    Slew   Delay    Time   Description
-----------------------------------------------------------------------------
                  0.00    0.00    0.00   clock __VIRTUAL_CLK__ (rise edge)
                          0.00    0.00   clock network delay (ideal)
                          2.00    2.00 v input external delay
     1    0.00    0.01    0.01    2.01 v opcode[0] (in)
                                         opcode[0] (net)
                  0.01    0.00    2.01 v input17/A (sky130_fd_sc_hd__clkbuf_2)
     5    0.04    0.16    0.20    2.20 v input17/X (sky130_fd_sc_hd__clkbuf_2)
                                         net17 (net)
                  0.16    0.01    2.21 v _171_/A (sky130_fd_sc_hd__or2_2)
     4    0.04    0.14    0.47    2.68 v _171_/X (sky130_fd_sc_hd__or2_2)
                                         _099_ (net)
                  0.14    0.00    2.68 v _224_/B (sky130_fd_sc_hd__or2_1)
     1    0.01    0.07    0.28    2.97 v _224_/X (sky130_fd_sc_hd__or2_1)
                                         _152_ (net)
                  0.07    0.00    2.97 v _225_/A (sky130_fd_sc_hd__clkbuf_4)
     8    0.06    0.13    0.24    3.21 v _225_/X (sky130_fd_sc_hd__clkbuf_4)
                                         _153_ (net)
                  0.14    0.01    3.22 v _306_/A2 (sky130_fd_sc_hd__o21ai_1)
     1    0.01    0.18    0.22    3.43 ^ _306_/Y (sky130_fd_sc_hd__o21ai_1)
                                         _061_ (net)
                  0.18    0.00    3.43 ^ _307_/B1 (sky130_fd_sc_hd__a31o_1)
     2    0.03    0.25    0.29    3.72 ^ _307_/X (sky130_fd_sc_hd__a31o_1)
                                         net20 (net)
                  0.25    0.00    3.72 ^ output20/A (sky130_fd_sc_hd__buf_2)
     1    0.03    0.17    0.27    4.00 ^ output20/X (sky130_fd_sc_hd__buf_2)
                                         out[0] (net)
                  0.17    0.00    4.00 ^ out[0] (out)
                                  4.00   data arrival time

                  0.00   10.00   10.00   clock __VIRTUAL_CLK__ (rise edge)
                          0.00   10.00   clock network delay (ideal)
                         -0.25    9.75   clock uncertainty
                          0.00    9.75   clock reconvergence pessimism
                         -2.00    7.75   output external delay
                                  7.75   data required time
-----------------------------------------------------------------------------
                                  7.75   data required time
                                 -4.00   data arrival time
-----------------------------------------------------------------------------
                                  3.75   slack (MET)



worst slack corner Typical: 1.9342
