OpenROAD b16bda7e82721d10566ff7e2b68f1ff0be9f9e38 
Features included (+) or not (-): +Charts +GPU +GUI +Python
This program is licensed under the BSD-3 license. See the LICENSE file for details.
Components of this program may be licensed under more restrictive licenses which must be honored.
define_corners Typical
read_liberty -corner Typical /Users/Dide/.volare/sky130A/libs.ref/sky130_fd_sc_hd/lib/sky130_fd_sc_hd__tt_025C_1v80.lib
Using 1e-12 for capacitance...
Using 1e+03 for resistance...
Using 1e-09 for time...
Using 1e+00 for voltage...
Using 1e-03 for current...
Using 1e-09 for power...
Using 1e-06 for distance...
[INFO]: Reading ODB at '/openlane/designs/lab2/runs/RUN_2025.05.04_21.05.55/tmp/16-lab2_behavE.odb'…
Reading design constraints file at '/openlane/scripts/base.sdc'…
[INFO]: Setting output delay to: 2.0
[INFO]: Setting input delay to: 2.0
[WARNING STA-0366] port '__VIRTUAL_CLK__' not found.
[INFO]: Setting load to: 0.033442
[INFO]: Setting clock uncertainty to: 0.25
[INFO]: Setting clock transition to: 0.15
[WARNING STA-0419] transition time can not be specified for virtual clocks.
[INFO]: Setting timing derate to: 5.0 %
[INFO]: Propagating all clocks
[WARNING STA-0450] virtual clock __VIRTUAL_CLK__ can not be propagated.
[INFO]: Setting RC values...
[WARNING GRT-0026] Missing route to pin _272_/X.
min_report

===========================================================================
report_checks -path_delay min (Hold)
============================================================================
======================= Typical Corner ===================================

Startpoint: A[5] (input port clocked by __VIRTUAL_CLK__)
Endpoint: out[5] (output port clocked by __VIRTUAL_CLK__)
Path Group: __VIRTUAL_CLK__
Path Type: min

Fanout     Cap    Slew   Delay    Time   Description
-----------------------------------------------------------------------------
                  0.00    0.00    0.00   clock __VIRTUAL_CLK__ (rise edge)
                          0.00    0.00   clock network delay (ideal)
                          2.00    2.00 ^ input external delay
     1    0.00    0.02    0.01    2.01 ^ A[5] (in)
                                         A[5] (net)
                  0.02    0.00    2.01 ^ input6/A (sky130_fd_sc_hd__buf_2)
     6    0.02    0.09    0.12    2.13 ^ input6/X (sky130_fd_sc_hd__buf_2)
                                         net6 (net)
                  0.09    0.00    2.13 ^ _233_/A2 (sky130_fd_sc_hd__a311o_1)
     1    0.00    0.05    0.15    2.29 ^ _233_/X (sky130_fd_sc_hd__a311o_1)
                                         _161_ (net)
                  0.05    0.00    2.29 ^ _267_/B1 (sky130_fd_sc_hd__a211o_1)
     1    0.00    0.03    0.08    2.36 ^ _267_/X (sky130_fd_sc_hd__a211o_1)
                                         net25 (net)
                  0.03    0.00    2.36 ^ output25/A (sky130_fd_sc_hd__buf_2)
     1    0.03    0.17    0.18    2.55 ^ output25/X (sky130_fd_sc_hd__buf_2)
                                         out[5] (net)
                  0.17    0.00    2.55 ^ out[5] (out)
                                  2.55   data arrival time

                  0.00    0.00    0.00   clock __VIRTUAL_CLK__ (rise edge)
                          0.00    0.00   clock network delay (ideal)
                          0.25    0.25   clock uncertainty
                          0.00    0.25   clock reconvergence pessimism
                         -2.00   -1.75   output external delay
                                 -1.75   data required time
-----------------------------------------------------------------------------
                                 -1.75   data required time
                                 -2.55   data arrival time
-----------------------------------------------------------------------------
                                  4.30   slack (MET)


Startpoint: A[0] (input port clocked by __VIRTUAL_CLK__)
Endpoint: out[0] (output port clocked by __VIRTUAL_CLK__)
Path Group: __VIRTUAL_CLK__
Path Type: min

Fanout     Cap    Slew   Delay    Time   Description
-----------------------------------------------------------------------------
                  0.00    0.00    0.00   clock __VIRTUAL_CLK__ (rise edge)
                          0.00    0.00   clock network delay (ideal)
                          2.00    2.00 ^ input external delay
     1    0.00    0.02    0.01    2.01 ^ A[0] (in)
                                         A[0] (net)
                  0.02    0.00    2.01 ^ input1/A (sky130_fd_sc_hd__buf_1)
     2    0.01    0.07    0.09    2.10 ^ input1/X (sky130_fd_sc_hd__buf_1)
                                         net1 (net)
                  0.07    0.00    2.10 ^ _190_/A (sky130_fd_sc_hd__clkbuf_4)
    10    0.03    0.09    0.17    2.26 ^ _190_/X (sky130_fd_sc_hd__clkbuf_4)
                                         _118_ (net)
                  0.09    0.00    2.26 ^ _307_/A2 (sky130_fd_sc_hd__a31o_1)
     1    0.00    0.03    0.13    2.39 ^ _307_/X (sky130_fd_sc_hd__a31o_1)
                                         net20 (net)
                  0.03    0.00    2.39 ^ output20/A (sky130_fd_sc_hd__buf_2)
     1    0.03    0.17    0.18    2.57 ^ output20/X (sky130_fd_sc_hd__buf_2)
                                         out[0] (net)
                  0.17    0.00    2.57 ^ out[0] (out)
                                  2.57   data arrival time

                  0.00    0.00    0.00   clock __VIRTUAL_CLK__ (rise edge)
                          0.00    0.00   clock network delay (ideal)
                          0.25    0.25   clock uncertainty
                          0.00    0.25   clock reconvergence pessimism
                         -2.00   -1.75   output external delay
                                 -1.75   data required time
-----------------------------------------------------------------------------
                                 -1.75   data required time
                                 -2.57   data arrival time
-----------------------------------------------------------------------------
                                  4.32   slack (MET)


Startpoint: A[6] (input port clocked by __VIRTUAL_CLK__)
Endpoint: out[6] (output port clocked by __VIRTUAL_CLK__)
Path Group: __VIRTUAL_CLK__
Path Type: min

Fanout     Cap    Slew   Delay    Time   Description
-----------------------------------------------------------------------------
                  0.00    0.00    0.00   clock __VIRTUAL_CLK__ (rise edge)
                          0.00    0.00   clock network delay (ideal)
                          2.00    2.00 v input external delay
     1    0.00    0.01    0.00    2.00 v A[6] (in)
                                         A[6] (net)
                  0.01    0.00    2.00 v input7/A (sky130_fd_sc_hd__buf_2)
     5    0.01    0.04    0.12    2.12 v input7/X (sky130_fd_sc_hd__buf_2)
                                         net7 (net)
                  0.04    0.00    2.12 v _289_/A1 (sky130_fd_sc_hd__o211ai_2)
     1    0.00    0.05    0.14    2.26 ^ _289_/Y (sky130_fd_sc_hd__o211ai_2)
                                         _046_ (net)
                  0.05    0.00    2.26 ^ _290_/B1 (sky130_fd_sc_hd__a31o_1)
     1    0.01    0.06    0.10    2.36 ^ _290_/X (sky130_fd_sc_hd__a31o_1)
                                         _047_ (net)
                  0.06    0.00    2.36 ^ _291_/B1 (sky130_fd_sc_hd__a21o_1)
     1    0.00    0.05    0.09    2.44 ^ _291_/X (sky130_fd_sc_hd__a21o_1)
                                         net26 (net)
                  0.05    0.00    2.44 ^ output26/A (sky130_fd_sc_hd__buf_2)
     1    0.03    0.17    0.19    2.63 ^ output26/X (sky130_fd_sc_hd__buf_2)
                                         out[6] (net)
                  0.17    0.00    2.63 ^ out[6] (out)
                                  2.63   data arrival time

                  0.00    0.00    0.00   clock __VIRTUAL_CLK__ (rise edge)
                          0.00    0.00   clock network delay (ideal)
                          0.25    0.25   clock uncertainty
                          0.00    0.25   clock reconvergence pessimism
                         -2.00   -1.75   output external delay
                                 -1.75   data required time
-----------------------------------------------------------------------------
                                 -1.75   data required time
                                 -2.63   data arrival time
-----------------------------------------------------------------------------
                                  4.38   slack (MET)


Startpoint: A[6] (input port clocked by __VIRTUAL_CLK__)
Endpoint: out[7] (output port clocked by __VIRTUAL_CLK__)
Path Group: __VIRTUAL_CLK__
Path Type: min

Fanout     Cap    Slew   Delay    Time   Description
-----------------------------------------------------------------------------
                  0.00    0.00    0.00   clock __VIRTUAL_CLK__ (rise edge)
                          0.00    0.00   clock network delay (ideal)
                          2.00    2.00 ^ input external delay
     1    0.00    0.02    0.01    2.01 ^ A[6] (in)
                                         A[6] (net)
                  0.02    0.00    2.01 ^ input7/A (sky130_fd_sc_hd__buf_2)
     5    0.01    0.08    0.11    2.13 ^ input7/X (sky130_fd_sc_hd__buf_2)
                                         net7 (net)
                  0.08    0.00    2.13 ^ _270_/A (sky130_fd_sc_hd__and2_1)
     3    0.01    0.08    0.14    2.27 ^ _270_/X (sky130_fd_sc_hd__and2_1)
                                         _027_ (net)
                  0.08    0.00    2.27 ^ _295_/A1 (sky130_fd_sc_hd__o21ai_1)
     1    0.00    0.04    0.07    2.33 v _295_/Y (sky130_fd_sc_hd__o21ai_1)
                                         _051_ (net)
                  0.04    0.00    2.33 v _302_/A2 (sky130_fd_sc_hd__a31o_1)
     1    0.00    0.03    0.18    2.51 v _302_/X (sky130_fd_sc_hd__a31o_1)
                                         net27 (net)
                  0.03    0.00    2.51 v output27/A (sky130_fd_sc_hd__buf_2)
     1    0.03    0.09    0.16    2.67 v output27/X (sky130_fd_sc_hd__buf_2)
                                         out[7] (net)
                  0.09    0.00    2.67 v out[7] (out)
                                  2.67   data arrival time

                  0.00    0.00    0.00   clock __VIRTUAL_CLK__ (rise edge)
                          0.00    0.00   clock network delay (ideal)
                          0.25    0.25   clock uncertainty
                          0.00    0.25   clock reconvergence pessimism
                         -2.00   -1.75   output external delay
                                 -1.75   data required time
-----------------------------------------------------------------------------
                                 -1.75   data required time
                                 -2.67   data arrival time
-----------------------------------------------------------------------------
                                  4.42   slack (MET)


Startpoint: B[3] (input port clocked by __VIRTUAL_CLK__)
Endpoint: out[3] (output port clocked by __VIRTUAL_CLK__)
Path Group: __VIRTUAL_CLK__
Path Type: min

Fanout     Cap    Slew   Delay    Time   Description
-----------------------------------------------------------------------------
                  0.00    0.00    0.00   clock __VIRTUAL_CLK__ (rise edge)
                          0.00    0.00   clock network delay (ideal)
                          2.00    2.00 ^ input external delay
     1    0.00    0.02    0.01    2.01 ^ B[3] (in)
                                         B[3] (net)
                  0.02    0.00    2.01 ^ input12/A (sky130_fd_sc_hd__clkbuf_2)
     3    0.01    0.06    0.10    2.12 ^ input12/X (sky130_fd_sc_hd__clkbuf_2)
                                         net12 (net)
                  0.06    0.00    2.12 ^ _191_/A (sky130_fd_sc_hd__buf_4)
    10    0.03    0.11    0.15    2.27 ^ _191_/X (sky130_fd_sc_hd__buf_4)
                                         _119_ (net)
                  0.11    0.00    2.27 ^ _334_/A1 (sky130_fd_sc_hd__a311o_1)
     1    0.00    0.04    0.15    2.42 ^ _334_/X (sky130_fd_sc_hd__a311o_1)
                                         _086_ (net)
                  0.04    0.00    2.42 ^ _335_/C1 (sky130_fd_sc_hd__a221o_1)
     1    0.00    0.03    0.08    2.51 ^ _335_/X (sky130_fd_sc_hd__a221o_1)
                                         net23 (net)
                  0.03    0.00    2.51 ^ output23/A (sky130_fd_sc_hd__buf_2)
     1    0.03    0.17    0.18    2.69 ^ output23/X (sky130_fd_sc_hd__buf_2)
                                         out[3] (net)
                  0.17    0.00    2.69 ^ out[3] (out)
                                  2.69   data arrival time

                  0.00    0.00    0.00   clock __VIRTUAL_CLK__ (rise edge)
                          0.00    0.00   clock network delay (ideal)
                          0.25    0.25   clock uncertainty
                          0.00    0.25   clock reconvergence pessimism
                         -2.00   -1.75   output external delay
                                 -1.75   data required time
-----------------------------------------------------------------------------
                                 -1.75   data required time
                                 -2.69   data arrival time
-----------------------------------------------------------------------------
                                  4.44   slack (MET)


Startpoint: B[4] (input port clocked by __VIRTUAL_CLK__)
Endpoint: out[4] (output port clocked by __VIRTUAL_CLK__)
Path Group: __VIRTUAL_CLK__
Path Type: min

Fanout     Cap    Slew   Delay    Time   Description
-----------------------------------------------------------------------------
                  0.00    0.00    0.00   clock __VIRTUAL_CLK__ (rise edge)
                          0.00    0.00   clock network delay (ideal)
                          2.00    2.00 ^ input external delay
     1    0.00    0.02    0.01    2.01 ^ B[4] (in)
                                         B[4] (net)
                  0.02    0.00    2.01 ^ input13/A (sky130_fd_sc_hd__clkbuf_4)
     6    0.02    0.08    0.14    2.15 ^ input13/X (sky130_fd_sc_hd__clkbuf_4)
                                         net13 (net)
                  0.08    0.00    2.15 ^ _341_/A1 (sky130_fd_sc_hd__a31o_1)
     1    0.01    0.07    0.15    2.31 ^ _341_/X (sky130_fd_sc_hd__a31o_1)
                                         _092_ (net)
                  0.07    0.00    2.31 ^ _346_/B (sky130_fd_sc_hd__or3_1)
     1    0.00    0.03    0.09    2.40 ^ _346_/X (sky130_fd_sc_hd__or3_1)
                                         _097_ (net)
                  0.03    0.00    2.40 ^ _347_/A (sky130_fd_sc_hd__buf_1)
     1    0.01    0.10    0.11    2.51 ^ _347_/X (sky130_fd_sc_hd__buf_1)
                                         net24 (net)
                  0.10    0.00    2.51 ^ output24/A (sky130_fd_sc_hd__buf_2)
     1    0.03    0.17    0.21    2.72 ^ output24/X (sky130_fd_sc_hd__buf_2)
                                         out[4] (net)
                  0.17    0.00    2.72 ^ out[4] (out)
                                  2.72   data arrival time

                  0.00    0.00    0.00   clock __VIRTUAL_CLK__ (rise edge)
                          0.00    0.00   clock network delay (ideal)
                          0.25    0.25   clock uncertainty
                          0.00    0.25   clock reconvergence pessimism
                         -2.00   -1.75   output external delay
                                 -1.75   data required time
-----------------------------------------------------------------------------
                                 -1.75   data required time
                                 -2.72   data arrival time
-----------------------------------------------------------------------------
                                  4.47   slack (MET)


Startpoint: opcode[2] (input port clocked by __VIRTUAL_CLK__)
Endpoint: out[2] (output port clocked by __VIRTUAL_CLK__)
Path Group: __VIRTUAL_CLK__
Path Type: min

Fanout     Cap    Slew   Delay    Time   Description
-----------------------------------------------------------------------------
                  0.00    0.00    0.00   clock __VIRTUAL_CLK__ (rise edge)
                          0.00    0.00   clock network delay (ideal)
                          2.00    2.00 v input external delay
     1    0.00    0.01    0.01    2.01 v opcode[2] (in)
                                         opcode[2] (net)
                  0.01    0.00    2.01 v input19/A (sky130_fd_sc_hd__clkbuf_4)
     6    0.03    0.07    0.15    2.15 v input19/X (sky130_fd_sc_hd__clkbuf_4)
                                         net19 (net)
                  0.07    0.00    2.15 v _265_/A (sky130_fd_sc_hd__and3_2)
     7    0.03    0.09    0.23    2.38 v _265_/X (sky130_fd_sc_hd__and3_2)
                                         _023_ (net)
                  0.10    0.00    2.39 v _326_/A2 (sky130_fd_sc_hd__a31o_1)
     1    0.00    0.03    0.20    2.59 v _326_/X (sky130_fd_sc_hd__a31o_1)
                                         net22 (net)
                  0.03    0.00    2.59 v output22/A (sky130_fd_sc_hd__buf_2)
     1    0.03    0.09    0.16    2.75 v output22/X (sky130_fd_sc_hd__buf_2)
                                         out[2] (net)
                  0.09    0.00    2.75 v out[2] (out)
                                  2.75   data arrival time

                  0.00    0.00    0.00   clock __VIRTUAL_CLK__ (rise edge)
                          0.00    0.00   clock network delay (ideal)
                          0.25    0.25   clock uncertainty
                          0.00    0.25   clock reconvergence pessimism
                         -2.00   -1.75   output external delay
                                 -1.75   data required time
-----------------------------------------------------------------------------
                                 -1.75   data required time
                                 -2.75   data arrival time
-----------------------------------------------------------------------------
                                  4.50   slack (MET)


Startpoint: B[1] (input port clocked by __VIRTUAL_CLK__)
Endpoint: out[1] (output port clocked by __VIRTUAL_CLK__)
Path Group: __VIRTUAL_CLK__
Path Type: min

Fanout     Cap    Slew   Delay    Time   Description
-----------------------------------------------------------------------------
                  0.00    0.00    0.00   clock __VIRTUAL_CLK__ (rise edge)
                          0.00    0.00   clock network delay (ideal)
                          2.00    2.00 ^ input external delay
     1    0.00    0.02    0.01    2.01 ^ B[1] (in)
                                         B[1] (net)
                  0.02    0.00    2.01 ^ input10/A (sky130_fd_sc_hd__clkbuf_2)
     5    0.01    0.07    0.11    2.12 ^ input10/X (sky130_fd_sc_hd__clkbuf_2)
                                         net10 (net)
                  0.07    0.00    2.12 ^ _175_/A (sky130_fd_sc_hd__buf_4)
    10    0.03    0.10    0.15    2.27 ^ _175_/X (sky130_fd_sc_hd__buf_4)
                                         _103_ (net)
                  0.10    0.00    2.27 ^ _309_/A2 (sky130_fd_sc_hd__o22a_1)
     1    0.00    0.04    0.12    2.40 ^ _309_/X (sky130_fd_sc_hd__o22a_1)
                                         _063_ (net)
                  0.04    0.00    2.40 ^ _317_/A (sky130_fd_sc_hd__or4b_1)
     1    0.01    0.07    0.11    2.51 ^ _317_/X (sky130_fd_sc_hd__or4b_1)
                                         _071_ (net)
                  0.07    0.00    2.51 ^ _318_/A (sky130_fd_sc_hd__buf_1)
     1    0.01    0.13    0.14    2.65 ^ _318_/X (sky130_fd_sc_hd__buf_1)
                                         net21 (net)
                  0.13    0.00    2.65 ^ output21/A (sky130_fd_sc_hd__buf_2)
     1    0.03    0.17    0.22    2.87 ^ output21/X (sky130_fd_sc_hd__buf_2)
                                         out[1] (net)
                  0.17    0.00    2.87 ^ out[1] (out)
                                  2.87   data arrival time

                  0.00    0.00    0.00   clock __VIRTUAL_CLK__ (rise edge)
                          0.00    0.00   clock network delay (ideal)
                          0.25    0.25   clock uncertainty
                          0.00    0.25   clock reconvergence pessimism
                         -2.00   -1.75   output external delay
                                 -1.75   data required time
-----------------------------------------------------------------------------
                                 -1.75   data required time
                                 -2.87   data arrival time
-----------------------------------------------------------------------------
                                  4.62   slack (MET)



worst slack corner Typical: 4.2984
min_report_end
max_report

===========================================================================
report_checks -path_delay max (Setup)
============================================================================
======================= Typical Corner ===================================

Startpoint: opcode[0] (input port clocked by __VIRTUAL_CLK__)
Endpoint: out[6] (output port clocked by __VIRTUAL_CLK__)
Path Group: __VIRTUAL_CLK__
Path Type: max

Fanout     Cap    Slew   Delay    Time   Description
-----------------------------------------------------------------------------
                  0.00    0.00    0.00   clock __VIRTUAL_CLK__ (rise edge)
                          0.00    0.00   clock network delay (ideal)
                          2.00    2.00 v input external delay
     1    0.00    0.01    0.01    2.01 v opcode[0] (in)
                                         opcode[0] (net)
                  0.01    0.00    2.01 v input17/A (sky130_fd_sc_hd__clkbuf_2)
     5    0.03    0.10    0.16    2.16 v input17/X (sky130_fd_sc_hd__clkbuf_2)
                                         net17 (net)
                  0.10    0.00    2.16 v _235_/A_N (sky130_fd_sc_hd__nand3b_4)
     4    0.02    0.09    0.22    2.38 v _235_/Y (sky130_fd_sc_hd__nand3b_4)
                                         _163_ (net)
                  0.09    0.00    2.38 v rebuffer1/A (sky130_fd_sc_hd__buf_6)
     6    0.01    0.03    0.15    2.53 v rebuffer1/X (sky130_fd_sc_hd__buf_6)
                                         net28 (net)
                  0.03    0.00    2.53 v rebuffer3/A (sky130_fd_sc_hd__buf_2)
     1    0.00    0.03    0.12    2.64 v rebuffer3/X (sky130_fd_sc_hd__buf_2)
                                         net30 (net)
                  0.03    0.00    2.64 v _236_/B1 (sky130_fd_sc_hd__o31a_2)
     3    0.02    0.10    0.15    2.79 v _236_/X (sky130_fd_sc_hd__o31a_2)
                                         _164_ (net)
                  0.10    0.00    2.80 v _237_/B (sky130_fd_sc_hd__xnor2_2)
     2    0.01    0.22    0.23    3.03 ^ _237_/Y (sky130_fd_sc_hd__xnor2_2)
                                         _165_ (net)
                  0.22    0.00    3.03 ^ _255_/B (sky130_fd_sc_hd__or2_1)
     1    0.01    0.09    0.18    3.20 ^ _255_/X (sky130_fd_sc_hd__or2_1)
                                         _013_ (net)
                  0.09    0.00    3.21 ^ _256_/B (sky130_fd_sc_hd__nand2_1)
     2    0.01    0.06    0.08    3.29 v _256_/Y (sky130_fd_sc_hd__nand2_1)
                                         _014_ (net)
                  0.06    0.00    3.29 v _257_/C1 (sky130_fd_sc_hd__a311o_4)
     3    0.01    0.07    0.35    3.63 v _257_/X (sky130_fd_sc_hd__a311o_4)
                                         _015_ (net)
                  0.07    0.00    3.63 v rebuffer4/A (sky130_fd_sc_hd__dlymetal6s2s_1)
     3    0.01    0.05    0.17    3.80 v rebuffer4/X (sky130_fd_sc_hd__dlymetal6s2s_1)
                                         net31 (net)
                  0.05    0.00    3.80 v rebuffer5/A (sky130_fd_sc_hd__dlygate4sd1_1)
     1    0.00    0.03    0.24    4.04 v rebuffer5/X (sky130_fd_sc_hd__dlygate4sd1_1)
                                         net32 (net)
                  0.03    0.00    4.04 v _274_/A3 (sky130_fd_sc_hd__a31o_1)
     1    0.00    0.04    0.22    4.26 v _274_/X (sky130_fd_sc_hd__a31o_1)
                                         _031_ (net)
                  0.04    0.00    4.26 v _275_/B (sky130_fd_sc_hd__nand2_1)
     1    0.01    0.07    0.08    4.35 ^ _275_/Y (sky130_fd_sc_hd__nand2_1)
                                         _032_ (net)
                  0.07    0.00    4.35 ^ _291_/A1 (sky130_fd_sc_hd__a21o_1)
     1    0.00    0.05    0.12    4.47 ^ _291_/X (sky130_fd_sc_hd__a21o_1)
                                         net26 (net)
                  0.05    0.00    4.47 ^ output26/A (sky130_fd_sc_hd__buf_2)
     1    0.03    0.17    0.21    4.68 ^ output26/X (sky130_fd_sc_hd__buf_2)
                                         out[6] (net)
                  0.17    0.00    4.68 ^ out[6] (out)
                                  4.68   data arrival time

                  0.00   10.00   10.00   clock __VIRTUAL_CLK__ (rise edge)
                          0.00   10.00   clock network delay (ideal)
                         -0.25    9.75   clock uncertainty
                          0.00    9.75   clock reconvergence pessimism
                         -2.00    7.75   output external delay
                                  7.75   data required time
-----------------------------------------------------------------------------
                                  7.75   data required time
                                 -4.68   data arrival time
-----------------------------------------------------------------------------
                                  3.07   slack (MET)


Startpoint: opcode[0] (input port clocked by __VIRTUAL_CLK__)
Endpoint: out[5] (output port clocked by __VIRTUAL_CLK__)
Path Group: __VIRTUAL_CLK__
Path Type: max

Fanout     Cap    Slew   Delay    Time   Description
-----------------------------------------------------------------------------
                  0.00    0.00    0.00   clock __VIRTUAL_CLK__ (rise edge)
                          0.00    0.00   clock network delay (ideal)
                          2.00    2.00 v input external delay
     1    0.00    0.01    0.01    2.01 v opcode[0] (in)
                                         opcode[0] (net)
                  0.01    0.00    2.01 v input17/A (sky130_fd_sc_hd__clkbuf_2)
     5    0.03    0.10    0.16    2.16 v input17/X (sky130_fd_sc_hd__clkbuf_2)
                                         net17 (net)
                  0.10    0.00    2.16 v _235_/A_N (sky130_fd_sc_hd__nand3b_4)
     4    0.02    0.09    0.22    2.38 v _235_/Y (sky130_fd_sc_hd__nand3b_4)
                                         _163_ (net)
                  0.09    0.00    2.38 v rebuffer1/A (sky130_fd_sc_hd__buf_6)
     6    0.01    0.03    0.15    2.53 v rebuffer1/X (sky130_fd_sc_hd__buf_6)
                                         net28 (net)
                  0.03    0.00    2.53 v rebuffer3/A (sky130_fd_sc_hd__buf_2)
     1    0.00    0.03    0.12    2.64 v rebuffer3/X (sky130_fd_sc_hd__buf_2)
                                         net30 (net)
                  0.03    0.00    2.64 v _236_/B1 (sky130_fd_sc_hd__o31a_2)
     3    0.02    0.10    0.15    2.79 v _236_/X (sky130_fd_sc_hd__o31a_2)
                                         _164_ (net)
                  0.10    0.00    2.80 v _237_/B (sky130_fd_sc_hd__xnor2_2)
     2    0.01    0.22    0.23    3.03 ^ _237_/Y (sky130_fd_sc_hd__xnor2_2)
                                         _165_ (net)
                  0.22    0.00    3.03 ^ _255_/B (sky130_fd_sc_hd__or2_1)
     1    0.01    0.09    0.18    3.20 ^ _255_/X (sky130_fd_sc_hd__or2_1)
                                         _013_ (net)
                  0.09    0.00    3.21 ^ _256_/B (sky130_fd_sc_hd__nand2_1)
     2    0.01    0.06    0.08    3.29 v _256_/Y (sky130_fd_sc_hd__nand2_1)
                                         _014_ (net)
                  0.06    0.00    3.29 v _257_/C1 (sky130_fd_sc_hd__a311o_4)
     3    0.01    0.07    0.35    3.63 v _257_/X (sky130_fd_sc_hd__a311o_4)
                                         _015_ (net)
                  0.07    0.00    3.63 v rebuffer4/A (sky130_fd_sc_hd__dlymetal6s2s_1)
     3    0.01    0.05    0.17    3.80 v rebuffer4/X (sky130_fd_sc_hd__dlymetal6s2s_1)
                                         net31 (net)
                  0.05    0.00    3.80 v _263_/A2 (sky130_fd_sc_hd__a21o_1)
     1    0.01    0.04    0.20    3.99 v _263_/X (sky130_fd_sc_hd__a21o_1)
                                         _021_ (net)
                  0.04    0.00    4.00 v _266_/A (sky130_fd_sc_hd__and3_1)
     1    0.01    0.07    0.19    4.18 v _266_/X (sky130_fd_sc_hd__and3_1)
                                         _024_ (net)
                  0.07    0.00    4.18 v _267_/C1 (sky130_fd_sc_hd__a211o_1)
     1    0.00    0.04    0.23    4.41 v _267_/X (sky130_fd_sc_hd__a211o_1)
                                         net25 (net)
                  0.04    0.00    4.41 v output25/A (sky130_fd_sc_hd__buf_2)
     1    0.03    0.09    0.19    4.60 v output25/X (sky130_fd_sc_hd__buf_2)
                                         out[5] (net)
                  0.09    0.00    4.60 v out[5] (out)
                                  4.60   data arrival time

                  0.00   10.00   10.00   clock __VIRTUAL_CLK__ (rise edge)
                          0.00   10.00   clock network delay (ideal)
                         -0.25    9.75   clock uncertainty
                          0.00    9.75   clock reconvergence pessimism
                         -2.00    7.75   output external delay
                                  7.75   data required time
-----------------------------------------------------------------------------
                                  7.75   data required time
                                 -4.60   data arrival time
-----------------------------------------------------------------------------
                                  3.15   slack (MET)


Startpoint: opcode[0] (input port clocked by __VIRTUAL_CLK__)
Endpoint: out[7] (output port clocked by __VIRTUAL_CLK__)
Path Group: __VIRTUAL_CLK__
Path Type: max

Fanout     Cap    Slew   Delay    Time   Description
-----------------------------------------------------------------------------
                  0.00    0.00    0.00   clock __VIRTUAL_CLK__ (rise edge)
                          0.00    0.00   clock network delay (ideal)
                          2.00    2.00 v input external delay
     1    0.00    0.01    0.01    2.01 v opcode[0] (in)
                                         opcode[0] (net)
                  0.01    0.00    2.01 v input17/A (sky130_fd_sc_hd__clkbuf_2)
     5    0.03    0.10    0.16    2.16 v input17/X (sky130_fd_sc_hd__clkbuf_2)
                                         net17 (net)
                  0.10    0.00    2.16 v _235_/A_N (sky130_fd_sc_hd__nand3b_4)
     4    0.02    0.09    0.22    2.38 v _235_/Y (sky130_fd_sc_hd__nand3b_4)
                                         _163_ (net)
                  0.09    0.00    2.38 v _242_/C (sky130_fd_sc_hd__and3_4)
     2    0.00    0.03    0.20    2.58 v _242_/X (sky130_fd_sc_hd__and3_4)
                                         _000_ (net)
                  0.03    0.00    2.58 v _245_/B (sky130_fd_sc_hd__or3_4)
     2    0.01    0.07    0.38    2.97 v _245_/X (sky130_fd_sc_hd__or3_4)
                                         _003_ (net)
                  0.07    0.00    2.97 v _247_/B (sky130_fd_sc_hd__and3b_2)
     3    0.02    0.07    0.26    3.23 v _247_/X (sky130_fd_sc_hd__and3b_2)
                                         _005_ (net)
                  0.07    0.00    3.23 v _250_/A2 (sky130_fd_sc_hd__o21ai_4)
     4    0.02    0.20    0.21    3.44 ^ _250_/Y (sky130_fd_sc_hd__o21ai_4)
                                         _008_ (net)
                  0.20    0.00    3.44 ^ _257_/A1 (sky130_fd_sc_hd__a311o_4)
     3    0.01    0.07    0.25    3.69 ^ _257_/X (sky130_fd_sc_hd__a311o_4)
                                         _015_ (net)
                  0.07    0.00    3.69 ^ _276_/A3 (sky130_fd_sc_hd__a311oi_4)
     3    0.01    0.08    0.10    3.79 v _276_/Y (sky130_fd_sc_hd__a311oi_4)
                                         _033_ (net)
                  0.08    0.00    3.79 v _296_/B (sky130_fd_sc_hd__or3_1)
     1    0.01    0.09    0.40    4.19 v _296_/X (sky130_fd_sc_hd__or3_1)
                                         _052_ (net)
                  0.09    0.00    4.19 v _302_/A3 (sky130_fd_sc_hd__a31o_1)
     1    0.00    0.03    0.23    4.42 v _302_/X (sky130_fd_sc_hd__a31o_1)
                                         net27 (net)
                  0.03    0.00    4.42 v output27/A (sky130_fd_sc_hd__buf_2)
     1    0.03    0.09    0.18    4.60 v output27/X (sky130_fd_sc_hd__buf_2)
                                         out[7] (net)
                  0.09    0.00    4.60 v out[7] (out)
                                  4.60   data arrival time

                  0.00   10.00   10.00   clock __VIRTUAL_CLK__ (rise edge)
                          0.00   10.00   clock network delay (ideal)
                         -0.25    9.75   clock uncertainty
                          0.00    9.75   clock reconvergence pessimism
                         -2.00    7.75   output external delay
                                  7.75   data required time
-----------------------------------------------------------------------------
                                  7.75   data required time
                                 -4.60   data arrival time
-----------------------------------------------------------------------------
                                  3.15   slack (MET)


Startpoint: opcode[0] (input port clocked by __VIRTUAL_CLK__)
Endpoint: out[4] (output port clocked by __VIRTUAL_CLK__)
Path Group: __VIRTUAL_CLK__
Path Type: max

Fanout     Cap    Slew   Delay    Time   Description
-----------------------------------------------------------------------------
                  0.00    0.00    0.00   clock __VIRTUAL_CLK__ (rise edge)
                          0.00    0.00   clock network delay (ideal)
                          2.00    2.00 v input external delay
     1    0.00    0.01    0.01    2.01 v opcode[0] (in)
                                         opcode[0] (net)
                  0.01    0.00    2.01 v input17/A (sky130_fd_sc_hd__clkbuf_2)
     5    0.03    0.10    0.16    2.16 v input17/X (sky130_fd_sc_hd__clkbuf_2)
                                         net17 (net)
                  0.10    0.00    2.16 v _235_/A_N (sky130_fd_sc_hd__nand3b_4)
     4    0.02    0.09    0.22    2.38 v _235_/Y (sky130_fd_sc_hd__nand3b_4)
                                         _163_ (net)
                  0.09    0.00    2.38 v _242_/C (sky130_fd_sc_hd__and3_4)
     2    0.00    0.03    0.20    2.58 v _242_/X (sky130_fd_sc_hd__and3_4)
                                         _000_ (net)
                  0.03    0.00    2.58 v _245_/B (sky130_fd_sc_hd__or3_4)
     2    0.01    0.07    0.38    2.97 v _245_/X (sky130_fd_sc_hd__or3_4)
                                         _003_ (net)
                  0.07    0.00    2.97 v _247_/B (sky130_fd_sc_hd__and3b_2)
     3    0.02    0.07    0.26    3.23 v _247_/X (sky130_fd_sc_hd__and3b_2)
                                         _005_ (net)
                  0.07    0.00    3.23 v _250_/A2 (sky130_fd_sc_hd__o21ai_4)
     4    0.02    0.20    0.21    3.44 ^ _250_/Y (sky130_fd_sc_hd__o21ai_4)
                                         _008_ (net)
                  0.20    0.00    3.44 ^ _336_/A1 (sky130_fd_sc_hd__a31o_1)
     1    0.00    0.05    0.17    3.61 ^ _336_/X (sky130_fd_sc_hd__a31o_1)
                                         _087_ (net)
                  0.05    0.00    3.61 ^ _337_/B (sky130_fd_sc_hd__nand2_1)
     1    0.01    0.07    0.08    3.69 v _337_/Y (sky130_fd_sc_hd__nand2_1)
                                         _088_ (net)
                  0.07    0.00    3.69 v _338_/C (sky130_fd_sc_hd__and3_1)
     1    0.00    0.04    0.20    3.88 v _338_/X (sky130_fd_sc_hd__and3_1)
                                         _089_ (net)
                  0.04    0.00    3.88 v _346_/A (sky130_fd_sc_hd__or3_1)
     1    0.00    0.06    0.37    4.25 v _346_/X (sky130_fd_sc_hd__or3_1)
                                         _097_ (net)
                  0.06    0.00    4.25 v _347_/A (sky130_fd_sc_hd__buf_1)
     1    0.01    0.05    0.12    4.37 v _347_/X (sky130_fd_sc_hd__buf_1)
                                         net24 (net)
                  0.05    0.00    4.38 v output24/A (sky130_fd_sc_hd__buf_2)
     1    0.03    0.09    0.19    4.57 v output24/X (sky130_fd_sc_hd__buf_2)
                                         out[4] (net)
                  0.09    0.00    4.57 v out[4] (out)
                                  4.57   data arrival time

                  0.00   10.00   10.00   clock __VIRTUAL_CLK__ (rise edge)
                          0.00   10.00   clock network delay (ideal)
                         -0.25    9.75   clock uncertainty
                          0.00    9.75   clock reconvergence pessimism
                         -2.00    7.75   output external delay
                                  7.75   data required time
-----------------------------------------------------------------------------
                                  7.75   data required time
                                 -4.57   data arrival time
-----------------------------------------------------------------------------
                                  3.18   slack (MET)


Startpoint: opcode[0] (input port clocked by __VIRTUAL_CLK__)
Endpoint: out[1] (output port clocked by __VIRTUAL_CLK__)
Path Group: __VIRTUAL_CLK__
Path Type: max

Fanout     Cap    Slew   Delay    Time   Description
-----------------------------------------------------------------------------
                  0.00    0.00    0.00   clock __VIRTUAL_CLK__ (rise edge)
                          0.00    0.00   clock network delay (ideal)
                          2.00    2.00 v input external delay
     1    0.00    0.01    0.01    2.01 v opcode[0] (in)
                                         opcode[0] (net)
                  0.01    0.00    2.01 v input17/A (sky130_fd_sc_hd__clkbuf_2)
     5    0.03    0.10    0.16    2.16 v input17/X (sky130_fd_sc_hd__clkbuf_2)
                                         net17 (net)
                  0.10    0.00    2.16 v _235_/A_N (sky130_fd_sc_hd__nand3b_4)
     4    0.02    0.09    0.22    2.38 v _235_/Y (sky130_fd_sc_hd__nand3b_4)
                                         _163_ (net)
                  0.09    0.00    2.38 v _242_/C (sky130_fd_sc_hd__and3_4)
     2    0.00    0.03    0.20    2.58 v _242_/X (sky130_fd_sc_hd__and3_4)
                                         _000_ (net)
                  0.03    0.00    2.58 v _245_/B (sky130_fd_sc_hd__or3_4)
     2    0.01    0.07    0.38    2.97 v _245_/X (sky130_fd_sc_hd__or3_4)
                                         _003_ (net)
                  0.07    0.00    2.97 v _247_/B (sky130_fd_sc_hd__and3b_2)
     3    0.02    0.07    0.26    3.23 v _247_/X (sky130_fd_sc_hd__and3b_2)
                                         _005_ (net)
                  0.07    0.00    3.23 v _316_/A (sky130_fd_sc_hd__or3b_1)
     1    0.01    0.12    0.47    3.70 v _316_/X (sky130_fd_sc_hd__or3b_1)
                                         _070_ (net)
                  0.12    0.00    3.70 v _317_/D_N (sky130_fd_sc_hd__or4b_1)
     1    0.01    0.07    0.22    3.92 ^ _317_/X (sky130_fd_sc_hd__or4b_1)
                                         _071_ (net)
                  0.07    0.00    3.92 ^ _318_/A (sky130_fd_sc_hd__buf_1)
     1    0.01    0.13    0.15    4.08 ^ _318_/X (sky130_fd_sc_hd__buf_1)
                                         net21 (net)
                  0.13    0.00    4.08 ^ output21/A (sky130_fd_sc_hd__buf_2)
     1    0.03    0.17    0.24    4.32 ^ output21/X (sky130_fd_sc_hd__buf_2)
                                         out[1] (net)
                  0.17    0.00    4.32 ^ out[1] (out)
                                  4.32   data arrival time

                  0.00   10.00   10.00   clock __VIRTUAL_CLK__ (rise edge)
                          0.00   10.00   clock network delay (ideal)
                         -0.25    9.75   clock uncertainty
                          0.00    9.75   clock reconvergence pessimism
                         -2.00    7.75   output external delay
                                  7.75   data required time
-----------------------------------------------------------------------------
                                  7.75   data required time
                                 -4.32   data arrival time
-----------------------------------------------------------------------------
                                  3.43   slack (MET)


Startpoint: opcode[0] (input port clocked by __VIRTUAL_CLK__)
Endpoint: out[3] (output port clocked by __VIRTUAL_CLK__)
Path Group: __VIRTUAL_CLK__
Path Type: max

Fanout     Cap    Slew   Delay    Time   Description
-----------------------------------------------------------------------------
                  0.00    0.00    0.00   clock __VIRTUAL_CLK__ (rise edge)
                          0.00    0.00   clock network delay (ideal)
                          2.00    2.00 v input external delay
     1    0.00    0.01    0.01    2.01 v opcode[0] (in)
                                         opcode[0] (net)
                  0.01    0.00    2.01 v input17/A (sky130_fd_sc_hd__clkbuf_2)
     5    0.03    0.10    0.16    2.16 v input17/X (sky130_fd_sc_hd__clkbuf_2)
                                         net17 (net)
                  0.10    0.00    2.16 v _235_/A_N (sky130_fd_sc_hd__nand3b_4)
     4    0.02    0.09    0.22    2.38 v _235_/Y (sky130_fd_sc_hd__nand3b_4)
                                         _163_ (net)
                  0.09    0.00    2.38 v _242_/C (sky130_fd_sc_hd__and3_4)
     2    0.00    0.03    0.20    2.58 v _242_/X (sky130_fd_sc_hd__and3_4)
                                         _000_ (net)
                  0.03    0.00    2.58 v _245_/B (sky130_fd_sc_hd__or3_4)
     2    0.01    0.07    0.38    2.97 v _245_/X (sky130_fd_sc_hd__or3_4)
                                         _003_ (net)
                  0.07    0.00    2.97 v _247_/B (sky130_fd_sc_hd__and3b_2)
     3    0.02    0.07    0.26    3.23 v _247_/X (sky130_fd_sc_hd__and3b_2)
                                         _005_ (net)
                  0.07    0.00    3.23 v _250_/A2 (sky130_fd_sc_hd__o21ai_4)
     4    0.02    0.20    0.21    3.44 ^ _250_/Y (sky130_fd_sc_hd__o21ai_4)
                                         _008_ (net)
                  0.20    0.00    3.44 ^ _328_/B (sky130_fd_sc_hd__nand2_1)
     1    0.01    0.09    0.13    3.57 v _328_/Y (sky130_fd_sc_hd__nand2_1)
                                         _080_ (net)
                  0.09    0.00    3.57 v _329_/B (sky130_fd_sc_hd__xnor2_1)
     1    0.01    0.08    0.17    3.74 v _329_/Y (sky130_fd_sc_hd__xnor2_1)
                                         _081_ (net)
                  0.08    0.00    3.74 v _335_/A2 (sky130_fd_sc_hd__a221o_1)
     1    0.00    0.05    0.36    4.10 v _335_/X (sky130_fd_sc_hd__a221o_1)
                                         net23 (net)
                  0.05    0.00    4.10 v output23/A (sky130_fd_sc_hd__buf_2)
     1    0.03    0.09    0.19    4.29 v output23/X (sky130_fd_sc_hd__buf_2)
                                         out[3] (net)
                  0.09    0.00    4.29 v out[3] (out)
                                  4.29   data arrival time

                  0.00   10.00   10.00   clock __VIRTUAL_CLK__ (rise edge)
                          0.00   10.00   clock network delay (ideal)
                         -0.25    9.75   clock uncertainty
                          0.00    9.75   clock reconvergence pessimism
                         -2.00    7.75   output external delay
                                  7.75   data required time
-----------------------------------------------------------------------------
                                  7.75   data required time
                                 -4.29   data arrival time
-----------------------------------------------------------------------------
                                  3.46   slack (MET)


Startpoint: opcode[0] (input port clocked by __VIRTUAL_CLK__)
Endpoint: out[2] (output port clocked by __VIRTUAL_CLK__)
Path Group: __VIRTUAL_CLK__
Path Type: max

Fanout     Cap    Slew   Delay    Time   Description
-----------------------------------------------------------------------------
                  0.00    0.00    0.00   clock __VIRTUAL_CLK__ (rise edge)
                          0.00    0.00   clock network delay (ideal)
                          2.00    2.00 v input external delay
     1    0.00    0.01    0.01    2.01 v opcode[0] (in)
                                         opcode[0] (net)
                  0.01    0.00    2.01 v input17/A (sky130_fd_sc_hd__clkbuf_2)
     5    0.03    0.10    0.16    2.16 v input17/X (sky130_fd_sc_hd__clkbuf_2)
                                         net17 (net)
                  0.10    0.00    2.16 v _235_/A_N (sky130_fd_sc_hd__nand3b_4)
     4    0.02    0.09    0.22    2.38 v _235_/Y (sky130_fd_sc_hd__nand3b_4)
                                         _163_ (net)
                  0.09    0.00    2.38 v rebuffer1/A (sky130_fd_sc_hd__buf_6)
     6    0.01    0.03    0.15    2.53 v rebuffer1/X (sky130_fd_sc_hd__buf_6)
                                         net28 (net)
                  0.03    0.00    2.53 v _240_/B (sky130_fd_sc_hd__and3_2)
     2    0.01    0.05    0.21    2.74 v _240_/X (sky130_fd_sc_hd__and3_2)
                                         _168_ (net)
                  0.05    0.00    2.74 v _248_/C (sky130_fd_sc_hd__or3_1)
     1    0.01    0.08    0.34    3.08 v _248_/X (sky130_fd_sc_hd__or3_1)
                                         _006_ (net)
                  0.08    0.00    3.08 v _249_/B (sky130_fd_sc_hd__and2_4)
     2    0.01    0.04    0.19    3.27 v _249_/X (sky130_fd_sc_hd__and2_4)
                                         _007_ (net)
                  0.04    0.00    3.27 v _319_/A (sky130_fd_sc_hd__or3_1)
     1    0.01    0.10    0.42    3.69 v _319_/X (sky130_fd_sc_hd__or3_1)
                                         _072_ (net)
                  0.10    0.00    3.69 v _326_/A3 (sky130_fd_sc_hd__a31o_1)
     1    0.00    0.03    0.23    3.92 v _326_/X (sky130_fd_sc_hd__a31o_1)
                                         net22 (net)
                  0.03    0.00    3.92 v output22/A (sky130_fd_sc_hd__buf_2)
     1    0.03    0.09    0.18    4.11 v output22/X (sky130_fd_sc_hd__buf_2)
                                         out[2] (net)
                  0.09    0.00    4.11 v out[2] (out)
                                  4.11   data arrival time

                  0.00   10.00   10.00   clock __VIRTUAL_CLK__ (rise edge)
                          0.00   10.00   clock network delay (ideal)
                         -0.25    9.75   clock uncertainty
                          0.00    9.75   clock reconvergence pessimism
                         -2.00    7.75   output external delay
                                  7.75   data required time
-----------------------------------------------------------------------------
                                  7.75   data required time
                                 -4.11   data arrival time
-----------------------------------------------------------------------------
                                  3.64   slack (MET)


Startpoint: opcode[0] (input port clocked by __VIRTUAL_CLK__)
Endpoint: out[0] (output port clocked by __VIRTUAL_CLK__)
Path Group: __VIRTUAL_CLK__
Path Type: max

Fanout     Cap    Slew   Delay    Time   Description
-----------------------------------------------------------------------------
                  0.00    0.00    0.00   clock __VIRTUAL_CLK__ (rise edge)
                          0.00    0.00   clock network delay (ideal)
                          2.00    2.00 v input external delay
     1    0.00    0.01    0.01    2.01 v opcode[0] (in)
                                         opcode[0] (net)
                  0.01    0.00    2.01 v input17/A (sky130_fd_sc_hd__clkbuf_2)
     5    0.03    0.10    0.16    2.16 v input17/X (sky130_fd_sc_hd__clkbuf_2)
                                         net17 (net)
                  0.10    0.00    2.16 v _171_/A (sky130_fd_sc_hd__or2_2)
     4    0.02    0.11    0.40    2.57 v _171_/X (sky130_fd_sc_hd__or2_2)
                                         _099_ (net)
                  0.11    0.00    2.57 v _224_/B (sky130_fd_sc_hd__or2_1)
     1    0.00    0.06    0.25    2.82 v _224_/X (sky130_fd_sc_hd__or2_1)
                                         _152_ (net)
                  0.06    0.00    2.82 v _225_/A (sky130_fd_sc_hd__clkbuf_4)
     8    0.02    0.06    0.17    2.99 v _225_/X (sky130_fd_sc_hd__clkbuf_4)
                                         _153_ (net)
                  0.06    0.00    2.99 v _306_/A2 (sky130_fd_sc_hd__o21ai_1)
     1    0.01    0.14    0.16    3.15 ^ _306_/Y (sky130_fd_sc_hd__o21ai_1)
                                         _061_ (net)
                  0.14    0.00    3.15 ^ _307_/B1 (sky130_fd_sc_hd__a31o_1)
     1    0.00    0.04    0.11    3.26 ^ _307_/X (sky130_fd_sc_hd__a31o_1)
                                         net20 (net)
                  0.04    0.00    3.26 ^ output20/A (sky130_fd_sc_hd__buf_2)
     1    0.03    0.17    0.20    3.46 ^ output20/X (sky130_fd_sc_hd__buf_2)
                                         out[0] (net)
                  0.17    0.00    3.46 ^ out[0] (out)
                                  3.46   data arrival time

                  0.00   10.00   10.00   clock __VIRTUAL_CLK__ (rise edge)
                          0.00   10.00   clock network delay (ideal)
                         -0.25    9.75   clock uncertainty
                          0.00    9.75   clock reconvergence pessimism
                         -2.00    7.75   output external delay
                                  7.75   data required time
-----------------------------------------------------------------------------
                                  7.75   data required time
                                 -3.46   data arrival time
-----------------------------------------------------------------------------
                                  4.29   slack (MET)



worst slack corner Typical: 3.0665
max_report_end
checks_report

===========================================================================
report_checks -unconstrained
===========================================================================
======================= Typical Corner ===================================

Startpoint: opcode[0] (input port clocked by __VIRTUAL_CLK__)
Endpoint: out[6] (output port clocked by __VIRTUAL_CLK__)
Path Group: __VIRTUAL_CLK__
Path Type: max

Fanout     Cap    Slew   Delay    Time   Description
-----------------------------------------------------------------------------
                  0.00    0.00    0.00   clock __VIRTUAL_CLK__ (rise edge)
                          0.00    0.00   clock network delay (ideal)
                          2.00    2.00 v input external delay
     1    0.00    0.01    0.01    2.01 v opcode[0] (in)
                                         opcode[0] (net)
                  0.01    0.00    2.01 v input17/A (sky130_fd_sc_hd__clkbuf_2)
     5    0.03    0.10    0.16    2.16 v input17/X (sky130_fd_sc_hd__clkbuf_2)
                                         net17 (net)
                  0.10    0.00    2.16 v _235_/A_N (sky130_fd_sc_hd__nand3b_4)
     4    0.02    0.09    0.22    2.38 v _235_/Y (sky130_fd_sc_hd__nand3b_4)
                                         _163_ (net)
                  0.09    0.00    2.38 v rebuffer1/A (sky130_fd_sc_hd__buf_6)
     6    0.01    0.03    0.15    2.53 v rebuffer1/X (sky130_fd_sc_hd__buf_6)
                                         net28 (net)
                  0.03    0.00    2.53 v rebuffer3/A (sky130_fd_sc_hd__buf_2)
     1    0.00    0.03    0.12    2.64 v rebuffer3/X (sky130_fd_sc_hd__buf_2)
                                         net30 (net)
                  0.03    0.00    2.64 v _236_/B1 (sky130_fd_sc_hd__o31a_2)
     3    0.02    0.10    0.15    2.79 v _236_/X (sky130_fd_sc_hd__o31a_2)
                                         _164_ (net)
                  0.10    0.00    2.80 v _237_/B (sky130_fd_sc_hd__xnor2_2)
     2    0.01    0.22    0.23    3.03 ^ _237_/Y (sky130_fd_sc_hd__xnor2_2)
                                         _165_ (net)
                  0.22    0.00    3.03 ^ _255_/B (sky130_fd_sc_hd__or2_1)
     1    0.01    0.09    0.18    3.20 ^ _255_/X (sky130_fd_sc_hd__or2_1)
                                         _013_ (net)
                  0.09    0.00    3.21 ^ _256_/B (sky130_fd_sc_hd__nand2_1)
     2    0.01    0.06    0.08    3.29 v _256_/Y (sky130_fd_sc_hd__nand2_1)
                                         _014_ (net)
                  0.06    0.00    3.29 v _257_/C1 (sky130_fd_sc_hd__a311o_4)
     3    0.01    0.07    0.35    3.63 v _257_/X (sky130_fd_sc_hd__a311o_4)
                                         _015_ (net)
                  0.07    0.00    3.63 v rebuffer4/A (sky130_fd_sc_hd__dlymetal6s2s_1)
     3    0.01    0.05    0.17    3.80 v rebuffer4/X (sky130_fd_sc_hd__dlymetal6s2s_1)
                                         net31 (net)
                  0.05    0.00    3.80 v rebuffer5/A (sky130_fd_sc_hd__dlygate4sd1_1)
     1    0.00    0.03    0.24    4.04 v rebuffer5/X (sky130_fd_sc_hd__dlygate4sd1_1)
                                         net32 (net)
                  0.03    0.00    4.04 v _274_/A3 (sky130_fd_sc_hd__a31o_1)
     1    0.00    0.04    0.22    4.26 v _274_/X (sky130_fd_sc_hd__a31o_1)
                                         _031_ (net)
                  0.04    0.00    4.26 v _275_/B (sky130_fd_sc_hd__nand2_1)
     1    0.01    0.07    0.08    4.35 ^ _275_/Y (sky130_fd_sc_hd__nand2_1)
                                         _032_ (net)
                  0.07    0.00    4.35 ^ _291_/A1 (sky130_fd_sc_hd__a21o_1)
     1    0.00    0.05    0.12    4.47 ^ _291_/X (sky130_fd_sc_hd__a21o_1)
                                         net26 (net)
                  0.05    0.00    4.47 ^ output26/A (sky130_fd_sc_hd__buf_2)
     1    0.03    0.17    0.21    4.68 ^ output26/X (sky130_fd_sc_hd__buf_2)
                                         out[6] (net)
                  0.17    0.00    4.68 ^ out[6] (out)
                                  4.68   data arrival time

                  0.00   10.00   10.00   clock __VIRTUAL_CLK__ (rise edge)
                          0.00   10.00   clock network delay (ideal)
                         -0.25    9.75   clock uncertainty
                          0.00    9.75   clock reconvergence pessimism
                         -2.00    7.75   output external delay
                                  7.75   data required time
-----------------------------------------------------------------------------
                                  7.75   data required time
                                 -4.68   data arrival time
-----------------------------------------------------------------------------
                                  3.07   slack (MET)




===========================================================================
report_checks --slack_max -0.01
============================================================================
======================= Typical Corner ===================================

No paths found.


===========================================================================
 report_check_types -max_slew -max_cap -max_fanout -violators
============================================================================
======================= Typical Corner ===================================


max slew violations count Typical: 0
max fanout violations count Typical: 0
max cap violations count Typical: 0

===========================================================================
report_parasitic_annotation -report_unannotated
============================================================================
Found 0 unannotated drivers.
Found 134 partially unannotated drivers.
 A[0]
 A[1]
 A[2]
 A[3]
 B[0]
 opcode[1]
 _172_/Y
 _173_/X
 _175_/X
 _176_/X
 _177_/Y
 _178_/X
 _179_/X
 _180_/Y
 _181_/X
 _184_/X
 _186_/X
 _188_/Y
 _189_/Y
 _190_/X
 _191_/X
 _192_/X
 _193_/Y
 _196_/X
 _197_/X
 _199_/X
 _200_/Y
 _201_/X
 _202_/Y
 _203_/X
 _204_/Y
 _205_/X
 _206_/X
 _209_/Y
 _210_/Y
 _211_/X
 _212_/X
 _213_/X
 _214_/Y
 _215_/Y
 _217_/Y
 _218_/X
 _221_/Y
 _222_/Y
 _223_/Y
 _225_/X
 _227_/Y
 _228_/Y
 _229_/X
 _233_/X
 _234_/X
 _236_/X
 _237_/Y
 _238_/Y
 _239_/Y
 _240_/X
 _241_/Y
 _242_/X
 _243_/Y
 _244_/X
 _245_/X
 _246_/X
 _248_/X
 _249_/X
 _252_/Y
 _253_/Y
 _256_/Y
 _257_/X
 _259_/Y
 _260_/X
 _261_/Y
 _267_/X
 _268_/X
 _269_/Y
 _270_/X
 _272_/X
 _273_/Y
 _276_/Y
 _277_/X
 _278_/Y
 _283_/X
 _284_/Y
 _286_/Y
 _289_/Y
 _291_/X
 _293_/X
 _294_/X
 _295_/Y
 _297_/Y
 _298_/X
 _301_/X
 _302_/X
 _304_/Y
 _307_/X
 _311_/X
 _312_/X
 _314_/X
 _315_/Y
 _320_/Y
 _321_/Y
 _323_/Y
 _326_/X
 _331_/Y
 _332_/X
 _334_/X
 _335_/X
 _336_/X
 _337_/Y
 _339_/Y
 _340_/X
 _342_/X
 _344_/Y
 _346_/X
 input1/X
 input10/X
 input11/X
 input12/X
 input13/X
 input14/X
 input15/X
 input18/X
 input19/X
 input2/X
 input3/X
 input4/X
 input6/X
 input7/X
 input9/X
 output20/X
 output22/X
 output23/X
 output27/X
 rebuffer1/X
 rebuffer4/X

===========================================================================
max slew violation count 0
max fanout violation count 0
max cap violation count 0
============================================================================

===========================================================================
check_setup -verbose -unconstrained_endpoints -multiple_clock -no_clock -no_input_delay -loops -generated_clocks
===========================================================================
checks_report_end
power_report

===========================================================================
 report_power
============================================================================
======================= Typical Corner ===================================

Group                  Internal  Switching    Leakage      Total
                          Power      Power      Power      Power (Watts)
----------------------------------------------------------------
Sequential             0.00e+00   0.00e+00   0.00e+00   0.00e+00   0.0%
Combinational          4.80e-05   6.05e-05   8.06e-10   1.08e-04 100.0%
Clock                  0.00e+00   0.00e+00   1.81e-10   1.81e-10   0.0%
Macro                  0.00e+00   0.00e+00   0.00e+00   0.00e+00   0.0%
Pad                    0.00e+00   0.00e+00   0.00e+00   0.00e+00   0.0%
----------------------------------------------------------------
Total                  4.80e-05   6.05e-05   9.87e-10   1.08e-04 100.0%
                          44.3%      55.7%       0.0%

power_report_end
summary_report

===========================================================================
report_tns
============================================================================
tns 0.00

===========================================================================
report_wns
============================================================================
wns 0.00

===========================================================================
report_worst_slack -max (Setup)
============================================================================
worst slack 3.07

===========================================================================
report_worst_slack -min (Hold)
============================================================================
worst slack 4.30
summary_report_end
area_report

===========================================================================
report_design_area
============================================================================
Design area 1779 u^2 26% utilization.
area_report_end
check_nonpropagated_clocks
__VIRTUAL_CLK__
check_nonpropagated_clocks_end
[WARNING] Did not save OpenROAD database!
Writing SDF to '/openlane/designs/lab2/runs/RUN_2025.05.04_21.05.55/results/signoff/lab2_behavE.sdf'…
Writing timing model to '/openlane/designs/lab2/runs/RUN_2025.05.04_21.05.55/results/signoff/lab2_behavE.lib'…
