
===========================================================================
report_checks -path_delay max (Setup)
============================================================================
======================= Typical Corner ===================================

Startpoint: B[0] (input port clocked by __VIRTUAL_CLK__)
Endpoint: out[6] (output port clocked by __VIRTUAL_CLK__)
Path Group: __VIRTUAL_CLK__
Path Type: max

Fanout     Cap    Slew   Delay    Time   Description
-----------------------------------------------------------------------------
                  0.00    0.00    0.00   clock __VIRTUAL_CLK__ (rise edge)
                          0.00    0.00   clock network delay (ideal)
                          2.00    2.00 v input external delay
     1    0.00    0.01    0.00    2.00 v B[0] (in)
                                         B[0] (net)
                  0.01    0.00    2.00 v input9/A (sky130_fd_sc_hd__clkbuf_2)
     4    0.02    0.07    0.13    2.14 v input9/X (sky130_fd_sc_hd__clkbuf_2)
                                         net9 (net)
                  0.07    0.00    2.14 v _234_/A (sky130_fd_sc_hd__or2_2)
     4    0.02    0.10    0.39    2.52 v _234_/X (sky130_fd_sc_hd__or2_2)
                                         _162_ (net)
                  0.10    0.00    2.52 v _236_/A3 (sky130_fd_sc_hd__o31a_2)
     3    0.02    0.10    0.38    2.91 v _236_/X (sky130_fd_sc_hd__o31a_2)
                                         _164_ (net)
                  0.10    0.00    2.91 v _268_/A3 (sky130_fd_sc_hd__o31a_1)
     2    0.01    0.09    0.32    3.23 v _268_/X (sky130_fd_sc_hd__o31a_1)
                                         _025_ (net)
                  0.09    0.00    3.23 v _269_/B (sky130_fd_sc_hd__xnor2_2)
     2    0.01    0.08    0.18    3.41 v _269_/Y (sky130_fd_sc_hd__xnor2_2)
                                         _026_ (net)
                  0.08    0.00    3.41 v _270_/B (sky130_fd_sc_hd__and2_1)
     3    0.01    0.07    0.22    3.63 v _270_/X (sky130_fd_sc_hd__and2_1)
                                         _027_ (net)
                  0.07    0.00    3.63 v _272_/A (sky130_fd_sc_hd__or2_2)
     2    0.02    0.09    0.37    4.00 v _272_/X (sky130_fd_sc_hd__or2_2)
                                         _029_ (net)
                  0.09    0.00    4.00 v _276_/B1 (sky130_fd_sc_hd__a311oi_4)
     3    0.01    0.28    0.34    4.34 ^ _276_/Y (sky130_fd_sc_hd__a311oi_4)
                                         _033_ (net)
                  0.28    0.00    4.34 ^ _277_/A_N (sky130_fd_sc_hd__and2b_1)
     1    0.01    0.05    0.25    4.59 v _277_/X (sky130_fd_sc_hd__and2b_1)
                                         _034_ (net)
                  0.05    0.00    4.59 v _291_/A2 (sky130_fd_sc_hd__a21o_1)
     1    0.01    0.06    0.21    4.80 v _291_/X (sky130_fd_sc_hd__a21o_1)
                                         net26 (net)
                  0.06    0.00    4.80 v output26/A (sky130_fd_sc_hd__buf_2)
     1    0.03    0.09    0.20    4.99 v output26/X (sky130_fd_sc_hd__buf_2)
                                         out[6] (net)
                  0.09    0.00    4.99 v out[6] (out)
                                  4.99   data arrival time

                  0.00   10.00   10.00   clock __VIRTUAL_CLK__ (rise edge)
                          0.00   10.00   clock network delay (ideal)
                         -0.25    9.75   clock uncertainty
                          0.00    9.75   clock reconvergence pessimism
                         -2.00    7.75   output external delay
                                  7.75   data required time
-----------------------------------------------------------------------------
                                  7.75   data required time
                                 -4.99   data arrival time
-----------------------------------------------------------------------------
                                  2.76   slack (MET)


Startpoint: B[0] (input port clocked by __VIRTUAL_CLK__)
Endpoint: out[7] (output port clocked by __VIRTUAL_CLK__)
Path Group: __VIRTUAL_CLK__
Path Type: max

Fanout     Cap    Slew   Delay    Time   Description
-----------------------------------------------------------------------------
                  0.00    0.00    0.00   clock __VIRTUAL_CLK__ (rise edge)
                          0.00    0.00   clock network delay (ideal)
                          2.00    2.00 v input external delay
     1    0.00    0.01    0.00    2.00 v B[0] (in)
                                         B[0] (net)
                  0.01    0.00    2.00 v input9/A (sky130_fd_sc_hd__clkbuf_2)
     4    0.02    0.07    0.13    2.14 v input9/X (sky130_fd_sc_hd__clkbuf_2)
                                         net9 (net)
                  0.07    0.00    2.14 v _234_/A (sky130_fd_sc_hd__or2_2)
     4    0.02    0.10    0.39    2.52 v _234_/X (sky130_fd_sc_hd__or2_2)
                                         _162_ (net)
                  0.10    0.00    2.52 v _236_/A3 (sky130_fd_sc_hd__o31a_2)
     3    0.02    0.10    0.38    2.91 v _236_/X (sky130_fd_sc_hd__o31a_2)
                                         _164_ (net)
                  0.10    0.00    2.91 v _268_/A3 (sky130_fd_sc_hd__o31a_1)
     2    0.01    0.09    0.32    3.23 v _268_/X (sky130_fd_sc_hd__o31a_1)
                                         _025_ (net)
                  0.09    0.00    3.23 v _269_/B (sky130_fd_sc_hd__xnor2_2)
     2    0.01    0.08    0.18    3.41 v _269_/Y (sky130_fd_sc_hd__xnor2_2)
                                         _026_ (net)
                  0.08    0.00    3.41 v _270_/B (sky130_fd_sc_hd__and2_1)
     3    0.01    0.07    0.22    3.63 v _270_/X (sky130_fd_sc_hd__and2_1)
                                         _027_ (net)
                  0.07    0.00    3.63 v _272_/A (sky130_fd_sc_hd__or2_2)
     2    0.02    0.09    0.37    4.00 v _272_/X (sky130_fd_sc_hd__or2_2)
                                         _029_ (net)
                  0.09    0.00    4.00 v _276_/B1 (sky130_fd_sc_hd__a311oi_4)
     3    0.01    0.28    0.34    4.34 ^ _276_/Y (sky130_fd_sc_hd__a311oi_4)
                                         _033_ (net)
                  0.28    0.00    4.34 ^ _296_/B (sky130_fd_sc_hd__or3_1)
     1    0.01    0.07    0.19    4.52 ^ _296_/X (sky130_fd_sc_hd__or3_1)
                                         _052_ (net)
                  0.07    0.00    4.52 ^ _302_/A3 (sky130_fd_sc_hd__a31o_1)
     1    0.01    0.13    0.22    4.74 ^ _302_/X (sky130_fd_sc_hd__a31o_1)
                                         net27 (net)
                  0.13    0.00    4.74 ^ output27/A (sky130_fd_sc_hd__buf_2)
     1    0.03    0.17    0.24    4.98 ^ output27/X (sky130_fd_sc_hd__buf_2)
                                         out[7] (net)
                  0.17    0.00    4.98 ^ out[7] (out)
                                  4.98   data arrival time

                  0.00   10.00   10.00   clock __VIRTUAL_CLK__ (rise edge)
                          0.00   10.00   clock network delay (ideal)
                         -0.25    9.75   clock uncertainty
                          0.00    9.75   clock reconvergence pessimism
                         -2.00    7.75   output external delay
                                  7.75   data required time
-----------------------------------------------------------------------------
                                  7.75   data required time
                                 -4.98   data arrival time
-----------------------------------------------------------------------------
                                  2.77   slack (MET)


Startpoint: opcode[0] (input port clocked by __VIRTUAL_CLK__)
Endpoint: out[4] (output port clocked by __VIRTUAL_CLK__)
Path Group: __VIRTUAL_CLK__
Path Type: max

Fanout     Cap    Slew   Delay    Time   Description
-----------------------------------------------------------------------------
                  0.00    0.00    0.00   clock __VIRTUAL_CLK__ (rise edge)
                          0.00    0.00   clock network delay (ideal)
                          2.00    2.00 v input external delay
     1    0.00    0.01    0.00    2.00 v opcode[0] (in)
                                         opcode[0] (net)
                  0.01    0.00    2.00 v input17/A (sky130_fd_sc_hd__clkbuf_2)
     5    0.02    0.09    0.15    2.15 v input17/X (sky130_fd_sc_hd__clkbuf_2)
                                         net17 (net)
                  0.09    0.00    2.15 v _235_/A_N (sky130_fd_sc_hd__nand3b_4)
     9    0.04    0.14    0.25    2.41 v _235_/Y (sky130_fd_sc_hd__nand3b_4)
                                         _163_ (net)
                  0.14    0.00    2.41 v _242_/C (sky130_fd_sc_hd__and3_1)
     2    0.01    0.08    0.27    2.68 v _242_/X (sky130_fd_sc_hd__and3_1)
                                         _000_ (net)
                  0.08    0.00    2.68 v _245_/B (sky130_fd_sc_hd__or3_1)
     2    0.01    0.10    0.42    3.10 v _245_/X (sky130_fd_sc_hd__or3_1)
                                         _003_ (net)
                  0.10    0.00    3.10 v _247_/B (sky130_fd_sc_hd__and3b_1)
     3    0.01    0.08    0.24    3.34 v _247_/X (sky130_fd_sc_hd__and3b_1)
                                         _005_ (net)
                  0.08    0.00    3.34 v _250_/A2 (sky130_fd_sc_hd__o21ai_2)
     4    0.02    0.23    0.23    3.57 ^ _250_/Y (sky130_fd_sc_hd__o21ai_2)
                                         _008_ (net)
                  0.23    0.00    3.57 ^ _336_/A2 (sky130_fd_sc_hd__a31o_1)
     1    0.01    0.12    0.25    3.82 ^ _336_/X (sky130_fd_sc_hd__a31o_1)
                                         _087_ (net)
                  0.12    0.00    3.82 ^ _337_/B (sky130_fd_sc_hd__nand2_1)
     1    0.01    0.07    0.10    3.91 v _337_/Y (sky130_fd_sc_hd__nand2_1)
                                         _088_ (net)
                  0.07    0.00    3.91 v _338_/C (sky130_fd_sc_hd__and3_1)
     1    0.00    0.04    0.19    4.11 v _338_/X (sky130_fd_sc_hd__and3_1)
                                         _089_ (net)
                  0.04    0.00    4.11 v _346_/A (sky130_fd_sc_hd__or3_1)
     1    0.01    0.08    0.41    4.52 v _346_/X (sky130_fd_sc_hd__or3_1)
                                         _097_ (net)
                  0.08    0.00    4.52 v _347_/A (sky130_fd_sc_hd__buf_1)
     1    0.01    0.05    0.13    4.64 v _347_/X (sky130_fd_sc_hd__buf_1)
                                         net24 (net)
                  0.05    0.00    4.64 v output24/A (sky130_fd_sc_hd__buf_2)
     1    0.03    0.09    0.19    4.83 v output24/X (sky130_fd_sc_hd__buf_2)
                                         out[4] (net)
                  0.09    0.00    4.83 v out[4] (out)
                                  4.83   data arrival time

                  0.00   10.00   10.00   clock __VIRTUAL_CLK__ (rise edge)
                          0.00   10.00   clock network delay (ideal)
                         -0.25    9.75   clock uncertainty
                          0.00    9.75   clock reconvergence pessimism
                         -2.00    7.75   output external delay
                                  7.75   data required time
-----------------------------------------------------------------------------
                                  7.75   data required time
                                 -4.83   data arrival time
-----------------------------------------------------------------------------
                                  2.92   slack (MET)


Startpoint: B[0] (input port clocked by __VIRTUAL_CLK__)
Endpoint: out[5] (output port clocked by __VIRTUAL_CLK__)
Path Group: __VIRTUAL_CLK__
Path Type: max

Fanout     Cap    Slew   Delay    Time   Description
-----------------------------------------------------------------------------
                  0.00    0.00    0.00   clock __VIRTUAL_CLK__ (rise edge)
                          0.00    0.00   clock network delay (ideal)
                          2.00    2.00 v input external delay
     1    0.00    0.01    0.00    2.00 v B[0] (in)
                                         B[0] (net)
                  0.01    0.00    2.00 v input9/A (sky130_fd_sc_hd__clkbuf_2)
     4    0.02    0.07    0.13    2.14 v input9/X (sky130_fd_sc_hd__clkbuf_2)
                                         net9 (net)
                  0.07    0.00    2.14 v _234_/A (sky130_fd_sc_hd__or2_2)
     4    0.02    0.10    0.39    2.52 v _234_/X (sky130_fd_sc_hd__or2_2)
                                         _162_ (net)
                  0.10    0.00    2.52 v _236_/A3 (sky130_fd_sc_hd__o31a_2)
     3    0.02    0.10    0.38    2.91 v _236_/X (sky130_fd_sc_hd__o31a_2)
                                         _164_ (net)
                  0.10    0.00    2.91 v _237_/B (sky130_fd_sc_hd__xnor2_2)
     2    0.02    0.28    0.28    3.19 ^ _237_/Y (sky130_fd_sc_hd__xnor2_2)
                                         _165_ (net)
                  0.28    0.00    3.19 ^ _255_/B (sky130_fd_sc_hd__or2_1)
     1    0.01    0.08    0.18    3.37 ^ _255_/X (sky130_fd_sc_hd__or2_1)
                                         _013_ (net)
                  0.08    0.00    3.37 ^ _256_/B (sky130_fd_sc_hd__nand2_1)
     2    0.01    0.09    0.10    3.48 v _256_/Y (sky130_fd_sc_hd__nand2_1)
                                         _014_ (net)
                  0.09    0.00    3.48 v _257_/C1 (sky130_fd_sc_hd__a311o_2)
     5    0.02    0.10    0.41    3.88 v _257_/X (sky130_fd_sc_hd__a311o_2)
                                         _015_ (net)
                  0.10    0.00    3.88 v _263_/A2 (sky130_fd_sc_hd__a21o_1)
     1    0.00    0.04    0.21    4.09 v _263_/X (sky130_fd_sc_hd__a21o_1)
                                         _021_ (net)
                  0.04    0.00    4.09 v _266_/A (sky130_fd_sc_hd__and3_1)
     1    0.01    0.07    0.18    4.27 v _266_/X (sky130_fd_sc_hd__and3_1)
                                         _024_ (net)
                  0.07    0.00    4.27 v _267_/C1 (sky130_fd_sc_hd__a211o_1)
     1    0.01    0.07    0.27    4.54 v _267_/X (sky130_fd_sc_hd__a211o_1)
                                         net25 (net)
                  0.07    0.00    4.54 v output25/A (sky130_fd_sc_hd__buf_2)
     1    0.03    0.09    0.20    4.74 v output25/X (sky130_fd_sc_hd__buf_2)
                                         out[5] (net)
                  0.09    0.00    4.74 v out[5] (out)
                                  4.74   data arrival time

                  0.00   10.00   10.00   clock __VIRTUAL_CLK__ (rise edge)
                          0.00   10.00   clock network delay (ideal)
                         -0.25    9.75   clock uncertainty
                          0.00    9.75   clock reconvergence pessimism
                         -2.00    7.75   output external delay
                                  7.75   data required time
-----------------------------------------------------------------------------
                                  7.75   data required time
                                 -4.74   data arrival time
-----------------------------------------------------------------------------
                                  3.01   slack (MET)


Startpoint: opcode[0] (input port clocked by __VIRTUAL_CLK__)
Endpoint: out[1] (output port clocked by __VIRTUAL_CLK__)
Path Group: __VIRTUAL_CLK__
Path Type: max

Fanout     Cap    Slew   Delay    Time   Description
-----------------------------------------------------------------------------
                  0.00    0.00    0.00   clock __VIRTUAL_CLK__ (rise edge)
                          0.00    0.00   clock network delay (ideal)
                          2.00    2.00 v input external delay
     1    0.00    0.01    0.00    2.00 v opcode[0] (in)
                                         opcode[0] (net)
                  0.01    0.00    2.00 v input17/A (sky130_fd_sc_hd__clkbuf_2)
     5    0.02    0.09    0.15    2.15 v input17/X (sky130_fd_sc_hd__clkbuf_2)
                                         net17 (net)
                  0.09    0.00    2.15 v _235_/A_N (sky130_fd_sc_hd__nand3b_4)
     9    0.04    0.14    0.25    2.41 v _235_/Y (sky130_fd_sc_hd__nand3b_4)
                                         _163_ (net)
                  0.14    0.00    2.41 v _242_/C (sky130_fd_sc_hd__and3_1)
     2    0.01    0.08    0.27    2.68 v _242_/X (sky130_fd_sc_hd__and3_1)
                                         _000_ (net)
                  0.08    0.00    2.68 v _245_/B (sky130_fd_sc_hd__or3_1)
     2    0.01    0.10    0.42    3.10 v _245_/X (sky130_fd_sc_hd__or3_1)
                                         _003_ (net)
                  0.10    0.00    3.10 v _314_/B (sky130_fd_sc_hd__and2b_1)
     1    0.01    0.05    0.20    3.30 v _314_/X (sky130_fd_sc_hd__and2b_1)
                                         _068_ (net)
                  0.05    0.00    3.30 v _315_/A (sky130_fd_sc_hd__nor2_1)
     1    0.01    0.14    0.16    3.46 ^ _315_/Y (sky130_fd_sc_hd__nor2_1)
                                         _069_ (net)
                  0.14    0.00    3.46 ^ _316_/B (sky130_fd_sc_hd__or3b_1)
     1    0.01    0.11    0.19    3.64 ^ _316_/X (sky130_fd_sc_hd__or3b_1)
                                         _070_ (net)
                  0.11    0.00    3.64 ^ _317_/D_N (sky130_fd_sc_hd__or4b_1)
     1    0.01    0.10    0.49    4.13 v _317_/X (sky130_fd_sc_hd__or4b_1)
                                         _071_ (net)
                  0.10    0.00    4.13 v _318_/A (sky130_fd_sc_hd__buf_1)
     1    0.01    0.06    0.14    4.28 v _318_/X (sky130_fd_sc_hd__buf_1)
                                         net21 (net)
                  0.06    0.00    4.28 v output21/A (sky130_fd_sc_hd__buf_2)
     1    0.03    0.09    0.19    4.47 v output21/X (sky130_fd_sc_hd__buf_2)
                                         out[1] (net)
                  0.09    0.00    4.47 v out[1] (out)
                                  4.47   data arrival time

                  0.00   10.00   10.00   clock __VIRTUAL_CLK__ (rise edge)
                          0.00   10.00   clock network delay (ideal)
                         -0.25    9.75   clock uncertainty
                          0.00    9.75   clock reconvergence pessimism
                         -2.00    7.75   output external delay
                                  7.75   data required time
-----------------------------------------------------------------------------
                                  7.75   data required time
                                 -4.47   data arrival time
-----------------------------------------------------------------------------
                                  3.28   slack (MET)


Startpoint: opcode[0] (input port clocked by __VIRTUAL_CLK__)
Endpoint: out[3] (output port clocked by __VIRTUAL_CLK__)
Path Group: __VIRTUAL_CLK__
Path Type: max

Fanout     Cap    Slew   Delay    Time   Description
-----------------------------------------------------------------------------
                  0.00    0.00    0.00   clock __VIRTUAL_CLK__ (rise edge)
                          0.00    0.00   clock network delay (ideal)
                          2.00    2.00 v input external delay
     1    0.00    0.01    0.00    2.00 v opcode[0] (in)
                                         opcode[0] (net)
                  0.01    0.00    2.00 v input17/A (sky130_fd_sc_hd__clkbuf_2)
     5    0.02    0.09    0.15    2.15 v input17/X (sky130_fd_sc_hd__clkbuf_2)
                                         net17 (net)
                  0.09    0.00    2.15 v _235_/A_N (sky130_fd_sc_hd__nand3b_4)
     9    0.04    0.14    0.25    2.41 v _235_/Y (sky130_fd_sc_hd__nand3b_4)
                                         _163_ (net)
                  0.14    0.00    2.41 v _242_/C (sky130_fd_sc_hd__and3_1)
     2    0.01    0.08    0.27    2.68 v _242_/X (sky130_fd_sc_hd__and3_1)
                                         _000_ (net)
                  0.08    0.00    2.68 v _245_/B (sky130_fd_sc_hd__or3_1)
     2    0.01    0.10    0.42    3.10 v _245_/X (sky130_fd_sc_hd__or3_1)
                                         _003_ (net)
                  0.10    0.00    3.10 v _247_/B (sky130_fd_sc_hd__and3b_1)
     3    0.01    0.08    0.24    3.34 v _247_/X (sky130_fd_sc_hd__and3b_1)
                                         _005_ (net)
                  0.08    0.00    3.34 v _250_/A2 (sky130_fd_sc_hd__o21ai_2)
     4    0.02    0.23    0.23    3.57 ^ _250_/Y (sky130_fd_sc_hd__o21ai_2)
                                         _008_ (net)
                  0.23    0.00    3.57 ^ _328_/B (sky130_fd_sc_hd__nand2_1)
     1    0.01    0.09    0.13    3.70 v _328_/Y (sky130_fd_sc_hd__nand2_1)
                                         _080_ (net)
                  0.09    0.00    3.70 v _329_/B (sky130_fd_sc_hd__xnor2_1)
     1    0.01    0.07    0.17    3.87 v _329_/Y (sky130_fd_sc_hd__xnor2_1)
                                         _081_ (net)
                  0.07    0.00    3.87 v _335_/A2 (sky130_fd_sc_hd__a221o_1)
     1    0.01    0.07    0.40    4.26 v _335_/X (sky130_fd_sc_hd__a221o_1)
                                         net23 (net)
                  0.07    0.00    4.26 v output23/A (sky130_fd_sc_hd__buf_2)
     1    0.03    0.09    0.20    4.47 v output23/X (sky130_fd_sc_hd__buf_2)
                                         out[3] (net)
                  0.09    0.00    4.47 v out[3] (out)
                                  4.47   data arrival time

                  0.00   10.00   10.00   clock __VIRTUAL_CLK__ (rise edge)
                          0.00   10.00   clock network delay (ideal)
                         -0.25    9.75   clock uncertainty
                          0.00    9.75   clock reconvergence pessimism
                         -2.00    7.75   output external delay
                                  7.75   data required time
-----------------------------------------------------------------------------
                                  7.75   data required time
                                 -4.47   data arrival time
-----------------------------------------------------------------------------
                                  3.28   slack (MET)


Startpoint: B[0] (input port clocked by __VIRTUAL_CLK__)
Endpoint: out[2] (output port clocked by __VIRTUAL_CLK__)
Path Group: __VIRTUAL_CLK__
Path Type: max

Fanout     Cap    Slew   Delay    Time   Description
-----------------------------------------------------------------------------
                  0.00    0.00    0.00   clock __VIRTUAL_CLK__ (rise edge)
                          0.00    0.00   clock network delay (ideal)
                          2.00    2.00 v input external delay
     1    0.00    0.01    0.00    2.00 v B[0] (in)
                                         B[0] (net)
                  0.01    0.00    2.00 v input9/A (sky130_fd_sc_hd__clkbuf_2)
     4    0.02    0.07    0.13    2.14 v input9/X (sky130_fd_sc_hd__clkbuf_2)
                                         net9 (net)
                  0.07    0.00    2.14 v _234_/A (sky130_fd_sc_hd__or2_2)
     4    0.02    0.10    0.39    2.52 v _234_/X (sky130_fd_sc_hd__or2_2)
                                         _162_ (net)
                  0.10    0.00    2.52 v _240_/C (sky130_fd_sc_hd__and3_2)
     2    0.02    0.07    0.28    2.81 v _240_/X (sky130_fd_sc_hd__and3_2)
                                         _168_ (net)
                  0.07    0.00    2.81 v _248_/C (sky130_fd_sc_hd__or3_1)
     1    0.01    0.08    0.35    3.16 v _248_/X (sky130_fd_sc_hd__or3_1)
                                         _006_ (net)
                  0.08    0.00    3.16 v _249_/B (sky130_fd_sc_hd__and2_1)
     2    0.01    0.07    0.22    3.38 v _249_/X (sky130_fd_sc_hd__and2_1)
                                         _007_ (net)
                  0.07    0.00    3.38 v _319_/A (sky130_fd_sc_hd__or3_1)
     1    0.01    0.09    0.42    3.81 v _319_/X (sky130_fd_sc_hd__or3_1)
                                         _072_ (net)
                  0.09    0.00    3.81 v _326_/A3 (sky130_fd_sc_hd__a31o_1)
     1    0.01    0.06    0.26    4.07 v _326_/X (sky130_fd_sc_hd__a31o_1)
                                         net22 (net)
                  0.06    0.00    4.07 v output22/A (sky130_fd_sc_hd__buf_2)
     1    0.03    0.09    0.19    4.26 v output22/X (sky130_fd_sc_hd__buf_2)
                                         out[2] (net)
                  0.09    0.00    4.26 v out[2] (out)
                                  4.26   data arrival time

                  0.00   10.00   10.00   clock __VIRTUAL_CLK__ (rise edge)
                          0.00   10.00   clock network delay (ideal)
                         -0.25    9.75   clock uncertainty
                          0.00    9.75   clock reconvergence pessimism
                         -2.00    7.75   output external delay
                                  7.75   data required time
-----------------------------------------------------------------------------
                                  7.75   data required time
                                 -4.26   data arrival time
-----------------------------------------------------------------------------
                                  3.49   slack (MET)


Startpoint: opcode[0] (input port clocked by __VIRTUAL_CLK__)
Endpoint: out[0] (output port clocked by __VIRTUAL_CLK__)
Path Group: __VIRTUAL_CLK__
Path Type: max

Fanout     Cap    Slew   Delay    Time   Description
-----------------------------------------------------------------------------
                  0.00    0.00    0.00   clock __VIRTUAL_CLK__ (rise edge)
                          0.00    0.00   clock network delay (ideal)
                          2.00    2.00 v input external delay
     1    0.00    0.01    0.00    2.00 v opcode[0] (in)
                                         opcode[0] (net)
                  0.01    0.00    2.00 v input17/A (sky130_fd_sc_hd__clkbuf_2)
     5    0.02    0.09    0.15    2.15 v input17/X (sky130_fd_sc_hd__clkbuf_2)
                                         net17 (net)
                  0.09    0.00    2.16 v _171_/A (sky130_fd_sc_hd__or2_2)
     4    0.02    0.11    0.40    2.55 v _171_/X (sky130_fd_sc_hd__or2_2)
                                         _099_ (net)
                  0.11    0.00    2.55 v _224_/B (sky130_fd_sc_hd__or2_1)
     1    0.00    0.06    0.25    2.80 v _224_/X (sky130_fd_sc_hd__or2_1)
                                         _152_ (net)
                  0.06    0.00    2.80 v _225_/A (sky130_fd_sc_hd__clkbuf_4)
     8    0.03    0.08    0.20    3.00 v _225_/X (sky130_fd_sc_hd__clkbuf_4)
                                         _153_ (net)
                  0.08    0.00    3.00 v _306_/A2 (sky130_fd_sc_hd__o21ai_1)
     1    0.00    0.12    0.15    3.15 ^ _306_/Y (sky130_fd_sc_hd__o21ai_1)
                                         _061_ (net)
                  0.12    0.00    3.15 ^ _307_/B1 (sky130_fd_sc_hd__a31o_1)
     1    0.01    0.10    0.16    3.31 ^ _307_/X (sky130_fd_sc_hd__a31o_1)
                                         net20 (net)
                  0.10    0.00    3.31 ^ output20/A (sky130_fd_sc_hd__buf_2)
     1    0.03    0.17    0.23    3.54 ^ output20/X (sky130_fd_sc_hd__buf_2)
                                         out[0] (net)
                  0.17    0.00    3.54 ^ out[0] (out)
                                  3.54   data arrival time

                  0.00   10.00   10.00   clock __VIRTUAL_CLK__ (rise edge)
                          0.00   10.00   clock network delay (ideal)
                         -0.25    9.75   clock uncertainty
                          0.00    9.75   clock reconvergence pessimism
                         -2.00    7.75   output external delay
                                  7.75   data required time
-----------------------------------------------------------------------------
                                  7.75   data required time
                                 -3.54   data arrival time
-----------------------------------------------------------------------------
                                  4.21   slack (MET)



worst slack corner Typical: 2.7561
