
===========================================================================
report_checks -path_delay max (Setup)
============================================================================
======================= Typical Corner ===================================

Startpoint: x[0] (input port clocked by __VIRTUAL_CLK__)
Endpoint: y[6] (output port clocked by __VIRTUAL_CLK__)
Path Group: __VIRTUAL_CLK__
Path Type: max

Fanout     Cap    Slew   Delay    Time   Description
-----------------------------------------------------------------------------
                  0.00    0.00    0.00   clock __VIRTUAL_CLK__ (rise edge)
                          0.00    0.00   clock network delay (ideal)
                          2.00    2.00 v input external delay
     1    0.00    0.01    0.01    2.01 v x[0] (in)
                                         x[0] (net)
                  0.01    0.00    2.01 v input1/A (sky130_fd_sc_hd__clkbuf_2)
     5    0.02    0.10    0.15    2.16 v input1/X (sky130_fd_sc_hd__clkbuf_2)
                                         net1 (net)
                  0.10    0.00    2.16 v _13_/B (sky130_fd_sc_hd__or4_4)
     5    0.01    0.10    0.57    2.73 v _13_/X (sky130_fd_sc_hd__or4_4)
                                         _02_ (net)
                  0.10    0.00    2.73 v _20_/D (sky130_fd_sc_hd__or4_2)
     2    0.01    0.14    0.65    3.38 v _20_/X (sky130_fd_sc_hd__or4_2)
                                         _06_ (net)
                  0.14    0.00    3.38 v _22_/A (sky130_fd_sc_hd__and2_1)
     1    0.01    0.05    0.20    3.58 v _22_/X (sky130_fd_sc_hd__and2_1)
                                         _08_ (net)
                  0.05    0.00    3.58 v _23_/A (sky130_fd_sc_hd__clkbuf_1)
     1    0.01    0.04    0.10    3.69 v _23_/X (sky130_fd_sc_hd__clkbuf_1)
                                         net15 (net)
                  0.04    0.00    3.69 v output15/A (sky130_fd_sc_hd__buf_2)
     1    0.03    0.09    0.19    3.87 v output15/X (sky130_fd_sc_hd__buf_2)
                                         y[6] (net)
                  0.09    0.00    3.87 v y[6] (out)
                                  3.87   data arrival time

                  0.00   10.00   10.00   clock __VIRTUAL_CLK__ (rise edge)
                          0.00   10.00   clock network delay (ideal)
                         -0.25    9.75   clock uncertainty
                          0.00    9.75   clock reconvergence pessimism
                         -2.00    7.75   output external delay
                                  7.75   data required time
-----------------------------------------------------------------------------
                                  7.75   data required time
                                 -3.87   data arrival time
-----------------------------------------------------------------------------
                                  3.88   slack (MET)


Startpoint: x[0] (input port clocked by __VIRTUAL_CLK__)
Endpoint: y[7] (output port clocked by __VIRTUAL_CLK__)
Path Group: __VIRTUAL_CLK__
Path Type: max

Fanout     Cap    Slew   Delay    Time   Description
-----------------------------------------------------------------------------
                  0.00    0.00    0.00   clock __VIRTUAL_CLK__ (rise edge)
                          0.00    0.00   clock network delay (ideal)
                          2.00    2.00 v input external delay
     1    0.00    0.01    0.01    2.01 v x[0] (in)
                                         x[0] (net)
                  0.01    0.00    2.01 v input1/A (sky130_fd_sc_hd__clkbuf_2)
     5    0.02    0.10    0.15    2.16 v input1/X (sky130_fd_sc_hd__clkbuf_2)
                                         net1 (net)
                  0.10    0.00    2.16 v _13_/B (sky130_fd_sc_hd__or4_4)
     5    0.01    0.10    0.57    2.73 v _13_/X (sky130_fd_sc_hd__or4_4)
                                         _02_ (net)
                  0.10    0.00    2.73 v _20_/D (sky130_fd_sc_hd__or4_2)
     2    0.01    0.14    0.65    3.38 v _20_/X (sky130_fd_sc_hd__or4_2)
                                         _06_ (net)
                  0.14    0.00    3.39 v _24_/B (sky130_fd_sc_hd__xor2_1)
     1    0.00    0.12    0.18    3.56 ^ _24_/X (sky130_fd_sc_hd__xor2_1)
                                         net16 (net)
                  0.12    0.00    3.56 ^ output16/A (sky130_fd_sc_hd__buf_2)
     1    0.03    0.17    0.24    3.80 ^ output16/X (sky130_fd_sc_hd__buf_2)
                                         y[7] (net)
                  0.17    0.00    3.80 ^ y[7] (out)
                                  3.80   data arrival time

                  0.00   10.00   10.00   clock __VIRTUAL_CLK__ (rise edge)
                          0.00   10.00   clock network delay (ideal)
                         -0.25    9.75   clock uncertainty
                          0.00    9.75   clock reconvergence pessimism
                         -2.00    7.75   output external delay
                                  7.75   data required time
-----------------------------------------------------------------------------
                                  7.75   data required time
                                 -3.80   data arrival time
-----------------------------------------------------------------------------
                                  3.95   slack (MET)


Startpoint: x[0] (input port clocked by __VIRTUAL_CLK__)
Endpoint: y[5] (output port clocked by __VIRTUAL_CLK__)
Path Group: __VIRTUAL_CLK__
Path Type: max

Fanout     Cap    Slew   Delay    Time   Description
-----------------------------------------------------------------------------
                  0.00    0.00    0.00   clock __VIRTUAL_CLK__ (rise edge)
                          0.00    0.00   clock network delay (ideal)
                          2.00    2.00 v input external delay
     1    0.00    0.01    0.01    2.01 v x[0] (in)
                                         x[0] (net)
                  0.01    0.00    2.01 v input1/A (sky130_fd_sc_hd__clkbuf_2)
     5    0.02    0.10    0.15    2.16 v input1/X (sky130_fd_sc_hd__clkbuf_2)
                                         net1 (net)
                  0.10    0.00    2.16 v _13_/B (sky130_fd_sc_hd__or4_4)
     5    0.01    0.10    0.57    2.73 v _13_/X (sky130_fd_sc_hd__or4_4)
                                         _02_ (net)
                  0.10    0.00    2.73 v _16_/B (sky130_fd_sc_hd__nor2_2)
     2    0.02    0.25    0.24    2.98 ^ _16_/Y (sky130_fd_sc_hd__nor2_2)
                                         _04_ (net)
                  0.25    0.00    2.98 ^ _19_/B (sky130_fd_sc_hd__xnor2_2)
     1    0.01    0.20    0.18    3.16 ^ _19_/Y (sky130_fd_sc_hd__xnor2_2)
                                         net14 (net)
                  0.20    0.00    3.16 ^ output14/A (sky130_fd_sc_hd__buf_2)
     1    0.03    0.17    0.26    3.42 ^ output14/X (sky130_fd_sc_hd__buf_2)
                                         y[5] (net)
                  0.17    0.00    3.42 ^ y[5] (out)
                                  3.42   data arrival time

                  0.00   10.00   10.00   clock __VIRTUAL_CLK__ (rise edge)
                          0.00   10.00   clock network delay (ideal)
                         -0.25    9.75   clock uncertainty
                          0.00    9.75   clock reconvergence pessimism
                         -2.00    7.75   output external delay
                                  7.75   data required time
-----------------------------------------------------------------------------
                                  7.75   data required time
                                 -3.42   data arrival time
-----------------------------------------------------------------------------
                                  4.33   slack (MET)


Startpoint: x[0] (input port clocked by __VIRTUAL_CLK__)
Endpoint: y[4] (output port clocked by __VIRTUAL_CLK__)
Path Group: __VIRTUAL_CLK__
Path Type: max

Fanout     Cap    Slew   Delay    Time   Description
-----------------------------------------------------------------------------
                  0.00    0.00    0.00   clock __VIRTUAL_CLK__ (rise edge)
                          0.00    0.00   clock network delay (ideal)
                          2.00    2.00 v input external delay
     1    0.00    0.01    0.01    2.01 v x[0] (in)
                                         x[0] (net)
                  0.01    0.00    2.01 v input1/A (sky130_fd_sc_hd__clkbuf_2)
     5    0.02    0.10    0.15    2.16 v input1/X (sky130_fd_sc_hd__clkbuf_2)
                                         net1 (net)
                  0.10    0.00    2.16 v _13_/B (sky130_fd_sc_hd__or4_4)
     5    0.01    0.10    0.57    2.73 v _13_/X (sky130_fd_sc_hd__or4_4)
                                         _02_ (net)
                  0.10    0.00    2.73 v _17_/B (sky130_fd_sc_hd__and2_1)
     1    0.01    0.07    0.23    2.96 v _17_/X (sky130_fd_sc_hd__and2_1)
                                         _05_ (net)
                  0.07    0.00    2.96 v _18_/B (sky130_fd_sc_hd__nor2_1)
     1    0.00    0.07    0.09    3.05 ^ _18_/Y (sky130_fd_sc_hd__nor2_1)
                                         net13 (net)
                  0.07    0.00    3.05 ^ output13/A (sky130_fd_sc_hd__buf_2)
     1    0.03    0.17    0.21    3.26 ^ output13/X (sky130_fd_sc_hd__buf_2)
                                         y[4] (net)
                  0.17    0.00    3.26 ^ y[4] (out)
                                  3.26   data arrival time

                  0.00   10.00   10.00   clock __VIRTUAL_CLK__ (rise edge)
                          0.00   10.00   clock network delay (ideal)
                         -0.25    9.75   clock uncertainty
                          0.00    9.75   clock reconvergence pessimism
                         -2.00    7.75   output external delay
                                  7.75   data required time
-----------------------------------------------------------------------------
                                  7.75   data required time
                                 -3.26   data arrival time
-----------------------------------------------------------------------------
                                  4.49   slack (MET)


Startpoint: x[0] (input port clocked by __VIRTUAL_CLK__)
Endpoint: y[3] (output port clocked by __VIRTUAL_CLK__)
Path Group: __VIRTUAL_CLK__
Path Type: max

Fanout     Cap    Slew   Delay    Time   Description
-----------------------------------------------------------------------------
                  0.00    0.00    0.00   clock __VIRTUAL_CLK__ (rise edge)
                          0.00    0.00   clock network delay (ideal)
                          2.00    2.00 v input external delay
     1    0.00    0.01    0.01    2.01 v x[0] (in)
                                         x[0] (net)
                  0.01    0.00    2.01 v input1/A (sky130_fd_sc_hd__clkbuf_2)
     5    0.02    0.10    0.15    2.16 v input1/X (sky130_fd_sc_hd__clkbuf_2)
                                         net1 (net)
                  0.10    0.00    2.16 v _13_/B (sky130_fd_sc_hd__or4_4)
     5    0.01    0.10    0.57    2.73 v _13_/X (sky130_fd_sc_hd__or4_4)
                                         _02_ (net)
                  0.10    0.00    2.73 v _14_/B (sky130_fd_sc_hd__and2b_1)
     1    0.00    0.03    0.18    2.91 v _14_/X (sky130_fd_sc_hd__and2b_1)
                                         _03_ (net)
                  0.03    0.00    2.91 v _15_/A (sky130_fd_sc_hd__clkbuf_1)
     1    0.01    0.04    0.10    3.01 v _15_/X (sky130_fd_sc_hd__clkbuf_1)
                                         net12 (net)
                  0.04    0.00    3.01 v output12/A (sky130_fd_sc_hd__buf_2)
     1    0.03    0.09    0.19    3.20 v output12/X (sky130_fd_sc_hd__buf_2)
                                         y[3] (net)
                  0.09    0.00    3.20 v y[3] (out)
                                  3.20   data arrival time

                  0.00   10.00   10.00   clock __VIRTUAL_CLK__ (rise edge)
                          0.00   10.00   clock network delay (ideal)
                         -0.25    9.75   clock uncertainty
                          0.00    9.75   clock reconvergence pessimism
                         -2.00    7.75   output external delay
                                  7.75   data required time
-----------------------------------------------------------------------------
                                  7.75   data required time
                                 -3.20   data arrival time
-----------------------------------------------------------------------------
                                  4.55   slack (MET)


Startpoint: x[0] (input port clocked by __VIRTUAL_CLK__)
Endpoint: y[2] (output port clocked by __VIRTUAL_CLK__)
Path Group: __VIRTUAL_CLK__
Path Type: max

Fanout     Cap    Slew   Delay    Time   Description
-----------------------------------------------------------------------------
                  0.00    0.00    0.00   clock __VIRTUAL_CLK__ (rise edge)
                          0.00    0.00   clock network delay (ideal)
                          2.00    2.00 v input external delay
     1    0.00    0.01    0.01    2.01 v x[0] (in)
                                         x[0] (net)
                  0.01    0.00    2.01 v input1/A (sky130_fd_sc_hd__clkbuf_2)
     5    0.02    0.10    0.15    2.16 v input1/X (sky130_fd_sc_hd__clkbuf_2)
                                         net1 (net)
                  0.10    0.00    2.16 v _10_/B (sky130_fd_sc_hd__nor2_1)
     2    0.02    0.30    0.28    2.44 ^ _10_/Y (sky130_fd_sc_hd__nor2_1)
                                         _00_ (net)
                  0.30    0.00    2.44 ^ _11_/B (sky130_fd_sc_hd__xnor2_1)
     1    0.00    0.10    0.16    2.59 ^ _11_/Y (sky130_fd_sc_hd__xnor2_1)
                                         net11 (net)
                  0.10    0.00    2.59 ^ output11/A (sky130_fd_sc_hd__buf_2)
     1    0.03    0.17    0.23    2.82 ^ output11/X (sky130_fd_sc_hd__buf_2)
                                         y[2] (net)
                  0.17    0.00    2.82 ^ y[2] (out)
                                  2.82   data arrival time

                  0.00   10.00   10.00   clock __VIRTUAL_CLK__ (rise edge)
                          0.00   10.00   clock network delay (ideal)
                         -0.25    9.75   clock uncertainty
                          0.00    9.75   clock reconvergence pessimism
                         -2.00    7.75   output external delay
                                  7.75   data required time
-----------------------------------------------------------------------------
                                  7.75   data required time
                                 -2.82   data arrival time
-----------------------------------------------------------------------------
                                  4.93   slack (MET)


Startpoint: x[0] (input port clocked by __VIRTUAL_CLK__)
Endpoint: y[1] (output port clocked by __VIRTUAL_CLK__)
Path Group: __VIRTUAL_CLK__
Path Type: max

Fanout     Cap    Slew   Delay    Time   Description
-----------------------------------------------------------------------------
                  0.00    0.00    0.00   clock __VIRTUAL_CLK__ (rise edge)
                          0.00    0.00   clock network delay (ideal)
                          2.00    2.00 v input external delay
     1    0.00    0.01    0.01    2.01 v x[0] (in)
                                         x[0] (net)
                  0.01    0.00    2.01 v input1/A (sky130_fd_sc_hd__clkbuf_2)
     5    0.02    0.10    0.15    2.16 v input1/X (sky130_fd_sc_hd__clkbuf_2)
                                         net1 (net)
                  0.10    0.00    2.16 v _10_/B (sky130_fd_sc_hd__nor2_1)
     2    0.02    0.30    0.28    2.44 ^ _10_/Y (sky130_fd_sc_hd__nor2_1)
                                         _00_ (net)
                  0.30    0.00    2.44 ^ _26_/A (sky130_fd_sc_hd__nor2_1)
     1    0.01    0.08    0.12    2.56 v _26_/Y (sky130_fd_sc_hd__nor2_1)
                                         net10 (net)
                  0.08    0.00    2.56 v output10/A (sky130_fd_sc_hd__buf_2)
     1    0.03    0.09    0.21    2.77 v output10/X (sky130_fd_sc_hd__buf_2)
                                         y[1] (net)
                  0.09    0.00    2.77 v y[1] (out)
                                  2.77   data arrival time

                  0.00   10.00   10.00   clock __VIRTUAL_CLK__ (rise edge)
                          0.00   10.00   clock network delay (ideal)
                         -0.25    9.75   clock uncertainty
                          0.00    9.75   clock reconvergence pessimism
                         -2.00    7.75   output external delay
                                  7.75   data required time
-----------------------------------------------------------------------------
                                  7.75   data required time
                                 -2.77   data arrival time
-----------------------------------------------------------------------------
                                  4.98   slack (MET)


Startpoint: x[0] (input port clocked by __VIRTUAL_CLK__)
Endpoint: y[0] (output port clocked by __VIRTUAL_CLK__)
Path Group: __VIRTUAL_CLK__
Path Type: max

Fanout     Cap    Slew   Delay    Time   Description
-----------------------------------------------------------------------------
                  0.00    0.00    0.00   clock __VIRTUAL_CLK__ (rise edge)
                          0.00    0.00   clock network delay (ideal)
                          2.00    2.00 ^ input external delay
     1    0.00    0.02    0.01    2.01 ^ x[0] (in)
                                         x[0] (net)
                  0.02    0.00    2.01 ^ input1/A (sky130_fd_sc_hd__clkbuf_2)
     5    0.03    0.14    0.18    2.19 ^ input1/X (sky130_fd_sc_hd__clkbuf_2)
                                         net1 (net)
                  0.14    0.00    2.19 ^ _27_/A (sky130_fd_sc_hd__clkbuf_1)
     1    0.00    0.06    0.12    2.31 ^ _27_/X (sky130_fd_sc_hd__clkbuf_1)
                                         net9 (net)
                  0.06    0.00    2.31 ^ output9/A (sky130_fd_sc_hd__buf_2)
     1    0.03    0.17    0.21    2.53 ^ output9/X (sky130_fd_sc_hd__buf_2)
                                         y[0] (net)
                  0.17    0.00    2.53 ^ y[0] (out)
                                  2.53   data arrival time

                  0.00   10.00   10.00   clock __VIRTUAL_CLK__ (rise edge)
                          0.00   10.00   clock network delay (ideal)
                         -0.25    9.75   clock uncertainty
                          0.00    9.75   clock reconvergence pessimism
                         -2.00    7.75   output external delay
                                  7.75   data required time
-----------------------------------------------------------------------------
                                  7.75   data required time
                                 -2.53   data arrival time
-----------------------------------------------------------------------------
                                  5.22   slack (MET)



worst slack corner Typical: 3.8764
