
===========================================================================
report_checks -path_delay max (Setup)
============================================================================
======================= Typical Corner ===================================

Startpoint: x[1] (input port clocked by __VIRTUAL_CLK__)
Endpoint: y[6] (output port clocked by __VIRTUAL_CLK__)
Path Group: __VIRTUAL_CLK__
Path Type: max

Fanout     Cap    Slew   Delay    Time   Description
-----------------------------------------------------------------------------
                  0.00    0.00    0.00   clock __VIRTUAL_CLK__ (rise edge)
                          0.00    0.00   clock network delay (ideal)
                          2.00    2.00 v input external delay
     1    0.00    0.01    0.00    2.00 v x[1] (in)
                                         x[1] (net)
                  0.01    0.00    2.00 v input2/A (sky130_fd_sc_hd__clkbuf_2)
     4    0.01    0.04    0.10    2.11 v input2/X (sky130_fd_sc_hd__clkbuf_2)
                                         net2 (net)
                  0.04    0.00    2.11 v _13_/A (sky130_fd_sc_hd__or4_4)
     5    0.01    0.10    0.57    2.68 v _13_/X (sky130_fd_sc_hd__or4_4)
                                         _02_ (net)
                  0.10    0.00    2.68 v _20_/D (sky130_fd_sc_hd__or4_2)
     2    0.01    0.11    0.60    3.28 v _20_/X (sky130_fd_sc_hd__or4_2)
                                         _06_ (net)
                  0.11    0.00    3.28 v _22_/A (sky130_fd_sc_hd__and2_1)
     1    0.00    0.03    0.17    3.44 v _22_/X (sky130_fd_sc_hd__and2_1)
                                         _08_ (net)
                  0.03    0.00    3.44 v _23_/A (sky130_fd_sc_hd__clkbuf_1)
     1    0.00    0.02    0.08    3.52 v _23_/X (sky130_fd_sc_hd__clkbuf_1)
                                         net15 (net)
                  0.02    0.00    3.52 v output15/A (sky130_fd_sc_hd__buf_2)
     1    0.03    0.09    0.18    3.70 v output15/X (sky130_fd_sc_hd__buf_2)
                                         y[6] (net)
                  0.09    0.00    3.70 v y[6] (out)
                                  3.70   data arrival time

                  0.00   10.00   10.00   clock __VIRTUAL_CLK__ (rise edge)
                          0.00   10.00   clock network delay (ideal)
                         -0.25    9.75   clock uncertainty
                          0.00    9.75   clock reconvergence pessimism
                         -2.00    7.75   output external delay
                                  7.75   data required time
-----------------------------------------------------------------------------
                                  7.75   data required time
                                 -3.70   data arrival time
-----------------------------------------------------------------------------
                                  4.05   slack (MET)


Startpoint: x[1] (input port clocked by __VIRTUAL_CLK__)
Endpoint: y[7] (output port clocked by __VIRTUAL_CLK__)
Path Group: __VIRTUAL_CLK__
Path Type: max

Fanout     Cap    Slew   Delay    Time   Description
-----------------------------------------------------------------------------
                  0.00    0.00    0.00   clock __VIRTUAL_CLK__ (rise edge)
                          0.00    0.00   clock network delay (ideal)
                          2.00    2.00 v input external delay
     1    0.00    0.01    0.00    2.00 v x[1] (in)
                                         x[1] (net)
                  0.01    0.00    2.00 v input2/A (sky130_fd_sc_hd__clkbuf_2)
     4    0.01    0.04    0.10    2.11 v input2/X (sky130_fd_sc_hd__clkbuf_2)
                                         net2 (net)
                  0.04    0.00    2.11 v _13_/A (sky130_fd_sc_hd__or4_4)
     5    0.01    0.10    0.57    2.68 v _13_/X (sky130_fd_sc_hd__or4_4)
                                         _02_ (net)
                  0.10    0.00    2.68 v _20_/D (sky130_fd_sc_hd__or4_2)
     2    0.01    0.11    0.60    3.28 v _20_/X (sky130_fd_sc_hd__or4_2)
                                         _06_ (net)
                  0.11    0.00    3.28 v _24_/B (sky130_fd_sc_hd__xor2_1)
     1    0.00    0.10    0.14    3.42 ^ _24_/X (sky130_fd_sc_hd__xor2_1)
                                         net16 (net)
                  0.10    0.00    3.42 ^ output16/A (sky130_fd_sc_hd__buf_2)
     1    0.03    0.17    0.23    3.64 ^ output16/X (sky130_fd_sc_hd__buf_2)
                                         y[7] (net)
                  0.17    0.00    3.64 ^ y[7] (out)
                                  3.64   data arrival time

                  0.00   10.00   10.00   clock __VIRTUAL_CLK__ (rise edge)
                          0.00   10.00   clock network delay (ideal)
                         -0.25    9.75   clock uncertainty
                          0.00    9.75   clock reconvergence pessimism
                         -2.00    7.75   output external delay
                                  7.75   data required time
-----------------------------------------------------------------------------
                                  7.75   data required time
                                 -3.64   data arrival time
-----------------------------------------------------------------------------
                                  4.11   slack (MET)


Startpoint: x[1] (input port clocked by __VIRTUAL_CLK__)
Endpoint: y[5] (output port clocked by __VIRTUAL_CLK__)
Path Group: __VIRTUAL_CLK__
Path Type: max

Fanout     Cap    Slew   Delay    Time   Description
-----------------------------------------------------------------------------
                  0.00    0.00    0.00   clock __VIRTUAL_CLK__ (rise edge)
                          0.00    0.00   clock network delay (ideal)
                          2.00    2.00 v input external delay
     1    0.00    0.01    0.00    2.00 v x[1] (in)
                                         x[1] (net)
                  0.01    0.00    2.00 v input2/A (sky130_fd_sc_hd__clkbuf_2)
     4    0.01    0.04    0.10    2.11 v input2/X (sky130_fd_sc_hd__clkbuf_2)
                                         net2 (net)
                  0.04    0.00    2.11 v _13_/A (sky130_fd_sc_hd__or4_4)
     5    0.01    0.10    0.57    2.68 v _13_/X (sky130_fd_sc_hd__or4_4)
                                         _02_ (net)
                  0.10    0.00    2.68 v _16_/B (sky130_fd_sc_hd__nor2_2)
     2    0.01    0.14    0.16    2.84 ^ _16_/Y (sky130_fd_sc_hd__nor2_2)
                                         _04_ (net)
                  0.14    0.00    2.84 ^ _19_/B (sky130_fd_sc_hd__xnor2_2)
     1    0.00    0.09    0.12    2.96 ^ _19_/Y (sky130_fd_sc_hd__xnor2_2)
                                         net14 (net)
                  0.09    0.00    2.96 ^ output14/A (sky130_fd_sc_hd__buf_2)
     1    0.03    0.17    0.22    3.18 ^ output14/X (sky130_fd_sc_hd__buf_2)
                                         y[5] (net)
                  0.17    0.00    3.18 ^ y[5] (out)
                                  3.18   data arrival time

                  0.00   10.00   10.00   clock __VIRTUAL_CLK__ (rise edge)
                          0.00   10.00   clock network delay (ideal)
                         -0.25    9.75   clock uncertainty
                          0.00    9.75   clock reconvergence pessimism
                         -2.00    7.75   output external delay
                                  7.75   data required time
-----------------------------------------------------------------------------
                                  7.75   data required time
                                 -3.18   data arrival time
-----------------------------------------------------------------------------
                                  4.57   slack (MET)


Startpoint: x[1] (input port clocked by __VIRTUAL_CLK__)
Endpoint: y[4] (output port clocked by __VIRTUAL_CLK__)
Path Group: __VIRTUAL_CLK__
Path Type: max

Fanout     Cap    Slew   Delay    Time   Description
-----------------------------------------------------------------------------
                  0.00    0.00    0.00   clock __VIRTUAL_CLK__ (rise edge)
                          0.00    0.00   clock network delay (ideal)
                          2.00    2.00 v input external delay
     1    0.00    0.01    0.00    2.00 v x[1] (in)
                                         x[1] (net)
                  0.01    0.00    2.00 v input2/A (sky130_fd_sc_hd__clkbuf_2)
     4    0.01    0.04    0.10    2.11 v input2/X (sky130_fd_sc_hd__clkbuf_2)
                                         net2 (net)
                  0.04    0.00    2.11 v _13_/A (sky130_fd_sc_hd__or4_4)
     5    0.01    0.10    0.57    2.68 v _13_/X (sky130_fd_sc_hd__or4_4)
                                         _02_ (net)
                  0.10    0.00    2.68 v _17_/B (sky130_fd_sc_hd__and2_1)
     1    0.00    0.03    0.18    2.86 v _17_/X (sky130_fd_sc_hd__and2_1)
                                         _05_ (net)
                  0.03    0.00    2.86 v _18_/B (sky130_fd_sc_hd__nor2_1)
     1    0.00    0.06    0.07    2.93 ^ _18_/Y (sky130_fd_sc_hd__nor2_1)
                                         net13 (net)
                  0.06    0.00    2.93 ^ output13/A (sky130_fd_sc_hd__buf_2)
     1    0.03    0.17    0.21    3.14 ^ output13/X (sky130_fd_sc_hd__buf_2)
                                         y[4] (net)
                  0.17    0.00    3.14 ^ y[4] (out)
                                  3.14   data arrival time

                  0.00   10.00   10.00   clock __VIRTUAL_CLK__ (rise edge)
                          0.00   10.00   clock network delay (ideal)
                         -0.25    9.75   clock uncertainty
                          0.00    9.75   clock reconvergence pessimism
                         -2.00    7.75   output external delay
                                  7.75   data required time
-----------------------------------------------------------------------------
                                  7.75   data required time
                                 -3.14   data arrival time
-----------------------------------------------------------------------------
                                  4.61   slack (MET)


Startpoint: x[1] (input port clocked by __VIRTUAL_CLK__)
Endpoint: y[3] (output port clocked by __VIRTUAL_CLK__)
Path Group: __VIRTUAL_CLK__
Path Type: max

Fanout     Cap    Slew   Delay    Time   Description
-----------------------------------------------------------------------------
                  0.00    0.00    0.00   clock __VIRTUAL_CLK__ (rise edge)
                          0.00    0.00   clock network delay (ideal)
                          2.00    2.00 v input external delay
     1    0.00    0.01    0.00    2.00 v x[1] (in)
                                         x[1] (net)
                  0.01    0.00    2.00 v input2/A (sky130_fd_sc_hd__clkbuf_2)
     4    0.01    0.04    0.10    2.11 v input2/X (sky130_fd_sc_hd__clkbuf_2)
                                         net2 (net)
                  0.04    0.00    2.11 v _13_/A (sky130_fd_sc_hd__or4_4)
     5    0.01    0.10    0.57    2.68 v _13_/X (sky130_fd_sc_hd__or4_4)
                                         _02_ (net)
                  0.10    0.00    2.68 v _14_/B (sky130_fd_sc_hd__and2b_1)
     1    0.00    0.03    0.18    2.86 v _14_/X (sky130_fd_sc_hd__and2b_1)
                                         _03_ (net)
                  0.03    0.00    2.86 v _15_/A (sky130_fd_sc_hd__clkbuf_1)
     1    0.00    0.02    0.08    2.94 v _15_/X (sky130_fd_sc_hd__clkbuf_1)
                                         net12 (net)
                  0.02    0.00    2.94 v output12/A (sky130_fd_sc_hd__buf_2)
     1    0.03    0.09    0.18    3.12 v output12/X (sky130_fd_sc_hd__buf_2)
                                         y[3] (net)
                  0.09    0.00    3.12 v y[3] (out)
                                  3.12   data arrival time

                  0.00   10.00   10.00   clock __VIRTUAL_CLK__ (rise edge)
                          0.00   10.00   clock network delay (ideal)
                         -0.25    9.75   clock uncertainty
                          0.00    9.75   clock reconvergence pessimism
                         -2.00    7.75   output external delay
                                  7.75   data required time
-----------------------------------------------------------------------------
                                  7.75   data required time
                                 -3.12   data arrival time
-----------------------------------------------------------------------------
                                  4.63   slack (MET)


Startpoint: x[1] (input port clocked by __VIRTUAL_CLK__)
Endpoint: y[2] (output port clocked by __VIRTUAL_CLK__)
Path Group: __VIRTUAL_CLK__
Path Type: max

Fanout     Cap    Slew   Delay    Time   Description
-----------------------------------------------------------------------------
                  0.00    0.00    0.00   clock __VIRTUAL_CLK__ (rise edge)
                          0.00    0.00   clock network delay (ideal)
                          2.00    2.00 v input external delay
     1    0.00    0.01    0.00    2.00 v x[1] (in)
                                         x[1] (net)
                  0.01    0.00    2.00 v input2/A (sky130_fd_sc_hd__clkbuf_2)
     4    0.01    0.04    0.10    2.11 v input2/X (sky130_fd_sc_hd__clkbuf_2)
                                         net2 (net)
                  0.04    0.00    2.11 v _10_/A (sky130_fd_sc_hd__nor2_1)
     2    0.01    0.15    0.16    2.26 ^ _10_/Y (sky130_fd_sc_hd__nor2_1)
                                         _00_ (net)
                  0.15    0.00    2.26 ^ _11_/B (sky130_fd_sc_hd__xnor2_1)
     1    0.00    0.10    0.13    2.39 ^ _11_/Y (sky130_fd_sc_hd__xnor2_1)
                                         net11 (net)
                  0.10    0.00    2.39 ^ output11/A (sky130_fd_sc_hd__buf_2)
     1    0.03    0.17    0.23    2.62 ^ output11/X (sky130_fd_sc_hd__buf_2)
                                         y[2] (net)
                  0.17    0.00    2.62 ^ y[2] (out)
                                  2.62   data arrival time

                  0.00   10.00   10.00   clock __VIRTUAL_CLK__ (rise edge)
                          0.00   10.00   clock network delay (ideal)
                         -0.25    9.75   clock uncertainty
                          0.00    9.75   clock reconvergence pessimism
                         -2.00    7.75   output external delay
                                  7.75   data required time
-----------------------------------------------------------------------------
                                  7.75   data required time
                                 -2.62   data arrival time
-----------------------------------------------------------------------------
                                  5.13   slack (MET)


Startpoint: x[0] (input port clocked by __VIRTUAL_CLK__)
Endpoint: y[1] (output port clocked by __VIRTUAL_CLK__)
Path Group: __VIRTUAL_CLK__
Path Type: max

Fanout     Cap    Slew   Delay    Time   Description
-----------------------------------------------------------------------------
                  0.00    0.00    0.00   clock __VIRTUAL_CLK__ (rise edge)
                          0.00    0.00   clock network delay (ideal)
                          2.00    2.00 v input external delay
     1    0.00    0.01    0.00    2.00 v x[0] (in)
                                         x[0] (net)
                  0.01    0.00    2.00 v input1/A (sky130_fd_sc_hd__clkbuf_2)
     5    0.01    0.05    0.11    2.11 v input1/X (sky130_fd_sc_hd__clkbuf_2)
                                         net1 (net)
                  0.05    0.00    2.11 v _25_/B (sky130_fd_sc_hd__and2_1)
     1    0.00    0.03    0.16    2.27 v _25_/X (sky130_fd_sc_hd__and2_1)
                                         _09_ (net)
                  0.03    0.00    2.27 v _26_/B (sky130_fd_sc_hd__nor2_1)
     1    0.00    0.06    0.07    2.34 ^ _26_/Y (sky130_fd_sc_hd__nor2_1)
                                         net10 (net)
                  0.06    0.00    2.34 ^ output10/A (sky130_fd_sc_hd__buf_2)
     1    0.03    0.17    0.21    2.55 ^ output10/X (sky130_fd_sc_hd__buf_2)
                                         y[1] (net)
                  0.17    0.00    2.55 ^ y[1] (out)
                                  2.55   data arrival time

                  0.00   10.00   10.00   clock __VIRTUAL_CLK__ (rise edge)
                          0.00   10.00   clock network delay (ideal)
                         -0.25    9.75   clock uncertainty
                          0.00    9.75   clock reconvergence pessimism
                         -2.00    7.75   output external delay
                                  7.75   data required time
-----------------------------------------------------------------------------
                                  7.75   data required time
                                 -2.55   data arrival time
-----------------------------------------------------------------------------
                                  5.20   slack (MET)


Startpoint: x[0] (input port clocked by __VIRTUAL_CLK__)
Endpoint: y[0] (output port clocked by __VIRTUAL_CLK__)
Path Group: __VIRTUAL_CLK__
Path Type: max

Fanout     Cap    Slew   Delay    Time   Description
-----------------------------------------------------------------------------
                  0.00    0.00    0.00   clock __VIRTUAL_CLK__ (rise edge)
                          0.00    0.00   clock network delay (ideal)
                          2.00    2.00 ^ input external delay
     1    0.00    0.02    0.01    2.01 ^ x[0] (in)
                                         x[0] (net)
                  0.02    0.00    2.01 ^ input1/A (sky130_fd_sc_hd__clkbuf_2)
     5    0.01    0.07    0.12    2.13 ^ input1/X (sky130_fd_sc_hd__clkbuf_2)
                                         net1 (net)
                  0.07    0.00    2.13 ^ _27_/A (sky130_fd_sc_hd__clkbuf_1)
     1    0.00    0.03    0.08    2.21 ^ _27_/X (sky130_fd_sc_hd__clkbuf_1)
                                         net9 (net)
                  0.03    0.00    2.21 ^ output9/A (sky130_fd_sc_hd__buf_2)
     1    0.03    0.17    0.20    2.41 ^ output9/X (sky130_fd_sc_hd__buf_2)
                                         y[0] (net)
                  0.17    0.00    2.41 ^ y[0] (out)
                                  2.41   data arrival time

                  0.00   10.00   10.00   clock __VIRTUAL_CLK__ (rise edge)
                          0.00   10.00   clock network delay (ideal)
                         -0.25    9.75   clock uncertainty
                          0.00    9.75   clock reconvergence pessimism
                         -2.00    7.75   output external delay
                                  7.75   data required time
-----------------------------------------------------------------------------
                                  7.75   data required time
                                 -2.41   data arrival time
-----------------------------------------------------------------------------
                                  5.34   slack (MET)



worst slack corner Typical: 4.0503
