OpenROAD b16bda7e82721d10566ff7e2b68f1ff0be9f9e38 
Features included (+) or not (-): +Charts +GPU +GUI +Python
This program is licensed under the BSD-3 license. See the LICENSE file for details.
Components of this program may be licensed under more restrictive licenses which must be honored.
define_corners Typical
read_liberty -corner Typical /Users/Dide/.volare/sky130A/libs.ref/sky130_fd_sc_hd/lib/sky130_fd_sc_hd__tt_025C_1v80.lib
Using 1e-12 for capacitance...
Using 1e+03 for resistance...
Using 1e-09 for time...
Using 1e+00 for voltage...
Using 1e-03 for current...
Using 1e-09 for power...
Using 1e-06 for distance...
[INFO]: Reading ODB at '/openlane/designs/lab2/runs/RUN_2025.05.04_21.05.55/results/placement/lab2_behavE.odb'…
Reading design constraints file at '/openlane/scripts/base.sdc'…
[INFO]: Setting output delay to: 2.0
[INFO]: Setting input delay to: 2.0
[WARNING STA-0366] port '__VIRTUAL_CLK__' not found.
[INFO]: Setting load to: 0.033442
[INFO]: Setting clock uncertainty to: 0.25
[INFO]: Setting clock transition to: 0.15
[WARNING STA-0419] transition time can not be specified for virtual clocks.
[INFO]: Setting timing derate to: 5.0 %
[INFO]: Setting RC values...
min_report

===========================================================================
report_checks -path_delay min (Hold)
============================================================================
======================= Typical Corner ===================================

Startpoint: A[5] (input port clocked by __VIRTUAL_CLK__)
Endpoint: out[5] (output port clocked by __VIRTUAL_CLK__)
Path Group: __VIRTUAL_CLK__
Path Type: min

Fanout     Cap    Slew   Delay    Time   Description
-----------------------------------------------------------------------------
                  0.00    0.00    0.00   clock __VIRTUAL_CLK__ (rise edge)
                          0.00    0.00   clock network delay (ideal)
                          2.00    2.00 ^ input external delay
     1    0.00    0.02    0.01    2.01 ^ A[5] (in)
                                         A[5] (net)
                  0.02    0.00    2.01 ^ input6/A (sky130_fd_sc_hd__buf_2)
     6    0.03    0.15    0.16    2.17 ^ input6/X (sky130_fd_sc_hd__buf_2)
                                         net6 (net)
                  0.15    0.00    2.17 ^ _233_/A2 (sky130_fd_sc_hd__a311o_1)
     1    0.01    0.09    0.21    2.38 ^ _233_/X (sky130_fd_sc_hd__a311o_1)
                                         _161_ (net)
                  0.09    0.00    2.38 ^ _267_/B1 (sky130_fd_sc_hd__a211o_1)
     1    0.01    0.07    0.13    2.51 ^ _267_/X (sky130_fd_sc_hd__a211o_1)
                                         net25 (net)
                  0.07    0.00    2.51 ^ output25/A (sky130_fd_sc_hd__buf_2)
     1    0.03    0.17    0.20    2.70 ^ output25/X (sky130_fd_sc_hd__buf_2)
                                         out[5] (net)
                  0.17    0.00    2.70 ^ out[5] (out)
                                  2.70   data arrival time

                  0.00    0.00    0.00   clock __VIRTUAL_CLK__ (rise edge)
                          0.00    0.00   clock network delay (ideal)
                          0.25    0.25   clock uncertainty
                          0.00    0.25   clock reconvergence pessimism
                         -2.00   -1.75   output external delay
                                 -1.75   data required time
-----------------------------------------------------------------------------
                                 -1.75   data required time
                                 -2.70   data arrival time
-----------------------------------------------------------------------------
                                  4.45   slack (MET)


Startpoint: B[0] (input port clocked by __VIRTUAL_CLK__)
Endpoint: out[0] (output port clocked by __VIRTUAL_CLK__)
Path Group: __VIRTUAL_CLK__
Path Type: min

Fanout     Cap    Slew   Delay    Time   Description
-----------------------------------------------------------------------------
                  0.00    0.00    0.00   clock __VIRTUAL_CLK__ (rise edge)
                          0.00    0.00   clock network delay (ideal)
                          2.00    2.00 v input external delay
     1    0.00    0.01    0.00    2.00 v B[0] (in)
                                         B[0] (net)
                  0.01    0.00    2.00 v input9/A (sky130_fd_sc_hd__clkbuf_2)
     4    0.02    0.07    0.12    2.13 v input9/X (sky130_fd_sc_hd__clkbuf_2)
                                         net9 (net)
                  0.07    0.00    2.13 v _184_/A (sky130_fd_sc_hd__clkbuf_4)
    10    0.04    0.09    0.20    2.32 v _184_/X (sky130_fd_sc_hd__clkbuf_4)
                                         _112_ (net)
                  0.09    0.00    2.32 v _307_/A1 (sky130_fd_sc_hd__a31o_1)
     1    0.01    0.06    0.21    2.53 v _307_/X (sky130_fd_sc_hd__a31o_1)
                                         net20 (net)
                  0.06    0.00    2.53 v output20/A (sky130_fd_sc_hd__buf_2)
     1    0.03    0.09    0.18    2.71 v output20/X (sky130_fd_sc_hd__buf_2)
                                         out[0] (net)
                  0.09    0.00    2.71 v out[0] (out)
                                  2.71   data arrival time

                  0.00    0.00    0.00   clock __VIRTUAL_CLK__ (rise edge)
                          0.00    0.00   clock network delay (ideal)
                          0.25    0.25   clock uncertainty
                          0.00    0.25   clock reconvergence pessimism
                         -2.00   -1.75   output external delay
                                 -1.75   data required time
-----------------------------------------------------------------------------
                                 -1.75   data required time
                                 -2.71   data arrival time
-----------------------------------------------------------------------------
                                  4.46   slack (MET)


Startpoint: A[6] (input port clocked by __VIRTUAL_CLK__)
Endpoint: out[6] (output port clocked by __VIRTUAL_CLK__)
Path Group: __VIRTUAL_CLK__
Path Type: min

Fanout     Cap    Slew   Delay    Time   Description
-----------------------------------------------------------------------------
                  0.00    0.00    0.00   clock __VIRTUAL_CLK__ (rise edge)
                          0.00    0.00   clock network delay (ideal)
                          2.00    2.00 v input external delay
     1    0.00    0.01    0.00    2.00 v A[6] (in)
                                         A[6] (net)
                  0.01    0.00    2.00 v input7/A (sky130_fd_sc_hd__buf_2)
     5    0.02    0.07    0.14    2.14 v input7/X (sky130_fd_sc_hd__buf_2)
                                         net7 (net)
                  0.07    0.00    2.14 v _289_/A1 (sky130_fd_sc_hd__o211ai_2)
     1    0.01    0.09    0.20    2.34 ^ _289_/Y (sky130_fd_sc_hd__o211ai_2)
                                         _046_ (net)
                  0.09    0.00    2.34 ^ _290_/B1 (sky130_fd_sc_hd__a31o_1)
     1    0.00    0.05    0.11    2.45 ^ _290_/X (sky130_fd_sc_hd__a31o_1)
                                         _047_ (net)
                  0.05    0.00    2.45 ^ _291_/B1 (sky130_fd_sc_hd__a21o_1)
     1    0.01    0.09    0.11    2.56 ^ _291_/X (sky130_fd_sc_hd__a21o_1)
                                         net26 (net)
                  0.09    0.00    2.56 ^ output26/A (sky130_fd_sc_hd__buf_2)
     1    0.03    0.17    0.20    2.76 ^ output26/X (sky130_fd_sc_hd__buf_2)
                                         out[6] (net)
                  0.17    0.00    2.76 ^ out[6] (out)
                                  2.76   data arrival time

                  0.00    0.00    0.00   clock __VIRTUAL_CLK__ (rise edge)
                          0.00    0.00   clock network delay (ideal)
                          0.25    0.25   clock uncertainty
                          0.00    0.25   clock reconvergence pessimism
                         -2.00   -1.75   output external delay
                                 -1.75   data required time
-----------------------------------------------------------------------------
                                 -1.75   data required time
                                 -2.76   data arrival time
-----------------------------------------------------------------------------
                                  4.51   slack (MET)


Startpoint: B[4] (input port clocked by __VIRTUAL_CLK__)
Endpoint: out[4] (output port clocked by __VIRTUAL_CLK__)
Path Group: __VIRTUAL_CLK__
Path Type: min

Fanout     Cap    Slew   Delay    Time   Description
-----------------------------------------------------------------------------
                  0.00    0.00    0.00   clock __VIRTUAL_CLK__ (rise edge)
                          0.00    0.00   clock network delay (ideal)
                          2.00    2.00 ^ input external delay
     1    0.00    0.02    0.01    2.01 ^ B[4] (in)
                                         B[4] (net)
                  0.02    0.00    2.01 ^ input13/A (sky130_fd_sc_hd__clkbuf_4)
     6    0.03    0.11    0.17    2.18 ^ input13/X (sky130_fd_sc_hd__clkbuf_4)
                                         net13 (net)
                  0.11    0.00    2.18 ^ _341_/A1 (sky130_fd_sc_hd__a31o_1)
     1    0.01    0.07    0.16    2.33 ^ _341_/X (sky130_fd_sc_hd__a31o_1)
                                         _092_ (net)
                  0.07    0.00    2.33 ^ _346_/B (sky130_fd_sc_hd__or3_1)
     1    0.01    0.07    0.12    2.45 ^ _346_/X (sky130_fd_sc_hd__or3_1)
                                         _097_ (net)
                  0.07    0.00    2.45 ^ _347_/A (sky130_fd_sc_hd__buf_1)
     1    0.01    0.09    0.11    2.57 ^ _347_/X (sky130_fd_sc_hd__buf_1)
                                         net24 (net)
                  0.09    0.00    2.57 ^ output24/A (sky130_fd_sc_hd__buf_2)
     1    0.03    0.17    0.20    2.77 ^ output24/X (sky130_fd_sc_hd__buf_2)
                                         out[4] (net)
                  0.17    0.00    2.77 ^ out[4] (out)
                                  2.77   data arrival time

                  0.00    0.00    0.00   clock __VIRTUAL_CLK__ (rise edge)
                          0.00    0.00   clock network delay (ideal)
                          0.25    0.25   clock uncertainty
                          0.00    0.25   clock reconvergence pessimism
                         -2.00   -1.75   output external delay
                                 -1.75   data required time
-----------------------------------------------------------------------------
                                 -1.75   data required time
                                 -2.77   data arrival time
-----------------------------------------------------------------------------
                                  4.52   slack (MET)


Startpoint: opcode[2] (input port clocked by __VIRTUAL_CLK__)
Endpoint: out[2] (output port clocked by __VIRTUAL_CLK__)
Path Group: __VIRTUAL_CLK__
Path Type: min

Fanout     Cap    Slew   Delay    Time   Description
-----------------------------------------------------------------------------
                  0.00    0.00    0.00   clock __VIRTUAL_CLK__ (rise edge)
                          0.00    0.00   clock network delay (ideal)
                          2.00    2.00 v input external delay
     1    0.00    0.01    0.00    2.00 v opcode[2] (in)
                                         opcode[2] (net)
                  0.01    0.00    2.00 v input19/A (sky130_fd_sc_hd__clkbuf_4)
     6    0.04    0.09    0.16    2.17 v input19/X (sky130_fd_sc_hd__clkbuf_4)
                                         net19 (net)
                  0.09    0.00    2.17 v _265_/A (sky130_fd_sc_hd__and3_2)
     7    0.03    0.09    0.24    2.40 v _265_/X (sky130_fd_sc_hd__and3_2)
                                         _023_ (net)
                  0.09    0.00    2.40 v _326_/A2 (sky130_fd_sc_hd__a31o_1)
     1    0.01    0.05    0.23    2.63 v _326_/X (sky130_fd_sc_hd__a31o_1)
                                         net22 (net)
                  0.05    0.00    2.63 v output22/A (sky130_fd_sc_hd__buf_2)
     1    0.03    0.09    0.17    2.80 v output22/X (sky130_fd_sc_hd__buf_2)
                                         out[2] (net)
                  0.09    0.00    2.80 v out[2] (out)
                                  2.80   data arrival time

                  0.00    0.00    0.00   clock __VIRTUAL_CLK__ (rise edge)
                          0.00    0.00   clock network delay (ideal)
                          0.25    0.25   clock uncertainty
                          0.00    0.25   clock reconvergence pessimism
                         -2.00   -1.75   output external delay
                                 -1.75   data required time
-----------------------------------------------------------------------------
                                 -1.75   data required time
                                 -2.80   data arrival time
-----------------------------------------------------------------------------
                                  4.55   slack (MET)


Startpoint: opcode[2] (input port clocked by __VIRTUAL_CLK__)
Endpoint: out[7] (output port clocked by __VIRTUAL_CLK__)
Path Group: __VIRTUAL_CLK__
Path Type: min

Fanout     Cap    Slew   Delay    Time   Description
-----------------------------------------------------------------------------
                  0.00    0.00    0.00   clock __VIRTUAL_CLK__ (rise edge)
                          0.00    0.00   clock network delay (ideal)
                          2.00    2.00 v input external delay
     1    0.00    0.01    0.00    2.00 v opcode[2] (in)
                                         opcode[2] (net)
                  0.01    0.00    2.00 v input19/A (sky130_fd_sc_hd__clkbuf_4)
     6    0.04    0.09    0.16    2.17 v input19/X (sky130_fd_sc_hd__clkbuf_4)
                                         net19 (net)
                  0.09    0.00    2.17 v _265_/A (sky130_fd_sc_hd__and3_2)
     7    0.03    0.09    0.24    2.40 v _265_/X (sky130_fd_sc_hd__and3_2)
                                         _023_ (net)
                  0.09    0.00    2.40 v _302_/A1 (sky130_fd_sc_hd__a31o_1)
     1    0.01    0.08    0.22    2.62 v _302_/X (sky130_fd_sc_hd__a31o_1)
                                         net27 (net)
                  0.08    0.00    2.62 v output27/A (sky130_fd_sc_hd__buf_2)
     1    0.03    0.09    0.18    2.81 v output27/X (sky130_fd_sc_hd__buf_2)
                                         out[7] (net)
                  0.09    0.00    2.81 v out[7] (out)
                                  2.81   data arrival time

                  0.00    0.00    0.00   clock __VIRTUAL_CLK__ (rise edge)
                          0.00    0.00   clock network delay (ideal)
                          0.25    0.25   clock uncertainty
                          0.00    0.25   clock reconvergence pessimism
                         -2.00   -1.75   output external delay
                                 -1.75   data required time
-----------------------------------------------------------------------------
                                 -1.75   data required time
                                 -2.81   data arrival time
-----------------------------------------------------------------------------
                                  4.56   slack (MET)


Startpoint: opcode[2] (input port clocked by __VIRTUAL_CLK__)
Endpoint: out[3] (output port clocked by __VIRTUAL_CLK__)
Path Group: __VIRTUAL_CLK__
Path Type: min

Fanout     Cap    Slew   Delay    Time   Description
-----------------------------------------------------------------------------
                  0.00    0.00    0.00   clock __VIRTUAL_CLK__ (rise edge)
                          0.00    0.00   clock network delay (ideal)
                          2.00    2.00 ^ input external delay
     1    0.00    0.02    0.01    2.01 ^ opcode[2] (in)
                                         opcode[2] (net)
                  0.02    0.00    2.01 ^ input19/A (sky130_fd_sc_hd__clkbuf_4)
     6    0.04    0.13    0.18    2.19 ^ input19/X (sky130_fd_sc_hd__clkbuf_4)
                                         net19 (net)
                  0.13    0.00    2.19 ^ _265_/A (sky130_fd_sc_hd__and3_2)
     7    0.03    0.15    0.27    2.45 ^ _265_/X (sky130_fd_sc_hd__and3_2)
                                         _023_ (net)
                  0.15    0.00    2.46 ^ _335_/A1 (sky130_fd_sc_hd__a221o_1)
     1    0.01    0.08    0.19    2.64 ^ _335_/X (sky130_fd_sc_hd__a221o_1)
                                         net23 (net)
                  0.08    0.00    2.64 ^ output23/A (sky130_fd_sc_hd__buf_2)
     1    0.03    0.17    0.20    2.84 ^ output23/X (sky130_fd_sc_hd__buf_2)
                                         out[3] (net)
                  0.17    0.00    2.84 ^ out[3] (out)
                                  2.84   data arrival time

                  0.00    0.00    0.00   clock __VIRTUAL_CLK__ (rise edge)
                          0.00    0.00   clock network delay (ideal)
                          0.25    0.25   clock uncertainty
                          0.00    0.25   clock reconvergence pessimism
                         -2.00   -1.75   output external delay
                                 -1.75   data required time
-----------------------------------------------------------------------------
                                 -1.75   data required time
                                 -2.84   data arrival time
-----------------------------------------------------------------------------
                                  4.59   slack (MET)


Startpoint: B[1] (input port clocked by __VIRTUAL_CLK__)
Endpoint: out[1] (output port clocked by __VIRTUAL_CLK__)
Path Group: __VIRTUAL_CLK__
Path Type: min

Fanout     Cap    Slew   Delay    Time   Description
-----------------------------------------------------------------------------
                  0.00    0.00    0.00   clock __VIRTUAL_CLK__ (rise edge)
                          0.00    0.00   clock network delay (ideal)
                          2.00    2.00 ^ input external delay
     1    0.00    0.02    0.01    2.01 ^ B[1] (in)
                                         B[1] (net)
                  0.02    0.00    2.01 ^ input10/A (sky130_fd_sc_hd__clkbuf_2)
     5    0.02    0.11    0.14    2.15 ^ input10/X (sky130_fd_sc_hd__clkbuf_2)
                                         net10 (net)
                  0.11    0.00    2.15 ^ _175_/A (sky130_fd_sc_hd__buf_4)
    10    0.05    0.14    0.20    2.35 ^ _175_/X (sky130_fd_sc_hd__buf_4)
                                         _103_ (net)
                  0.14    0.00    2.35 ^ _309_/A2 (sky130_fd_sc_hd__o22a_1)
     1    0.00    0.04    0.13    2.48 ^ _309_/X (sky130_fd_sc_hd__o22a_1)
                                         _063_ (net)
                  0.04    0.00    2.48 ^ _317_/A (sky130_fd_sc_hd__or4b_1)
     1    0.01    0.06    0.11    2.59 ^ _317_/X (sky130_fd_sc_hd__or4b_1)
                                         _071_ (net)
                  0.06    0.00    2.59 ^ _318_/A (sky130_fd_sc_hd__buf_1)
     1    0.01    0.11    0.13    2.71 ^ _318_/X (sky130_fd_sc_hd__buf_1)
                                         net21 (net)
                  0.11    0.00    2.71 ^ output21/A (sky130_fd_sc_hd__buf_2)
     1    0.03    0.17    0.21    2.92 ^ output21/X (sky130_fd_sc_hd__buf_2)
                                         out[1] (net)
                  0.17    0.00    2.92 ^ out[1] (out)
                                  2.92   data arrival time

                  0.00    0.00    0.00   clock __VIRTUAL_CLK__ (rise edge)
                          0.00    0.00   clock network delay (ideal)
                          0.25    0.25   clock uncertainty
                          0.00    0.25   clock reconvergence pessimism
                         -2.00   -1.75   output external delay
                                 -1.75   data required time
-----------------------------------------------------------------------------
                                 -1.75   data required time
                                 -2.92   data arrival time
-----------------------------------------------------------------------------
                                  4.67   slack (MET)



worst slack corner Typical: 4.4536
min_report_end
max_report

===========================================================================
report_checks -path_delay max (Setup)
============================================================================
======================= Typical Corner ===================================

Startpoint: B[0] (input port clocked by __VIRTUAL_CLK__)
Endpoint: out[6] (output port clocked by __VIRTUAL_CLK__)
Path Group: __VIRTUAL_CLK__
Path Type: max

Fanout     Cap    Slew   Delay    Time   Description
-----------------------------------------------------------------------------
                  0.00    0.00    0.00   clock __VIRTUAL_CLK__ (rise edge)
                          0.00    0.00   clock network delay (ideal)
                          2.00    2.00 v input external delay
     1    0.00    0.01    0.00    2.00 v B[0] (in)
                                         B[0] (net)
                  0.01    0.00    2.00 v input9/A (sky130_fd_sc_hd__clkbuf_2)
     4    0.02    0.07    0.13    2.14 v input9/X (sky130_fd_sc_hd__clkbuf_2)
                                         net9 (net)
                  0.07    0.00    2.14 v _234_/A (sky130_fd_sc_hd__or2_2)
     4    0.02    0.10    0.39    2.52 v _234_/X (sky130_fd_sc_hd__or2_2)
                                         _162_ (net)
                  0.10    0.00    2.52 v _236_/A3 (sky130_fd_sc_hd__o31a_2)
     3    0.02    0.10    0.38    2.91 v _236_/X (sky130_fd_sc_hd__o31a_2)
                                         _164_ (net)
                  0.10    0.00    2.91 v _268_/A3 (sky130_fd_sc_hd__o31a_1)
     2    0.01    0.09    0.32    3.23 v _268_/X (sky130_fd_sc_hd__o31a_1)
                                         _025_ (net)
                  0.09    0.00    3.23 v _269_/B (sky130_fd_sc_hd__xnor2_2)
     2    0.01    0.08    0.18    3.41 v _269_/Y (sky130_fd_sc_hd__xnor2_2)
                                         _026_ (net)
                  0.08    0.00    3.41 v _270_/B (sky130_fd_sc_hd__and2_1)
     3    0.01    0.07    0.22    3.63 v _270_/X (sky130_fd_sc_hd__and2_1)
                                         _027_ (net)
                  0.07    0.00    3.63 v _272_/A (sky130_fd_sc_hd__or2_2)
     2    0.02    0.09    0.37    4.00 v _272_/X (sky130_fd_sc_hd__or2_2)
                                         _029_ (net)
                  0.09    0.00    4.00 v _276_/B1 (sky130_fd_sc_hd__a311oi_4)
     3    0.01    0.28    0.34    4.34 ^ _276_/Y (sky130_fd_sc_hd__a311oi_4)
                                         _033_ (net)
                  0.28    0.00    4.34 ^ _277_/A_N (sky130_fd_sc_hd__and2b_1)
     1    0.01    0.05    0.25    4.59 v _277_/X (sky130_fd_sc_hd__and2b_1)
                                         _034_ (net)
                  0.05    0.00    4.59 v _291_/A2 (sky130_fd_sc_hd__a21o_1)
     1    0.01    0.06    0.21    4.80 v _291_/X (sky130_fd_sc_hd__a21o_1)
                                         net26 (net)
                  0.06    0.00    4.80 v output26/A (sky130_fd_sc_hd__buf_2)
     1    0.03    0.09    0.20    4.99 v output26/X (sky130_fd_sc_hd__buf_2)
                                         out[6] (net)
                  0.09    0.00    4.99 v out[6] (out)
                                  4.99   data arrival time

                  0.00   10.00   10.00   clock __VIRTUAL_CLK__ (rise edge)
                          0.00   10.00   clock network delay (ideal)
                         -0.25    9.75   clock uncertainty
                          0.00    9.75   clock reconvergence pessimism
                         -2.00    7.75   output external delay
                                  7.75   data required time
-----------------------------------------------------------------------------
                                  7.75   data required time
                                 -4.99   data arrival time
-----------------------------------------------------------------------------
                                  2.76   slack (MET)


Startpoint: B[0] (input port clocked by __VIRTUAL_CLK__)
Endpoint: out[7] (output port clocked by __VIRTUAL_CLK__)
Path Group: __VIRTUAL_CLK__
Path Type: max

Fanout     Cap    Slew   Delay    Time   Description
-----------------------------------------------------------------------------
                  0.00    0.00    0.00   clock __VIRTUAL_CLK__ (rise edge)
                          0.00    0.00   clock network delay (ideal)
                          2.00    2.00 v input external delay
     1    0.00    0.01    0.00    2.00 v B[0] (in)
                                         B[0] (net)
                  0.01    0.00    2.00 v input9/A (sky130_fd_sc_hd__clkbuf_2)
     4    0.02    0.07    0.13    2.14 v input9/X (sky130_fd_sc_hd__clkbuf_2)
                                         net9 (net)
                  0.07    0.00    2.14 v _234_/A (sky130_fd_sc_hd__or2_2)
     4    0.02    0.10    0.39    2.52 v _234_/X (sky130_fd_sc_hd__or2_2)
                                         _162_ (net)
                  0.10    0.00    2.52 v _236_/A3 (sky130_fd_sc_hd__o31a_2)
     3    0.02    0.10    0.38    2.91 v _236_/X (sky130_fd_sc_hd__o31a_2)
                                         _164_ (net)
                  0.10    0.00    2.91 v _268_/A3 (sky130_fd_sc_hd__o31a_1)
     2    0.01    0.09    0.32    3.23 v _268_/X (sky130_fd_sc_hd__o31a_1)
                                         _025_ (net)
                  0.09    0.00    3.23 v _269_/B (sky130_fd_sc_hd__xnor2_2)
     2    0.01    0.08    0.18    3.41 v _269_/Y (sky130_fd_sc_hd__xnor2_2)
                                         _026_ (net)
                  0.08    0.00    3.41 v _270_/B (sky130_fd_sc_hd__and2_1)
     3    0.01    0.07    0.22    3.63 v _270_/X (sky130_fd_sc_hd__and2_1)
                                         _027_ (net)
                  0.07    0.00    3.63 v _272_/A (sky130_fd_sc_hd__or2_2)
     2    0.02    0.09    0.37    4.00 v _272_/X (sky130_fd_sc_hd__or2_2)
                                         _029_ (net)
                  0.09    0.00    4.00 v _276_/B1 (sky130_fd_sc_hd__a311oi_4)
     3    0.01    0.28    0.34    4.34 ^ _276_/Y (sky130_fd_sc_hd__a311oi_4)
                                         _033_ (net)
                  0.28    0.00    4.34 ^ _296_/B (sky130_fd_sc_hd__or3_1)
     1    0.01    0.07    0.19    4.52 ^ _296_/X (sky130_fd_sc_hd__or3_1)
                                         _052_ (net)
                  0.07    0.00    4.52 ^ _302_/A3 (sky130_fd_sc_hd__a31o_1)
     1    0.01    0.13    0.22    4.74 ^ _302_/X (sky130_fd_sc_hd__a31o_1)
                                         net27 (net)
                  0.13    0.00    4.74 ^ output27/A (sky130_fd_sc_hd__buf_2)
     1    0.03    0.17    0.24    4.98 ^ output27/X (sky130_fd_sc_hd__buf_2)
                                         out[7] (net)
                  0.17    0.00    4.98 ^ out[7] (out)
                                  4.98   data arrival time

                  0.00   10.00   10.00   clock __VIRTUAL_CLK__ (rise edge)
                          0.00   10.00   clock network delay (ideal)
                         -0.25    9.75   clock uncertainty
                          0.00    9.75   clock reconvergence pessimism
                         -2.00    7.75   output external delay
                                  7.75   data required time
-----------------------------------------------------------------------------
                                  7.75   data required time
                                 -4.98   data arrival time
-----------------------------------------------------------------------------
                                  2.77   slack (MET)


Startpoint: opcode[0] (input port clocked by __VIRTUAL_CLK__)
Endpoint: out[4] (output port clocked by __VIRTUAL_CLK__)
Path Group: __VIRTUAL_CLK__
Path Type: max

Fanout     Cap    Slew   Delay    Time   Description
-----------------------------------------------------------------------------
                  0.00    0.00    0.00   clock __VIRTUAL_CLK__ (rise edge)
                          0.00    0.00   clock network delay (ideal)
                          2.00    2.00 v input external delay
     1    0.00    0.01    0.00    2.00 v opcode[0] (in)
                                         opcode[0] (net)
                  0.01    0.00    2.00 v input17/A (sky130_fd_sc_hd__clkbuf_2)
     5    0.02    0.09    0.15    2.15 v input17/X (sky130_fd_sc_hd__clkbuf_2)
                                         net17 (net)
                  0.09    0.00    2.15 v _235_/A_N (sky130_fd_sc_hd__nand3b_4)
     9    0.04    0.14    0.25    2.41 v _235_/Y (sky130_fd_sc_hd__nand3b_4)
                                         _163_ (net)
                  0.14    0.00    2.41 v _242_/C (sky130_fd_sc_hd__and3_1)
     2    0.01    0.08    0.27    2.68 v _242_/X (sky130_fd_sc_hd__and3_1)
                                         _000_ (net)
                  0.08    0.00    2.68 v _245_/B (sky130_fd_sc_hd__or3_1)
     2    0.01    0.10    0.42    3.10 v _245_/X (sky130_fd_sc_hd__or3_1)
                                         _003_ (net)
                  0.10    0.00    3.10 v _247_/B (sky130_fd_sc_hd__and3b_1)
     3    0.01    0.08    0.24    3.34 v _247_/X (sky130_fd_sc_hd__and3b_1)
                                         _005_ (net)
                  0.08    0.00    3.34 v _250_/A2 (sky130_fd_sc_hd__o21ai_2)
     4    0.02    0.23    0.23    3.57 ^ _250_/Y (sky130_fd_sc_hd__o21ai_2)
                                         _008_ (net)
                  0.23    0.00    3.57 ^ _336_/A2 (sky130_fd_sc_hd__a31o_1)
     1    0.01    0.12    0.25    3.82 ^ _336_/X (sky130_fd_sc_hd__a31o_1)
                                         _087_ (net)
                  0.12    0.00    3.82 ^ _337_/B (sky130_fd_sc_hd__nand2_1)
     1    0.01    0.07    0.10    3.91 v _337_/Y (sky130_fd_sc_hd__nand2_1)
                                         _088_ (net)
                  0.07    0.00    3.91 v _338_/C (sky130_fd_sc_hd__and3_1)
     1    0.00    0.04    0.19    4.11 v _338_/X (sky130_fd_sc_hd__and3_1)
                                         _089_ (net)
                  0.04    0.00    4.11 v _346_/A (sky130_fd_sc_hd__or3_1)
     1    0.01    0.08    0.41    4.52 v _346_/X (sky130_fd_sc_hd__or3_1)
                                         _097_ (net)
                  0.08    0.00    4.52 v _347_/A (sky130_fd_sc_hd__buf_1)
     1    0.01    0.05    0.13    4.64 v _347_/X (sky130_fd_sc_hd__buf_1)
                                         net24 (net)
                  0.05    0.00    4.64 v output24/A (sky130_fd_sc_hd__buf_2)
     1    0.03    0.09    0.19    4.83 v output24/X (sky130_fd_sc_hd__buf_2)
                                         out[4] (net)
                  0.09    0.00    4.83 v out[4] (out)
                                  4.83   data arrival time

                  0.00   10.00   10.00   clock __VIRTUAL_CLK__ (rise edge)
                          0.00   10.00   clock network delay (ideal)
                         -0.25    9.75   clock uncertainty
                          0.00    9.75   clock reconvergence pessimism
                         -2.00    7.75   output external delay
                                  7.75   data required time
-----------------------------------------------------------------------------
                                  7.75   data required time
                                 -4.83   data arrival time
-----------------------------------------------------------------------------
                                  2.92   slack (MET)


Startpoint: B[0] (input port clocked by __VIRTUAL_CLK__)
Endpoint: out[5] (output port clocked by __VIRTUAL_CLK__)
Path Group: __VIRTUAL_CLK__
Path Type: max

Fanout     Cap    Slew   Delay    Time   Description
-----------------------------------------------------------------------------
                  0.00    0.00    0.00   clock __VIRTUAL_CLK__ (rise edge)
                          0.00    0.00   clock network delay (ideal)
                          2.00    2.00 v input external delay
     1    0.00    0.01    0.00    2.00 v B[0] (in)
                                         B[0] (net)
                  0.01    0.00    2.00 v input9/A (sky130_fd_sc_hd__clkbuf_2)
     4    0.02    0.07    0.13    2.14 v input9/X (sky130_fd_sc_hd__clkbuf_2)
                                         net9 (net)
                  0.07    0.00    2.14 v _234_/A (sky130_fd_sc_hd__or2_2)
     4    0.02    0.10    0.39    2.52 v _234_/X (sky130_fd_sc_hd__or2_2)
                                         _162_ (net)
                  0.10    0.00    2.52 v _236_/A3 (sky130_fd_sc_hd__o31a_2)
     3    0.02    0.10    0.38    2.91 v _236_/X (sky130_fd_sc_hd__o31a_2)
                                         _164_ (net)
                  0.10    0.00    2.91 v _237_/B (sky130_fd_sc_hd__xnor2_2)
     2    0.02    0.28    0.28    3.19 ^ _237_/Y (sky130_fd_sc_hd__xnor2_2)
                                         _165_ (net)
                  0.28    0.00    3.19 ^ _255_/B (sky130_fd_sc_hd__or2_1)
     1    0.01    0.08    0.18    3.37 ^ _255_/X (sky130_fd_sc_hd__or2_1)
                                         _013_ (net)
                  0.08    0.00    3.37 ^ _256_/B (sky130_fd_sc_hd__nand2_1)
     2    0.01    0.09    0.10    3.48 v _256_/Y (sky130_fd_sc_hd__nand2_1)
                                         _014_ (net)
                  0.09    0.00    3.48 v _257_/C1 (sky130_fd_sc_hd__a311o_2)
     5    0.02    0.10    0.41    3.88 v _257_/X (sky130_fd_sc_hd__a311o_2)
                                         _015_ (net)
                  0.10    0.00    3.88 v _263_/A2 (sky130_fd_sc_hd__a21o_1)
     1    0.00    0.04    0.21    4.09 v _263_/X (sky130_fd_sc_hd__a21o_1)
                                         _021_ (net)
                  0.04    0.00    4.09 v _266_/A (sky130_fd_sc_hd__and3_1)
     1    0.01    0.07    0.18    4.27 v _266_/X (sky130_fd_sc_hd__and3_1)
                                         _024_ (net)
                  0.07    0.00    4.27 v _267_/C1 (sky130_fd_sc_hd__a211o_1)
     1    0.01    0.07    0.27    4.54 v _267_/X (sky130_fd_sc_hd__a211o_1)
                                         net25 (net)
                  0.07    0.00    4.54 v output25/A (sky130_fd_sc_hd__buf_2)
     1    0.03    0.09    0.20    4.74 v output25/X (sky130_fd_sc_hd__buf_2)
                                         out[5] (net)
                  0.09    0.00    4.74 v out[5] (out)
                                  4.74   data arrival time

                  0.00   10.00   10.00   clock __VIRTUAL_CLK__ (rise edge)
                          0.00   10.00   clock network delay (ideal)
                         -0.25    9.75   clock uncertainty
                          0.00    9.75   clock reconvergence pessimism
                         -2.00    7.75   output external delay
                                  7.75   data required time
-----------------------------------------------------------------------------
                                  7.75   data required time
                                 -4.74   data arrival time
-----------------------------------------------------------------------------
                                  3.01   slack (MET)


Startpoint: opcode[0] (input port clocked by __VIRTUAL_CLK__)
Endpoint: out[1] (output port clocked by __VIRTUAL_CLK__)
Path Group: __VIRTUAL_CLK__
Path Type: max

Fanout     Cap    Slew   Delay    Time   Description
-----------------------------------------------------------------------------
                  0.00    0.00    0.00   clock __VIRTUAL_CLK__ (rise edge)
                          0.00    0.00   clock network delay (ideal)
                          2.00    2.00 v input external delay
     1    0.00    0.01    0.00    2.00 v opcode[0] (in)
                                         opcode[0] (net)
                  0.01    0.00    2.00 v input17/A (sky130_fd_sc_hd__clkbuf_2)
     5    0.02    0.09    0.15    2.15 v input17/X (sky130_fd_sc_hd__clkbuf_2)
                                         net17 (net)
                  0.09    0.00    2.15 v _235_/A_N (sky130_fd_sc_hd__nand3b_4)
     9    0.04    0.14    0.25    2.41 v _235_/Y (sky130_fd_sc_hd__nand3b_4)
                                         _163_ (net)
                  0.14    0.00    2.41 v _242_/C (sky130_fd_sc_hd__and3_1)
     2    0.01    0.08    0.27    2.68 v _242_/X (sky130_fd_sc_hd__and3_1)
                                         _000_ (net)
                  0.08    0.00    2.68 v _245_/B (sky130_fd_sc_hd__or3_1)
     2    0.01    0.10    0.42    3.10 v _245_/X (sky130_fd_sc_hd__or3_1)
                                         _003_ (net)
                  0.10    0.00    3.10 v _314_/B (sky130_fd_sc_hd__and2b_1)
     1    0.01    0.05    0.20    3.30 v _314_/X (sky130_fd_sc_hd__and2b_1)
                                         _068_ (net)
                  0.05    0.00    3.30 v _315_/A (sky130_fd_sc_hd__nor2_1)
     1    0.01    0.14    0.16    3.46 ^ _315_/Y (sky130_fd_sc_hd__nor2_1)
                                         _069_ (net)
                  0.14    0.00    3.46 ^ _316_/B (sky130_fd_sc_hd__or3b_1)
     1    0.01    0.11    0.19    3.64 ^ _316_/X (sky130_fd_sc_hd__or3b_1)
                                         _070_ (net)
                  0.11    0.00    3.64 ^ _317_/D_N (sky130_fd_sc_hd__or4b_1)
     1    0.01    0.10    0.49    4.13 v _317_/X (sky130_fd_sc_hd__or4b_1)
                                         _071_ (net)
                  0.10    0.00    4.13 v _318_/A (sky130_fd_sc_hd__buf_1)
     1    0.01    0.06    0.14    4.28 v _318_/X (sky130_fd_sc_hd__buf_1)
                                         net21 (net)
                  0.06    0.00    4.28 v output21/A (sky130_fd_sc_hd__buf_2)
     1    0.03    0.09    0.19    4.47 v output21/X (sky130_fd_sc_hd__buf_2)
                                         out[1] (net)
                  0.09    0.00    4.47 v out[1] (out)
                                  4.47   data arrival time

                  0.00   10.00   10.00   clock __VIRTUAL_CLK__ (rise edge)
                          0.00   10.00   clock network delay (ideal)
                         -0.25    9.75   clock uncertainty
                          0.00    9.75   clock reconvergence pessimism
                         -2.00    7.75   output external delay
                                  7.75   data required time
-----------------------------------------------------------------------------
                                  7.75   data required time
                                 -4.47   data arrival time
-----------------------------------------------------------------------------
                                  3.28   slack (MET)


Startpoint: opcode[0] (input port clocked by __VIRTUAL_CLK__)
Endpoint: out[3] (output port clocked by __VIRTUAL_CLK__)
Path Group: __VIRTUAL_CLK__
Path Type: max

Fanout     Cap    Slew   Delay    Time   Description
-----------------------------------------------------------------------------
                  0.00    0.00    0.00   clock __VIRTUAL_CLK__ (rise edge)
                          0.00    0.00   clock network delay (ideal)
                          2.00    2.00 v input external delay
     1    0.00    0.01    0.00    2.00 v opcode[0] (in)
                                         opcode[0] (net)
                  0.01    0.00    2.00 v input17/A (sky130_fd_sc_hd__clkbuf_2)
     5    0.02    0.09    0.15    2.15 v input17/X (sky130_fd_sc_hd__clkbuf_2)
                                         net17 (net)
                  0.09    0.00    2.15 v _235_/A_N (sky130_fd_sc_hd__nand3b_4)
     9    0.04    0.14    0.25    2.41 v _235_/Y (sky130_fd_sc_hd__nand3b_4)
                                         _163_ (net)
                  0.14    0.00    2.41 v _242_/C (sky130_fd_sc_hd__and3_1)
     2    0.01    0.08    0.27    2.68 v _242_/X (sky130_fd_sc_hd__and3_1)
                                         _000_ (net)
                  0.08    0.00    2.68 v _245_/B (sky130_fd_sc_hd__or3_1)
     2    0.01    0.10    0.42    3.10 v _245_/X (sky130_fd_sc_hd__or3_1)
                                         _003_ (net)
                  0.10    0.00    3.10 v _247_/B (sky130_fd_sc_hd__and3b_1)
     3    0.01    0.08    0.24    3.34 v _247_/X (sky130_fd_sc_hd__and3b_1)
                                         _005_ (net)
                  0.08    0.00    3.34 v _250_/A2 (sky130_fd_sc_hd__o21ai_2)
     4    0.02    0.23    0.23    3.57 ^ _250_/Y (sky130_fd_sc_hd__o21ai_2)
                                         _008_ (net)
                  0.23    0.00    3.57 ^ _328_/B (sky130_fd_sc_hd__nand2_1)
     1    0.01    0.09    0.13    3.70 v _328_/Y (sky130_fd_sc_hd__nand2_1)
                                         _080_ (net)
                  0.09    0.00    3.70 v _329_/B (sky130_fd_sc_hd__xnor2_1)
     1    0.01    0.07    0.17    3.87 v _329_/Y (sky130_fd_sc_hd__xnor2_1)
                                         _081_ (net)
                  0.07    0.00    3.87 v _335_/A2 (sky130_fd_sc_hd__a221o_1)
     1    0.01    0.07    0.40    4.26 v _335_/X (sky130_fd_sc_hd__a221o_1)
                                         net23 (net)
                  0.07    0.00    4.26 v output23/A (sky130_fd_sc_hd__buf_2)
     1    0.03    0.09    0.20    4.47 v output23/X (sky130_fd_sc_hd__buf_2)
                                         out[3] (net)
                  0.09    0.00    4.47 v out[3] (out)
                                  4.47   data arrival time

                  0.00   10.00   10.00   clock __VIRTUAL_CLK__ (rise edge)
                          0.00   10.00   clock network delay (ideal)
                         -0.25    9.75   clock uncertainty
                          0.00    9.75   clock reconvergence pessimism
                         -2.00    7.75   output external delay
                                  7.75   data required time
-----------------------------------------------------------------------------
                                  7.75   data required time
                                 -4.47   data arrival time
-----------------------------------------------------------------------------
                                  3.28   slack (MET)


Startpoint: B[0] (input port clocked by __VIRTUAL_CLK__)
Endpoint: out[2] (output port clocked by __VIRTUAL_CLK__)
Path Group: __VIRTUAL_CLK__
Path Type: max

Fanout     Cap    Slew   Delay    Time   Description
-----------------------------------------------------------------------------
                  0.00    0.00    0.00   clock __VIRTUAL_CLK__ (rise edge)
                          0.00    0.00   clock network delay (ideal)
                          2.00    2.00 v input external delay
     1    0.00    0.01    0.00    2.00 v B[0] (in)
                                         B[0] (net)
                  0.01    0.00    2.00 v input9/A (sky130_fd_sc_hd__clkbuf_2)
     4    0.02    0.07    0.13    2.14 v input9/X (sky130_fd_sc_hd__clkbuf_2)
                                         net9 (net)
                  0.07    0.00    2.14 v _234_/A (sky130_fd_sc_hd__or2_2)
     4    0.02    0.10    0.39    2.52 v _234_/X (sky130_fd_sc_hd__or2_2)
                                         _162_ (net)
                  0.10    0.00    2.52 v _240_/C (sky130_fd_sc_hd__and3_2)
     2    0.02    0.07    0.28    2.81 v _240_/X (sky130_fd_sc_hd__and3_2)
                                         _168_ (net)
                  0.07    0.00    2.81 v _248_/C (sky130_fd_sc_hd__or3_1)
     1    0.01    0.08    0.35    3.16 v _248_/X (sky130_fd_sc_hd__or3_1)
                                         _006_ (net)
                  0.08    0.00    3.16 v _249_/B (sky130_fd_sc_hd__and2_1)
     2    0.01    0.07    0.22    3.38 v _249_/X (sky130_fd_sc_hd__and2_1)
                                         _007_ (net)
                  0.07    0.00    3.38 v _319_/A (sky130_fd_sc_hd__or3_1)
     1    0.01    0.09    0.42    3.81 v _319_/X (sky130_fd_sc_hd__or3_1)
                                         _072_ (net)
                  0.09    0.00    3.81 v _326_/A3 (sky130_fd_sc_hd__a31o_1)
     1    0.01    0.06    0.26    4.07 v _326_/X (sky130_fd_sc_hd__a31o_1)
                                         net22 (net)
                  0.06    0.00    4.07 v output22/A (sky130_fd_sc_hd__buf_2)
     1    0.03    0.09    0.19    4.26 v output22/X (sky130_fd_sc_hd__buf_2)
                                         out[2] (net)
                  0.09    0.00    4.26 v out[2] (out)
                                  4.26   data arrival time

                  0.00   10.00   10.00   clock __VIRTUAL_CLK__ (rise edge)
                          0.00   10.00   clock network delay (ideal)
                         -0.25    9.75   clock uncertainty
                          0.00    9.75   clock reconvergence pessimism
                         -2.00    7.75   output external delay
                                  7.75   data required time
-----------------------------------------------------------------------------
                                  7.75   data required time
                                 -4.26   data arrival time
-----------------------------------------------------------------------------
                                  3.49   slack (MET)


Startpoint: opcode[0] (input port clocked by __VIRTUAL_CLK__)
Endpoint: out[0] (output port clocked by __VIRTUAL_CLK__)
Path Group: __VIRTUAL_CLK__
Path Type: max

Fanout     Cap    Slew   Delay    Time   Description
-----------------------------------------------------------------------------
                  0.00    0.00    0.00   clock __VIRTUAL_CLK__ (rise edge)
                          0.00    0.00   clock network delay (ideal)
                          2.00    2.00 v input external delay
     1    0.00    0.01    0.00    2.00 v opcode[0] (in)
                                         opcode[0] (net)
                  0.01    0.00    2.00 v input17/A (sky130_fd_sc_hd__clkbuf_2)
     5    0.02    0.09    0.15    2.15 v input17/X (sky130_fd_sc_hd__clkbuf_2)
                                         net17 (net)
                  0.09    0.00    2.16 v _171_/A (sky130_fd_sc_hd__or2_2)
     4    0.02    0.11    0.40    2.55 v _171_/X (sky130_fd_sc_hd__or2_2)
                                         _099_ (net)
                  0.11    0.00    2.55 v _224_/B (sky130_fd_sc_hd__or2_1)
     1    0.00    0.06    0.25    2.80 v _224_/X (sky130_fd_sc_hd__or2_1)
                                         _152_ (net)
                  0.06    0.00    2.80 v _225_/A (sky130_fd_sc_hd__clkbuf_4)
     8    0.03    0.08    0.20    3.00 v _225_/X (sky130_fd_sc_hd__clkbuf_4)
                                         _153_ (net)
                  0.08    0.00    3.00 v _306_/A2 (sky130_fd_sc_hd__o21ai_1)
     1    0.00    0.12    0.15    3.15 ^ _306_/Y (sky130_fd_sc_hd__o21ai_1)
                                         _061_ (net)
                  0.12    0.00    3.15 ^ _307_/B1 (sky130_fd_sc_hd__a31o_1)
     1    0.01    0.10    0.16    3.31 ^ _307_/X (sky130_fd_sc_hd__a31o_1)
                                         net20 (net)
                  0.10    0.00    3.31 ^ output20/A (sky130_fd_sc_hd__buf_2)
     1    0.03    0.17    0.23    3.54 ^ output20/X (sky130_fd_sc_hd__buf_2)
                                         out[0] (net)
                  0.17    0.00    3.54 ^ out[0] (out)
                                  3.54   data arrival time

                  0.00   10.00   10.00   clock __VIRTUAL_CLK__ (rise edge)
                          0.00   10.00   clock network delay (ideal)
                         -0.25    9.75   clock uncertainty
                          0.00    9.75   clock reconvergence pessimism
                         -2.00    7.75   output external delay
                                  7.75   data required time
-----------------------------------------------------------------------------
                                  7.75   data required time
                                 -3.54   data arrival time
-----------------------------------------------------------------------------
                                  4.21   slack (MET)



worst slack corner Typical: 2.7561
max_report_end
checks_report

===========================================================================
report_checks -unconstrained
===========================================================================
======================= Typical Corner ===================================

Startpoint: B[0] (input port clocked by __VIRTUAL_CLK__)
Endpoint: out[6] (output port clocked by __VIRTUAL_CLK__)
Path Group: __VIRTUAL_CLK__
Path Type: max

Fanout     Cap    Slew   Delay    Time   Description
-----------------------------------------------------------------------------
                  0.00    0.00    0.00   clock __VIRTUAL_CLK__ (rise edge)
                          0.00    0.00   clock network delay (ideal)
                          2.00    2.00 v input external delay
     1    0.00    0.01    0.00    2.00 v B[0] (in)
                                         B[0] (net)
                  0.01    0.00    2.00 v input9/A (sky130_fd_sc_hd__clkbuf_2)
     4    0.02    0.07    0.13    2.14 v input9/X (sky130_fd_sc_hd__clkbuf_2)
                                         net9 (net)
                  0.07    0.00    2.14 v _234_/A (sky130_fd_sc_hd__or2_2)
     4    0.02    0.10    0.39    2.52 v _234_/X (sky130_fd_sc_hd__or2_2)
                                         _162_ (net)
                  0.10    0.00    2.52 v _236_/A3 (sky130_fd_sc_hd__o31a_2)
     3    0.02    0.10    0.38    2.91 v _236_/X (sky130_fd_sc_hd__o31a_2)
                                         _164_ (net)
                  0.10    0.00    2.91 v _268_/A3 (sky130_fd_sc_hd__o31a_1)
     2    0.01    0.09    0.32    3.23 v _268_/X (sky130_fd_sc_hd__o31a_1)
                                         _025_ (net)
                  0.09    0.00    3.23 v _269_/B (sky130_fd_sc_hd__xnor2_2)
     2    0.01    0.08    0.18    3.41 v _269_/Y (sky130_fd_sc_hd__xnor2_2)
                                         _026_ (net)
                  0.08    0.00    3.41 v _270_/B (sky130_fd_sc_hd__and2_1)
     3    0.01    0.07    0.22    3.63 v _270_/X (sky130_fd_sc_hd__and2_1)
                                         _027_ (net)
                  0.07    0.00    3.63 v _272_/A (sky130_fd_sc_hd__or2_2)
     2    0.02    0.09    0.37    4.00 v _272_/X (sky130_fd_sc_hd__or2_2)
                                         _029_ (net)
                  0.09    0.00    4.00 v _276_/B1 (sky130_fd_sc_hd__a311oi_4)
     3    0.01    0.28    0.34    4.34 ^ _276_/Y (sky130_fd_sc_hd__a311oi_4)
                                         _033_ (net)
                  0.28    0.00    4.34 ^ _277_/A_N (sky130_fd_sc_hd__and2b_1)
     1    0.01    0.05    0.25    4.59 v _277_/X (sky130_fd_sc_hd__and2b_1)
                                         _034_ (net)
                  0.05    0.00    4.59 v _291_/A2 (sky130_fd_sc_hd__a21o_1)
     1    0.01    0.06    0.21    4.80 v _291_/X (sky130_fd_sc_hd__a21o_1)
                                         net26 (net)
                  0.06    0.00    4.80 v output26/A (sky130_fd_sc_hd__buf_2)
     1    0.03    0.09    0.20    4.99 v output26/X (sky130_fd_sc_hd__buf_2)
                                         out[6] (net)
                  0.09    0.00    4.99 v out[6] (out)
                                  4.99   data arrival time

                  0.00   10.00   10.00   clock __VIRTUAL_CLK__ (rise edge)
                          0.00   10.00   clock network delay (ideal)
                         -0.25    9.75   clock uncertainty
                          0.00    9.75   clock reconvergence pessimism
                         -2.00    7.75   output external delay
                                  7.75   data required time
-----------------------------------------------------------------------------
                                  7.75   data required time
                                 -4.99   data arrival time
-----------------------------------------------------------------------------
                                  2.76   slack (MET)




===========================================================================
report_checks --slack_max -0.01
============================================================================
======================= Typical Corner ===================================

No paths found.


===========================================================================
 report_check_types -max_slew -max_cap -max_fanout -violators
============================================================================
======================= Typical Corner ===================================


max slew violations count Typical: 0
max fanout violations count Typical: 0
max cap violations count Typical: 0

===========================================================================
report_parasitic_annotation -report_unannotated
============================================================================
Found 0 unannotated drivers.
Found 0 partially unannotated drivers.

===========================================================================
max slew violation count 0
max fanout violation count 0
max cap violation count 0
============================================================================

===========================================================================
check_setup -verbose -unconstrained_endpoints -multiple_clock -no_clock -no_input_delay -loops -generated_clocks
===========================================================================
checks_report_end
power_report

===========================================================================
 report_power
============================================================================
======================= Typical Corner ===================================

Group                  Internal  Switching    Leakage      Total
                          Power      Power      Power      Power (Watts)
----------------------------------------------------------------
Sequential             0.00e+00   0.00e+00   0.00e+00   0.00e+00   0.0%
Combinational          4.45e-05   7.54e-05   7.72e-10   1.20e-04 100.0%
Clock                  0.00e+00   0.00e+00   1.81e-10   1.81e-10   0.0%
Macro                  0.00e+00   0.00e+00   0.00e+00   0.00e+00   0.0%
Pad                    0.00e+00   0.00e+00   0.00e+00   0.00e+00   0.0%
----------------------------------------------------------------
Total                  4.45e-05   7.54e-05   9.53e-10   1.20e-04 100.0%
                          37.1%      62.9%       0.0%

power_report_end
summary_report

===========================================================================
report_tns
============================================================================
tns 0.00

===========================================================================
report_wns
============================================================================
wns 0.00

===========================================================================
report_worst_slack -max (Setup)
============================================================================
worst slack 2.76

===========================================================================
report_worst_slack -min (Hold)
============================================================================
worst slack 4.45
summary_report_end
area_report

===========================================================================
report_design_area
============================================================================
Design area 1697 u^2 25% utilization.
area_report_end
check_nonpropagated_clocks
__VIRTUAL_CLK__
check_nonpropagated_clocks_end
[WARNING] Did not save OpenROAD database!
Writing SDF to '/openlane/designs/lab2/runs/RUN_2025.05.04_21.05.55/results/signoff/lab2_behavE.sdf'…
