Instance,Terminal,Layer,X location,Y location,Voltage
FILLER_0_27_188,VPWR,li1,92.4600,84.3200,1.799993
FILLER_0_27_181,VPWR,li1,89.0100,84.3200,1.799994
FILLER_0_27_169,VPWR,li1,86.0200,84.3200,1.799995
FILLER_0_27_165,VPWR,li1,82.1100,84.3200,1.799997
FILLER_0_27_157,VPWR,li1,79.5800,84.3200,1.799997
FILLER_0_27_145,VPWR,li1,74.9800,84.3200,1.799997
FILLER_0_27_137,VPWR,li1,69.2300,84.3200,1.799997
FILLER_0_27_125,VPWR,li1,65.7800,84.3200,1.799998
FILLER_0_27_113,VPWR,li1,60.2600,84.3200,1.799998
FILLER_0_27_109,VPWR,li1,56.3500,84.3200,1.799998
FILLER_0_27_97,VPWR,li1,52.9000,84.3200,1.799998
FILLER_0_27_85,VPWR,li1,47.3800,84.3200,1.799998
FILLER_0_27_81,VPWR,li1,43.4700,84.3200,1.799998
FILLER_0_27_69,VPWR,li1,40.0200,84.3200,1.799998
FILLER_0_27_57,VPWR,li1,34.5000,84.3200,1.799997
FILLER_0_27_55,VPWR,li1,31.0500,84.3200,1.799997
FILLER_0_27_43,VPWR,li1,28.0600,84.3200,1.799996
FILLER_0_27_33,VPWR,li1,20.9300,84.3200,1.799995
FILLER_0_27_29,VPWR,li1,19.7800,84.3200,1.799995
FILLER_0_27_27,VPWR,li1,18.1700,84.3200,1.799995
FILLER_0_27_21,VPWR,li1,16.5600,84.3200,1.799995
FILLER_0_27_12,VPWR,li1,11.5000,84.3200,1.799993
FILLER_0_27_7,VPWR,li1,9.4300,84.3200,1.799993
FILLER_0_26_183,VPWR,li1,89.9300,84.3200,1.799994
FILLER_0_26_177,VPWR,li1,88.3200,84.3200,1.799994
FILLER_0_26_165,VPWR,li1,84.1800,84.3200,1.799996
FILLER_0_26_153,VPWR,li1,78.6600,84.3200,1.799997
FILLER_0_26_141,VPWR,li1,73.1400,84.3200,1.799997
FILLER_0_26_132,VPWR,li1,68.0800,84.3200,1.799997
FILLER_0_26_120,VPWR,li1,63.4800,84.3200,1.799998
FILLER_0_26_108,VPWR,li1,57.9600,84.3200,1.799998
FILLER_0_26_96,VPWR,li1,52.4400,84.3200,1.799998
FILLER_0_26_85,VPWR,li1,45.0800,84.3200,1.799998
FILLER_0_26_83,VPWR,li1,43.9300,84.3200,1.799998
FILLER_0_26_77,VPWR,li1,42.3200,84.3200,1.799998
FILLER_0_26_65,VPWR,li1,38.1800,84.3200,1.799998
FILLER_0_26_53,VPWR,li1,32.6600,84.3200,1.799997
FILLER_0_26_41,VPWR,li1,27.1400,84.3200,1.799996
FILLER_0_26_29,VPWR,li1,20.7000,84.3200,1.799995
FILLER_0_26_26,VPWR,li1,17.9400,84.3200,1.799995
FILLER_0_26_18,VPWR,li1,15.6400,84.3200,1.799994
FILLER_0_26_7,VPWR,li1,8.9700,84.3200,1.799993
FILLER_0_25_189,VPWR,li1,92.6900,78.8800,1.799992
FILLER_0_25_183,VPWR,li1,91.0800,78.8800,1.799992
FILLER_0_25_157,VPWR,li1,78.4300,78.8800,1.799993
FILLER_0_25_149,VPWR,li1,75.9000,78.8800,1.799993
FILLER_0_25_124,VPWR,li1,63.2500,78.8800,1.799993
FILLER_0_25_116,VPWR,li1,60.7200,78.8800,1.799994
FILLER_0_25_108,VPWR,li1,56.1200,78.8800,1.799993
FILLER_0_25_96,VPWR,li1,52.4400,78.8800,1.799993
FILLER_0_25_84,VPWR,li1,46.9200,78.8800,1.799993
FILLER_0_25_72,VPWR,li1,41.4000,78.8800,1.799994
FILLER_0_25_63,VPWR,li1,34.7300,78.8800,1.799993
FILLER_0_25_57,VPWR,li1,33.1200,78.8800,1.799992
FILLER_0_25_55,VPWR,li1,31.0500,78.8800,1.799992
FILLER_0_25_41,VPWR,li1,24.6100,78.8800,1.799992
FILLER_0_25_37,VPWR,li1,23.4600,78.8800,1.799992
FILLER_0_25_28,VPWR,li1,19.7800,78.8800,1.799993
FILLER_0_25_21,VPWR,li1,15.8700,78.8800,1.799993
FILLER_0_25_9,VPWR,li1,12.4200,78.8800,1.799991
FILLER_0_24_188,VPWR,li1,92.4600,78.8800,1.799992
FILLER_0_24_183,VPWR,li1,89.9300,78.8800,1.799992
FILLER_0_24_177,VPWR,li1,88.3200,78.8800,1.799992
FILLER_0_24_165,VPWR,li1,84.1800,78.8800,1.799994
FILLER_0_24_153,VPWR,li1,78.6600,78.8800,1.799993
FILLER_0_24_141,VPWR,li1,73.1400,78.8800,1.799993
FILLER_0_24_137,VPWR,li1,69.2300,78.8800,1.799992
FILLER_0_24_120,VPWR,li1,63.4800,78.8800,1.799993
FILLER_0_24_112,VPWR,li1,57.5000,78.8800,1.799993
FILLER_0_24_100,VPWR,li1,54.2800,78.8800,1.799993
FILLER_0_24_95,VPWR,li1,49.6800,78.8800,1.799993
FILLER_0_24_85,VPWR,li1,45.5400,78.8800,1.799993
FILLER_0_24_81,VPWR,li1,43.4700,78.8800,1.799993
FILLER_0_24_73,VPWR,li1,40.9400,78.8800,1.799994
FILLER_0_24_61,VPWR,li1,36.3400,78.8800,1.799993
FILLER_0_24_55,VPWR,li1,31.0500,78.8800,1.799992
FILLER_0_24_51,VPWR,li1,29.2100,78.8800,1.799992
FILLER_0_24_41,VPWR,li1,25.7600,78.8800,1.799992
FILLER_0_24_29,VPWR,li1,21.6200,78.8800,1.799992
FILLER_0_24_27,VPWR,li1,18.1700,78.8800,1.799993
FILLER_0_24_19,VPWR,li1,16.1000,78.8800,1.799993
FILLER_0_24_7,VPWR,li1,11.5000,78.8800,1.799991
FILLER_0_23_180,VPWR,li1,88.5500,73.4400,1.799991
FILLER_0_23_160,VPWR,li1,80.9600,73.4400,1.799992
FILLER_0_23_152,VPWR,li1,75.6700,73.4400,1.799992
FILLER_0_23_148,VPWR,li1,74.5200,73.4400,1.799992
FILLER_0_23_137,VPWR,li1,69.4600,73.4400,1.799993
FILLER_0_23_125,VPWR,li1,65.7800,73.4400,1.799994
FILLER_0_23_113,VPWR,li1,60.2600,73.4400,1.799996
FILLER_0_23_111,VPWR,li1,56.8100,73.4400,1.799995
FILLER_0_23_105,VPWR,li1,55.2000,73.4400,1.799995
FILLER_0_23_93,VPWR,li1,51.0600,73.4400,1.799996
FILLER_0_23_81,VPWR,li1,45.5400,73.4400,1.799996
FILLER_0_23_69,VPWR,li1,40.0200,73.4400,1.799997
FILLER_0_23_57,VPWR,li1,34.5000,73.4400,1.799997
FILLER_0_23_52,VPWR,li1,30.3600,73.4400,1.799996
FILLER_0_23_42,VPWR,li1,25.0700,73.4400,1.799996
FILLER_0_23_34,VPWR,li1,23.0000,73.4400,1.799996
FILLER_0_23_22,VPWR,li1,18.4000,73.4400,1.799997
FILLER_0_23_10,VPWR,li1,12.8800,73.4400,1.799996
FILLER_0_22_188,VPWR,li1,92.4600,73.4400,1.799991
FILLER_0_22_180,VPWR,li1,89.0100,73.4400,1.799991
FILLER_0_22_168,VPWR,li1,85.5600,73.4400,1.799992
FILLER_0_22_157,VPWR,li1,77.9700,73.4400,1.799992
FILLER_0_22_153,VPWR,li1,76.8200,73.4400,1.799992
FILLER_0_22_147,VPWR,li1,73.3700,73.4400,1.799992
FILLER_0_22_141,VPWR,li1,71.7600,73.4400,1.799992
FILLER_0_22_132,VPWR,li1,68.0800,73.4400,1.799993
FILLER_0_22_124,VPWR,li1,63.0200,73.4400,1.799994
FILLER_0_22_112,VPWR,li1,59.8000,73.4400,1.799996
FILLER_0_22_106,VPWR,li1,54.5100,73.4400,1.799995
FILLER_0_22_102,VPWR,li1,53.3600,73.4400,1.799995
FILLER_0_22_90,VPWR,li1,49.6800,73.4400,1.799996
FILLER_0_22_79,VPWR,li1,42.3200,73.4400,1.799996
FILLER_0_22_71,VPWR,li1,40.0200,73.4400,1.799997
FILLER_0_22_59,VPWR,li1,35.4200,73.4400,1.799997
FILLER_0_22_47,VPWR,li1,29.9000,73.4400,1.799996
FILLER_0_22_29,VPWR,li1,21.6200,73.4400,1.799996
FILLER_0_22_27,VPWR,li1,18.1700,73.4400,1.799997
FILLER_0_22_19,VPWR,li1,16.1000,73.4400,1.799997
FILLER_0_22_7,VPWR,li1,11.5000,73.4400,1.799996
FILLER_0_21_189,VPWR,li1,92.6900,68.0000,1.799993
FILLER_0_21_185,VPWR,li1,91.5400,68.0000,1.799993
FILLER_0_21_155,VPWR,li1,77.0500,68.0000,1.799993
FILLER_0_21_151,VPWR,li1,75.9000,68.0000,1.799993
FILLER_0_21_139,VPWR,li1,72.2200,68.0000,1.799993
FILLER_0_21_127,VPWR,li1,66.7000,68.0000,1.799993
FILLER_0_21_113,VPWR,li1,59.3400,68.0000,1.799995
FILLER_0_21_105,VPWR,li1,54.2800,68.0000,1.799993
FILLER_0_21_95,VPWR,li1,50.1400,68.0000,1.799993
FILLER_0_21_73,VPWR,li1,39.3300,68.0000,1.799995
FILLER_0_21_69,VPWR,li1,38.1800,68.0000,1.799995
FILLER_0_21_57,VPWR,li1,34.5000,68.0000,1.799995
FILLER_0_21_53,VPWR,li1,30.5900,68.0000,1.799995
FILLER_0_21_45,VPWR,li1,28.0600,68.0000,1.799995
FILLER_0_21_33,VPWR,li1,23.4600,68.0000,1.799995
FILLER_0_21_15,VPWR,li1,13.3400,68.0000,1.799993
FILLER_0_21_7,VPWR,li1,9.2000,68.0000,1.799992
FILLER_0_20_189,VPWR,li1,92.6900,68.0000,1.799993
FILLER_0_20_177,VPWR,li1,89.7000,68.0000,1.799993
FILLER_0_20_168,VPWR,li1,83.4900,68.0000,1.799994
FILLER_0_20_160,VPWR,li1,80.9600,68.0000,1.799993
FILLER_0_20_149,VPWR,li1,74.7500,68.0000,1.799993
FILLER_0_20_141,VPWR,li1,72.2200,68.0000,1.799993
FILLER_0_20_136,VPWR,li1,69.0000,68.0000,1.799993
FILLER_0_20_120,VPWR,li1,61.4100,68.0000,1.799994
FILLER_0_20_112,VPWR,li1,58.8800,68.0000,1.799994
FILLER_0_20_100,VPWR,li1,54.2800,68.0000,1.799993
FILLER_0_20_82,VPWR,li1,43.7000,68.0000,1.799993
FILLER_0_20_70,VPWR,li1,40.4800,68.0000,1.799995
FILLER_0_20_58,VPWR,li1,34.9600,68.0000,1.799995
FILLER_0_20_46,VPWR,li1,29.4400,68.0000,1.799995
FILLER_0_20_34,VPWR,li1,23.9200,68.0000,1.799995
FILLER_0_20_16,VPWR,li1,15.6400,68.0000,1.799994
FILLER_0_20_7,VPWR,li1,9.2000,68.0000,1.799992
FILLER_0_19_188,VPWR,li1,92.4600,62.5600,1.799997
FILLER_0_19_176,VPWR,li1,89.2400,62.5600,1.799997
FILLER_0_19_164,VPWR,li1,81.8800,62.5600,1.799997
FILLER_0_19_152,VPWR,li1,78.2000,62.5600,1.799996
FILLER_0_19_145,VPWR,li1,72.4500,62.5600,1.799996
FILLER_0_19_137,VPWR,li1,70.3800,62.5600,1.799996
FILLER_0_19_125,VPWR,li1,65.7800,62.5600,1.799996
FILLER_0_19_113,VPWR,li1,60.2600,62.5600,1.799997
FILLER_0_19_111,VPWR,li1,56.8100,62.5600,1.799996
FILLER_0_19_107,VPWR,li1,55.6600,62.5600,1.799996
FILLER_0_19_95,VPWR,li1,51.9800,62.5600,1.799996
FILLER_0_19_81,VPWR,li1,43.0100,62.5600,1.799996
FILLER_0_19_69,VPWR,li1,40.0200,62.5600,1.799997
FILLER_0_19_57,VPWR,li1,34.5000,62.5600,1.799997
FILLER_0_19_55,VPWR,li1,31.0500,62.5600,1.799997
FILLER_0_19_51,VPWR,li1,29.9000,62.5600,1.799997
FILLER_0_19_44,VPWR,li1,26.2200,62.5600,1.799997
FILLER_0_19_32,VPWR,li1,23.0000,62.5600,1.799997
FILLER_0_19_24,VPWR,li1,17.2500,62.5600,1.799997
FILLER_0_19_12,VPWR,li1,13.8000,62.5600,1.799997
FILLER_0_19_3,VPWR,li1,7.3600,62.5600,1.799996
FILLER_0_18_189,VPWR,li1,92.6900,62.5600,1.799997
FILLER_0_18_185,VPWR,li1,91.5400,62.5600,1.799997
FILLER_0_18_173,VPWR,li1,87.8600,62.5600,1.799997
FILLER_0_18_161,VPWR,li1,82.3400,62.5600,1.799997
FILLER_0_18_149,VPWR,li1,76.8200,62.5600,1.799996
FILLER_0_18_138,VPWR,li1,69.4600,62.5600,1.799996
FILLER_0_18_125,VPWR,li1,63.7100,62.5600,1.799996
FILLER_0_18_117,VPWR,li1,61.1800,62.5600,1.799997
FILLER_0_18_97,VPWR,li1,51.0600,62.5600,1.799996
FILLER_0_18_85,VPWR,li1,47.3800,62.5600,1.799996
FILLER_0_18_83,VPWR,li1,43.9300,62.5600,1.799996
FILLER_0_18_79,VPWR,li1,42.7800,62.5600,1.799996
FILLER_0_18_65,VPWR,li1,35.6500,62.5600,1.799997
FILLER_0_18_53,VPWR,li1,32.6600,62.5600,1.799997
FILLER_0_18_41,VPWR,li1,27.1400,62.5600,1.799997
FILLER_0_18_29,VPWR,li1,21.6200,62.5600,1.799997
FILLER_0_18_27,VPWR,li1,18.1700,62.5600,1.799997
FILLER_0_18_19,VPWR,li1,16.1000,62.5600,1.799997
FILLER_0_18_7,VPWR,li1,11.5000,62.5600,1.799996
FILLER_0_17_189,VPWR,li1,92.6900,57.1200,1.799996
FILLER_0_17_181,VPWR,li1,90.6200,57.1200,1.799996
FILLER_0_17_169,VPWR,li1,86.0200,57.1200,1.799997
FILLER_0_17_156,VPWR,li1,80.0400,57.1200,1.799997
FILLER_0_17_144,VPWR,li1,74.5200,57.1200,1.799997
FILLER_0_17_132,VPWR,li1,69.0000,57.1200,1.799997
FILLER_0_17_113,VPWR,li1,58.8800,57.1200,1.799996
FILLER_0_17_111,VPWR,li1,56.8100,57.1200,1.799995
FILLER_0_17_107,VPWR,li1,55.6600,57.1200,1.799995
FILLER_0_17_103,VPWR,li1,53.1300,57.1200,1.799995
FILLER_0_17_97,VPWR,li1,51.5200,57.1200,1.799995
FILLER_0_17_85,VPWR,li1,47.3800,57.1200,1.799995
FILLER_0_17_77,VPWR,li1,41.1700,57.1200,1.799995
FILLER_0_17_69,VPWR,li1,39.1000,57.1200,1.799995
FILLER_0_17_57,VPWR,li1,34.5000,57.1200,1.799993
FILLER_0_17_55,VPWR,li1,31.0500,57.1200,1.799991
FILLER_0_17_47,VPWR,li1,28.9800,57.1200,1.799991
FILLER_0_17_12,VPWR,li1,12.4200,57.1200,1.799990
FILLER_0_16_182,VPWR,li1,89.4700,57.1200,1.799996
FILLER_0_16_178,VPWR,li1,88.3200,57.1200,1.799996
FILLER_0_16_166,VPWR,li1,84.6400,57.1200,1.799997
FILLER_0_16_161,VPWR,li1,79.8100,57.1200,1.799997
FILLER_0_16_153,VPWR,li1,77.7400,57.1200,1.799997
FILLER_0_16_141,VPWR,li1,73.1400,57.1200,1.799997
FILLER_0_16_128,VPWR,li1,67.1600,57.1200,1.799996
FILLER_0_16_116,VPWR,li1,61.6400,57.1200,1.799996
FILLER_0_16_104,VPWR,li1,56.1200,57.1200,1.799995
FILLER_0_16_92,VPWR,li1,50.6000,57.1200,1.799995
FILLER_0_16_83,VPWR,li1,43.9300,57.1200,1.799995
FILLER_0_16_79,VPWR,li1,42.7800,57.1200,1.799995
FILLER_0_16_67,VPWR,li1,39.1000,57.1200,1.799995
FILLER_0_16_55,VPWR,li1,33.5800,57.1200,1.799993
FILLER_0_16_50,VPWR,li1,28.9800,57.1200,1.799991
FILLER_0_16_41,VPWR,li1,25.3000,57.1200,1.799990
FILLER_0_16_29,VPWR,li1,21.6200,57.1200,1.799990
FILLER_0_16_27,VPWR,li1,18.1700,57.1200,1.799991
FILLER_0_16_19,VPWR,li1,16.1000,57.1200,1.799991
FILLER_0_16_7,VPWR,li1,11.5000,57.1200,1.799988
FILLER_0_15_189,VPWR,li1,92.6900,51.6800,1.799996
FILLER_0_15_181,VPWR,li1,90.6200,51.6800,1.799996
FILLER_0_15_169,VPWR,li1,86.0200,51.6800,1.799996
FILLER_0_15_156,VPWR,li1,80.0400,51.6800,1.799996
FILLER_0_15_144,VPWR,li1,74.5200,51.6800,1.799995
FILLER_0_15_140,VPWR,li1,70.1500,51.6800,1.799995
FILLER_0_15_132,VPWR,li1,68.0800,51.6800,1.799995
FILLER_0_15_120,VPWR,li1,63.4800,51.6800,1.799996
FILLER_0_15_111,VPWR,li1,56.8100,51.6800,1.799995
FILLER_0_15_101,VPWR,li1,52.4400,51.6800,1.799995
FILLER_0_15_97,VPWR,li1,50.3700,51.6800,1.799995
FILLER_0_15_93,VPWR,li1,49.2200,51.6800,1.799995
FILLER_0_15_81,VPWR,li1,45.5400,51.6800,1.799995
FILLER_0_15_69,VPWR,li1,40.0200,51.6800,1.799996
FILLER_0_15_57,VPWR,li1,34.5000,51.6800,1.799997
FILLER_0_15_55,VPWR,li1,31.0500,51.6800,1.799997
FILLER_0_15_49,VPWR,li1,29.4400,51.6800,1.799996
FILLER_0_15_37,VPWR,li1,25.3000,51.6800,1.799996
FILLER_0_15_25,VPWR,li1,19.7800,51.6800,1.799996
FILLER_0_15_9,VPWR,li1,11.0400,51.6800,1.799994
FILLER_0_14_188,VPWR,li1,92.4600,51.6800,1.799996
FILLER_0_14_180,VPWR,li1,90.1600,51.6800,1.799996
FILLER_0_14_161,VPWR,li1,80.9600,51.6800,1.799996
FILLER_0_14_153,VPWR,li1,76.5900,51.6800,1.799995
FILLER_0_14_141,VPWR,li1,73.1400,51.6800,1.799995
FILLER_0_14_134,VPWR,li1,68.5400,51.6800,1.799995
FILLER_0_14_126,VPWR,li1,63.7100,51.6800,1.799996
FILLER_0_14_117,VPWR,li1,60.0300,51.6800,1.799995
FILLER_0_14_109,VPWR,li1,57.5000,51.6800,1.799995
FILLER_0_14_92,VPWR,li1,50.6000,51.6800,1.799995
FILLER_0_14_82,VPWR,li1,43.7000,51.6800,1.799996
FILLER_0_14_74,VPWR,li1,41.4000,51.6800,1.799996
FILLER_0_14_68,VPWR,li1,37.2600,51.6800,1.799997
FILLER_0_14_56,VPWR,li1,34.0400,51.6800,1.799997
FILLER_0_14_44,VPWR,li1,28.5200,51.6800,1.799996
FILLER_0_14_32,VPWR,li1,23.0000,51.6800,1.799996
FILLER_0_14_27,VPWR,li1,18.1700,51.6800,1.799996
FILLER_0_14_19,VPWR,li1,16.1000,51.6800,1.799995
FILLER_0_14_7,VPWR,li1,11.5000,51.6800,1.799994
FILLER_0_13_178,VPWR,li1,88.7800,46.2400,1.799989
FILLER_0_13_166,VPWR,li1,82.3400,46.2400,1.799992
FILLER_0_13_154,VPWR,li1,79.1200,46.2400,1.799992
FILLER_0_13_142,VPWR,li1,73.6000,46.2400,1.799992
FILLER_0_13_130,VPWR,li1,68.0800,46.2400,1.799994
FILLER_0_13_125,VPWR,li1,63.4800,46.2400,1.799995
FILLER_0_13_113,VPWR,li1,60.2600,46.2400,1.799996
FILLER_0_13_106,VPWR,li1,55.6600,46.2400,1.799996
FILLER_0_13_94,VPWR,li1,51.5200,46.2400,1.799996
FILLER_0_13_82,VPWR,li1,45.0800,46.2400,1.799995
FILLER_0_13_69,VPWR,li1,38.6400,46.2400,1.799996
FILLER_0_13_57,VPWR,li1,34.5000,46.2400,1.799996
FILLER_0_13_50,VPWR,li1,29.9000,46.2400,1.799995
FILLER_0_13_39,VPWR,li1,23.9200,46.2400,1.799995
FILLER_0_13_27,VPWR,li1,20.7000,46.2400,1.799995
FILLER_0_13_15,VPWR,li1,15.1800,46.2400,1.799996
FILLER_0_13_11,VPWR,li1,10.8100,46.2400,1.799995
FILLER_0_13_7,VPWR,li1,9.6600,46.2400,1.799995
FILLER_0_12_188,VPWR,li1,92.4600,46.2400,1.799988
FILLER_0_12_164,VPWR,li1,81.1900,46.2400,1.799992
FILLER_0_12_156,VPWR,li1,77.5100,46.2400,1.799992
FILLER_0_12_152,VPWR,li1,76.3600,46.2400,1.799992
FILLER_0_12_145,VPWR,li1,72.6800,46.2400,1.799992
FILLER_0_12_137,VPWR,li1,69.2300,46.2400,1.799994
FILLER_0_12_125,VPWR,li1,65.7800,46.2400,1.799994
FILLER_0_12_113,VPWR,li1,60.2600,46.2400,1.799996
FILLER_0_12_105,VPWR,li1,54.5100,46.2400,1.799996
FILLER_0_12_97,VPWR,li1,51.9800,46.2400,1.799996
FILLER_0_12_85,VPWR,li1,47.3800,46.2400,1.799996
FILLER_0_12_83,VPWR,li1,43.9300,46.2400,1.799995
FILLER_0_12_75,VPWR,li1,41.8600,46.2400,1.799995
FILLER_0_12_69,VPWR,li1,37.9500,46.2400,1.799996
FILLER_0_12_61,VPWR,li1,35.4200,46.2400,1.799996
FILLER_0_12_49,VPWR,li1,30.8200,46.2400,1.799995
FILLER_0_12_29,VPWR,li1,19.7800,46.2400,1.799996
FILLER_0_12_27,VPWR,li1,18.1700,46.2400,1.799996
FILLER_0_12_19,VPWR,li1,16.1000,46.2400,1.799996
FILLER_0_11_187,VPWR,li1,92.2300,40.8000,1.799992
FILLER_0_11_179,VPWR,li1,88.0900,40.8000,1.799993
FILLER_0_11_169,VPWR,li1,83.9500,40.8000,1.799994
FILLER_0_11_164,VPWR,li1,81.1900,40.8000,1.799993
FILLER_0_11_158,VPWR,li1,79.5800,40.8000,1.799993
FILLER_0_11_149,VPWR,li1,74.5200,40.8000,1.799993
FILLER_0_11_137,VPWR,li1,71.3000,40.8000,1.799993
FILLER_0_11_125,VPWR,li1,65.7800,40.8000,1.799994
FILLER_0_11_113,VPWR,li1,60.2600,40.8000,1.799995
FILLER_0_11_109,VPWR,li1,56.3500,40.8000,1.799995
FILLER_0_11_97,VPWR,li1,52.9000,40.8000,1.799995
FILLER_0_11_85,VPWR,li1,47.3800,40.8000,1.799995
FILLER_0_11_77,VPWR,li1,41.4000,40.8000,1.799995
FILLER_0_11_69,VPWR,li1,39.1000,40.8000,1.799995
FILLER_0_11_57,VPWR,li1,34.5000,40.8000,1.799995
FILLER_0_11_52,VPWR,li1,30.3600,40.8000,1.799993
FILLER_0_11_31,VPWR,li1,21.6200,40.8000,1.799993
FILLER_0_11_19,VPWR,li1,17.0200,40.8000,1.799993
FILLER_0_11_7,VPWR,li1,11.5000,40.8000,1.799990
FILLER_0_10_188,VPWR,li1,92.4600,40.8000,1.799992
FILLER_0_10_171,VPWR,li1,84.4100,40.8000,1.799994
FILLER_0_10_159,VPWR,li1,81.4200,40.8000,1.799994
FILLER_0_10_147,VPWR,li1,75.9000,40.8000,1.799993
FILLER_0_10_138,VPWR,li1,69.4600,40.8000,1.799993
FILLER_0_10_117,VPWR,li1,59.5700,40.8000,1.799995
FILLER_0_10_111,VPWR,li1,57.9600,40.8000,1.799995
FILLER_0_10_99,VPWR,li1,53.8200,40.8000,1.799995
FILLER_0_10_95,VPWR,li1,49.4500,40.8000,1.799995
FILLER_0_10_89,VPWR,li1,47.8400,40.8000,1.799995
FILLER_0_10_76,VPWR,li1,42.3200,40.8000,1.799995
FILLER_0_10_64,VPWR,li1,37.7200,40.8000,1.799995
FILLER_0_10_48,VPWR,li1,27.8300,40.8000,1.799993
FILLER_0_10_40,VPWR,li1,25.7600,40.8000,1.799993
FILLER_0_10_33,VPWR,li1,20.9300,40.8000,1.799993
FILLER_0_10_29,VPWR,li1,19.7800,40.8000,1.799993
FILLER_0_10_20,VPWR,li1,16.5600,40.8000,1.799993
FILLER_0_9_189,VPWR,li1,92.6900,35.3600,1.799998
FILLER_0_9_181,VPWR,li1,90.6200,35.3600,1.799998
FILLER_0_9_169,VPWR,li1,86.0200,35.3600,1.799998
FILLER_0_9_160,VPWR,li1,80.9600,35.3600,1.799998
FILLER_0_9_150,VPWR,li1,75.2100,35.3600,1.799997
FILLER_0_9_142,VPWR,li1,72.6800,35.3600,1.799997
FILLER_0_9_130,VPWR,li1,68.0800,35.3600,1.799997
FILLER_0_9_121,VPWR,li1,61.8700,35.3600,1.799997
FILLER_0_9_113,VPWR,li1,59.3400,35.3600,1.799997
FILLER_0_9_109,VPWR,li1,56.3500,35.3600,1.799997
FILLER_0_9_97,VPWR,li1,52.9000,35.3600,1.799996
FILLER_0_9_85,VPWR,li1,47.3800,35.3600,1.799995
FILLER_0_9_73,VPWR,li1,41.8600,35.3600,1.799995
FILLER_0_9_66,VPWR,li1,36.5700,35.3600,1.799994
FILLER_0_9_50,VPWR,li1,29.9000,35.3600,1.799993
FILLER_0_9_35,VPWR,li1,24.3800,35.3600,1.799993
FILLER_0_9_23,VPWR,li1,18.8600,35.3600,1.799994
FILLER_0_9_11,VPWR,li1,13.3400,35.3600,1.799995
FILLER_0_9_7,VPWR,li1,9.2000,35.3600,1.799994
FILLER_0_8_184,VPWR,li1,91.5400,35.3600,1.799998
FILLER_0_8_172,VPWR,li1,87.4000,35.3600,1.799998
FILLER_0_8_165,VPWR,li1,81.6500,35.3600,1.799998
FILLER_0_8_153,VPWR,li1,78.6600,35.3600,1.799997
FILLER_0_8_141,VPWR,li1,73.1400,35.3600,1.799997
FILLER_0_8_137,VPWR,li1,69.2300,35.3600,1.799997
FILLER_0_8_125,VPWR,li1,65.7800,35.3600,1.799997
FILLER_0_8_119,VPWR,li1,60.4900,35.3600,1.799997
FILLER_0_8_113,VPWR,li1,58.8800,35.3600,1.799997
FILLER_0_8_101,VPWR,li1,54.7400,35.3600,1.799997
FILLER_0_8_93,VPWR,li1,48.5300,35.3600,1.799995
FILLER_0_8_85,VPWR,li1,46.4600,35.3600,1.799995
FILLER_0_8_83,VPWR,li1,43.9300,35.3600,1.799995
FILLER_0_8_57,VPWR,li1,31.9700,35.3600,1.799993
FILLER_0_8_51,VPWR,li1,30.3600,35.3600,1.799993
FILLER_0_8_46,VPWR,li1,26.9100,35.3600,1.799993
FILLER_0_8_27,VPWR,li1,18.1700,35.3600,1.799994
FILLER_0_8_15,VPWR,li1,15.1800,35.3600,1.799995
FILLER_0_8_3,VPWR,li1,9.6600,35.3600,1.799994
FILLER_0_7_178,VPWR,li1,90.1600,29.9200,1.799999
FILLER_0_7_169,VPWR,li1,84.6400,29.9200,1.799999
FILLER_0_7_165,VPWR,li1,82.1100,29.9200,1.799999
FILLER_0_7_157,VPWR,li1,79.5800,29.9200,1.799999
FILLER_0_7_150,VPWR,li1,75.2100,29.9200,1.799999
FILLER_0_7_138,VPWR,li1,71.7600,29.9200,1.799999
FILLER_0_7_133,VPWR,li1,66.9300,29.9200,1.799999
FILLER_0_7_125,VPWR,li1,64.8600,29.9200,1.799999
FILLER_0_7_113,VPWR,li1,60.2600,29.9200,1.799999
FILLER_0_7_111,VPWR,li1,56.8100,29.9200,1.799999
FILLER_0_7_105,VPWR,li1,55.2000,29.9200,1.799999
FILLER_0_7_93,VPWR,li1,51.0600,29.9200,1.799999
FILLER_0_7_81,VPWR,li1,45.5400,29.9200,1.799999
FILLER_0_7_69,VPWR,li1,40.0200,29.9200,1.799999
FILLER_0_7_57,VPWR,li1,34.5000,29.9200,1.799999
FILLER_0_7_50,VPWR,li1,29.9000,29.9200,1.799998
FILLER_0_7_43,VPWR,li1,26.2200,29.9200,1.799998
FILLER_0_7_31,VPWR,li1,22.5400,29.9200,1.799997
FILLER_0_7_19,VPWR,li1,17.0200,29.9200,1.799997
FILLER_0_7_7,VPWR,li1,11.5000,29.9200,1.799997
FILLER_0_6_189,VPWR,li1,92.6900,29.9200,1.799999
FILLER_0_6_177,VPWR,li1,89.7000,29.9200,1.799999
FILLER_0_6_165,VPWR,li1,84.1800,29.9200,1.799999
FILLER_0_6_153,VPWR,li1,78.6600,29.9200,1.799999
FILLER_0_6_141,VPWR,li1,73.1400,29.9200,1.799999
FILLER_0_6_139,VPWR,li1,69.6900,29.9200,1.799999
FILLER_0_6_135,VPWR,li1,68.5400,29.9200,1.799999
FILLER_0_6_123,VPWR,li1,64.8600,29.9200,1.799999
FILLER_0_6_115,VPWR,li1,58.6500,29.9200,1.799999
FILLER_0_6_105,VPWR,li1,54.5100,29.9200,1.799999
FILLER_0_6_97,VPWR,li1,51.9800,29.9200,1.799999
FILLER_0_6_85,VPWR,li1,47.3800,29.9200,1.799999
FILLER_0_6_83,VPWR,li1,43.9300,29.9200,1.799999
FILLER_0_6_75,VPWR,li1,41.8600,29.9200,1.799999
FILLER_0_6_63,VPWR,li1,37.2600,29.9200,1.799999
FILLER_0_6_51,VPWR,li1,31.7400,29.9200,1.799998
FILLER_0_6_39,VPWR,li1,26.2200,29.9200,1.799998
FILLER_0_6_33,VPWR,li1,20.9300,29.9200,1.799997
FILLER_0_6_29,VPWR,li1,19.7800,29.9200,1.799997
FILLER_0_6_27,VPWR,li1,18.1700,29.9200,1.799997
FILLER_0_6_13,VPWR,li1,11.7300,29.9200,1.799997
FILLER_0_6_7,VPWR,li1,10.1200,29.9200,1.799997
FILLER_0_5_187,VPWR,li1,92.2300,24.4800,1.799997
FILLER_0_5_179,VPWR,li1,89.7000,24.4800,1.799997
FILLER_0_5_169,VPWR,li1,83.9500,24.4800,1.799998
FILLER_0_5_167,VPWR,li1,82.5700,24.4800,1.799997
FILLER_0_5_161,VPWR,li1,80.9600,24.4800,1.799997
FILLER_0_5_149,VPWR,li1,76.8200,24.4800,1.799997
FILLER_0_5_137,VPWR,li1,71.3000,24.4800,1.799997
FILLER_0_5_125,VPWR,li1,65.7800,24.4800,1.799997
FILLER_0_5_113,VPWR,li1,60.2600,24.4800,1.799998
FILLER_0_5_110,VPWR,li1,56.5800,24.4800,1.799998
FILLER_0_5_98,VPWR,li1,53.3600,24.4800,1.799998
FILLER_0_5_89,VPWR,li1,46.9200,24.4800,1.799998
FILLER_0_5_81,VPWR,li1,44.6200,24.4800,1.799998
FILLER_0_5_69,VPWR,li1,40.0200,24.4800,1.799998
FILLER_0_5_57,VPWR,li1,34.5000,24.4800,1.799998
FILLER_0_5_50,VPWR,li1,29.9000,24.4800,1.799997
FILLER_0_5_38,VPWR,li1,25.7600,24.4800,1.799997
FILLER_0_5_15,VPWR,li1,13.1100,24.4800,1.799996
FILLER_0_5_7,VPWR,li1,10.5800,24.4800,1.799996
FILLER_0_4_178,VPWR,li1,90.1600,24.4800,1.799997
FILLER_0_4_166,VPWR,li1,84.6400,24.4800,1.799998
FILLER_0_4_154,VPWR,li1,79.1200,24.4800,1.799997
FILLER_0_4_139,VPWR,li1,69.6900,24.4800,1.799997
FILLER_0_4_133,VPWR,li1,68.0800,24.4800,1.799997
FILLER_0_4_121,VPWR,li1,63.9400,24.4800,1.799998
FILLER_0_4_109,VPWR,li1,58.4200,24.4800,1.799998
FILLER_0_4_97,VPWR,li1,52.9000,24.4800,1.799998
FILLER_0_4_85,VPWR,li1,47.3800,24.4800,1.799998
FILLER_0_4_83,VPWR,li1,43.9300,24.4800,1.799998
FILLER_0_4_77,VPWR,li1,42.3200,24.4800,1.799998
FILLER_0_4_65,VPWR,li1,38.1800,24.4800,1.799998
FILLER_0_4_53,VPWR,li1,32.6600,24.4800,1.799998
FILLER_0_4_41,VPWR,li1,27.1400,24.4800,1.799997
FILLER_0_4_29,VPWR,li1,21.6200,24.4800,1.799996
FILLER_0_4_27,VPWR,li1,18.1700,24.4800,1.799996
FILLER_0_4_19,VPWR,li1,16.1000,24.4800,1.799996
FILLER_0_4_7,VPWR,li1,11.5000,24.4800,1.799996
FILLER_0_3_189,VPWR,li1,92.6900,19.0400,1.799993
FILLER_0_3_181,VPWR,li1,90.6200,19.0400,1.799993
FILLER_0_3_169,VPWR,li1,86.0200,19.0400,1.799995
FILLER_0_3_167,VPWR,li1,82.5700,19.0400,1.799996
FILLER_0_3_159,VPWR,li1,80.5000,19.0400,1.799995
FILLER_0_3_147,VPWR,li1,75.9000,19.0400,1.799995
FILLER_0_3_135,VPWR,li1,69.0000,19.0400,1.799995
FILLER_0_3_131,VPWR,li1,66.0100,19.0400,1.799995
FILLER_0_3_123,VPWR,li1,63.9400,19.0400,1.799996
FILLER_0_3_113,VPWR,li1,58.1900,19.0400,1.799996
FILLER_0_3_108,VPWR,li1,56.1200,19.0400,1.799995
FILLER_0_3_96,VPWR,li1,52.4400,19.0400,1.799995
FILLER_0_3_84,VPWR,li1,46.9200,19.0400,1.799996
FILLER_0_3_72,VPWR,li1,41.4000,19.0400,1.799996
FILLER_0_3_60,VPWR,li1,35.8800,19.0400,1.799996
FILLER_0_3_54,VPWR,li1,30.8200,19.0400,1.799995
FILLER_0_3_46,VPWR,li1,28.5200,19.0400,1.799996
FILLER_0_3_34,VPWR,li1,23.9200,19.0400,1.799996
FILLER_0_3_22,VPWR,li1,18.4000,19.0400,1.799996
FILLER_0_3_10,VPWR,li1,12.8800,19.0400,1.799994
FILLER_0_3_3,VPWR,li1,7.1300,19.0400,1.799992
FILLER_0_2_165,VPWR,li1,84.1800,19.0400,1.799996
FILLER_0_2_157,VPWR,li1,77.9700,19.0400,1.799995
FILLER_0_2_153,VPWR,li1,76.8200,19.0400,1.799995
FILLER_0_2_141,VPWR,li1,73.1400,19.0400,1.799995
FILLER_0_2_134,VPWR,li1,68.5400,19.0400,1.799995
FILLER_0_2_122,VPWR,li1,64.4000,19.0400,1.799996
FILLER_0_2_110,VPWR,li1,58.8800,19.0400,1.799996
FILLER_0_2_102,VPWR,li1,52.9000,19.0400,1.799995
FILLER_0_2_90,VPWR,li1,49.6800,19.0400,1.799996
FILLER_0_2_72,VPWR,li1,41.4000,19.0400,1.799996
FILLER_0_2_65,VPWR,li1,35.8800,19.0400,1.799996
FILLER_0_2_53,VPWR,li1,32.6600,19.0400,1.799996
FILLER_0_2_41,VPWR,li1,27.1400,19.0400,1.799996
FILLER_0_2_29,VPWR,li1,21.6200,19.0400,1.799996
FILLER_0_2_27,VPWR,li1,18.1700,19.0400,1.799996
FILLER_0_2_23,VPWR,li1,17.0200,19.0400,1.799996
FILLER_0_2_11,VPWR,li1,13.3400,19.0400,1.799994
FILLER_0_2_7,VPWR,li1,9.2000,19.0400,1.799993
FILLER_0_1_189,VPWR,li1,92.6900,13.6000,1.799994
FILLER_0_1_181,VPWR,li1,90.6200,13.6000,1.799994
FILLER_0_1_169,VPWR,li1,86.0200,13.6000,1.799994
FILLER_0_1_167,VPWR,li1,82.5700,13.6000,1.799995
FILLER_0_1_155,VPWR,li1,79.5800,13.6000,1.799994
FILLER_0_1_143,VPWR,li1,74.0600,13.6000,1.799995
FILLER_0_1_131,VPWR,li1,68.5400,13.6000,1.799995
FILLER_0_1_119,VPWR,li1,63.0200,13.6000,1.799996
FILLER_0_1_100,VPWR,li1,54.2800,13.6000,1.799994
FILLER_0_1_88,VPWR,li1,48.7600,13.6000,1.799993
FILLER_0_1_79,VPWR,li1,42.7800,13.6000,1.799993
FILLER_0_1_69,VPWR,li1,37.9500,13.6000,1.799994
FILLER_0_1_57,VPWR,li1,34.5000,13.6000,1.799993
FILLER_0_1_44,VPWR,li1,28.5200,13.6000,1.799993
FILLER_0_1_29,VPWR,li1,20.7000,13.6000,1.799993
FILLER_0_1_19,VPWR,li1,15.1800,13.6000,1.799993
FILLER_0_1_7,VPWR,li1,11.5000,13.6000,1.799991
FILLER_0_0_189,VPWR,li1,92.6900,13.6000,1.799994
FILLER_0_0_183,VPWR,li1,91.0800,13.6000,1.799994
FILLER_0_0_169,VPWR,li1,83.4900,13.6000,1.799995
FILLER_0_0_165,VPWR,li1,82.1100,13.6000,1.799995
FILLER_0_0_157,VPWR,li1,77.9700,13.6000,1.799995
FILLER_0_0_153,VPWR,li1,76.8200,13.6000,1.799995
FILLER_0_0_141,VPWR,li1,73.1400,13.6000,1.799995
FILLER_0_0_137,VPWR,li1,69.2300,13.6000,1.799995
FILLER_0_0_125,VPWR,li1,65.7800,13.6000,1.799996
FILLER_0_0_113,VPWR,li1,60.2600,13.6000,1.799995
FILLER_0_0_111,VPWR,li1,56.8100,13.6000,1.799995
FILLER_0_0_105,VPWR,li1,55.2000,13.6000,1.799994
FILLER_0_0_99,VPWR,li1,51.2900,13.6000,1.799994
FILLER_0_0_93,VPWR,li1,49.6800,13.6000,1.799993
FILLER_0_0_70,VPWR,li1,37.9500,13.6000,1.799994
FILLER_0_0_57,VPWR,li1,33.1200,13.6000,1.799993
FILLER_0_0_53,VPWR,li1,30.5900,13.6000,1.799993
FILLER_0_0_41,VPWR,li1,27.1400,13.6000,1.799993
FILLER_0_0_29,VPWR,li1,21.6200,13.6000,1.799993
FILLER_0_0_27,VPWR,li1,18.1700,13.6000,1.799993
FILLER_0_0_23,VPWR,li1,17.0200,13.6000,1.799993
FILLER_0_0_11,VPWR,li1,13.3400,13.6000,1.799992
ANTENNA_3,VPWR,li1,10.5800,84.3200,1.799993
ANTENNA_2,VPWR,li1,10.1200,19.0400,1.799993
ANTENNA_1,VPWR,li1,10.1200,35.3600,1.799994
rebuffer5,VPWR,li1,89.9300,40.8000,1.799992
rebuffer4,VPWR,li1,66.7000,62.5600,1.799996
rebuffer3,VPWR,li1,71.3000,46.2400,1.799993
rebuffer2,VPWR,li1,60.4900,19.0400,1.799996
rebuffer1,VPWR,li1,26.4500,46.2400,1.799995
output27,VPWR,li1,12.8800,84.3200,1.799993
output26,VPWR,li1,7.8200,68.0000,1.799991
output25,VPWR,li1,10.1200,57.1200,1.799988
output24,VPWR,li1,9.6600,13.6000,1.799991
output23,VPWR,li1,7.8200,78.8800,1.799988
output22,VPWR,li1,7.8200,40.8000,1.799988
output21,VPWR,li1,7.8200,19.0400,1.799992
output20,VPWR,li1,7.8200,35.3600,1.799993
input19,VPWR,li1,8.2800,51.6800,1.799993
input18,VPWR,li1,12.8800,84.3200,1.799993
input17,VPWR,li1,7.8200,29.9200,1.799996
input16,VPWR,li1,9.2000,40.8000,1.799989
input15,VPWR,li1,7.8200,84.3200,1.799992
input14,VPWR,li1,7.8200,84.3200,1.799992
input13,VPWR,li1,8.2800,78.8800,1.799989
input12,VPWR,li1,7.8200,24.4800,1.799995
input11,VPWR,li1,7.8200,13.6000,1.799990
input10,VPWR,li1,7.8200,73.4400,1.799995
input9,VPWR,li1,7.8200,68.0000,1.799991
input8,VPWR,li1,7.8200,46.2400,1.799994
input7,VPWR,li1,7.8200,24.4800,1.799995
input6,VPWR,li1,7.8200,62.5600,1.799996
input5,VPWR,li1,7.8200,13.6000,1.799990
input4,VPWR,li1,7.8200,51.6800,1.799993
input3,VPWR,li1,7.8200,57.1200,1.799988
input2,VPWR,li1,7.8200,29.9200,1.799996
input1,VPWR,li1,14.4900,84.3200,1.799994
TAP_TAPCELL_ROW_27_145,VPWR,li1,83.0300,84.6260,1.799997
TAP_TAPCELL_ROW_27_144,VPWR,li1,70.1500,84.6260,1.799997
TAP_TAPCELL_ROW_27_143,VPWR,li1,57.2700,84.6260,1.799998
TAP_TAPCELL_ROW_27_142,VPWR,li1,44.3900,84.6260,1.799998
TAP_TAPCELL_ROW_27_141,VPWR,li1,31.5100,84.6260,1.799997
TAP_TAPCELL_ROW_27_140,VPWR,li1,18.6300,84.6260,1.799995
TAP_TAPCELL_ROW_26_139,VPWR,li1,70.1500,84.0130,1.799997
TAP_TAPCELL_ROW_26_138,VPWR,li1,44.3900,84.0130,1.799998
TAP_TAPCELL_ROW_26_137,VPWR,li1,18.6300,84.0130,1.799995
TAP_TAPCELL_ROW_25_136,VPWR,li1,83.0300,79.1860,1.799994
TAP_TAPCELL_ROW_25_135,VPWR,li1,57.2700,79.1860,1.799993
TAP_TAPCELL_ROW_25_134,VPWR,li1,31.5100,79.1860,1.799992
TAP_TAPCELL_ROW_24_133,VPWR,li1,70.1500,78.5730,1.799992
TAP_TAPCELL_ROW_24_132,VPWR,li1,44.3900,78.5730,1.799993
TAP_TAPCELL_ROW_24_131,VPWR,li1,18.6300,78.5730,1.799993
TAP_TAPCELL_ROW_23_130,VPWR,li1,83.0300,73.7460,1.799993
TAP_TAPCELL_ROW_23_129,VPWR,li1,57.2700,73.7460,1.799995
TAP_TAPCELL_ROW_23_128,VPWR,li1,31.5100,73.7460,1.799996
TAP_TAPCELL_ROW_22_127,VPWR,li1,70.1500,73.1330,1.799992
TAP_TAPCELL_ROW_22_126,VPWR,li1,44.3900,73.1330,1.799996
TAP_TAPCELL_ROW_22_125,VPWR,li1,18.6300,73.1330,1.799997
TAP_TAPCELL_ROW_21_124,VPWR,li1,83.0300,68.3060,1.799994
TAP_TAPCELL_ROW_21_123,VPWR,li1,57.2700,68.3060,1.799994
TAP_TAPCELL_ROW_21_122,VPWR,li1,31.5100,68.3060,1.799995
TAP_TAPCELL_ROW_20_121,VPWR,li1,70.1500,67.6930,1.799993
TAP_TAPCELL_ROW_20_120,VPWR,li1,44.3900,67.6930,1.799993
TAP_TAPCELL_ROW_20_119,VPWR,li1,18.6300,67.6930,1.799994
TAP_TAPCELL_ROW_19_118,VPWR,li1,83.0300,62.8660,1.799997
TAP_TAPCELL_ROW_19_117,VPWR,li1,57.2700,62.8660,1.799996
TAP_TAPCELL_ROW_19_116,VPWR,li1,31.5100,62.8660,1.799997
TAP_TAPCELL_ROW_18_115,VPWR,li1,70.1500,62.2530,1.799996
TAP_TAPCELL_ROW_18_114,VPWR,li1,44.3900,62.2530,1.799996
TAP_TAPCELL_ROW_18_113,VPWR,li1,18.6300,62.2530,1.799997
TAP_TAPCELL_ROW_17_112,VPWR,li1,83.0300,57.4260,1.799997
TAP_TAPCELL_ROW_17_111,VPWR,li1,57.2700,57.4260,1.799995
TAP_TAPCELL_ROW_17_110,VPWR,li1,31.5100,57.4260,1.799991
TAP_TAPCELL_ROW_16_109,VPWR,li1,70.1500,56.8130,1.799997
TAP_TAPCELL_ROW_16_108,VPWR,li1,44.3900,56.8130,1.799995
TAP_TAPCELL_ROW_16_107,VPWR,li1,18.6300,56.8130,1.799991
TAP_TAPCELL_ROW_15_106,VPWR,li1,83.0300,51.9860,1.799996
TAP_TAPCELL_ROW_15_105,VPWR,li1,57.2700,51.9860,1.799995
TAP_TAPCELL_ROW_15_104,VPWR,li1,31.5100,51.9860,1.799997
TAP_TAPCELL_ROW_14_103,VPWR,li1,70.1500,51.3730,1.799995
TAP_TAPCELL_ROW_14_102,VPWR,li1,44.3900,51.3730,1.799996
TAP_TAPCELL_ROW_14_101,VPWR,li1,18.6300,51.3730,1.799996
TAP_TAPCELL_ROW_13_100,VPWR,li1,83.0300,46.5460,1.799992
TAP_TAPCELL_ROW_13_99,VPWR,li1,57.2700,46.5460,1.799996
TAP_TAPCELL_ROW_13_98,VPWR,li1,31.5100,46.5460,1.799995
TAP_TAPCELL_ROW_12_97,VPWR,li1,70.1500,45.9330,1.799993
TAP_TAPCELL_ROW_12_96,VPWR,li1,44.3900,45.9330,1.799995
TAP_TAPCELL_ROW_12_95,VPWR,li1,18.6300,45.9330,1.799996
TAP_TAPCELL_ROW_11_94,VPWR,li1,83.0300,41.1060,1.799994
TAP_TAPCELL_ROW_11_93,VPWR,li1,57.2700,41.1060,1.799995
TAP_TAPCELL_ROW_11_92,VPWR,li1,31.5100,41.1060,1.799993
TAP_TAPCELL_ROW_10_91,VPWR,li1,70.1500,40.4930,1.799993
TAP_TAPCELL_ROW_10_90,VPWR,li1,44.3900,40.4930,1.799995
TAP_TAPCELL_ROW_10_89,VPWR,li1,18.6300,40.4930,1.799993
TAP_TAPCELL_ROW_9_88,VPWR,li1,83.0300,35.6660,1.799998
TAP_TAPCELL_ROW_9_87,VPWR,li1,57.2700,35.6660,1.799997
TAP_TAPCELL_ROW_9_86,VPWR,li1,31.5100,35.6660,1.799993
TAP_TAPCELL_ROW_8_85,VPWR,li1,70.1500,35.0530,1.799997
TAP_TAPCELL_ROW_8_84,VPWR,li1,44.3900,35.0530,1.799995
TAP_TAPCELL_ROW_8_83,VPWR,li1,18.6300,35.0530,1.799994
TAP_TAPCELL_ROW_7_82,VPWR,li1,83.0300,30.2260,1.799999
TAP_TAPCELL_ROW_7_81,VPWR,li1,57.2700,30.2260,1.799999
TAP_TAPCELL_ROW_7_80,VPWR,li1,31.5100,30.2260,1.799998
TAP_TAPCELL_ROW_6_79,VPWR,li1,70.1500,29.6130,1.799999
TAP_TAPCELL_ROW_6_78,VPWR,li1,44.3900,29.6130,1.799999
TAP_TAPCELL_ROW_6_77,VPWR,li1,18.6300,29.6130,1.799997
TAP_TAPCELL_ROW_5_76,VPWR,li1,83.0300,24.7860,1.799998
TAP_TAPCELL_ROW_5_75,VPWR,li1,57.2700,24.7860,1.799998
TAP_TAPCELL_ROW_5_74,VPWR,li1,31.5100,24.7860,1.799997
TAP_TAPCELL_ROW_4_73,VPWR,li1,70.1500,24.1730,1.799997
TAP_TAPCELL_ROW_4_72,VPWR,li1,44.3900,24.1730,1.799998
TAP_TAPCELL_ROW_4_71,VPWR,li1,18.6300,24.1730,1.799996
TAP_TAPCELL_ROW_3_70,VPWR,li1,83.0300,19.3460,1.799996
TAP_TAPCELL_ROW_3_69,VPWR,li1,57.2700,19.3460,1.799996
TAP_TAPCELL_ROW_3_68,VPWR,li1,31.5100,19.3460,1.799995
TAP_TAPCELL_ROW_2_67,VPWR,li1,70.1500,18.7330,1.799995
TAP_TAPCELL_ROW_2_66,VPWR,li1,44.3900,18.7330,1.799996
TAP_TAPCELL_ROW_2_65,VPWR,li1,18.6300,18.7330,1.799996
TAP_TAPCELL_ROW_1_64,VPWR,li1,83.0300,13.9060,1.799995
TAP_TAPCELL_ROW_1_63,VPWR,li1,57.2700,13.9060,1.799995
TAP_TAPCELL_ROW_1_62,VPWR,li1,31.5100,13.9060,1.799993
TAP_TAPCELL_ROW_0_61,VPWR,li1,83.0300,13.2930,1.799995
TAP_TAPCELL_ROW_0_60,VPWR,li1,70.1500,13.2930,1.799995
TAP_TAPCELL_ROW_0_59,VPWR,li1,57.2700,13.2930,1.799995
TAP_TAPCELL_ROW_0_58,VPWR,li1,44.3900,13.2930,1.799993
TAP_TAPCELL_ROW_0_57,VPWR,li1,31.5100,13.2930,1.799993
TAP_TAPCELL_ROW_0_56,VPWR,li1,18.6300,13.2930,1.799993
PHY_EDGE_ROW_27_Left_55,VPWR,li1,6.2100,84.3200,1.799992
PHY_EDGE_ROW_26_Left_54,VPWR,li1,6.2100,84.3200,1.799992
PHY_EDGE_ROW_25_Left_53,VPWR,li1,6.2100,78.8800,1.799988
PHY_EDGE_ROW_24_Left_52,VPWR,li1,6.2100,78.8800,1.799988
PHY_EDGE_ROW_23_Left_51,VPWR,li1,6.2100,73.4400,1.799995
PHY_EDGE_ROW_22_Left_50,VPWR,li1,6.2100,73.4400,1.799995
PHY_EDGE_ROW_21_Left_49,VPWR,li1,6.2100,68.0000,1.799991
PHY_EDGE_ROW_20_Left_48,VPWR,li1,6.2100,68.0000,1.799991
PHY_EDGE_ROW_19_Left_47,VPWR,li1,6.2100,62.5600,1.799996
PHY_EDGE_ROW_18_Left_46,VPWR,li1,6.2100,62.5600,1.799996
PHY_EDGE_ROW_17_Left_45,VPWR,li1,6.2100,57.1200,1.799988
PHY_EDGE_ROW_16_Left_44,VPWR,li1,6.2100,57.1200,1.799988
PHY_EDGE_ROW_15_Left_43,VPWR,li1,6.2100,51.6800,1.799993
PHY_EDGE_ROW_14_Left_42,VPWR,li1,6.2100,51.6800,1.799993
PHY_EDGE_ROW_13_Left_41,VPWR,li1,6.2100,46.2400,1.799994
PHY_EDGE_ROW_12_Left_40,VPWR,li1,6.2100,46.2400,1.799994
PHY_EDGE_ROW_11_Left_39,VPWR,li1,6.2100,40.8000,1.799988
PHY_EDGE_ROW_10_Left_38,VPWR,li1,6.2100,40.8000,1.799988
PHY_EDGE_ROW_9_Left_37,VPWR,li1,6.2100,35.3600,1.799993
PHY_EDGE_ROW_8_Left_36,VPWR,li1,6.2100,35.3600,1.799993
PHY_EDGE_ROW_7_Left_35,VPWR,li1,6.2100,29.9200,1.799996
PHY_EDGE_ROW_6_Left_34,VPWR,li1,6.2100,29.9200,1.799996
PHY_EDGE_ROW_5_Left_33,VPWR,li1,6.2100,24.4800,1.799995
PHY_EDGE_ROW_4_Left_32,VPWR,li1,6.2100,24.4800,1.799995
PHY_EDGE_ROW_3_Left_31,VPWR,li1,6.2100,19.0400,1.799992
PHY_EDGE_ROW_2_Left_30,VPWR,li1,6.2100,19.0400,1.799992
PHY_EDGE_ROW_1_Left_29,VPWR,li1,6.2100,13.6000,1.799990
PHY_EDGE_ROW_0_Left_28,VPWR,li1,6.2100,13.6000,1.799990
PHY_EDGE_ROW_27_Right_27,VPWR,li1,93.6100,84.3200,1.799993
PHY_EDGE_ROW_26_Right_26,VPWR,li1,93.6100,84.3200,1.799993
PHY_EDGE_ROW_25_Right_25,VPWR,li1,93.6100,78.8800,1.799992
PHY_EDGE_ROW_24_Right_24,VPWR,li1,93.6100,78.8800,1.799992
PHY_EDGE_ROW_23_Right_23,VPWR,li1,93.6100,73.4400,1.799991
PHY_EDGE_ROW_22_Right_22,VPWR,li1,93.6100,73.4400,1.799991
PHY_EDGE_ROW_21_Right_21,VPWR,li1,93.6100,68.0000,1.799993
PHY_EDGE_ROW_20_Right_20,VPWR,li1,93.6100,68.0000,1.799993
PHY_EDGE_ROW_19_Right_19,VPWR,li1,93.6100,62.5600,1.799997
PHY_EDGE_ROW_18_Right_18,VPWR,li1,93.6100,62.5600,1.799997
PHY_EDGE_ROW_17_Right_17,VPWR,li1,93.6100,57.1200,1.799996
PHY_EDGE_ROW_16_Right_16,VPWR,li1,93.6100,57.1200,1.799996
PHY_EDGE_ROW_15_Right_15,VPWR,li1,93.6100,51.6800,1.799996
PHY_EDGE_ROW_14_Right_14,VPWR,li1,93.6100,51.6800,1.799996
PHY_EDGE_ROW_13_Right_13,VPWR,li1,93.6100,46.2400,1.799988
PHY_EDGE_ROW_12_Right_12,VPWR,li1,93.6100,46.2400,1.799988
PHY_EDGE_ROW_11_Right_11,VPWR,li1,93.6100,40.8000,1.799992
PHY_EDGE_ROW_10_Right_10,VPWR,li1,93.6100,40.8000,1.799992
PHY_EDGE_ROW_9_Right_9,VPWR,li1,93.6100,35.3600,1.799998
PHY_EDGE_ROW_8_Right_8,VPWR,li1,93.6100,35.3600,1.799998
PHY_EDGE_ROW_7_Right_7,VPWR,li1,93.6100,29.9200,1.799999
PHY_EDGE_ROW_6_Right_6,VPWR,li1,93.6100,29.9200,1.799999
PHY_EDGE_ROW_5_Right_5,VPWR,li1,93.6100,24.4800,1.799997
PHY_EDGE_ROW_4_Right_4,VPWR,li1,93.6100,24.4800,1.799997
PHY_EDGE_ROW_3_Right_3,VPWR,li1,93.6100,19.0400,1.799993
PHY_EDGE_ROW_2_Right_2,VPWR,li1,93.6100,19.0400,1.799993
PHY_EDGE_ROW_1_Right_1,VPWR,li1,93.6100,13.6000,1.799994
PHY_EDGE_ROW_0_Right_0,VPWR,li1,93.6100,13.6000,1.799994
_347_,VPWR,li1,30.1300,57.1200,1.799991
_346_,VPWR,li1,78.4300,51.6800,1.799996
_345_,VPWR,li1,43.0100,57.1200,1.799995
_344_,VPWR,li1,68.0800,29.9200,1.799999
_343_,VPWR,li1,84.8700,78.8800,1.799993
_342_,VPWR,li1,25.7600,73.4400,1.799996
_341_,VPWR,li1,48.9900,24.4800,1.799998
_340_,VPWR,li1,74.0600,62.5600,1.799996
_339_,VPWR,li1,58.1900,78.8800,1.799994
_338_,VPWR,li1,65.0900,57.1200,1.799996
_337_,VPWR,li1,32.4300,19.0400,1.799995
_336_,VPWR,li1,88.0900,78.8800,1.799992
_335_,VPWR,li1,54.7400,51.6800,1.799994
_334_,VPWR,li1,36.8000,78.8800,1.799993
_333_,VPWR,li1,19.5500,51.6800,1.799996
_332_,VPWR,li1,36.1100,13.6000,1.799993
_331_,VPWR,li1,7.8200,46.2400,1.799994
_330_,VPWR,li1,84.8700,62.5600,1.799997
_329_,VPWR,li1,21.3900,24.4800,1.799996
_328_,VPWR,li1,66.9300,19.0400,1.799995
_327_,VPWR,li1,85.5600,68.0000,1.799993
_326_,VPWR,li1,76.5900,40.8000,1.799993
_325_,VPWR,li1,62.1000,51.6800,1.799996
_324_,VPWR,li1,46.4600,13.6000,1.799993
_323_,VPWR,li1,27.8300,35.3600,1.799993
_322_,VPWR,li1,77.5100,35.3600,1.799997
_321_,VPWR,li1,23.4600,84.3200,1.799995
_320_,VPWR,li1,17.4800,78.8800,1.799993
_319_,VPWR,li1,44.8500,13.6000,1.799993
_318_,VPWR,li1,54.0500,57.1200,1.799995
_317_,VPWR,li1,80.9600,78.8800,1.799994
_316_,VPWR,li1,24.1500,13.6000,1.799992
_315_,VPWR,li1,51.2900,51.6800,1.799995
_314_,VPWR,li1,83.2600,35.3600,1.799998
_313_,VPWR,li1,27.8300,29.9200,1.799998
_312_,VPWR,li1,86.2500,40.8000,1.799993
_311_,VPWR,li1,89.0100,68.0000,1.799993
_310_,VPWR,li1,60.4900,29.9200,1.799999
_309_,VPWR,li1,77.5100,73.4400,1.799992
_308_,VPWR,li1,28.0600,78.8800,1.799992
_307_,VPWR,li1,91.3100,57.1200,1.799996
_306_,VPWR,li1,82.3400,46.2400,1.799992
_305_,VPWR,li1,50.3700,35.3600,1.799996
_304_,VPWR,li1,40.4800,62.5600,1.799997
_303_,VPWR,li1,52.6700,13.6000,1.799994
_302_,VPWR,li1,79.8100,13.6000,1.799994
_301_,VPWR,li1,77.2800,68.0000,1.799993
_300_,VPWR,li1,27.3700,73.4400,1.799996
_299_,VPWR,li1,20.0100,68.0000,1.799994
_298_,VPWR,li1,71.7600,40.8000,1.799993
_297_,VPWR,li1,38.1800,35.3600,1.799994
_296_,VPWR,li1,37.4900,19.0400,1.799996
_295_,VPWR,li1,28.0600,35.3600,1.799993
_294_,VPWR,li1,15.8700,68.0000,1.799994
_293_,VPWR,li1,58.8800,13.6000,1.799995
_292_,VPWR,li1,19.0900,68.0000,1.799994
_291_,VPWR,li1,54.7400,19.0400,1.799995
_290_,VPWR,li1,79.8100,19.0400,1.799995
_289_,VPWR,li1,14.7200,51.6800,1.799995
_288_,VPWR,li1,46.2300,57.1200,1.799995
_287_,VPWR,li1,10.3500,46.2400,1.799995
_286_,VPWR,li1,82.1100,40.8000,1.799994
_285_,VPWR,li1,50.8300,78.8800,1.799993
_284_,VPWR,li1,32.8900,35.3600,1.799993
_283_,VPWR,li1,56.3500,46.2400,1.799996
_282_,VPWR,li1,22.5400,40.8000,1.799993
_281_,VPWR,li1,71.0700,51.6800,1.799995
_280_,VPWR,li1,8.7400,19.0400,1.799993
_279_,VPWR,li1,47.8400,46.2400,1.799996
_278_,VPWR,li1,37.4900,62.5600,1.799997
_277_,VPWR,li1,52.4400,68.0000,1.799993
_276_,VPWR,li1,44.3900,68.0000,1.799993
_275_,VPWR,li1,86.7100,29.9200,1.799999
_274_,VPWR,li1,90.3900,40.8000,1.799992
_273_,VPWR,li1,21.8500,78.8800,1.799992
_272_,VPWR,li1,41.6300,46.2400,1.799995
_271_,VPWR,li1,86.7100,46.2400,1.799989
_270_,VPWR,li1,8.0500,57.1200,1.799988
_269_,VPWR,li1,41.1700,13.6000,1.799993
_268_,VPWR,li1,56.8100,29.9200,1.799999
_267_,VPWR,li1,40.2500,13.6000,1.799993
_266_,VPWR,li1,90.8500,73.4400,1.799991
_265_,VPWR,li1,17.4800,13.6000,1.799993
_264_,VPWR,li1,80.9600,57.1200,1.799997
_263_,VPWR,li1,87.4000,40.8000,1.799993
_262_,VPWR,li1,39.3300,46.2400,1.799996
_261_,VPWR,li1,16.7900,29.9200,1.799997
_260_,VPWR,li1,45.7700,19.0400,1.799996
_259_,VPWR,li1,27.8300,78.8800,1.799992
_258_,VPWR,li1,11.0400,68.0000,1.799992
_257_,VPWR,li1,55.6600,62.5600,1.799996
_256_,VPWR,li1,11.7300,46.2400,1.799995
_255_,VPWR,li1,45.7700,73.4400,1.799996
_254_,VPWR,li1,85.3300,40.8000,1.799993
_253_,VPWR,li1,30.1300,78.8800,1.799992
_252_,VPWR,li1,85.3300,51.6800,1.799996
_251_,VPWR,li1,43.2400,40.8000,1.799995
_250_,VPWR,li1,73.3700,24.4800,1.799996
_249_,VPWR,li1,71.9900,73.4400,1.799992
_248_,VPWR,li1,19.0900,62.5600,1.799997
_247_,VPWR,li1,91.0800,19.0400,1.799993
_246_,VPWR,li1,63.9400,35.3600,1.799997
_245_,VPWR,li1,33.8100,35.3600,1.799993
_244_,VPWR,li1,79.3500,46.2400,1.799992
_243_,VPWR,li1,73.1400,62.5600,1.799996
_242_,VPWR,li1,23.2300,84.3200,1.799995
_241_,VPWR,li1,26.4500,40.8000,1.799993
_240_,VPWR,li1,71.7600,19.0400,1.799995
_239_,VPWR,li1,8.5100,73.4400,1.799996
_238_,VPWR,li1,85.3300,68.0000,1.799993
_237_,VPWR,li1,16.7900,24.4800,1.799996
_236_,VPWR,li1,90.1600,46.2400,1.799989
_235_,VPWR,li1,24.3800,46.2400,1.799995
_234_,VPWR,li1,13.1100,40.8000,1.799990
_233_,VPWR,li1,62.1000,57.1200,1.799996
_232_,VPWR,li1,46.2300,51.6800,1.799995
_231_,VPWR,li1,71.3000,84.3200,1.799997
_230_,VPWR,li1,91.0800,78.8800,1.799992
_229_,VPWR,li1,15.4100,57.1200,1.799991
_228_,VPWR,li1,22.3100,29.9200,1.799997
_227_,VPWR,li1,78.4300,68.0000,1.799993
_226_,VPWR,li1,50.3700,40.8000,1.799995
_225_,VPWR,li1,62.5600,68.0000,1.799994
_224_,VPWR,li1,87.1700,73.4400,1.799991
_223_,VPWR,li1,90.8500,73.4400,1.799991
_222_,VPWR,li1,32.4300,78.8800,1.799992
_221_,VPWR,li1,82.1100,73.4400,1.799993
_220_,VPWR,li1,74.2900,46.2400,1.799992
_219_,VPWR,li1,76.8200,29.9200,1.799999
_218_,VPWR,li1,64.8600,73.4400,1.799994
_217_,VPWR,li1,71.3000,62.5600,1.799996
_216_,VPWR,li1,45.5400,40.8000,1.799994
_215_,VPWR,li1,86.2500,24.4800,1.799997
_214_,VPWR,li1,55.8900,68.0000,1.799993
_213_,VPWR,li1,27.3700,57.1200,1.799991
_212_,VPWR,li1,67.3900,78.8800,1.799992
_211_,VPWR,li1,44.6200,62.5600,1.799996
_210_,VPWR,li1,13.8000,29.9200,1.799997
_209_,VPWR,li1,22.0800,57.1200,1.799990
_208_,VPWR,li1,47.6100,62.5600,1.799996
_207_,VPWR,li1,13.1100,46.2400,1.799995
_206_,VPWR,li1,46.9200,84.3200,1.799998
_205_,VPWR,li1,59.1100,51.6800,1.799995
_204_,VPWR,li1,62.7900,40.8000,1.799994
_203_,VPWR,li1,59.3400,78.8800,1.799994
_202_,VPWR,li1,48.9900,84.3200,1.799998
_201_,VPWR,li1,86.7100,13.6000,1.799994
_200_,VPWR,li1,43.4700,73.4400,1.799996
_199_,VPWR,li1,81.1900,68.0000,1.799993
_198_,VPWR,li1,27.8300,62.5600,1.799997
_197_,VPWR,li1,84.6400,46.2400,1.799992
_196_,VPWR,li1,79.8100,73.4400,1.799992
_195_,VPWR,li1,65.5500,51.6800,1.799996
_194_,VPWR,li1,67.3900,40.8000,1.799994
_193_,VPWR,li1,38.6400,51.6800,1.799997
_192_,VPWR,li1,61.8700,35.3600,1.799997
_191_,VPWR,li1,91.5400,46.2400,1.799988
_190_,VPWR,li1,84.6400,73.4400,1.799992
_189_,VPWR,li1,38.6400,35.3600,1.799994
_188_,VPWR,li1,69.0000,78.8800,1.799992
_187_,VPWR,li1,31.5100,40.8000,1.799993
_186_,VPWR,li1,9.4300,62.5600,1.799996
_185_,VPWR,li1,22.7700,35.3600,1.799993
_184_,VPWR,li1,90.6200,84.3200,1.799993
_183_,VPWR,li1,74.7500,73.4400,1.799992
_182_,VPWR,li1,65.0900,68.0000,1.799993
_181_,VPWR,li1,11.2700,68.0000,1.799992
_180_,VPWR,li1,84.4100,46.2400,1.799992
_179_,VPWR,li1,91.5400,84.3200,1.799993
_178_,VPWR,li1,50.1400,68.0000,1.799993
_177_,VPWR,li1,88.0900,19.0400,1.799994
_176_,VPWR,li1,47.8400,78.8800,1.799993
_175_,VPWR,li1,86.9400,46.2400,1.799989
_174_,VPWR,li1,54.5100,51.6800,1.799994
_173_,VPWR,li1,10.5800,84.3200,1.799993
_172_,VPWR,li1,46.6900,68.0000,1.799993
_171_,VPWR,li1,55.8900,73.4400,1.799995
_170_,VPWR,li1,64.6300,46.2400,1.799995
