Instance,Terminal,Layer,X location,Y location,Voltage
FILLER_0_27_188,VGND,li1,92.4600,87.0400,0.000002
FILLER_0_27_181,VGND,li1,89.0100,87.0400,0.000002
FILLER_0_27_169,VGND,li1,86.0200,87.0400,0.000002
FILLER_0_27_165,VGND,li1,82.1100,87.0400,0.000002
FILLER_0_27_157,VGND,li1,79.5800,87.0400,0.000002
FILLER_0_27_145,VGND,li1,74.9800,87.0400,0.000001
FILLER_0_27_137,VGND,li1,69.2300,87.0400,0.000001
FILLER_0_27_125,VGND,li1,65.7800,87.0400,0.000001
FILLER_0_27_113,VGND,li1,60.2600,87.0400,0.000001
FILLER_0_27_109,VGND,li1,56.3500,87.0400,0.000001
FILLER_0_27_97,VGND,li1,52.9000,87.0400,0.000001
FILLER_0_27_85,VGND,li1,47.3800,87.0400,0.000001
FILLER_0_27_81,VGND,li1,43.4700,87.0400,0.000001
FILLER_0_27_69,VGND,li1,40.0200,87.0400,0.000002
FILLER_0_27_57,VGND,li1,34.5000,87.0400,0.000002
FILLER_0_27_55,VGND,li1,31.0500,87.0400,0.000003
FILLER_0_27_43,VGND,li1,28.0600,87.0400,0.000003
FILLER_0_27_33,VGND,li1,20.9300,87.0400,0.000004
FILLER_0_27_29,VGND,li1,19.7800,87.0400,0.000004
FILLER_0_27_27,VGND,li1,18.1700,87.0400,0.000005
FILLER_0_27_21,VGND,li1,16.5600,87.0400,0.000005
FILLER_0_27_12,VGND,li1,11.5000,87.0400,0.000008
FILLER_0_27_7,VGND,li1,9.4300,87.0400,0.000008
FILLER_0_26_183,VGND,li1,89.9300,81.6000,0.000008
FILLER_0_26_177,VGND,li1,88.3200,81.6000,0.000008
FILLER_0_26_165,VGND,li1,84.1800,81.6000,0.000007
FILLER_0_26_153,VGND,li1,78.6600,81.6000,0.000007
FILLER_0_26_141,VGND,li1,73.1400,81.6000,0.000007
FILLER_0_26_132,VGND,li1,68.0800,81.6000,0.000007
FILLER_0_26_120,VGND,li1,63.4800,81.6000,0.000005
FILLER_0_26_108,VGND,li1,57.9600,81.6000,0.000005
FILLER_0_26_96,VGND,li1,52.4400,81.6000,0.000005
FILLER_0_26_85,VGND,li1,45.0800,81.6000,0.000004
FILLER_0_26_83,VGND,li1,43.9300,81.6000,0.000004
FILLER_0_26_77,VGND,li1,42.3200,81.6000,0.000004
FILLER_0_26_65,VGND,li1,38.1800,81.6000,0.000005
FILLER_0_26_53,VGND,li1,32.6600,81.6000,0.000006
FILLER_0_26_41,VGND,li1,27.1400,81.6000,0.000007
FILLER_0_26_29,VGND,li1,20.7000,81.6000,0.000007
FILLER_0_26_26,VGND,li1,17.9400,81.6000,0.000008
FILLER_0_26_18,VGND,li1,15.6400,81.6000,0.000010
FILLER_0_26_7,VGND,li1,8.9700,81.6000,0.000013
FILLER_0_25_189,VGND,li1,92.6900,81.6000,0.000008
FILLER_0_25_183,VGND,li1,91.0800,81.6000,0.000008
FILLER_0_25_157,VGND,li1,78.4300,81.6000,0.000007
FILLER_0_25_149,VGND,li1,75.9000,81.6000,0.000007
FILLER_0_25_124,VGND,li1,63.2500,81.6000,0.000005
FILLER_0_25_116,VGND,li1,60.7200,81.6000,0.000005
FILLER_0_25_108,VGND,li1,56.1200,81.6000,0.000005
FILLER_0_25_96,VGND,li1,52.4400,81.6000,0.000005
FILLER_0_25_84,VGND,li1,46.9200,81.6000,0.000004
FILLER_0_25_72,VGND,li1,41.4000,81.6000,0.000004
FILLER_0_25_63,VGND,li1,34.7300,81.6000,0.000006
FILLER_0_25_57,VGND,li1,33.1200,81.6000,0.000006
FILLER_0_25_55,VGND,li1,31.0500,81.6000,0.000006
FILLER_0_25_41,VGND,li1,24.6100,81.6000,0.000007
FILLER_0_25_37,VGND,li1,23.4600,81.6000,0.000007
FILLER_0_25_28,VGND,li1,19.7800,81.6000,0.000007
FILLER_0_25_21,VGND,li1,15.8700,81.6000,0.000010
FILLER_0_25_9,VGND,li1,12.4200,81.6000,0.000012
FILLER_0_24_188,VGND,li1,92.4600,76.1600,0.000006
FILLER_0_24_183,VGND,li1,89.9300,76.1600,0.000005
FILLER_0_24_177,VGND,li1,88.3200,76.1600,0.000005
FILLER_0_24_165,VGND,li1,84.1800,76.1600,0.000006
FILLER_0_24_153,VGND,li1,78.6600,76.1600,0.000006
FILLER_0_24_141,VGND,li1,73.1400,76.1600,0.000006
FILLER_0_24_137,VGND,li1,69.2300,76.1600,0.000005
FILLER_0_24_120,VGND,li1,63.4800,76.1600,0.000004
FILLER_0_24_112,VGND,li1,57.5000,76.1600,0.000005
FILLER_0_24_100,VGND,li1,54.2800,76.1600,0.000005
FILLER_0_24_95,VGND,li1,49.6800,76.1600,0.000005
FILLER_0_24_85,VGND,li1,45.5400,76.1600,0.000004
FILLER_0_24_81,VGND,li1,43.4700,76.1600,0.000004
FILLER_0_24_73,VGND,li1,40.9400,76.1600,0.000004
FILLER_0_24_61,VGND,li1,36.3400,76.1600,0.000005
FILLER_0_24_55,VGND,li1,31.0500,76.1600,0.000006
FILLER_0_24_51,VGND,li1,29.2100,76.1600,0.000006
FILLER_0_24_41,VGND,li1,25.7600,76.1600,0.000006
FILLER_0_24_29,VGND,li1,21.6200,76.1600,0.000005
FILLER_0_24_27,VGND,li1,18.1700,76.1600,0.000006
FILLER_0_24_19,VGND,li1,16.1000,76.1600,0.000007
FILLER_0_24_7,VGND,li1,11.5000,76.1600,0.000009
FILLER_0_23_180,VGND,li1,88.5500,76.1600,0.000005
FILLER_0_23_160,VGND,li1,80.9600,76.1600,0.000006
FILLER_0_23_152,VGND,li1,75.6700,76.1600,0.000006
FILLER_0_23_148,VGND,li1,74.5200,76.1600,0.000006
FILLER_0_23_137,VGND,li1,69.4600,76.1600,0.000005
FILLER_0_23_125,VGND,li1,65.7800,76.1600,0.000005
FILLER_0_23_113,VGND,li1,60.2600,76.1600,0.000005
FILLER_0_23_111,VGND,li1,56.8100,76.1600,0.000005
FILLER_0_23_105,VGND,li1,55.2000,76.1600,0.000005
FILLER_0_23_93,VGND,li1,51.0600,76.1600,0.000005
FILLER_0_23_81,VGND,li1,45.5400,76.1600,0.000004
FILLER_0_23_69,VGND,li1,40.0200,76.1600,0.000004
FILLER_0_23_57,VGND,li1,34.5000,76.1600,0.000005
FILLER_0_23_52,VGND,li1,30.3600,76.1600,0.000006
FILLER_0_23_42,VGND,li1,25.0700,76.1600,0.000006
FILLER_0_23_34,VGND,li1,23.0000,76.1600,0.000005
FILLER_0_23_22,VGND,li1,18.4000,76.1600,0.000006
FILLER_0_23_10,VGND,li1,12.8800,76.1600,0.000009
FILLER_0_22_188,VGND,li1,92.4600,70.7200,0.000008
FILLER_0_22_180,VGND,li1,89.0100,70.7200,0.000007
FILLER_0_22_168,VGND,li1,85.5600,70.7200,0.000007
FILLER_0_22_157,VGND,li1,77.9700,70.7200,0.000009
FILLER_0_22_153,VGND,li1,76.8200,70.7200,0.000009
FILLER_0_22_147,VGND,li1,73.3700,70.7200,0.000008
FILLER_0_22_141,VGND,li1,71.7600,70.7200,0.000007
FILLER_0_22_132,VGND,li1,68.0800,70.7200,0.000006
FILLER_0_22_124,VGND,li1,63.0200,70.7200,0.000006
FILLER_0_22_112,VGND,li1,59.8000,70.7200,0.000007
FILLER_0_22_106,VGND,li1,54.5100,70.7200,0.000007
FILLER_0_22_102,VGND,li1,53.3600,70.7200,0.000007
FILLER_0_22_90,VGND,li1,49.6800,70.7200,0.000007
FILLER_0_22_79,VGND,li1,42.3200,70.7200,0.000005
FILLER_0_22_71,VGND,li1,40.0200,70.7200,0.000005
FILLER_0_22_59,VGND,li1,35.4200,70.7200,0.000005
FILLER_0_22_47,VGND,li1,29.9000,70.7200,0.000005
FILLER_0_22_29,VGND,li1,21.6200,70.7200,0.000005
FILLER_0_22_27,VGND,li1,18.1700,70.7200,0.000005
FILLER_0_22_19,VGND,li1,16.1000,70.7200,0.000006
FILLER_0_22_7,VGND,li1,11.5000,70.7200,0.000006
FILLER_0_21_189,VGND,li1,92.6900,70.7200,0.000008
FILLER_0_21_185,VGND,li1,91.5400,70.7200,0.000008
FILLER_0_21_155,VGND,li1,77.0500,70.7200,0.000009
FILLER_0_21_151,VGND,li1,75.9000,70.7200,0.000008
FILLER_0_21_139,VGND,li1,72.2200,70.7200,0.000008
FILLER_0_21_127,VGND,li1,66.7000,70.7200,0.000006
FILLER_0_21_113,VGND,li1,59.3400,70.7200,0.000007
FILLER_0_21_105,VGND,li1,54.2800,70.7200,0.000007
FILLER_0_21_95,VGND,li1,50.1400,70.7200,0.000007
FILLER_0_21_73,VGND,li1,39.3300,70.7200,0.000005
FILLER_0_21_69,VGND,li1,38.1800,70.7200,0.000005
FILLER_0_21_57,VGND,li1,34.5000,70.7200,0.000005
FILLER_0_21_53,VGND,li1,30.5900,70.7200,0.000005
FILLER_0_21_45,VGND,li1,28.0600,70.7200,0.000005
FILLER_0_21_33,VGND,li1,23.4600,70.7200,0.000005
FILLER_0_21_15,VGND,li1,13.3400,70.7200,0.000006
FILLER_0_21_7,VGND,li1,9.2000,70.7200,0.000007
FILLER_0_20_189,VGND,li1,92.6900,65.2800,0.000003
FILLER_0_20_177,VGND,li1,89.7000,65.2800,0.000003
FILLER_0_20_168,VGND,li1,83.4900,65.2800,0.000004
FILLER_0_20_160,VGND,li1,80.9600,65.2800,0.000004
FILLER_0_20_149,VGND,li1,74.7500,65.2800,0.000004
FILLER_0_20_141,VGND,li1,72.2200,65.2800,0.000004
FILLER_0_20_136,VGND,li1,69.0000,65.2800,0.000004
FILLER_0_20_120,VGND,li1,61.4100,65.2800,0.000004
FILLER_0_20_112,VGND,li1,58.8800,65.2800,0.000005
FILLER_0_20_100,VGND,li1,54.2800,65.2800,0.000006
FILLER_0_20_82,VGND,li1,43.7000,65.2800,0.000005
FILLER_0_20_70,VGND,li1,40.4800,65.2800,0.000005
FILLER_0_20_58,VGND,li1,34.9600,65.2800,0.000005
FILLER_0_20_46,VGND,li1,29.4400,65.2800,0.000005
FILLER_0_20_34,VGND,li1,23.9200,65.2800,0.000005
FILLER_0_20_16,VGND,li1,15.6400,65.2800,0.000007
FILLER_0_20_7,VGND,li1,9.2000,65.2800,0.000009
FILLER_0_19_188,VGND,li1,92.4600,65.2800,0.000003
FILLER_0_19_176,VGND,li1,89.2400,65.2800,0.000003
FILLER_0_19_164,VGND,li1,81.8800,65.2800,0.000004
FILLER_0_19_152,VGND,li1,78.2000,65.2800,0.000004
FILLER_0_19_145,VGND,li1,72.4500,65.2800,0.000004
FILLER_0_19_137,VGND,li1,70.3800,65.2800,0.000004
FILLER_0_19_125,VGND,li1,65.7800,65.2800,0.000004
FILLER_0_19_113,VGND,li1,60.2600,65.2800,0.000005
FILLER_0_19_111,VGND,li1,56.8100,65.2800,0.000005
FILLER_0_19_107,VGND,li1,55.6600,65.2800,0.000006
FILLER_0_19_95,VGND,li1,51.9800,65.2800,0.000006
FILLER_0_19_81,VGND,li1,43.0100,65.2800,0.000005
FILLER_0_19_69,VGND,li1,40.0200,65.2800,0.000005
FILLER_0_19_57,VGND,li1,34.5000,65.2800,0.000005
FILLER_0_19_55,VGND,li1,31.0500,65.2800,0.000005
FILLER_0_19_51,VGND,li1,29.9000,65.2800,0.000005
FILLER_0_19_44,VGND,li1,26.2200,65.2800,0.000005
FILLER_0_19_32,VGND,li1,23.0000,65.2800,0.000005
FILLER_0_19_24,VGND,li1,17.2500,65.2800,0.000007
FILLER_0_19_12,VGND,li1,13.8000,65.2800,0.000008
FILLER_0_19_3,VGND,li1,7.3600,65.2800,0.000010
FILLER_0_18_189,VGND,li1,92.6900,59.8400,0.000002
FILLER_0_18_185,VGND,li1,91.5400,59.8400,0.000002
FILLER_0_18_173,VGND,li1,87.8600,59.8400,0.000002
FILLER_0_18_161,VGND,li1,82.3400,59.8400,0.000003
FILLER_0_18_149,VGND,li1,76.8200,59.8400,0.000004
FILLER_0_18_138,VGND,li1,69.4600,59.8400,0.000005
FILLER_0_18_125,VGND,li1,63.7100,59.8400,0.000005
FILLER_0_18_117,VGND,li1,61.1800,59.8400,0.000006
FILLER_0_18_97,VGND,li1,51.0600,59.8400,0.000007
FILLER_0_18_85,VGND,li1,47.3800,59.8400,0.000007
FILLER_0_18_83,VGND,li1,43.9300,59.8400,0.000006
FILLER_0_18_79,VGND,li1,42.7800,59.8400,0.000006
FILLER_0_18_65,VGND,li1,35.6500,59.8400,0.000007
FILLER_0_18_53,VGND,li1,32.6600,59.8400,0.000007
FILLER_0_18_41,VGND,li1,27.1400,59.8400,0.000008
FILLER_0_18_29,VGND,li1,21.6200,59.8400,0.000009
FILLER_0_18_27,VGND,li1,18.1700,59.8400,0.000010
FILLER_0_18_19,VGND,li1,16.1000,59.8400,0.000012
FILLER_0_18_7,VGND,li1,11.5000,59.8400,0.000015
FILLER_0_17_189,VGND,li1,92.6900,59.8400,0.000002
FILLER_0_17_181,VGND,li1,90.6200,59.8400,0.000002
FILLER_0_17_169,VGND,li1,86.0200,59.8400,0.000002
FILLER_0_17_156,VGND,li1,80.0400,59.8400,0.000003
FILLER_0_17_144,VGND,li1,74.5200,59.8400,0.000005
FILLER_0_17_132,VGND,li1,69.0000,59.8400,0.000005
FILLER_0_17_113,VGND,li1,58.8800,59.8400,0.000007
FILLER_0_17_111,VGND,li1,56.8100,59.8400,0.000008
FILLER_0_17_107,VGND,li1,55.6600,59.8400,0.000008
FILLER_0_17_103,VGND,li1,53.1300,59.8400,0.000008
FILLER_0_17_97,VGND,li1,51.5200,59.8400,0.000007
FILLER_0_17_85,VGND,li1,47.3800,59.8400,0.000007
FILLER_0_17_77,VGND,li1,41.1700,59.8400,0.000006
FILLER_0_17_69,VGND,li1,39.1000,59.8400,0.000006
FILLER_0_17_57,VGND,li1,34.5000,59.8400,0.000007
FILLER_0_17_55,VGND,li1,31.0500,59.8400,0.000007
FILLER_0_17_47,VGND,li1,28.9800,59.8400,0.000008
FILLER_0_17_12,VGND,li1,12.4200,59.8400,0.000013
FILLER_0_16_182,VGND,li1,89.4700,54.4000,0.000003
FILLER_0_16_178,VGND,li1,88.3200,54.4000,0.000003
FILLER_0_16_166,VGND,li1,84.6400,54.4000,0.000003
FILLER_0_16_161,VGND,li1,79.8100,54.4000,0.000003
FILLER_0_16_153,VGND,li1,77.7400,54.4000,0.000003
FILLER_0_16_141,VGND,li1,73.1400,54.4000,0.000003
FILLER_0_16_128,VGND,li1,67.1600,54.4000,0.000003
FILLER_0_16_116,VGND,li1,61.6400,54.4000,0.000003
FILLER_0_16_104,VGND,li1,56.1200,54.4000,0.000004
FILLER_0_16_92,VGND,li1,50.6000,54.4000,0.000004
FILLER_0_16_83,VGND,li1,43.9300,54.4000,0.000003
FILLER_0_16_79,VGND,li1,42.7800,54.4000,0.000003
FILLER_0_16_67,VGND,li1,39.1000,54.4000,0.000003
FILLER_0_16_55,VGND,li1,33.5800,54.4000,0.000004
FILLER_0_16_50,VGND,li1,28.9800,54.4000,0.000005
FILLER_0_16_41,VGND,li1,25.3000,54.4000,0.000005
FILLER_0_16_29,VGND,li1,21.6200,54.4000,0.000005
FILLER_0_16_27,VGND,li1,18.1700,54.4000,0.000005
FILLER_0_16_19,VGND,li1,16.1000,54.4000,0.000007
FILLER_0_16_7,VGND,li1,11.5000,54.4000,0.000008
FILLER_0_15_189,VGND,li1,92.6900,54.4000,0.000003
FILLER_0_15_181,VGND,li1,90.6200,54.4000,0.000003
FILLER_0_15_169,VGND,li1,86.0200,54.4000,0.000002
FILLER_0_15_156,VGND,li1,80.0400,54.4000,0.000003
FILLER_0_15_144,VGND,li1,74.5200,54.4000,0.000003
FILLER_0_15_140,VGND,li1,70.1500,54.4000,0.000003
FILLER_0_15_132,VGND,li1,68.0800,54.4000,0.000003
FILLER_0_15_120,VGND,li1,63.4800,54.4000,0.000003
FILLER_0_15_111,VGND,li1,56.8100,54.4000,0.000004
FILLER_0_15_101,VGND,li1,52.4400,54.4000,0.000004
FILLER_0_15_97,VGND,li1,50.3700,54.4000,0.000004
FILLER_0_15_93,VGND,li1,49.2200,54.4000,0.000004
FILLER_0_15_81,VGND,li1,45.5400,54.4000,0.000003
FILLER_0_15_69,VGND,li1,40.0200,54.4000,0.000003
FILLER_0_15_57,VGND,li1,34.5000,54.4000,0.000004
FILLER_0_15_55,VGND,li1,31.0500,54.4000,0.000005
FILLER_0_15_49,VGND,li1,29.4400,54.4000,0.000005
FILLER_0_15_37,VGND,li1,25.3000,54.4000,0.000005
FILLER_0_15_25,VGND,li1,19.7800,54.4000,0.000005
FILLER_0_15_9,VGND,li1,11.0400,54.4000,0.000008
FILLER_0_14_188,VGND,li1,92.4600,48.9600,0.000007
FILLER_0_14_180,VGND,li1,90.1600,48.9600,0.000007
FILLER_0_14_161,VGND,li1,80.9600,48.9600,0.000006
FILLER_0_14_153,VGND,li1,76.5900,48.9600,0.000006
FILLER_0_14_141,VGND,li1,73.1400,48.9600,0.000005
FILLER_0_14_134,VGND,li1,68.5400,48.9600,0.000004
FILLER_0_14_126,VGND,li1,63.7100,48.9600,0.000004
FILLER_0_14_117,VGND,li1,60.0300,48.9600,0.000004
FILLER_0_14_109,VGND,li1,57.5000,48.9600,0.000004
FILLER_0_14_92,VGND,li1,50.6000,48.9600,0.000004
FILLER_0_14_82,VGND,li1,43.7000,48.9600,0.000004
FILLER_0_14_74,VGND,li1,41.4000,48.9600,0.000003
FILLER_0_14_68,VGND,li1,37.2600,48.9600,0.000004
FILLER_0_14_56,VGND,li1,34.0400,48.9600,0.000004
FILLER_0_14_44,VGND,li1,28.5200,48.9600,0.000004
FILLER_0_14_32,VGND,li1,23.0000,48.9600,0.000004
FILLER_0_14_27,VGND,li1,18.1700,48.9600,0.000004
FILLER_0_14_19,VGND,li1,16.1000,48.9600,0.000005
FILLER_0_14_7,VGND,li1,11.5000,48.9600,0.000005
FILLER_0_13_178,VGND,li1,88.7800,48.9600,0.000007
FILLER_0_13_166,VGND,li1,82.3400,48.9600,0.000006
FILLER_0_13_154,VGND,li1,79.1200,48.9600,0.000006
FILLER_0_13_142,VGND,li1,73.6000,48.9600,0.000005
FILLER_0_13_130,VGND,li1,68.0800,48.9600,0.000004
FILLER_0_13_125,VGND,li1,63.4800,48.9600,0.000004
FILLER_0_13_113,VGND,li1,60.2600,48.9600,0.000004
FILLER_0_13_106,VGND,li1,55.6600,48.9600,0.000004
FILLER_0_13_94,VGND,li1,51.5200,48.9600,0.000004
FILLER_0_13_82,VGND,li1,45.0800,48.9600,0.000004
FILLER_0_13_69,VGND,li1,38.6400,48.9600,0.000004
FILLER_0_13_57,VGND,li1,34.5000,48.9600,0.000004
FILLER_0_13_50,VGND,li1,29.9000,48.9600,0.000004
FILLER_0_13_39,VGND,li1,23.9200,48.9600,0.000004
FILLER_0_13_27,VGND,li1,20.7000,48.9600,0.000003
FILLER_0_13_15,VGND,li1,15.1800,48.9600,0.000005
FILLER_0_13_11,VGND,li1,10.8100,48.9600,0.000006
FILLER_0_13_7,VGND,li1,9.6600,48.9600,0.000006
FILLER_0_12_188,VGND,li1,92.4600,43.5200,0.000008
FILLER_0_12_164,VGND,li1,81.1900,43.5200,0.000008
FILLER_0_12_156,VGND,li1,77.5100,43.5200,0.000008
FILLER_0_12_152,VGND,li1,76.3600,43.5200,0.000008
FILLER_0_12_145,VGND,li1,72.6800,43.5200,0.000007
FILLER_0_12_137,VGND,li1,69.2300,43.5200,0.000006
FILLER_0_12_125,VGND,li1,65.7800,43.5200,0.000004
FILLER_0_12_113,VGND,li1,60.2600,43.5200,0.000004
FILLER_0_12_105,VGND,li1,54.5100,43.5200,0.000004
FILLER_0_12_97,VGND,li1,51.9800,43.5200,0.000004
FILLER_0_12_85,VGND,li1,47.3800,43.5200,0.000004
FILLER_0_12_83,VGND,li1,43.9300,43.5200,0.000004
FILLER_0_12_75,VGND,li1,41.8600,43.5200,0.000003
FILLER_0_12_69,VGND,li1,37.9500,43.5200,0.000004
FILLER_0_12_61,VGND,li1,35.4200,43.5200,0.000005
FILLER_0_12_49,VGND,li1,30.8200,43.5200,0.000005
FILLER_0_12_29,VGND,li1,19.7800,43.5200,0.000006
FILLER_0_12_27,VGND,li1,18.1700,43.5200,0.000006
FILLER_0_12_19,VGND,li1,16.1000,43.5200,0.000007
FILLER_0_11_187,VGND,li1,92.2300,43.5200,0.000008
FILLER_0_11_179,VGND,li1,88.0900,43.5200,0.000008
FILLER_0_11_169,VGND,li1,83.9500,43.5200,0.000008
FILLER_0_11_164,VGND,li1,81.1900,43.5200,0.000008
FILLER_0_11_158,VGND,li1,79.5800,43.5200,0.000009
FILLER_0_11_149,VGND,li1,74.5200,43.5200,0.000008
FILLER_0_11_137,VGND,li1,71.3000,43.5200,0.000007
FILLER_0_11_125,VGND,li1,65.7800,43.5200,0.000004
FILLER_0_11_113,VGND,li1,60.2600,43.5200,0.000004
FILLER_0_11_109,VGND,li1,56.3500,43.5200,0.000004
FILLER_0_11_97,VGND,li1,52.9000,43.5200,0.000004
FILLER_0_11_85,VGND,li1,47.3800,43.5200,0.000004
FILLER_0_11_77,VGND,li1,41.4000,43.5200,0.000003
FILLER_0_11_69,VGND,li1,39.1000,43.5200,0.000004
FILLER_0_11_57,VGND,li1,34.5000,43.5200,0.000005
FILLER_0_11_52,VGND,li1,30.3600,43.5200,0.000005
FILLER_0_11_31,VGND,li1,21.6200,43.5200,0.000006
FILLER_0_11_19,VGND,li1,17.0200,43.5200,0.000007
FILLER_0_11_7,VGND,li1,11.5000,43.5200,0.000009
FILLER_0_10_188,VGND,li1,92.4600,38.0800,0.000004
FILLER_0_10_171,VGND,li1,84.4100,38.0800,0.000004
FILLER_0_10_159,VGND,li1,81.4200,38.0800,0.000004
FILLER_0_10_147,VGND,li1,75.9000,38.0800,0.000005
FILLER_0_10_138,VGND,li1,69.4600,38.0800,0.000005
FILLER_0_10_117,VGND,li1,59.5700,38.0800,0.000004
FILLER_0_10_111,VGND,li1,57.9600,38.0800,0.000004
FILLER_0_10_99,VGND,li1,53.8200,38.0800,0.000004
FILLER_0_10_95,VGND,li1,49.4500,38.0800,0.000004
FILLER_0_10_89,VGND,li1,47.8400,38.0800,0.000004
FILLER_0_10_76,VGND,li1,42.3200,38.0800,0.000004
FILLER_0_10_64,VGND,li1,37.7200,38.0800,0.000005
FILLER_0_10_48,VGND,li1,27.8300,38.0800,0.000006
FILLER_0_10_40,VGND,li1,25.7600,38.0800,0.000005
FILLER_0_10_33,VGND,li1,20.9300,38.0800,0.000005
FILLER_0_10_29,VGND,li1,19.7800,38.0800,0.000005
FILLER_0_10_20,VGND,li1,16.5600,38.0800,0.000006
FILLER_0_9_189,VGND,li1,92.6900,38.0800,0.000004
FILLER_0_9_181,VGND,li1,90.6200,38.0800,0.000004
FILLER_0_9_169,VGND,li1,86.0200,38.0800,0.000004
FILLER_0_9_160,VGND,li1,80.9600,38.0800,0.000004
FILLER_0_9_150,VGND,li1,75.2100,38.0800,0.000005
FILLER_0_9_142,VGND,li1,72.6800,38.0800,0.000005
FILLER_0_9_130,VGND,li1,68.0800,38.0800,0.000004
FILLER_0_9_121,VGND,li1,61.8700,38.0800,0.000004
FILLER_0_9_113,VGND,li1,59.3400,38.0800,0.000004
FILLER_0_9_109,VGND,li1,56.3500,38.0800,0.000004
FILLER_0_9_97,VGND,li1,52.9000,38.0800,0.000004
FILLER_0_9_85,VGND,li1,47.3800,38.0800,0.000004
FILLER_0_9_73,VGND,li1,41.8600,38.0800,0.000004
FILLER_0_9_66,VGND,li1,36.5700,38.0800,0.000005
FILLER_0_9_50,VGND,li1,29.9000,38.0800,0.000006
FILLER_0_9_35,VGND,li1,24.3800,38.0800,0.000005
FILLER_0_9_23,VGND,li1,18.8600,38.0800,0.000005
FILLER_0_9_11,VGND,li1,13.3400,38.0800,0.000007
FILLER_0_9_7,VGND,li1,9.2000,38.0800,0.000008
FILLER_0_8_184,VGND,li1,91.5400,32.6400,0.000002
FILLER_0_8_172,VGND,li1,87.4000,32.6400,0.000002
FILLER_0_8_165,VGND,li1,81.6500,32.6400,0.000002
FILLER_0_8_153,VGND,li1,78.6600,32.6400,0.000002
FILLER_0_8_141,VGND,li1,73.1400,32.6400,0.000002
FILLER_0_8_137,VGND,li1,69.2300,32.6400,0.000002
FILLER_0_8_125,VGND,li1,65.7800,32.6400,0.000002
FILLER_0_8_119,VGND,li1,60.4900,32.6400,0.000003
FILLER_0_8_113,VGND,li1,58.8800,32.6400,0.000003
FILLER_0_8_101,VGND,li1,54.7400,32.6400,0.000003
FILLER_0_8_93,VGND,li1,48.5300,32.6400,0.000004
FILLER_0_8_85,VGND,li1,46.4600,32.6400,0.000004
FILLER_0_8_83,VGND,li1,43.9300,32.6400,0.000004
FILLER_0_8_57,VGND,li1,31.9700,32.6400,0.000006
FILLER_0_8_51,VGND,li1,30.3600,32.6400,0.000006
FILLER_0_8_46,VGND,li1,26.9100,32.6400,0.000006
FILLER_0_8_27,VGND,li1,18.1700,32.6400,0.000005
FILLER_0_8_15,VGND,li1,15.1800,32.6400,0.000005
FILLER_0_8_3,VGND,li1,9.6600,32.6400,0.000006
FILLER_0_7_178,VGND,li1,90.1600,32.6400,0.000002
FILLER_0_7_169,VGND,li1,84.6400,32.6400,0.000002
FILLER_0_7_165,VGND,li1,82.1100,32.6400,0.000002
FILLER_0_7_157,VGND,li1,79.5800,32.6400,0.000002
FILLER_0_7_150,VGND,li1,75.2100,32.6400,0.000003
FILLER_0_7_138,VGND,li1,71.7600,32.6400,0.000002
FILLER_0_7_133,VGND,li1,66.9300,32.6400,0.000002
FILLER_0_7_125,VGND,li1,64.8600,32.6400,0.000002
FILLER_0_7_113,VGND,li1,60.2600,32.6400,0.000003
FILLER_0_7_111,VGND,li1,56.8100,32.6400,0.000003
FILLER_0_7_105,VGND,li1,55.2000,32.6400,0.000003
FILLER_0_7_93,VGND,li1,51.0600,32.6400,0.000004
FILLER_0_7_81,VGND,li1,45.5400,32.6400,0.000004
FILLER_0_7_69,VGND,li1,40.0200,32.6400,0.000006
FILLER_0_7_57,VGND,li1,34.5000,32.6400,0.000006
FILLER_0_7_50,VGND,li1,29.9000,32.6400,0.000006
FILLER_0_7_43,VGND,li1,26.2200,32.6400,0.000006
FILLER_0_7_31,VGND,li1,22.5400,32.6400,0.000005
FILLER_0_7_19,VGND,li1,17.0200,32.6400,0.000005
FILLER_0_7_7,VGND,li1,11.5000,32.6400,0.000006
FILLER_0_6_189,VGND,li1,92.6900,27.2000,0.000001
FILLER_0_6_177,VGND,li1,89.7000,27.2000,0.000001
FILLER_0_6_165,VGND,li1,84.1800,27.2000,0.000001
FILLER_0_6_153,VGND,li1,78.6600,27.2000,0.000001
FILLER_0_6_141,VGND,li1,73.1400,27.2000,0.000001
FILLER_0_6_139,VGND,li1,69.6900,27.2000,0.000001
FILLER_0_6_135,VGND,li1,68.5400,27.2000,0.000001
FILLER_0_6_123,VGND,li1,64.8600,27.2000,0.000001
FILLER_0_6_115,VGND,li1,58.6500,27.2000,0.000002
FILLER_0_6_105,VGND,li1,54.5100,27.2000,0.000002
FILLER_0_6_97,VGND,li1,51.9800,27.2000,0.000002
FILLER_0_6_85,VGND,li1,47.3800,27.2000,0.000002
FILLER_0_6_83,VGND,li1,43.9300,27.2000,0.000002
FILLER_0_6_75,VGND,li1,41.8600,27.2000,0.000002
FILLER_0_6_63,VGND,li1,37.2600,27.2000,0.000002
FILLER_0_6_51,VGND,li1,31.7400,27.2000,0.000003
FILLER_0_6_39,VGND,li1,26.2200,27.2000,0.000004
FILLER_0_6_33,VGND,li1,20.9300,27.2000,0.000004
FILLER_0_6_29,VGND,li1,19.7800,27.2000,0.000004
FILLER_0_6_27,VGND,li1,18.1700,27.2000,0.000005
FILLER_0_6_13,VGND,li1,11.7300,27.2000,0.000006
FILLER_0_6_7,VGND,li1,10.1200,27.2000,0.000006
FILLER_0_5_187,VGND,li1,92.2300,27.2000,0.000001
FILLER_0_5_179,VGND,li1,89.7000,27.2000,0.000001
FILLER_0_5_169,VGND,li1,83.9500,27.2000,0.000001
FILLER_0_5_167,VGND,li1,82.5700,27.2000,0.000001
FILLER_0_5_161,VGND,li1,80.9600,27.2000,0.000001
FILLER_0_5_149,VGND,li1,76.8200,27.2000,0.000001
FILLER_0_5_137,VGND,li1,71.3000,27.2000,0.000001
FILLER_0_5_125,VGND,li1,65.7800,27.2000,0.000001
FILLER_0_5_113,VGND,li1,60.2600,27.2000,0.000002
FILLER_0_5_110,VGND,li1,56.5800,27.2000,0.000002
FILLER_0_5_98,VGND,li1,53.3600,27.2000,0.000002
FILLER_0_5_89,VGND,li1,46.9200,27.2000,0.000002
FILLER_0_5_81,VGND,li1,44.6200,27.2000,0.000002
FILLER_0_5_69,VGND,li1,40.0200,27.2000,0.000002
FILLER_0_5_57,VGND,li1,34.5000,27.2000,0.000003
FILLER_0_5_50,VGND,li1,29.9000,27.2000,0.000003
FILLER_0_5_38,VGND,li1,25.7600,27.2000,0.000004
FILLER_0_5_15,VGND,li1,13.1100,27.2000,0.000005
FILLER_0_5_7,VGND,li1,10.5800,27.2000,0.000006
FILLER_0_4_178,VGND,li1,90.1600,21.7600,0.000002
FILLER_0_4_166,VGND,li1,84.6400,21.7600,0.000002
FILLER_0_4_154,VGND,li1,79.1200,21.7600,0.000003
FILLER_0_4_139,VGND,li1,69.6900,21.7600,0.000004
FILLER_0_4_133,VGND,li1,68.0800,21.7600,0.000004
FILLER_0_4_121,VGND,li1,63.9400,21.7600,0.000003
FILLER_0_4_109,VGND,li1,58.4200,21.7600,0.000003
FILLER_0_4_97,VGND,li1,52.9000,21.7600,0.000002
FILLER_0_4_85,VGND,li1,47.3800,21.7600,0.000002
FILLER_0_4_83,VGND,li1,43.9300,21.7600,0.000002
FILLER_0_4_77,VGND,li1,42.3200,21.7600,0.000002
FILLER_0_4_65,VGND,li1,38.1800,21.7600,0.000002
FILLER_0_4_53,VGND,li1,32.6600,21.7600,0.000002
FILLER_0_4_41,VGND,li1,27.1400,21.7600,0.000002
FILLER_0_4_29,VGND,li1,21.6200,21.7600,0.000002
FILLER_0_4_27,VGND,li1,18.1700,21.7600,0.000003
FILLER_0_4_19,VGND,li1,16.1000,21.7600,0.000003
FILLER_0_4_7,VGND,li1,11.5000,21.7600,0.000004
FILLER_0_3_189,VGND,li1,92.6900,21.7600,0.000002
FILLER_0_3_181,VGND,li1,90.6200,21.7600,0.000002
FILLER_0_3_169,VGND,li1,86.0200,21.7600,0.000002
FILLER_0_3_167,VGND,li1,82.5700,21.7600,0.000003
FILLER_0_3_159,VGND,li1,80.5000,21.7600,0.000003
FILLER_0_3_147,VGND,li1,75.9000,21.7600,0.000004
FILLER_0_3_135,VGND,li1,69.0000,21.7600,0.000004
FILLER_0_3_131,VGND,li1,66.0100,21.7600,0.000003
FILLER_0_3_123,VGND,li1,63.9400,21.7600,0.000003
FILLER_0_3_113,VGND,li1,58.1900,21.7600,0.000003
FILLER_0_3_108,VGND,li1,56.1200,21.7600,0.000002
FILLER_0_3_96,VGND,li1,52.4400,21.7600,0.000002
FILLER_0_3_84,VGND,li1,46.9200,21.7600,0.000002
FILLER_0_3_72,VGND,li1,41.4000,21.7600,0.000002
FILLER_0_3_60,VGND,li1,35.8800,21.7600,0.000002
FILLER_0_3_54,VGND,li1,30.8200,21.7600,0.000002
FILLER_0_3_46,VGND,li1,28.5200,21.7600,0.000002
FILLER_0_3_34,VGND,li1,23.9200,21.7600,0.000002
FILLER_0_3_22,VGND,li1,18.4000,21.7600,0.000003
FILLER_0_3_10,VGND,li1,12.8800,21.7600,0.000004
FILLER_0_3_3,VGND,li1,7.1300,21.7600,0.000005
FILLER_0_2_165,VGND,li1,84.1800,16.3200,0.000003
FILLER_0_2_157,VGND,li1,77.9700,16.3200,0.000003
FILLER_0_2_153,VGND,li1,76.8200,16.3200,0.000003
FILLER_0_2_141,VGND,li1,73.1400,16.3200,0.000003
FILLER_0_2_134,VGND,li1,68.5400,16.3200,0.000003
FILLER_0_2_122,VGND,li1,64.4000,16.3200,0.000003
FILLER_0_2_110,VGND,li1,58.8800,16.3200,0.000004
FILLER_0_2_102,VGND,li1,52.9000,16.3200,0.000005
FILLER_0_2_90,VGND,li1,49.6800,16.3200,0.000005
FILLER_0_2_72,VGND,li1,41.4000,16.3200,0.000006
FILLER_0_2_65,VGND,li1,35.8800,16.3200,0.000006
FILLER_0_2_53,VGND,li1,32.6600,16.3200,0.000006
FILLER_0_2_41,VGND,li1,27.1400,16.3200,0.000006
FILLER_0_2_29,VGND,li1,21.6200,16.3200,0.000006
FILLER_0_2_27,VGND,li1,18.1700,16.3200,0.000007
FILLER_0_2_23,VGND,li1,17.0200,16.3200,0.000007
FILLER_0_2_11,VGND,li1,13.3400,16.3200,0.000008
FILLER_0_2_7,VGND,li1,9.2000,16.3200,0.000010
FILLER_0_1_189,VGND,li1,92.6900,16.3200,0.000004
FILLER_0_1_181,VGND,li1,90.6200,16.3200,0.000004
FILLER_0_1_169,VGND,li1,86.0200,16.3200,0.000003
FILLER_0_1_167,VGND,li1,82.5700,16.3200,0.000003
FILLER_0_1_155,VGND,li1,79.5800,16.3200,0.000004
FILLER_0_1_143,VGND,li1,74.0600,16.3200,0.000003
FILLER_0_1_131,VGND,li1,68.5400,16.3200,0.000003
FILLER_0_1_119,VGND,li1,63.0200,16.3200,0.000003
FILLER_0_1_100,VGND,li1,54.2800,16.3200,0.000005
FILLER_0_1_88,VGND,li1,48.7600,16.3200,0.000005
FILLER_0_1_79,VGND,li1,42.7800,16.3200,0.000005
FILLER_0_1_69,VGND,li1,37.9500,16.3200,0.000006
FILLER_0_1_57,VGND,li1,34.5000,16.3200,0.000006
FILLER_0_1_44,VGND,li1,28.5200,16.3200,0.000006
FILLER_0_1_29,VGND,li1,20.7000,16.3200,0.000006
FILLER_0_1_19,VGND,li1,15.1800,16.3200,0.000008
FILLER_0_1_7,VGND,li1,11.5000,16.3200,0.000009
FILLER_0_0_189,VGND,li1,92.6900,10.8800,0.000004
FILLER_0_0_183,VGND,li1,91.0800,10.8800,0.000004
FILLER_0_0_169,VGND,li1,83.4900,10.8800,0.000005
FILLER_0_0_165,VGND,li1,82.1100,10.8800,0.000005
FILLER_0_0_157,VGND,li1,77.9700,10.8800,0.000005
FILLER_0_0_153,VGND,li1,76.8200,10.8800,0.000005
FILLER_0_0_141,VGND,li1,73.1400,10.8800,0.000004
FILLER_0_0_137,VGND,li1,69.2300,10.8800,0.000003
FILLER_0_0_125,VGND,li1,65.7800,10.8800,0.000003
FILLER_0_0_113,VGND,li1,60.2600,10.8800,0.000003
FILLER_0_0_111,VGND,li1,56.8100,10.8800,0.000004
FILLER_0_0_105,VGND,li1,55.2000,10.8800,0.000004
FILLER_0_0_99,VGND,li1,51.2900,10.8800,0.000004
FILLER_0_0_93,VGND,li1,49.6800,10.8800,0.000004
FILLER_0_0_70,VGND,li1,37.9500,10.8800,0.000004
FILLER_0_0_57,VGND,li1,33.1200,10.8800,0.000004
FILLER_0_0_53,VGND,li1,30.5900,10.8800,0.000004
FILLER_0_0_41,VGND,li1,27.1400,10.8800,0.000004
FILLER_0_0_29,VGND,li1,21.6200,10.8800,0.000004
FILLER_0_0_27,VGND,li1,18.1700,10.8800,0.000006
FILLER_0_0_23,VGND,li1,17.0200,10.8800,0.000006
FILLER_0_0_11,VGND,li1,13.3400,10.8800,0.000007
ANTENNA_3,VGND,li1,10.5800,87.0400,0.000008
ANTENNA_2,VGND,li1,10.1200,16.3200,0.000010
ANTENNA_1,VGND,li1,10.1200,38.0800,0.000008
rebuffer5,VGND,li1,89.9300,43.5200,0.000008
rebuffer4,VGND,li1,66.7000,59.8400,0.000006
rebuffer3,VGND,li1,71.3000,43.5200,0.000007
rebuffer2,VGND,li1,60.4900,21.7600,0.000003
rebuffer1,VGND,li1,26.4500,48.9600,0.000004
output27,VGND,li1,12.8800,87.0400,0.000008
output26,VGND,li1,7.8200,65.2800,0.000010
output25,VGND,li1,10.1200,59.8400,0.000015
output24,VGND,li1,9.6600,10.8800,0.000009
output23,VGND,li1,7.8200,76.1600,0.000011
output22,VGND,li1,7.8200,43.5200,0.000011
output21,VGND,li1,7.8200,16.3200,0.000011
output20,VGND,li1,7.8200,38.0800,0.000008
input19,VGND,li1,8.2800,54.4000,0.000009
input18,VGND,li1,12.8800,81.6000,0.000012
input17,VGND,li1,7.8200,32.6400,0.000006
input16,VGND,li1,9.2000,38.0800,0.000008
input15,VGND,li1,7.8200,87.0400,0.000008
input14,VGND,li1,7.8200,81.6000,0.000013
input13,VGND,li1,8.2800,81.6000,0.000013
input12,VGND,li1,7.8200,21.7600,0.000005
input11,VGND,li1,7.8200,10.8800,0.000010
input10,VGND,li1,7.8200,70.7200,0.000007
input9,VGND,li1,7.8200,70.7200,0.000007
input8,VGND,li1,7.8200,43.5200,0.000011
input7,VGND,li1,7.8200,27.2000,0.000006
input6,VGND,li1,7.8200,59.8400,0.000015
input5,VGND,li1,7.8200,16.3200,0.000011
input4,VGND,li1,7.8200,48.9600,0.000006
input3,VGND,li1,7.8200,54.4000,0.000009
input2,VGND,li1,7.8200,27.2000,0.000006
input1,VGND,li1,14.4900,87.0400,0.000006
TAP_TAPCELL_ROW_27_145,VGND,li1,83.0300,86.7480,0.000002
TAP_TAPCELL_ROW_27_144,VGND,li1,70.1500,86.7480,0.000001
TAP_TAPCELL_ROW_27_143,VGND,li1,57.2700,86.7480,0.000001
TAP_TAPCELL_ROW_27_142,VGND,li1,44.3900,86.7480,0.000001
TAP_TAPCELL_ROW_27_141,VGND,li1,31.5100,86.7480,0.000003
TAP_TAPCELL_ROW_27_140,VGND,li1,18.6300,86.7480,0.000004
TAP_TAPCELL_ROW_26_139,VGND,li1,70.1500,81.8910,0.000007
TAP_TAPCELL_ROW_26_138,VGND,li1,44.3900,81.8910,0.000004
TAP_TAPCELL_ROW_26_137,VGND,li1,18.6300,81.8910,0.000008
TAP_TAPCELL_ROW_25_136,VGND,li1,83.0300,81.3080,0.000007
TAP_TAPCELL_ROW_25_135,VGND,li1,57.2700,81.3080,0.000005
TAP_TAPCELL_ROW_25_134,VGND,li1,31.5100,81.3080,0.000006
TAP_TAPCELL_ROW_24_133,VGND,li1,70.1500,76.4510,0.000005
TAP_TAPCELL_ROW_24_132,VGND,li1,44.3900,76.4510,0.000004
TAP_TAPCELL_ROW_24_131,VGND,li1,18.6300,76.4510,0.000006
TAP_TAPCELL_ROW_23_130,VGND,li1,83.0300,75.8680,0.000006
TAP_TAPCELL_ROW_23_129,VGND,li1,57.2700,75.8680,0.000005
TAP_TAPCELL_ROW_23_128,VGND,li1,31.5100,75.8680,0.000006
TAP_TAPCELL_ROW_22_127,VGND,li1,70.1500,71.0110,0.000007
TAP_TAPCELL_ROW_22_126,VGND,li1,44.3900,71.0110,0.000006
TAP_TAPCELL_ROW_22_125,VGND,li1,18.6300,71.0110,0.000005
TAP_TAPCELL_ROW_21_124,VGND,li1,83.0300,70.4280,0.000008
TAP_TAPCELL_ROW_21_123,VGND,li1,57.2700,70.4280,0.000007
TAP_TAPCELL_ROW_21_122,VGND,li1,31.5100,70.4280,0.000005
TAP_TAPCELL_ROW_20_121,VGND,li1,70.1500,65.5710,0.000004
TAP_TAPCELL_ROW_20_120,VGND,li1,44.3900,65.5710,0.000005
TAP_TAPCELL_ROW_20_119,VGND,li1,18.6300,65.5710,0.000005
TAP_TAPCELL_ROW_19_118,VGND,li1,83.0300,64.9880,0.000004
TAP_TAPCELL_ROW_19_117,VGND,li1,57.2700,64.9880,0.000005
TAP_TAPCELL_ROW_19_116,VGND,li1,31.5100,64.9880,0.000005
TAP_TAPCELL_ROW_18_115,VGND,li1,70.1500,60.1310,0.000005
TAP_TAPCELL_ROW_18_114,VGND,li1,44.3900,60.1310,0.000006
TAP_TAPCELL_ROW_18_113,VGND,li1,18.6300,60.1310,0.000010
TAP_TAPCELL_ROW_17_112,VGND,li1,83.0300,59.5480,0.000003
TAP_TAPCELL_ROW_17_111,VGND,li1,57.2700,59.5480,0.000008
TAP_TAPCELL_ROW_17_110,VGND,li1,31.5100,59.5480,0.000007
TAP_TAPCELL_ROW_16_109,VGND,li1,70.1500,54.6910,0.000003
TAP_TAPCELL_ROW_16_108,VGND,li1,44.3900,54.6910,0.000003
TAP_TAPCELL_ROW_16_107,VGND,li1,18.6300,54.6910,0.000005
TAP_TAPCELL_ROW_15_106,VGND,li1,83.0300,54.1080,0.000003
TAP_TAPCELL_ROW_15_105,VGND,li1,57.2700,54.1080,0.000004
TAP_TAPCELL_ROW_15_104,VGND,li1,31.5100,54.1080,0.000005
TAP_TAPCELL_ROW_14_103,VGND,li1,70.1500,49.2510,0.000005
TAP_TAPCELL_ROW_14_102,VGND,li1,44.3900,49.2510,0.000004
TAP_TAPCELL_ROW_14_101,VGND,li1,18.6300,49.2510,0.000004
TAP_TAPCELL_ROW_13_100,VGND,li1,83.0300,48.6680,0.000006
TAP_TAPCELL_ROW_13_99,VGND,li1,57.2700,48.6680,0.000004
TAP_TAPCELL_ROW_13_98,VGND,li1,31.5100,48.6680,0.000004
TAP_TAPCELL_ROW_12_97,VGND,li1,70.1500,43.8110,0.000006
TAP_TAPCELL_ROW_12_96,VGND,li1,44.3900,43.8110,0.000004
TAP_TAPCELL_ROW_12_95,VGND,li1,18.6300,43.8110,0.000006
TAP_TAPCELL_ROW_11_94,VGND,li1,83.0300,43.2280,0.000008
TAP_TAPCELL_ROW_11_93,VGND,li1,57.2700,43.2280,0.000004
TAP_TAPCELL_ROW_11_92,VGND,li1,31.5100,43.2280,0.000005
TAP_TAPCELL_ROW_10_91,VGND,li1,70.1500,38.3710,0.000005
TAP_TAPCELL_ROW_10_90,VGND,li1,44.3900,38.3710,0.000004
TAP_TAPCELL_ROW_10_89,VGND,li1,18.6300,38.3710,0.000005
TAP_TAPCELL_ROW_9_88,VGND,li1,83.0300,37.7880,0.000004
TAP_TAPCELL_ROW_9_87,VGND,li1,57.2700,37.7880,0.000004
TAP_TAPCELL_ROW_9_86,VGND,li1,31.5100,37.7880,0.000006
TAP_TAPCELL_ROW_8_85,VGND,li1,70.1500,32.9310,0.000002
TAP_TAPCELL_ROW_8_84,VGND,li1,44.3900,32.9310,0.000004
TAP_TAPCELL_ROW_8_83,VGND,li1,18.6300,32.9310,0.000005
TAP_TAPCELL_ROW_7_82,VGND,li1,83.0300,32.3480,0.000002
TAP_TAPCELL_ROW_7_81,VGND,li1,57.2700,32.3480,0.000003
TAP_TAPCELL_ROW_7_80,VGND,li1,31.5100,32.3480,0.000006
TAP_TAPCELL_ROW_6_79,VGND,li1,70.1500,27.4910,0.000001
TAP_TAPCELL_ROW_6_78,VGND,li1,44.3900,27.4910,0.000002
TAP_TAPCELL_ROW_6_77,VGND,li1,18.6300,27.4910,0.000004
TAP_TAPCELL_ROW_5_76,VGND,li1,83.0300,26.9080,0.000001
TAP_TAPCELL_ROW_5_75,VGND,li1,57.2700,26.9080,0.000002
TAP_TAPCELL_ROW_5_74,VGND,li1,31.5100,26.9080,0.000003
TAP_TAPCELL_ROW_4_73,VGND,li1,70.1500,22.0510,0.000004
TAP_TAPCELL_ROW_4_72,VGND,li1,44.3900,22.0510,0.000002
TAP_TAPCELL_ROW_4_71,VGND,li1,18.6300,22.0510,0.000003
TAP_TAPCELL_ROW_3_70,VGND,li1,83.0300,21.4680,0.000003
TAP_TAPCELL_ROW_3_69,VGND,li1,57.2700,21.4680,0.000002
TAP_TAPCELL_ROW_3_68,VGND,li1,31.5100,21.4680,0.000002
TAP_TAPCELL_ROW_2_67,VGND,li1,70.1500,16.6110,0.000003
TAP_TAPCELL_ROW_2_66,VGND,li1,44.3900,16.6110,0.000005
TAP_TAPCELL_ROW_2_65,VGND,li1,18.6300,16.6110,0.000007
TAP_TAPCELL_ROW_1_64,VGND,li1,83.0300,16.0280,0.000003
TAP_TAPCELL_ROW_1_63,VGND,li1,57.2700,16.0280,0.000004
TAP_TAPCELL_ROW_1_62,VGND,li1,31.5100,16.0280,0.000006
TAP_TAPCELL_ROW_0_61,VGND,li1,83.0300,11.1710,0.000005
TAP_TAPCELL_ROW_0_60,VGND,li1,70.1500,11.1710,0.000003
TAP_TAPCELL_ROW_0_59,VGND,li1,57.2700,11.1710,0.000003
TAP_TAPCELL_ROW_0_58,VGND,li1,44.3900,11.1710,0.000004
TAP_TAPCELL_ROW_0_57,VGND,li1,31.5100,11.1710,0.000004
TAP_TAPCELL_ROW_0_56,VGND,li1,18.6300,11.1710,0.000006
PHY_EDGE_ROW_27_Left_55,VGND,li1,6.2100,87.0400,0.000008
PHY_EDGE_ROW_26_Left_54,VGND,li1,6.2100,81.6000,0.000013
PHY_EDGE_ROW_25_Left_53,VGND,li1,6.2100,81.6000,0.000013
PHY_EDGE_ROW_24_Left_52,VGND,li1,6.2100,76.1600,0.000011
PHY_EDGE_ROW_23_Left_51,VGND,li1,6.2100,76.1600,0.000011
PHY_EDGE_ROW_22_Left_50,VGND,li1,6.2100,70.7200,0.000007
PHY_EDGE_ROW_21_Left_49,VGND,li1,6.2100,70.7200,0.000007
PHY_EDGE_ROW_20_Left_48,VGND,li1,6.2100,65.2800,0.000010
PHY_EDGE_ROW_19_Left_47,VGND,li1,6.2100,65.2800,0.000010
PHY_EDGE_ROW_18_Left_46,VGND,li1,6.2100,59.8400,0.000015
PHY_EDGE_ROW_17_Left_45,VGND,li1,6.2100,59.8400,0.000015
PHY_EDGE_ROW_16_Left_44,VGND,li1,6.2100,54.4000,0.000009
PHY_EDGE_ROW_15_Left_43,VGND,li1,6.2100,54.4000,0.000009
PHY_EDGE_ROW_14_Left_42,VGND,li1,6.2100,48.9600,0.000006
PHY_EDGE_ROW_13_Left_41,VGND,li1,6.2100,48.9600,0.000006
PHY_EDGE_ROW_12_Left_40,VGND,li1,6.2100,43.5200,0.000011
PHY_EDGE_ROW_11_Left_39,VGND,li1,6.2100,43.5200,0.000011
PHY_EDGE_ROW_10_Left_38,VGND,li1,6.2100,38.0800,0.000008
PHY_EDGE_ROW_9_Left_37,VGND,li1,6.2100,38.0800,0.000008
PHY_EDGE_ROW_8_Left_36,VGND,li1,6.2100,32.6400,0.000006
PHY_EDGE_ROW_7_Left_35,VGND,li1,6.2100,32.6400,0.000006
PHY_EDGE_ROW_6_Left_34,VGND,li1,6.2100,27.2000,0.000006
PHY_EDGE_ROW_5_Left_33,VGND,li1,6.2100,27.2000,0.000006
PHY_EDGE_ROW_4_Left_32,VGND,li1,6.2100,21.7600,0.000005
PHY_EDGE_ROW_3_Left_31,VGND,li1,6.2100,21.7600,0.000005
PHY_EDGE_ROW_2_Left_30,VGND,li1,6.2100,16.3200,0.000011
PHY_EDGE_ROW_1_Left_29,VGND,li1,6.2100,16.3200,0.000011
PHY_EDGE_ROW_0_Left_28,VGND,li1,6.2100,10.8800,0.000010
PHY_EDGE_ROW_27_Right_27,VGND,li1,93.6100,87.0400,0.000002
PHY_EDGE_ROW_26_Right_26,VGND,li1,93.6100,81.6000,0.000008
PHY_EDGE_ROW_25_Right_25,VGND,li1,93.6100,81.6000,0.000008
PHY_EDGE_ROW_24_Right_24,VGND,li1,93.6100,76.1600,0.000006
PHY_EDGE_ROW_23_Right_23,VGND,li1,93.6100,76.1600,0.000006
PHY_EDGE_ROW_22_Right_22,VGND,li1,93.6100,70.7200,0.000008
PHY_EDGE_ROW_21_Right_21,VGND,li1,93.6100,70.7200,0.000008
PHY_EDGE_ROW_20_Right_20,VGND,li1,93.6100,65.2800,0.000003
PHY_EDGE_ROW_19_Right_19,VGND,li1,93.6100,65.2800,0.000003
PHY_EDGE_ROW_18_Right_18,VGND,li1,93.6100,59.8400,0.000002
PHY_EDGE_ROW_17_Right_17,VGND,li1,93.6100,59.8400,0.000002
PHY_EDGE_ROW_16_Right_16,VGND,li1,93.6100,54.4000,0.000003
PHY_EDGE_ROW_15_Right_15,VGND,li1,93.6100,54.4000,0.000003
PHY_EDGE_ROW_14_Right_14,VGND,li1,93.6100,48.9600,0.000007
PHY_EDGE_ROW_13_Right_13,VGND,li1,93.6100,48.9600,0.000007
PHY_EDGE_ROW_12_Right_12,VGND,li1,93.6100,43.5200,0.000008
PHY_EDGE_ROW_11_Right_11,VGND,li1,93.6100,43.5200,0.000008
PHY_EDGE_ROW_10_Right_10,VGND,li1,93.6100,38.0800,0.000004
PHY_EDGE_ROW_9_Right_9,VGND,li1,93.6100,38.0800,0.000004
PHY_EDGE_ROW_8_Right_8,VGND,li1,93.6100,32.6400,0.000002
PHY_EDGE_ROW_7_Right_7,VGND,li1,93.6100,32.6400,0.000002
PHY_EDGE_ROW_6_Right_6,VGND,li1,93.6100,27.2000,0.000001
PHY_EDGE_ROW_5_Right_5,VGND,li1,93.6100,27.2000,0.000001
PHY_EDGE_ROW_4_Right_4,VGND,li1,93.6100,21.7600,0.000002
PHY_EDGE_ROW_3_Right_3,VGND,li1,93.6100,21.7600,0.000002
PHY_EDGE_ROW_2_Right_2,VGND,li1,93.6100,16.3200,0.000004
PHY_EDGE_ROW_1_Right_1,VGND,li1,93.6100,16.3200,0.000004
PHY_EDGE_ROW_0_Right_0,VGND,li1,93.6100,10.8800,0.000004
_347_,VGND,li1,30.1300,54.4000,0.000005
_346_,VGND,li1,78.4300,48.9600,0.000006
_345_,VGND,li1,43.0100,59.8400,0.000006
_344_,VGND,li1,68.0800,32.6400,0.000002
_343_,VGND,li1,84.8700,81.6000,0.000006
_342_,VGND,li1,25.7600,70.7200,0.000005
_341_,VGND,li1,48.9900,27.2000,0.000002
_340_,VGND,li1,74.0600,65.2800,0.000004
_339_,VGND,li1,58.1900,81.6000,0.000005
_338_,VGND,li1,65.0900,59.8400,0.000005
_337_,VGND,li1,32.4300,21.7600,0.000002
_336_,VGND,li1,88.0900,81.6000,0.000008
_335_,VGND,li1,54.7400,54.4000,0.000004
_334_,VGND,li1,36.8000,81.6000,0.000005
_333_,VGND,li1,19.5500,48.9600,0.000004
_332_,VGND,li1,36.1100,10.8800,0.000004
_331_,VGND,li1,7.8200,48.9600,0.000006
_330_,VGND,li1,84.8700,65.2800,0.000003
_329_,VGND,li1,21.3900,27.2000,0.000004
_328_,VGND,li1,66.9300,21.7600,0.000003
_327_,VGND,li1,85.5600,65.2800,0.000003
_326_,VGND,li1,76.5900,43.5200,0.000008
_325_,VGND,li1,62.1000,48.9600,0.000004
_324_,VGND,li1,46.4600,10.8800,0.000004
_323_,VGND,li1,27.8300,38.0800,0.000006
_322_,VGND,li1,77.5100,38.0800,0.000005
_321_,VGND,li1,23.4600,81.6000,0.000007
_320_,VGND,li1,17.4800,81.6000,0.000008
_319_,VGND,li1,44.8500,16.3200,0.000005
_318_,VGND,li1,54.0500,59.8400,0.000008
_317_,VGND,li1,80.9600,81.6000,0.000007
_316_,VGND,li1,24.1500,16.3200,0.000006
_315_,VGND,li1,51.2900,54.4000,0.000004
_314_,VGND,li1,83.2600,32.6400,0.000002
_313_,VGND,li1,27.8300,32.6400,0.000006
_312_,VGND,li1,86.2500,43.5200,0.000007
_311_,VGND,li1,89.0100,70.7200,0.000007
_310_,VGND,li1,60.4900,27.2000,0.000002
_309_,VGND,li1,77.5100,76.1600,0.000006
_308_,VGND,li1,28.0600,76.1600,0.000006
_307_,VGND,li1,91.3100,54.4000,0.000003
_306_,VGND,li1,82.3400,43.5200,0.000008
_305_,VGND,li1,50.3700,32.6400,0.000004
_304_,VGND,li1,40.4800,59.8400,0.000006
_303_,VGND,li1,52.6700,10.8800,0.000004
_302_,VGND,li1,79.8100,10.8800,0.000005
_301_,VGND,li1,77.2800,65.2800,0.000004
_300_,VGND,li1,27.3700,76.1600,0.000006
_299_,VGND,li1,20.0100,65.2800,0.000005
_298_,VGND,li1,71.7600,38.0800,0.000005
_297_,VGND,li1,38.1800,38.0800,0.000005
_296_,VGND,li1,37.4900,16.3200,0.000006
_295_,VGND,li1,28.0600,32.6400,0.000006
_294_,VGND,li1,15.8700,70.7200,0.000006
_293_,VGND,li1,58.8800,16.3200,0.000004
_292_,VGND,li1,19.0900,70.7200,0.000005
_291_,VGND,li1,54.7400,16.3200,0.000005
_290_,VGND,li1,79.8100,16.3200,0.000004
_289_,VGND,li1,14.7200,54.4000,0.000007
_288_,VGND,li1,46.2300,54.4000,0.000003
_287_,VGND,li1,10.3500,43.5200,0.000009
_286_,VGND,li1,82.1100,43.5200,0.000008
_285_,VGND,li1,50.8300,76.1600,0.000005
_284_,VGND,li1,32.8900,32.6400,0.000006
_283_,VGND,li1,56.3500,43.5200,0.000004
_282_,VGND,li1,22.5400,38.0800,0.000005
_281_,VGND,li1,71.0700,54.4000,0.000003
_280_,VGND,li1,8.7400,21.7600,0.000004
_279_,VGND,li1,47.8400,48.9600,0.000004
_278_,VGND,li1,37.4900,59.8400,0.000006
_277_,VGND,li1,52.4400,70.7200,0.000007
_276_,VGND,li1,44.3900,70.7200,0.000006
_275_,VGND,li1,86.7100,32.6400,0.000002
_274_,VGND,li1,90.3900,38.0800,0.000004
_273_,VGND,li1,21.8500,81.6000,0.000007
_272_,VGND,li1,41.6300,48.9600,0.000003
_271_,VGND,li1,86.7100,48.9600,0.000006
_270_,VGND,li1,8.0500,59.8400,0.000015
_269_,VGND,li1,41.1700,10.8800,0.000004
_268_,VGND,li1,56.8100,27.2000,0.000002
_267_,VGND,li1,40.2500,16.3200,0.000006
_266_,VGND,li1,90.8500,70.7200,0.000008
_265_,VGND,li1,17.4800,16.3200,0.000007
_264_,VGND,li1,80.9600,54.4000,0.000003
_263_,VGND,li1,87.4000,38.0800,0.000004
_262_,VGND,li1,39.3300,43.5200,0.000004
_261_,VGND,li1,16.7900,27.2000,0.000005
_260_,VGND,li1,45.7700,16.3200,0.000005
_259_,VGND,li1,27.8300,81.6000,0.000007
_258_,VGND,li1,11.0400,70.7200,0.000006
_257_,VGND,li1,55.6600,59.8400,0.000008
_256_,VGND,li1,11.7300,48.9600,0.000005
_255_,VGND,li1,45.7700,70.7200,0.000006
_254_,VGND,li1,85.3300,38.0800,0.000004
_253_,VGND,li1,30.1300,76.1600,0.000006
_252_,VGND,li1,85.3300,48.9600,0.000006
_251_,VGND,li1,43.2400,43.5200,0.000004
_250_,VGND,li1,73.3700,21.7600,0.000005
_249_,VGND,li1,71.9900,76.1600,0.000006
_248_,VGND,li1,19.0900,65.2800,0.000005
_247_,VGND,li1,91.0800,16.3200,0.000004
_246_,VGND,li1,63.9400,38.0800,0.000004
_245_,VGND,li1,33.8100,38.0800,0.000006
_244_,VGND,li1,79.3500,43.5200,0.000009
_243_,VGND,li1,73.1400,59.8400,0.000005
_242_,VGND,li1,23.2300,87.0400,0.000004
_241_,VGND,li1,26.4500,43.5200,0.000006
_240_,VGND,li1,71.7600,21.7600,0.000004
_239_,VGND,li1,8.5100,76.1600,0.000010
_238_,VGND,li1,85.3300,70.7200,0.000007
_237_,VGND,li1,16.7900,27.2000,0.000005
_236_,VGND,li1,90.1600,43.5200,0.000008
_235_,VGND,li1,24.3800,43.5200,0.000006
_234_,VGND,li1,13.1100,38.0800,0.000007
_233_,VGND,li1,62.1000,59.8400,0.000006
_232_,VGND,li1,46.2300,48.9600,0.000004
_231_,VGND,li1,71.3000,87.0400,0.000001
_230_,VGND,li1,91.0800,76.1600,0.000006
_229_,VGND,li1,15.4100,59.8400,0.000012
_228_,VGND,li1,22.3100,27.2000,0.000004
_227_,VGND,li1,78.4300,70.7200,0.000009
_226_,VGND,li1,50.3700,38.0800,0.000004
_225_,VGND,li1,62.5600,70.7200,0.000006
_224_,VGND,li1,87.1700,76.1600,0.000005
_223_,VGND,li1,90.8500,76.1600,0.000006
_222_,VGND,li1,32.4300,76.1600,0.000006
_221_,VGND,li1,82.1100,70.7200,0.000008
_220_,VGND,li1,74.2900,43.5200,0.000008
_219_,VGND,li1,76.8200,32.6400,0.000003
_218_,VGND,li1,64.8600,70.7200,0.000006
_217_,VGND,li1,71.3000,59.8400,0.000005
_216_,VGND,li1,45.5400,38.0800,0.000004
_215_,VGND,li1,86.2500,27.2000,0.000001
_214_,VGND,li1,55.8900,70.7200,0.000007
_213_,VGND,li1,27.3700,54.4000,0.000005
_212_,VGND,li1,67.3900,76.1600,0.000005
_211_,VGND,li1,44.6200,65.2800,0.000005
_210_,VGND,li1,13.8000,27.2000,0.000005
_209_,VGND,li1,22.0800,59.8400,0.000009
_208_,VGND,li1,47.6100,65.2800,0.000006
_207_,VGND,li1,13.1100,43.5200,0.000008
_206_,VGND,li1,46.9200,81.6000,0.000004
_205_,VGND,li1,59.1100,54.4000,0.000003
_204_,VGND,li1,62.7900,38.0800,0.000004
_203_,VGND,li1,59.3400,76.1600,0.000005
_202_,VGND,li1,48.9900,81.6000,0.000005
_201_,VGND,li1,86.7100,10.8800,0.000004
_200_,VGND,li1,43.4700,70.7200,0.000005
_199_,VGND,li1,81.1900,70.7200,0.000009
_198_,VGND,li1,27.8300,65.2800,0.000005
_197_,VGND,li1,84.6400,48.9600,0.000006
_196_,VGND,li1,79.8100,70.7200,0.000009
_195_,VGND,li1,65.5500,48.9600,0.000004
_194_,VGND,li1,67.3900,38.0800,0.000004
_193_,VGND,li1,38.6400,48.9600,0.000004
_192_,VGND,li1,61.8700,32.6400,0.000003
_191_,VGND,li1,91.5400,48.9600,0.000007
_190_,VGND,li1,84.6400,76.1600,0.000006
_189_,VGND,li1,38.6400,32.6400,0.000006
_188_,VGND,li1,69.0000,81.6000,0.000007
_187_,VGND,li1,31.5100,38.0800,0.000006
_186_,VGND,li1,9.4300,65.2800,0.000009
_185_,VGND,li1,22.7700,32.6400,0.000005
_184_,VGND,li1,90.6200,87.0400,0.000002
_183_,VGND,li1,74.7500,70.7200,0.000008
_182_,VGND,li1,65.0900,65.2800,0.000004
_181_,VGND,li1,11.2700,65.2800,0.000009
_180_,VGND,li1,84.4100,43.5200,0.000008
_179_,VGND,li1,91.5400,81.6000,0.000008
_178_,VGND,li1,50.1400,65.2800,0.000006
_177_,VGND,li1,88.0900,16.3200,0.000004
_176_,VGND,li1,47.8400,76.1600,0.000005
_175_,VGND,li1,86.9400,43.5200,0.000007
_174_,VGND,li1,54.5100,48.9600,0.000004
_173_,VGND,li1,10.5800,81.6000,0.000012
_172_,VGND,li1,46.6900,65.2800,0.000006
_171_,VGND,li1,55.8900,70.7200,0.000007
_170_,VGND,li1,64.6300,48.9600,0.000004
