
===========================================================================
report_checks -unconstrained
===========================================================================
======================= Fastest Corner ===================================

Startpoint: B[0] (input port clocked by __VIRTUAL_CLK__)
Endpoint: out[5] (output port clocked by __VIRTUAL_CLK__)
Path Group: __VIRTUAL_CLK__
Path Type: max
Corner: Fastest

Fanout     Cap    Slew   Delay    Time   Description
-----------------------------------------------------------------------------
                  0.00    0.00    0.00   clock __VIRTUAL_CLK__ (rise edge)
                          0.00    0.00   clock network delay (ideal)
                          2.00    2.00 ^ input external delay
     1    0.00    0.01    0.01    2.01 ^ B[0] (in)
                                         B[0] (net)
                  0.01    0.00    2.01 ^ input9/A (sky130_fd_sc_hd__clkbuf_2)
     4    0.04    0.16    0.16    2.17 ^ input9/X (sky130_fd_sc_hd__clkbuf_2)
                                         net9 (net)
                  0.16    0.00    2.17 ^ _184_/A (sky130_fd_sc_hd__clkbuf_4)
    10    0.07    0.15    0.22    2.39 ^ _184_/X (sky130_fd_sc_hd__clkbuf_4)
                                         _112_ (net)
                  0.16    0.00    2.39 ^ _185_/B2 (sky130_fd_sc_hd__a22oi_4)
     3    0.02    0.07    0.06    2.45 v _185_/Y (sky130_fd_sc_hd__a22oi_4)
                                         _113_ (net)
                  0.07    0.00    2.45 v _192_/C (sky130_fd_sc_hd__or3_1)
     2    0.02    0.10    0.27    2.72 v _192_/X (sky130_fd_sc_hd__or3_1)
                                         _120_ (net)
                  0.10    0.00    2.72 v _197_/A1 (sky130_fd_sc_hd__a21o_1)
     2    0.02    0.06    0.17    2.88 v _197_/X (sky130_fd_sc_hd__a21o_1)
                                         _125_ (net)
                  0.06    0.00    2.89 v _199_/A3 (sky130_fd_sc_hd__a31o_2)
     2    0.03    0.07    0.22    3.11 v _199_/X (sky130_fd_sc_hd__a31o_2)
                                         _127_ (net)
                  0.07    0.00    3.11 v _201_/B (sky130_fd_sc_hd__xor2_2)
     2    0.03    0.27    0.25    3.36 ^ _201_/X (sky130_fd_sc_hd__xor2_2)
                                         _129_ (net)
                  0.27    0.00    3.36 ^ _210_/A (sky130_fd_sc_hd__nand3_2)
     3    0.03    0.14    0.14    3.50 v _210_/Y (sky130_fd_sc_hd__nand3_2)
                                         _138_ (net)
                  0.14    0.00    3.50 v _219_/A2 (sky130_fd_sc_hd__a21oi_1)
     1    0.01    0.21    0.24    3.74 ^ _219_/Y (sky130_fd_sc_hd__a21oi_1)
                                         _147_ (net)
                  0.21    0.00    3.74 ^ _221_/A (sky130_fd_sc_hd__nor2_1)
     1    0.02    0.10    0.11    3.85 v _221_/Y (sky130_fd_sc_hd__nor2_1)
                                         _149_ (net)
                  0.10    0.00    3.85 v _267_/A2 (sky130_fd_sc_hd__a211o_1)
     1    0.01    0.07    0.26    4.11 v _267_/X (sky130_fd_sc_hd__a211o_1)
                                         net25 (net)
                  0.07    0.00    4.11 v output25/A (sky130_fd_sc_hd__buf_2)
     1    0.03    0.06    0.14    4.25 v output25/X (sky130_fd_sc_hd__buf_2)
                                         out[5] (net)
                  0.06    0.00    4.25 v out[5] (out)
                                  4.25   data arrival time

                  0.00   10.00   10.00   clock __VIRTUAL_CLK__ (rise edge)
                          0.00   10.00   clock network delay (ideal)
                         -0.25    9.75   clock uncertainty
                          0.00    9.75   clock reconvergence pessimism
                         -2.00    7.75   output external delay
                                  7.75   data required time
-----------------------------------------------------------------------------
                                  7.75   data required time
                                 -4.25   data arrival time
-----------------------------------------------------------------------------
                                  3.50   slack (MET)



======================= Slowest Corner ===================================

Startpoint: opcode[0] (input port clocked by __VIRTUAL_CLK__)
Endpoint: out[4] (output port clocked by __VIRTUAL_CLK__)
Path Group: __VIRTUAL_CLK__
Path Type: max
Corner: Slowest

Fanout     Cap    Slew   Delay    Time   Description
-----------------------------------------------------------------------------
                  0.00    0.00    0.00   clock __VIRTUAL_CLK__ (rise edge)
                          0.00    0.00   clock network delay (ideal)
                          2.00    2.00 v input external delay
     1    0.00    0.02    0.01    2.01 v opcode[0] (in)
                                         opcode[0] (net)
                  0.02    0.00    2.01 v input17/A (sky130_fd_sc_hd__clkbuf_2)
     5    0.04    0.25    0.34    2.35 v input17/X (sky130_fd_sc_hd__clkbuf_2)
                                         net17 (net)
                  0.25    0.00    2.35 v _235_/A_N (sky130_fd_sc_hd__nand3b_4)
     4    0.02    0.22    0.47    2.82 v _235_/Y (sky130_fd_sc_hd__nand3b_4)
                                         _163_ (net)
                  0.22    0.00    2.82 v rebuffer1/A (sky130_fd_sc_hd__buf_6)
     6    0.03    0.07    0.33    3.15 v rebuffer1/X (sky130_fd_sc_hd__buf_6)
                                         net28 (net)
                  0.07    0.00    3.15 v _243_/A2 (sky130_fd_sc_hd__a21oi_1)
     2    0.02    0.62    0.59    3.74 ^ _243_/Y (sky130_fd_sc_hd__a21oi_1)
                                         _001_ (net)
                  0.62    0.00    3.74 ^ _244_/A2 (sky130_fd_sc_hd__o21a_2)
     4    0.03    0.24    0.59    4.33 ^ _244_/X (sky130_fd_sc_hd__o21a_2)
                                         _002_ (net)
                  0.24    0.00    4.33 ^ _247_/A_N (sky130_fd_sc_hd__and3b_2)
     3    0.02    0.16    0.62    4.96 v _247_/X (sky130_fd_sc_hd__and3b_2)
                                         _005_ (net)
                  0.16    0.00    4.96 v _250_/A2 (sky130_fd_sc_hd__o21ai_4)
     4    0.03    0.38    0.42    5.38 ^ _250_/Y (sky130_fd_sc_hd__o21ai_4)
                                         _008_ (net)
                  0.38    0.00    5.38 ^ _336_/A1 (sky130_fd_sc_hd__a31o_1)
     1    0.03    0.45    0.70    6.08 ^ _336_/X (sky130_fd_sc_hd__a31o_1)
                                         _087_ (net)
                  0.45    0.00    6.08 ^ _337_/B (sky130_fd_sc_hd__nand2_1)
     1    0.02    0.28    0.42    6.50 v _337_/Y (sky130_fd_sc_hd__nand2_1)
                                         _088_ (net)
                  0.28    0.00    6.50 v _338_/C (sky130_fd_sc_hd__and3_1)
     1    0.00    0.09    0.51    7.01 v _338_/X (sky130_fd_sc_hd__and3_1)
                                         _089_ (net)
                  0.09    0.00    7.01 v _346_/A (sky130_fd_sc_hd__or3_1)
     1    0.01    0.24    1.03    8.04 v _346_/X (sky130_fd_sc_hd__or3_1)
                                         _097_ (net)
                  0.24    0.00    8.04 v _347_/A (sky130_fd_sc_hd__buf_1)
     1    0.01    0.15    0.34    8.38 v _347_/X (sky130_fd_sc_hd__buf_1)
                                         net24 (net)
                  0.15    0.00    8.38 v output24/A (sky130_fd_sc_hd__buf_2)
     1    0.03    0.17    0.40    8.78 v output24/X (sky130_fd_sc_hd__buf_2)
                                         out[4] (net)
                  0.17    0.00    8.78 v out[4] (out)
                                  8.78   data arrival time

                  0.00   10.00   10.00   clock __VIRTUAL_CLK__ (rise edge)
                          0.00   10.00   clock network delay (ideal)
                         -0.25    9.75   clock uncertainty
                          0.00    9.75   clock reconvergence pessimism
                         -2.00    7.75   output external delay
                                  7.75   data required time
-----------------------------------------------------------------------------
                                  7.75   data required time
                                 -8.78   data arrival time
-----------------------------------------------------------------------------
                                 -1.03   slack (VIOLATED)



======================= Typical Corner ===================================

Startpoint: B[0] (input port clocked by __VIRTUAL_CLK__)
Endpoint: out[5] (output port clocked by __VIRTUAL_CLK__)
Path Group: __VIRTUAL_CLK__
Path Type: max
Corner: Typical

Fanout     Cap    Slew   Delay    Time   Description
-----------------------------------------------------------------------------
                  0.00    0.00    0.00   clock __VIRTUAL_CLK__ (rise edge)
                          0.00    0.00   clock network delay (ideal)
                          2.00    2.00 ^ input external delay
     1    0.00    0.02    0.01    2.01 ^ B[0] (in)
                                         B[0] (net)
                  0.02    0.00    2.01 ^ input9/A (sky130_fd_sc_hd__clkbuf_2)
     4    0.04    0.21    0.22    2.23 ^ input9/X (sky130_fd_sc_hd__clkbuf_2)
                                         net9 (net)
                  0.21    0.00    2.24 ^ _184_/A (sky130_fd_sc_hd__clkbuf_4)
    10    0.07    0.20    0.32    2.56 ^ _184_/X (sky130_fd_sc_hd__clkbuf_4)
                                         _112_ (net)
                  0.20    0.00    2.56 ^ _185_/B2 (sky130_fd_sc_hd__a22oi_4)
     3    0.02    0.10    0.11    2.68 v _185_/Y (sky130_fd_sc_hd__a22oi_4)
                                         _113_ (net)
                  0.10    0.00    2.68 v _192_/C (sky130_fd_sc_hd__or3_1)
     2    0.02    0.15    0.45    3.12 v _192_/X (sky130_fd_sc_hd__or3_1)
                                         _120_ (net)
                  0.15    0.00    3.12 v _197_/A1 (sky130_fd_sc_hd__a21o_1)
     2    0.02    0.08    0.26    3.38 v _197_/X (sky130_fd_sc_hd__a21o_1)
                                         _125_ (net)
                  0.08    0.00    3.38 v _199_/A3 (sky130_fd_sc_hd__a31o_2)
     2    0.03    0.10    0.34    3.72 v _199_/X (sky130_fd_sc_hd__a31o_2)
                                         _127_ (net)
                  0.10    0.00    3.72 v _201_/B (sky130_fd_sc_hd__xor2_2)
     2    0.03    0.36    0.35    4.07 ^ _201_/X (sky130_fd_sc_hd__xor2_2)
                                         _129_ (net)
                  0.36    0.00    4.07 ^ _210_/A (sky130_fd_sc_hd__nand3_2)
     3    0.03    0.21    0.25    4.32 v _210_/Y (sky130_fd_sc_hd__nand3_2)
                                         _138_ (net)
                  0.21    0.00    4.32 v _219_/A2 (sky130_fd_sc_hd__a21oi_1)
     1    0.01    0.29    0.35    4.68 ^ _219_/Y (sky130_fd_sc_hd__a21oi_1)
                                         _147_ (net)
                  0.29    0.00    4.68 ^ _221_/A (sky130_fd_sc_hd__nor2_1)
     1    0.02    0.13    0.19    4.87 v _221_/Y (sky130_fd_sc_hd__nor2_1)
                                         _149_ (net)
                  0.13    0.00    4.87 v _267_/A2 (sky130_fd_sc_hd__a211o_1)
     1    0.01    0.10    0.40    5.27 v _267_/X (sky130_fd_sc_hd__a211o_1)
                                         net25 (net)
                  0.10    0.00    5.27 v output25/A (sky130_fd_sc_hd__buf_2)
     1    0.03    0.09    0.22    5.49 v output25/X (sky130_fd_sc_hd__buf_2)
                                         out[5] (net)
                  0.09    0.00    5.49 v out[5] (out)
                                  5.49   data arrival time

                  0.00   10.00   10.00   clock __VIRTUAL_CLK__ (rise edge)
                          0.00   10.00   clock network delay (ideal)
                         -0.25    9.75   clock uncertainty
                          0.00    9.75   clock reconvergence pessimism
                         -2.00    7.75   output external delay
                                  7.75   data required time
-----------------------------------------------------------------------------
                                  7.75   data required time
                                 -5.49   data arrival time
-----------------------------------------------------------------------------
                                  2.26   slack (MET)




===========================================================================
report_checks --slack_max -0.01
============================================================================
======================= Fastest Corner ===================================

No paths found.

======================= Slowest Corner ===================================

Startpoint: opcode[0] (input port clocked by __VIRTUAL_CLK__)
Endpoint: out[4] (output port clocked by __VIRTUAL_CLK__)
Path Group: __VIRTUAL_CLK__
Path Type: max
Corner: Slowest

Fanout     Cap    Slew   Delay    Time   Description
-----------------------------------------------------------------------------
                  0.00    0.00    0.00   clock __VIRTUAL_CLK__ (rise edge)
                          0.00    0.00   clock network delay (ideal)
                          2.00    2.00 v input external delay
     1    0.00    0.02    0.01    2.01 v opcode[0] (in)
                                         opcode[0] (net)
                  0.02    0.00    2.01 v input17/A (sky130_fd_sc_hd__clkbuf_2)
     5    0.04    0.25    0.34    2.35 v input17/X (sky130_fd_sc_hd__clkbuf_2)
                                         net17 (net)
                  0.25    0.00    2.35 v _235_/A_N (sky130_fd_sc_hd__nand3b_4)
     4    0.02    0.22    0.47    2.82 v _235_/Y (sky130_fd_sc_hd__nand3b_4)
                                         _163_ (net)
                  0.22    0.00    2.82 v rebuffer1/A (sky130_fd_sc_hd__buf_6)
     6    0.03    0.07    0.33    3.15 v rebuffer1/X (sky130_fd_sc_hd__buf_6)
                                         net28 (net)
                  0.07    0.00    3.15 v _243_/A2 (sky130_fd_sc_hd__a21oi_1)
     2    0.02    0.62    0.59    3.74 ^ _243_/Y (sky130_fd_sc_hd__a21oi_1)
                                         _001_ (net)
                  0.62    0.00    3.74 ^ _244_/A2 (sky130_fd_sc_hd__o21a_2)
     4    0.03    0.24    0.59    4.33 ^ _244_/X (sky130_fd_sc_hd__o21a_2)
                                         _002_ (net)
                  0.24    0.00    4.33 ^ _247_/A_N (sky130_fd_sc_hd__and3b_2)
     3    0.02    0.16    0.62    4.96 v _247_/X (sky130_fd_sc_hd__and3b_2)
                                         _005_ (net)
                  0.16    0.00    4.96 v _250_/A2 (sky130_fd_sc_hd__o21ai_4)
     4    0.03    0.38    0.42    5.38 ^ _250_/Y (sky130_fd_sc_hd__o21ai_4)
                                         _008_ (net)
                  0.38    0.00    5.38 ^ _336_/A1 (sky130_fd_sc_hd__a31o_1)
     1    0.03    0.45    0.70    6.08 ^ _336_/X (sky130_fd_sc_hd__a31o_1)
                                         _087_ (net)
                  0.45    0.00    6.08 ^ _337_/B (sky130_fd_sc_hd__nand2_1)
     1    0.02    0.28    0.42    6.50 v _337_/Y (sky130_fd_sc_hd__nand2_1)
                                         _088_ (net)
                  0.28    0.00    6.50 v _338_/C (sky130_fd_sc_hd__and3_1)
     1    0.00    0.09    0.51    7.01 v _338_/X (sky130_fd_sc_hd__and3_1)
                                         _089_ (net)
                  0.09    0.00    7.01 v _346_/A (sky130_fd_sc_hd__or3_1)
     1    0.01    0.24    1.03    8.04 v _346_/X (sky130_fd_sc_hd__or3_1)
                                         _097_ (net)
                  0.24    0.00    8.04 v _347_/A (sky130_fd_sc_hd__buf_1)
     1    0.01    0.15    0.34    8.38 v _347_/X (sky130_fd_sc_hd__buf_1)
                                         net24 (net)
                  0.15    0.00    8.38 v output24/A (sky130_fd_sc_hd__buf_2)
     1    0.03    0.17    0.40    8.78 v output24/X (sky130_fd_sc_hd__buf_2)
                                         out[4] (net)
                  0.17    0.00    8.78 v out[4] (out)
                                  8.78   data arrival time

                  0.00   10.00   10.00   clock __VIRTUAL_CLK__ (rise edge)
                          0.00   10.00   clock network delay (ideal)
                         -0.25    9.75   clock uncertainty
                          0.00    9.75   clock reconvergence pessimism
                         -2.00    7.75   output external delay
                                  7.75   data required time
-----------------------------------------------------------------------------
                                  7.75   data required time
                                 -8.78   data arrival time
-----------------------------------------------------------------------------
                                 -1.03   slack (VIOLATED)



======================= Typical Corner ===================================

No paths found.


===========================================================================
 report_check_types -max_slew -max_cap -max_fanout -violators
============================================================================
======================= Fastest Corner ===================================


max slew violations count Fastest: 0
max fanout violations count Fastest: 0
max cap violations count Fastest: 0
======================= Slowest Corner ===================================

max slew

Pin                                    Limit    Slew   Slack
------------------------------------------------------------
_216_/Y                                 0.75    1.04   -0.29 (VIOLATED)
_218_/A                                 0.75    1.04   -0.29 (VIOLATED)
_282_/B1                                0.75    1.04   -0.29 (VIOLATED)
_322_/B2                                0.75    0.87   -0.12 (VIOLATED)
_321_/Y                                 0.75    0.87   -0.12 (VIOLATED)


max slew violations count Slowest: 5
max fanout violations count Slowest: 0
max cap violations count Slowest: 0
======================= Typical Corner ===================================


max slew violations count Typical: 0
max fanout violations count Typical: 0
max cap violations count Typical: 0

===========================================================================
report_parasitic_annotation -report_unannotated
============================================================================
Found 0 unannotated drivers.
Found 0 partially unannotated drivers.

===========================================================================
max slew violation count 5
max fanout violation count 0
max cap violation count 0
============================================================================

===========================================================================
check_setup -verbose -unconstrained_endpoints -multiple_clock -no_clock -no_input_delay -loops -generated_clocks
===========================================================================
