
===========================================================================
 report_power
============================================================================
======================= Fastest Corner ===================================

Group                  Internal  Switching    Leakage      Total
                          Power      Power      Power      Power (Watts)
----------------------------------------------------------------
Sequential             0.00e+00   0.00e+00   0.00e+00   0.00e+00   0.0%
Combinational          5.32e-05   1.36e-04   1.85e-09   1.89e-04 100.0%
Clock                 -1.71e-10   0.00e+00   7.69e-10   5.97e-10   0.0%
Macro                  0.00e+00   0.00e+00   0.00e+00   0.00e+00   0.0%
Pad                    0.00e+00   0.00e+00   0.00e+00   0.00e+00   0.0%
----------------------------------------------------------------
Total                  5.32e-05   1.36e-04   2.62e-09   1.89e-04 100.0%
                          28.2%      71.8%       0.0%

======================= Slowest Corner ===================================

Group                  Internal  Switching    Leakage      Total
                          Power      Power      Power      Power (Watts)
----------------------------------------------------------------
Sequential             0.00e+00   0.00e+00   0.00e+00   0.00e+00   0.0%
Combinational          3.81e-05   9.09e-05   1.04e-06   1.30e-04 100.0%
Clock                 -7.18e-11   0.00e+00   7.72e-10   7.00e-10   0.0%
Macro                  0.00e+00   0.00e+00   0.00e+00   0.00e+00   0.0%
Pad                    0.00e+00   0.00e+00   0.00e+00   0.00e+00   0.0%
----------------------------------------------------------------
Total                  3.81e-05   9.09e-05   1.04e-06   1.30e-04 100.0%
                          29.3%      69.9%       0.8%

======================= Typical Corner ===================================

Group                  Internal  Switching    Leakage      Total
                          Power      Power      Power      Power (Watts)
----------------------------------------------------------------
Sequential             0.00e+00   0.00e+00   0.00e+00   0.00e+00   0.0%
Combinational          4.85e-05   1.15e-04   8.06e-10   1.64e-04 100.0%
Clock                 -1.71e-11   0.00e+00   7.69e-10   7.52e-10   0.0%
Macro                  0.00e+00   0.00e+00   0.00e+00   0.00e+00   0.0%
Pad                    0.00e+00   0.00e+00   0.00e+00   0.00e+00   0.0%
----------------------------------------------------------------
Total                  4.85e-05   1.15e-04   1.57e-09   1.64e-04 100.0%
                          29.6%      70.4%       0.0%

