OpenROAD b16bda7e82721d10566ff7e2b68f1ff0be9f9e38 
Features included (+) or not (-): +Charts +GPU +GUI +Python
This program is licensed under the BSD-3 license. See the LICENSE file for details.
Components of this program may be licensed under more restrictive licenses which must be honored.
define_corners Typical
read_liberty -corner Typical /Users/Dide/.volare/sky130A/libs.ref/sky130_fd_sc_hd/lib/sky130_fd_sc_hd__tt_025C_1v80.lib
Using 1e-12 for capacitance...
Using 1e+03 for resistance...
Using 1e-09 for time...
Using 1e+00 for voltage...
Using 1e-03 for current...
Using 1e-09 for power...
Using 1e-06 for distance...
[INFO]: Reading ODB at '/openlane/designs/lab1/runs/RUN_2025.04.26_11.56.03/tmp/routing/18-global.odb'…
Reading design constraints file at '/openlane/scripts/base.sdc'…
[INFO]: Setting output delay to: 2.0
[INFO]: Setting input delay to: 2.0
[WARNING STA-0366] port '__VIRTUAL_CLK__' not found.
[INFO]: Setting load to: 0.033442
[INFO]: Setting clock uncertainty to: 0.25
[INFO]: Setting clock transition to: 0.15
[WARNING STA-0419] transition time can not be specified for virtual clocks.
[INFO]: Setting timing derate to: 5.0 %
[INFO]: Propagating all clocks
[WARNING STA-0450] virtual clock __VIRTUAL_CLK__ can not be propagated.
min_report

===========================================================================
report_checks -path_delay min (Hold)
============================================================================
======================= Typical Corner ===================================

Startpoint: x[7] (input port clocked by __VIRTUAL_CLK__)
Endpoint: y[7] (output port clocked by __VIRTUAL_CLK__)
Path Group: __VIRTUAL_CLK__
Path Type: min

Fanout     Cap    Slew   Delay    Time   Description
-----------------------------------------------------------------------------
                  0.00    0.00    0.00   clock __VIRTUAL_CLK__ (rise edge)
                          0.00    0.00   clock network delay (ideal)
                          2.00    2.00 ^ input external delay
     1    0.00    0.02    0.01    2.01 ^ x[7] (in)
                                         x[7] (net)
                  0.02    0.00    2.01 ^ input8/A (sky130_fd_sc_hd__clkbuf_1)
     1    0.00    0.07    0.08    2.09 ^ input8/X (sky130_fd_sc_hd__clkbuf_1)
                                         net8 (net)
                  0.07    0.00    2.09 ^ _24_/A (sky130_fd_sc_hd__xor2_1)
     1    0.00    0.03    0.06    2.14 v _24_/X (sky130_fd_sc_hd__xor2_1)
                                         net16 (net)
                  0.03    0.00    2.14 v output16/A (sky130_fd_sc_hd__buf_2)
     1    0.03    0.09    0.16    2.31 v output16/X (sky130_fd_sc_hd__buf_2)
                                         y[7] (net)
                  0.09    0.00    2.31 v y[7] (out)
                                  2.31   data arrival time

                  0.00    0.00    0.00   clock __VIRTUAL_CLK__ (rise edge)
                          0.00    0.00   clock network delay (ideal)
                          0.25    0.25   clock uncertainty
                          0.00    0.25   clock reconvergence pessimism
                         -2.00   -1.75   output external delay
                                 -1.75   data required time
-----------------------------------------------------------------------------
                                 -1.75   data required time
                                 -2.31   data arrival time
-----------------------------------------------------------------------------
                                  4.06   slack (MET)


Startpoint: x[2] (input port clocked by __VIRTUAL_CLK__)
Endpoint: y[2] (output port clocked by __VIRTUAL_CLK__)
Path Group: __VIRTUAL_CLK__
Path Type: min

Fanout     Cap    Slew   Delay    Time   Description
-----------------------------------------------------------------------------
                  0.00    0.00    0.00   clock __VIRTUAL_CLK__ (rise edge)
                          0.00    0.00   clock network delay (ideal)
                          2.00    2.00 ^ input external delay
     1    0.00    0.02    0.01    2.01 ^ x[2] (in)
                                         x[2] (net)
                  0.02    0.00    2.01 ^ input3/A (sky130_fd_sc_hd__clkbuf_2)
     3    0.01    0.06    0.10    2.11 ^ input3/X (sky130_fd_sc_hd__clkbuf_2)
                                         net3 (net)
                  0.06    0.00    2.11 ^ _11_/A (sky130_fd_sc_hd__xnor2_1)
     1    0.00    0.03    0.06    2.17 v _11_/Y (sky130_fd_sc_hd__xnor2_1)
                                         net11 (net)
                  0.03    0.00    2.17 v output11/A (sky130_fd_sc_hd__buf_2)
     1    0.03    0.09    0.16    2.33 v output11/X (sky130_fd_sc_hd__buf_2)
                                         y[2] (net)
                  0.09    0.00    2.33 v y[2] (out)
                                  2.33   data arrival time

                  0.00    0.00    0.00   clock __VIRTUAL_CLK__ (rise edge)
                          0.00    0.00   clock network delay (ideal)
                          0.25    0.25   clock uncertainty
                          0.00    0.25   clock reconvergence pessimism
                         -2.00   -1.75   output external delay
                                 -1.75   data required time
-----------------------------------------------------------------------------
                                 -1.75   data required time
                                 -2.33   data arrival time
-----------------------------------------------------------------------------
                                  4.08   slack (MET)


Startpoint: x[0] (input port clocked by __VIRTUAL_CLK__)
Endpoint: y[0] (output port clocked by __VIRTUAL_CLK__)
Path Group: __VIRTUAL_CLK__
Path Type: min

Fanout     Cap    Slew   Delay    Time   Description
-----------------------------------------------------------------------------
                  0.00    0.00    0.00   clock __VIRTUAL_CLK__ (rise edge)
                          0.00    0.00   clock network delay (ideal)
                          2.00    2.00 v input external delay
     1    0.00    0.01    0.00    2.00 v x[0] (in)
                                         x[0] (net)
                  0.01    0.00    2.00 v input1/A (sky130_fd_sc_hd__clkbuf_2)
     5    0.01    0.05    0.10    2.10 v input1/X (sky130_fd_sc_hd__clkbuf_2)
                                         net1 (net)
                  0.05    0.00    2.10 v _27_/A (sky130_fd_sc_hd__clkbuf_1)
     1    0.00    0.02    0.08    2.18 v _27_/X (sky130_fd_sc_hd__clkbuf_1)
                                         net9 (net)
                  0.02    0.00    2.18 v output9/A (sky130_fd_sc_hd__buf_2)
     1    0.03    0.09    0.16    2.34 v output9/X (sky130_fd_sc_hd__buf_2)
                                         y[0] (net)
                  0.09    0.00    2.34 v y[0] (out)
                                  2.34   data arrival time

                  0.00    0.00    0.00   clock __VIRTUAL_CLK__ (rise edge)
                          0.00    0.00   clock network delay (ideal)
                          0.25    0.25   clock uncertainty
                          0.00    0.25   clock reconvergence pessimism
                         -2.00   -1.75   output external delay
                                 -1.75   data required time
-----------------------------------------------------------------------------
                                 -1.75   data required time
                                 -2.34   data arrival time
-----------------------------------------------------------------------------
                                  4.09   slack (MET)


Startpoint: x[5] (input port clocked by __VIRTUAL_CLK__)
Endpoint: y[5] (output port clocked by __VIRTUAL_CLK__)
Path Group: __VIRTUAL_CLK__
Path Type: min

Fanout     Cap    Slew   Delay    Time   Description
-----------------------------------------------------------------------------
                  0.00    0.00    0.00   clock __VIRTUAL_CLK__ (rise edge)
                          0.00    0.00   clock network delay (ideal)
                          2.00    2.00 ^ input external delay
     1    0.00    0.02    0.01    2.01 ^ x[5] (in)
                                         x[5] (net)
                  0.02    0.00    2.01 ^ input6/A (sky130_fd_sc_hd__clkbuf_2)
     3    0.01    0.08    0.12    2.12 ^ input6/X (sky130_fd_sc_hd__clkbuf_2)
                                         net6 (net)
                  0.08    0.00    2.12 ^ _19_/A (sky130_fd_sc_hd__xnor2_2)
     1    0.00    0.03    0.06    2.18 v _19_/Y (sky130_fd_sc_hd__xnor2_2)
                                         net14 (net)
                  0.03    0.00    2.18 v output14/A (sky130_fd_sc_hd__buf_2)
     1    0.03    0.09    0.16    2.35 v output14/X (sky130_fd_sc_hd__buf_2)
                                         y[5] (net)
                  0.09    0.00    2.35 v y[5] (out)
                                  2.35   data arrival time

                  0.00    0.00    0.00   clock __VIRTUAL_CLK__ (rise edge)
                          0.00    0.00   clock network delay (ideal)
                          0.25    0.25   clock uncertainty
                          0.00    0.25   clock reconvergence pessimism
                         -2.00   -1.75   output external delay
                                 -1.75   data required time
-----------------------------------------------------------------------------
                                 -1.75   data required time
                                 -2.35   data arrival time
-----------------------------------------------------------------------------
                                  4.10   slack (MET)


Startpoint: x[1] (input port clocked by __VIRTUAL_CLK__)
Endpoint: y[1] (output port clocked by __VIRTUAL_CLK__)
Path Group: __VIRTUAL_CLK__
Path Type: min

Fanout     Cap    Slew   Delay    Time   Description
-----------------------------------------------------------------------------
                  0.00    0.00    0.00   clock __VIRTUAL_CLK__ (rise edge)
                          0.00    0.00   clock network delay (ideal)
                          2.00    2.00 ^ input external delay
     1    0.00    0.02    0.01    2.01 ^ x[1] (in)
                                         x[1] (net)
                  0.02    0.00    2.01 ^ input2/A (sky130_fd_sc_hd__clkbuf_2)
     4    0.01    0.06    0.10    2.11 ^ input2/X (sky130_fd_sc_hd__clkbuf_2)
                                         net2 (net)
                  0.06    0.00    2.11 ^ _25_/A (sky130_fd_sc_hd__and2_1)
     1    0.00    0.04    0.11    2.22 ^ _25_/X (sky130_fd_sc_hd__and2_1)
                                         _09_ (net)
                  0.04    0.00    2.22 ^ _26_/B (sky130_fd_sc_hd__nor2_1)
     1    0.00    0.02    0.03    2.24 v _26_/Y (sky130_fd_sc_hd__nor2_1)
                                         net10 (net)
                  0.02    0.00    2.24 v output10/A (sky130_fd_sc_hd__buf_2)
     1    0.03    0.09    0.16    2.40 v output10/X (sky130_fd_sc_hd__buf_2)
                                         y[1] (net)
                  0.09    0.00    2.40 v y[1] (out)
                                  2.40   data arrival time

                  0.00    0.00    0.00   clock __VIRTUAL_CLK__ (rise edge)
                          0.00    0.00   clock network delay (ideal)
                          0.25    0.25   clock uncertainty
                          0.00    0.25   clock reconvergence pessimism
                         -2.00   -1.75   output external delay
                                 -1.75   data required time
-----------------------------------------------------------------------------
                                 -1.75   data required time
                                 -2.40   data arrival time
-----------------------------------------------------------------------------
                                  4.15   slack (MET)


Startpoint: x[4] (input port clocked by __VIRTUAL_CLK__)
Endpoint: y[4] (output port clocked by __VIRTUAL_CLK__)
Path Group: __VIRTUAL_CLK__
Path Type: min

Fanout     Cap    Slew   Delay    Time   Description
-----------------------------------------------------------------------------
                  0.00    0.00    0.00   clock __VIRTUAL_CLK__ (rise edge)
                          0.00    0.00   clock network delay (ideal)
                          2.00    2.00 ^ input external delay
     1    0.00    0.02    0.01    2.01 ^ x[4] (in)
                                         x[4] (net)
                  0.02    0.00    2.01 ^ input5/A (sky130_fd_sc_hd__clkbuf_2)
     4    0.01    0.07    0.10    2.11 ^ input5/X (sky130_fd_sc_hd__clkbuf_2)
                                         net5 (net)
                  0.07    0.00    2.11 ^ _17_/A (sky130_fd_sc_hd__and2_1)
     1    0.00    0.04    0.11    2.22 ^ _17_/X (sky130_fd_sc_hd__and2_1)
                                         _05_ (net)
                  0.04    0.00    2.22 ^ _18_/B (sky130_fd_sc_hd__nor2_1)
     1    0.00    0.02    0.03    2.25 v _18_/Y (sky130_fd_sc_hd__nor2_1)
                                         net13 (net)
                  0.02    0.00    2.25 v output13/A (sky130_fd_sc_hd__buf_2)
     1    0.03    0.09    0.16    2.41 v output13/X (sky130_fd_sc_hd__buf_2)
                                         y[4] (net)
                  0.09    0.00    2.41 v y[4] (out)
                                  2.41   data arrival time

                  0.00    0.00    0.00   clock __VIRTUAL_CLK__ (rise edge)
                          0.00    0.00   clock network delay (ideal)
                          0.25    0.25   clock uncertainty
                          0.00    0.25   clock reconvergence pessimism
                         -2.00   -1.75   output external delay
                                 -1.75   data required time
-----------------------------------------------------------------------------
                                 -1.75   data required time
                                 -2.41   data arrival time
-----------------------------------------------------------------------------
                                  4.16   slack (MET)


Startpoint: x[6] (input port clocked by __VIRTUAL_CLK__)
Endpoint: y[6] (output port clocked by __VIRTUAL_CLK__)
Path Group: __VIRTUAL_CLK__
Path Type: min

Fanout     Cap    Slew   Delay    Time   Description
-----------------------------------------------------------------------------
                  0.00    0.00    0.00   clock __VIRTUAL_CLK__ (rise edge)
                          0.00    0.00   clock network delay (ideal)
                          2.00    2.00 v input external delay
     1    0.00    0.01    0.00    2.00 v x[6] (in)
                                         x[6] (net)
                  0.01    0.00    2.00 v input7/A (sky130_fd_sc_hd__buf_1)
     2    0.00    0.03    0.07    2.08 v input7/X (sky130_fd_sc_hd__buf_1)
                                         net7 (net)
                  0.03    0.00    2.08 v _21_/B1 (sky130_fd_sc_hd__o31ai_1)
     1    0.00    0.04    0.04    2.12 ^ _21_/Y (sky130_fd_sc_hd__o31ai_1)
                                         _07_ (net)
                  0.04    0.00    2.12 ^ _22_/B (sky130_fd_sc_hd__and2_1)
     1    0.00    0.04    0.10    2.22 ^ _22_/X (sky130_fd_sc_hd__and2_1)
                                         _08_ (net)
                  0.04    0.00    2.22 ^ _23_/A (sky130_fd_sc_hd__clkbuf_1)
     1    0.00    0.03    0.07    2.29 ^ _23_/X (sky130_fd_sc_hd__clkbuf_1)
                                         net15 (net)
                  0.03    0.00    2.29 ^ output15/A (sky130_fd_sc_hd__buf_2)
     1    0.03    0.17    0.18    2.47 ^ output15/X (sky130_fd_sc_hd__buf_2)
                                         y[6] (net)
                  0.17    0.00    2.47 ^ y[6] (out)
                                  2.47   data arrival time

                  0.00    0.00    0.00   clock __VIRTUAL_CLK__ (rise edge)
                          0.00    0.00   clock network delay (ideal)
                          0.25    0.25   clock uncertainty
                          0.00    0.25   clock reconvergence pessimism
                         -2.00   -1.75   output external delay
                                 -1.75   data required time
-----------------------------------------------------------------------------
                                 -1.75   data required time
                                 -2.47   data arrival time
-----------------------------------------------------------------------------
                                  4.22   slack (MET)


Startpoint: x[3] (input port clocked by __VIRTUAL_CLK__)
Endpoint: y[3] (output port clocked by __VIRTUAL_CLK__)
Path Group: __VIRTUAL_CLK__
Path Type: min

Fanout     Cap    Slew   Delay    Time   Description
-----------------------------------------------------------------------------
                  0.00    0.00    0.00   clock __VIRTUAL_CLK__ (rise edge)
                          0.00    0.00   clock network delay (ideal)
                          2.00    2.00 v input external delay
     1    0.00    0.01    0.00    2.00 v x[3] (in)
                                         x[3] (net)
                  0.01    0.00    2.00 v input4/A (sky130_fd_sc_hd__buf_1)
     2    0.00    0.04    0.08    2.08 v input4/X (sky130_fd_sc_hd__buf_1)
                                         net4 (net)
                  0.04    0.00    2.08 v _12_/B1 (sky130_fd_sc_hd__o31a_1)
     1    0.00    0.02    0.08    2.16 v _12_/X (sky130_fd_sc_hd__o31a_1)
                                         _01_ (net)
                  0.02    0.00    2.16 v _14_/A_N (sky130_fd_sc_hd__and2b_1)
     1    0.00    0.04    0.16    2.32 ^ _14_/X (sky130_fd_sc_hd__and2b_1)
                                         _03_ (net)
                  0.04    0.00    2.32 ^ _15_/A (sky130_fd_sc_hd__clkbuf_1)
     1    0.00    0.03    0.07    2.39 ^ _15_/X (sky130_fd_sc_hd__clkbuf_1)
                                         net12 (net)
                  0.03    0.00    2.39 ^ output12/A (sky130_fd_sc_hd__buf_2)
     1    0.03    0.17    0.18    2.57 ^ output12/X (sky130_fd_sc_hd__buf_2)
                                         y[3] (net)
                  0.17    0.00    2.57 ^ y[3] (out)
                                  2.57   data arrival time

                  0.00    0.00    0.00   clock __VIRTUAL_CLK__ (rise edge)
                          0.00    0.00   clock network delay (ideal)
                          0.25    0.25   clock uncertainty
                          0.00    0.25   clock reconvergence pessimism
                         -2.00   -1.75   output external delay
                                 -1.75   data required time
-----------------------------------------------------------------------------
                                 -1.75   data required time
                                 -2.57   data arrival time
-----------------------------------------------------------------------------
                                  4.32   slack (MET)



worst slack corner Typical: 4.0586
min_report_end
max_report

===========================================================================
report_checks -path_delay max (Setup)
============================================================================
======================= Typical Corner ===================================

Startpoint: x[1] (input port clocked by __VIRTUAL_CLK__)
Endpoint: y[6] (output port clocked by __VIRTUAL_CLK__)
Path Group: __VIRTUAL_CLK__
Path Type: max

Fanout     Cap    Slew   Delay    Time   Description
-----------------------------------------------------------------------------
                  0.00    0.00    0.00   clock __VIRTUAL_CLK__ (rise edge)
                          0.00    0.00   clock network delay (ideal)
                          2.00    2.00 v input external delay
     1    0.00    0.01    0.00    2.00 v x[1] (in)
                                         x[1] (net)
                  0.01    0.00    2.00 v input2/A (sky130_fd_sc_hd__clkbuf_2)
     4    0.01    0.04    0.10    2.11 v input2/X (sky130_fd_sc_hd__clkbuf_2)
                                         net2 (net)
                  0.04    0.00    2.11 v _13_/A (sky130_fd_sc_hd__or4_4)
     5    0.01    0.10    0.57    2.68 v _13_/X (sky130_fd_sc_hd__or4_4)
                                         _02_ (net)
                  0.10    0.00    2.68 v _20_/D (sky130_fd_sc_hd__or4_2)
     2    0.01    0.11    0.60    3.28 v _20_/X (sky130_fd_sc_hd__or4_2)
                                         _06_ (net)
                  0.11    0.00    3.28 v _22_/A (sky130_fd_sc_hd__and2_1)
     1    0.00    0.03    0.17    3.44 v _22_/X (sky130_fd_sc_hd__and2_1)
                                         _08_ (net)
                  0.03    0.00    3.44 v _23_/A (sky130_fd_sc_hd__clkbuf_1)
     1    0.00    0.02    0.08    3.52 v _23_/X (sky130_fd_sc_hd__clkbuf_1)
                                         net15 (net)
                  0.02    0.00    3.52 v output15/A (sky130_fd_sc_hd__buf_2)
     1    0.03    0.09    0.18    3.70 v output15/X (sky130_fd_sc_hd__buf_2)
                                         y[6] (net)
                  0.09    0.00    3.70 v y[6] (out)
                                  3.70   data arrival time

                  0.00   10.00   10.00   clock __VIRTUAL_CLK__ (rise edge)
                          0.00   10.00   clock network delay (ideal)
                         -0.25    9.75   clock uncertainty
                          0.00    9.75   clock reconvergence pessimism
                         -2.00    7.75   output external delay
                                  7.75   data required time
-----------------------------------------------------------------------------
                                  7.75   data required time
                                 -3.70   data arrival time
-----------------------------------------------------------------------------
                                  4.05   slack (MET)


Startpoint: x[1] (input port clocked by __VIRTUAL_CLK__)
Endpoint: y[7] (output port clocked by __VIRTUAL_CLK__)
Path Group: __VIRTUAL_CLK__
Path Type: max

Fanout     Cap    Slew   Delay    Time   Description
-----------------------------------------------------------------------------
                  0.00    0.00    0.00   clock __VIRTUAL_CLK__ (rise edge)
                          0.00    0.00   clock network delay (ideal)
                          2.00    2.00 v input external delay
     1    0.00    0.01    0.00    2.00 v x[1] (in)
                                         x[1] (net)
                  0.01    0.00    2.00 v input2/A (sky130_fd_sc_hd__clkbuf_2)
     4    0.01    0.04    0.10    2.11 v input2/X (sky130_fd_sc_hd__clkbuf_2)
                                         net2 (net)
                  0.04    0.00    2.11 v _13_/A (sky130_fd_sc_hd__or4_4)
     5    0.01    0.10    0.57    2.68 v _13_/X (sky130_fd_sc_hd__or4_4)
                                         _02_ (net)
                  0.10    0.00    2.68 v _20_/D (sky130_fd_sc_hd__or4_2)
     2    0.01    0.11    0.60    3.28 v _20_/X (sky130_fd_sc_hd__or4_2)
                                         _06_ (net)
                  0.11    0.00    3.28 v _24_/B (sky130_fd_sc_hd__xor2_1)
     1    0.00    0.10    0.14    3.42 ^ _24_/X (sky130_fd_sc_hd__xor2_1)
                                         net16 (net)
                  0.10    0.00    3.42 ^ output16/A (sky130_fd_sc_hd__buf_2)
     1    0.03    0.17    0.23    3.64 ^ output16/X (sky130_fd_sc_hd__buf_2)
                                         y[7] (net)
                  0.17    0.00    3.64 ^ y[7] (out)
                                  3.64   data arrival time

                  0.00   10.00   10.00   clock __VIRTUAL_CLK__ (rise edge)
                          0.00   10.00   clock network delay (ideal)
                         -0.25    9.75   clock uncertainty
                          0.00    9.75   clock reconvergence pessimism
                         -2.00    7.75   output external delay
                                  7.75   data required time
-----------------------------------------------------------------------------
                                  7.75   data required time
                                 -3.64   data arrival time
-----------------------------------------------------------------------------
                                  4.11   slack (MET)


Startpoint: x[1] (input port clocked by __VIRTUAL_CLK__)
Endpoint: y[5] (output port clocked by __VIRTUAL_CLK__)
Path Group: __VIRTUAL_CLK__
Path Type: max

Fanout     Cap    Slew   Delay    Time   Description
-----------------------------------------------------------------------------
                  0.00    0.00    0.00   clock __VIRTUAL_CLK__ (rise edge)
                          0.00    0.00   clock network delay (ideal)
                          2.00    2.00 v input external delay
     1    0.00    0.01    0.00    2.00 v x[1] (in)
                                         x[1] (net)
                  0.01    0.00    2.00 v input2/A (sky130_fd_sc_hd__clkbuf_2)
     4    0.01    0.04    0.10    2.11 v input2/X (sky130_fd_sc_hd__clkbuf_2)
                                         net2 (net)
                  0.04    0.00    2.11 v _13_/A (sky130_fd_sc_hd__or4_4)
     5    0.01    0.10    0.57    2.68 v _13_/X (sky130_fd_sc_hd__or4_4)
                                         _02_ (net)
                  0.10    0.00    2.68 v _16_/B (sky130_fd_sc_hd__nor2_2)
     2    0.01    0.14    0.16    2.84 ^ _16_/Y (sky130_fd_sc_hd__nor2_2)
                                         _04_ (net)
                  0.14    0.00    2.84 ^ _19_/B (sky130_fd_sc_hd__xnor2_2)
     1    0.00    0.09    0.12    2.96 ^ _19_/Y (sky130_fd_sc_hd__xnor2_2)
                                         net14 (net)
                  0.09    0.00    2.96 ^ output14/A (sky130_fd_sc_hd__buf_2)
     1    0.03    0.17    0.22    3.18 ^ output14/X (sky130_fd_sc_hd__buf_2)
                                         y[5] (net)
                  0.17    0.00    3.18 ^ y[5] (out)
                                  3.18   data arrival time

                  0.00   10.00   10.00   clock __VIRTUAL_CLK__ (rise edge)
                          0.00   10.00   clock network delay (ideal)
                         -0.25    9.75   clock uncertainty
                          0.00    9.75   clock reconvergence pessimism
                         -2.00    7.75   output external delay
                                  7.75   data required time
-----------------------------------------------------------------------------
                                  7.75   data required time
                                 -3.18   data arrival time
-----------------------------------------------------------------------------
                                  4.57   slack (MET)


Startpoint: x[1] (input port clocked by __VIRTUAL_CLK__)
Endpoint: y[4] (output port clocked by __VIRTUAL_CLK__)
Path Group: __VIRTUAL_CLK__
Path Type: max

Fanout     Cap    Slew   Delay    Time   Description
-----------------------------------------------------------------------------
                  0.00    0.00    0.00   clock __VIRTUAL_CLK__ (rise edge)
                          0.00    0.00   clock network delay (ideal)
                          2.00    2.00 v input external delay
     1    0.00    0.01    0.00    2.00 v x[1] (in)
                                         x[1] (net)
                  0.01    0.00    2.00 v input2/A (sky130_fd_sc_hd__clkbuf_2)
     4    0.01    0.04    0.10    2.11 v input2/X (sky130_fd_sc_hd__clkbuf_2)
                                         net2 (net)
                  0.04    0.00    2.11 v _13_/A (sky130_fd_sc_hd__or4_4)
     5    0.01    0.10    0.57    2.68 v _13_/X (sky130_fd_sc_hd__or4_4)
                                         _02_ (net)
                  0.10    0.00    2.68 v _17_/B (sky130_fd_sc_hd__and2_1)
     1    0.00    0.03    0.18    2.86 v _17_/X (sky130_fd_sc_hd__and2_1)
                                         _05_ (net)
                  0.03    0.00    2.86 v _18_/B (sky130_fd_sc_hd__nor2_1)
     1    0.00    0.06    0.07    2.93 ^ _18_/Y (sky130_fd_sc_hd__nor2_1)
                                         net13 (net)
                  0.06    0.00    2.93 ^ output13/A (sky130_fd_sc_hd__buf_2)
     1    0.03    0.17    0.21    3.14 ^ output13/X (sky130_fd_sc_hd__buf_2)
                                         y[4] (net)
                  0.17    0.00    3.14 ^ y[4] (out)
                                  3.14   data arrival time

                  0.00   10.00   10.00   clock __VIRTUAL_CLK__ (rise edge)
                          0.00   10.00   clock network delay (ideal)
                         -0.25    9.75   clock uncertainty
                          0.00    9.75   clock reconvergence pessimism
                         -2.00    7.75   output external delay
                                  7.75   data required time
-----------------------------------------------------------------------------
                                  7.75   data required time
                                 -3.14   data arrival time
-----------------------------------------------------------------------------
                                  4.61   slack (MET)


Startpoint: x[1] (input port clocked by __VIRTUAL_CLK__)
Endpoint: y[3] (output port clocked by __VIRTUAL_CLK__)
Path Group: __VIRTUAL_CLK__
Path Type: max

Fanout     Cap    Slew   Delay    Time   Description
-----------------------------------------------------------------------------
                  0.00    0.00    0.00   clock __VIRTUAL_CLK__ (rise edge)
                          0.00    0.00   clock network delay (ideal)
                          2.00    2.00 v input external delay
     1    0.00    0.01    0.00    2.00 v x[1] (in)
                                         x[1] (net)
                  0.01    0.00    2.00 v input2/A (sky130_fd_sc_hd__clkbuf_2)
     4    0.01    0.04    0.10    2.11 v input2/X (sky130_fd_sc_hd__clkbuf_2)
                                         net2 (net)
                  0.04    0.00    2.11 v _13_/A (sky130_fd_sc_hd__or4_4)
     5    0.01    0.10    0.57    2.68 v _13_/X (sky130_fd_sc_hd__or4_4)
                                         _02_ (net)
                  0.10    0.00    2.68 v _14_/B (sky130_fd_sc_hd__and2b_1)
     1    0.00    0.03    0.18    2.86 v _14_/X (sky130_fd_sc_hd__and2b_1)
                                         _03_ (net)
                  0.03    0.00    2.86 v _15_/A (sky130_fd_sc_hd__clkbuf_1)
     1    0.00    0.02    0.08    2.94 v _15_/X (sky130_fd_sc_hd__clkbuf_1)
                                         net12 (net)
                  0.02    0.00    2.94 v output12/A (sky130_fd_sc_hd__buf_2)
     1    0.03    0.09    0.18    3.12 v output12/X (sky130_fd_sc_hd__buf_2)
                                         y[3] (net)
                  0.09    0.00    3.12 v y[3] (out)
                                  3.12   data arrival time

                  0.00   10.00   10.00   clock __VIRTUAL_CLK__ (rise edge)
                          0.00   10.00   clock network delay (ideal)
                         -0.25    9.75   clock uncertainty
                          0.00    9.75   clock reconvergence pessimism
                         -2.00    7.75   output external delay
                                  7.75   data required time
-----------------------------------------------------------------------------
                                  7.75   data required time
                                 -3.12   data arrival time
-----------------------------------------------------------------------------
                                  4.63   slack (MET)


Startpoint: x[1] (input port clocked by __VIRTUAL_CLK__)
Endpoint: y[2] (output port clocked by __VIRTUAL_CLK__)
Path Group: __VIRTUAL_CLK__
Path Type: max

Fanout     Cap    Slew   Delay    Time   Description
-----------------------------------------------------------------------------
                  0.00    0.00    0.00   clock __VIRTUAL_CLK__ (rise edge)
                          0.00    0.00   clock network delay (ideal)
                          2.00    2.00 v input external delay
     1    0.00    0.01    0.00    2.00 v x[1] (in)
                                         x[1] (net)
                  0.01    0.00    2.00 v input2/A (sky130_fd_sc_hd__clkbuf_2)
     4    0.01    0.04    0.10    2.11 v input2/X (sky130_fd_sc_hd__clkbuf_2)
                                         net2 (net)
                  0.04    0.00    2.11 v _10_/A (sky130_fd_sc_hd__nor2_1)
     2    0.01    0.15    0.16    2.26 ^ _10_/Y (sky130_fd_sc_hd__nor2_1)
                                         _00_ (net)
                  0.15    0.00    2.26 ^ _11_/B (sky130_fd_sc_hd__xnor2_1)
     1    0.00    0.10    0.13    2.39 ^ _11_/Y (sky130_fd_sc_hd__xnor2_1)
                                         net11 (net)
                  0.10    0.00    2.39 ^ output11/A (sky130_fd_sc_hd__buf_2)
     1    0.03    0.17    0.23    2.62 ^ output11/X (sky130_fd_sc_hd__buf_2)
                                         y[2] (net)
                  0.17    0.00    2.62 ^ y[2] (out)
                                  2.62   data arrival time

                  0.00   10.00   10.00   clock __VIRTUAL_CLK__ (rise edge)
                          0.00   10.00   clock network delay (ideal)
                         -0.25    9.75   clock uncertainty
                          0.00    9.75   clock reconvergence pessimism
                         -2.00    7.75   output external delay
                                  7.75   data required time
-----------------------------------------------------------------------------
                                  7.75   data required time
                                 -2.62   data arrival time
-----------------------------------------------------------------------------
                                  5.13   slack (MET)


Startpoint: x[0] (input port clocked by __VIRTUAL_CLK__)
Endpoint: y[1] (output port clocked by __VIRTUAL_CLK__)
Path Group: __VIRTUAL_CLK__
Path Type: max

Fanout     Cap    Slew   Delay    Time   Description
-----------------------------------------------------------------------------
                  0.00    0.00    0.00   clock __VIRTUAL_CLK__ (rise edge)
                          0.00    0.00   clock network delay (ideal)
                          2.00    2.00 v input external delay
     1    0.00    0.01    0.00    2.00 v x[0] (in)
                                         x[0] (net)
                  0.01    0.00    2.00 v input1/A (sky130_fd_sc_hd__clkbuf_2)
     5    0.01    0.05    0.11    2.11 v input1/X (sky130_fd_sc_hd__clkbuf_2)
                                         net1 (net)
                  0.05    0.00    2.11 v _25_/B (sky130_fd_sc_hd__and2_1)
     1    0.00    0.03    0.16    2.27 v _25_/X (sky130_fd_sc_hd__and2_1)
                                         _09_ (net)
                  0.03    0.00    2.27 v _26_/B (sky130_fd_sc_hd__nor2_1)
     1    0.00    0.06    0.07    2.34 ^ _26_/Y (sky130_fd_sc_hd__nor2_1)
                                         net10 (net)
                  0.06    0.00    2.34 ^ output10/A (sky130_fd_sc_hd__buf_2)
     1    0.03    0.17    0.21    2.55 ^ output10/X (sky130_fd_sc_hd__buf_2)
                                         y[1] (net)
                  0.17    0.00    2.55 ^ y[1] (out)
                                  2.55   data arrival time

                  0.00   10.00   10.00   clock __VIRTUAL_CLK__ (rise edge)
                          0.00   10.00   clock network delay (ideal)
                         -0.25    9.75   clock uncertainty
                          0.00    9.75   clock reconvergence pessimism
                         -2.00    7.75   output external delay
                                  7.75   data required time
-----------------------------------------------------------------------------
                                  7.75   data required time
                                 -2.55   data arrival time
-----------------------------------------------------------------------------
                                  5.20   slack (MET)


Startpoint: x[0] (input port clocked by __VIRTUAL_CLK__)
Endpoint: y[0] (output port clocked by __VIRTUAL_CLK__)
Path Group: __VIRTUAL_CLK__
Path Type: max

Fanout     Cap    Slew   Delay    Time   Description
-----------------------------------------------------------------------------
                  0.00    0.00    0.00   clock __VIRTUAL_CLK__ (rise edge)
                          0.00    0.00   clock network delay (ideal)
                          2.00    2.00 ^ input external delay
     1    0.00    0.02    0.01    2.01 ^ x[0] (in)
                                         x[0] (net)
                  0.02    0.00    2.01 ^ input1/A (sky130_fd_sc_hd__clkbuf_2)
     5    0.01    0.07    0.12    2.13 ^ input1/X (sky130_fd_sc_hd__clkbuf_2)
                                         net1 (net)
                  0.07    0.00    2.13 ^ _27_/A (sky130_fd_sc_hd__clkbuf_1)
     1    0.00    0.03    0.08    2.21 ^ _27_/X (sky130_fd_sc_hd__clkbuf_1)
                                         net9 (net)
                  0.03    0.00    2.21 ^ output9/A (sky130_fd_sc_hd__buf_2)
     1    0.03    0.17    0.20    2.41 ^ output9/X (sky130_fd_sc_hd__buf_2)
                                         y[0] (net)
                  0.17    0.00    2.41 ^ y[0] (out)
                                  2.41   data arrival time

                  0.00   10.00   10.00   clock __VIRTUAL_CLK__ (rise edge)
                          0.00   10.00   clock network delay (ideal)
                         -0.25    9.75   clock uncertainty
                          0.00    9.75   clock reconvergence pessimism
                         -2.00    7.75   output external delay
                                  7.75   data required time
-----------------------------------------------------------------------------
                                  7.75   data required time
                                 -2.41   data arrival time
-----------------------------------------------------------------------------
                                  5.34   slack (MET)



worst slack corner Typical: 4.0503
max_report_end
checks_report

===========================================================================
report_checks -unconstrained
===========================================================================
======================= Typical Corner ===================================

Startpoint: x[1] (input port clocked by __VIRTUAL_CLK__)
Endpoint: y[6] (output port clocked by __VIRTUAL_CLK__)
Path Group: __VIRTUAL_CLK__
Path Type: max

Fanout     Cap    Slew   Delay    Time   Description
-----------------------------------------------------------------------------
                  0.00    0.00    0.00   clock __VIRTUAL_CLK__ (rise edge)
                          0.00    0.00   clock network delay (ideal)
                          2.00    2.00 v input external delay
     1    0.00    0.01    0.00    2.00 v x[1] (in)
                                         x[1] (net)
                  0.01    0.00    2.00 v input2/A (sky130_fd_sc_hd__clkbuf_2)
     4    0.01    0.04    0.10    2.11 v input2/X (sky130_fd_sc_hd__clkbuf_2)
                                         net2 (net)
                  0.04    0.00    2.11 v _13_/A (sky130_fd_sc_hd__or4_4)
     5    0.01    0.10    0.57    2.68 v _13_/X (sky130_fd_sc_hd__or4_4)
                                         _02_ (net)
                  0.10    0.00    2.68 v _20_/D (sky130_fd_sc_hd__or4_2)
     2    0.01    0.11    0.60    3.28 v _20_/X (sky130_fd_sc_hd__or4_2)
                                         _06_ (net)
                  0.11    0.00    3.28 v _22_/A (sky130_fd_sc_hd__and2_1)
     1    0.00    0.03    0.17    3.44 v _22_/X (sky130_fd_sc_hd__and2_1)
                                         _08_ (net)
                  0.03    0.00    3.44 v _23_/A (sky130_fd_sc_hd__clkbuf_1)
     1    0.00    0.02    0.08    3.52 v _23_/X (sky130_fd_sc_hd__clkbuf_1)
                                         net15 (net)
                  0.02    0.00    3.52 v output15/A (sky130_fd_sc_hd__buf_2)
     1    0.03    0.09    0.18    3.70 v output15/X (sky130_fd_sc_hd__buf_2)
                                         y[6] (net)
                  0.09    0.00    3.70 v y[6] (out)
                                  3.70   data arrival time

                  0.00   10.00   10.00   clock __VIRTUAL_CLK__ (rise edge)
                          0.00   10.00   clock network delay (ideal)
                         -0.25    9.75   clock uncertainty
                          0.00    9.75   clock reconvergence pessimism
                         -2.00    7.75   output external delay
                                  7.75   data required time
-----------------------------------------------------------------------------
                                  7.75   data required time
                                 -3.70   data arrival time
-----------------------------------------------------------------------------
                                  4.05   slack (MET)




===========================================================================
report_checks --slack_max -0.01
============================================================================
======================= Typical Corner ===================================

No paths found.


===========================================================================
 report_check_types -max_slew -max_cap -max_fanout -violators
============================================================================
======================= Typical Corner ===================================


max slew violations count Typical: 0
max fanout violations count Typical: 0
max cap violations count Typical: 0

===========================================================================
report_parasitic_annotation -report_unannotated
============================================================================
Found 42 unannotated drivers.
 x[0]
 x[1]
 x[2]
 x[3]
 x[4]
 x[5]
 x[6]
 x[7]
 _10_/Y
 _11_/Y
 _12_/X
 _13_/X
 _14_/X
 _15_/X
 _16_/Y
 _17_/X
 _18_/Y
 _19_/Y
 _20_/X
 _21_/Y
 _22_/X
 _23_/X
 _24_/X
 _25_/X
 _26_/Y
 _27_/X
 input1/X
 input2/X
 input3/X
 input4/X
 input5/X
 input6/X
 input7/X
 input8/X
 output10/X
 output11/X
 output12/X
 output13/X
 output14/X
 output15/X
 output16/X
 output9/X
Found 0 partially unannotated drivers.

===========================================================================
max slew violation count 0
max fanout violation count 0
max cap violation count 0
============================================================================

===========================================================================
check_setup -verbose -unconstrained_endpoints -multiple_clock -no_clock -no_input_delay -loops -generated_clocks
===========================================================================
checks_report_end
power_report

===========================================================================
 report_power
============================================================================
======================= Typical Corner ===================================

Group                  Internal  Switching    Leakage      Total
                          Power      Power      Power      Power (Watts)
----------------------------------------------------------------
Sequential             0.00e+00   0.00e+00   0.00e+00   0.00e+00   0.0%
Combinational          4.58e-06   7.67e-06   9.68e-11   1.23e-05 100.0%
Clock                  0.00e+00   0.00e+00   1.81e-10   1.81e-10   0.0%
Macro                  0.00e+00   0.00e+00   0.00e+00   0.00e+00   0.0%
Pad                    0.00e+00   0.00e+00   0.00e+00   0.00e+00   0.0%
----------------------------------------------------------------
Total                  4.58e-06   7.67e-06   2.78e-10   1.23e-05 100.0%
                          37.4%      62.6%       0.0%

power_report_end
summary_report

===========================================================================
report_tns
============================================================================
tns 0.00

===========================================================================
report_wns
============================================================================
wns 0.00

===========================================================================
report_worst_slack -max (Setup)
============================================================================
worst slack 4.05

===========================================================================
report_worst_slack -min (Hold)
============================================================================
worst slack 4.06
summary_report_end
area_report

===========================================================================
report_design_area
============================================================================
Design area 314 u^2 5% utilization.
area_report_end
check_nonpropagated_clocks
__VIRTUAL_CLK__
check_nonpropagated_clocks_end
[WARNING] Did not save OpenROAD database!
