
===========================================================================
report_checks -unconstrained
===========================================================================
======================= Fastest Corner ===================================

Startpoint: B[0] (input port clocked by __VIRTUAL_CLK__)
Endpoint: out[5] (output port clocked by __VIRTUAL_CLK__)
Path Group: __VIRTUAL_CLK__
Path Type: max
Corner: Fastest

Fanout     Cap    Slew   Delay    Time   Description
-----------------------------------------------------------------------------
                  0.00    0.00    0.00   clock __VIRTUAL_CLK__ (rise edge)
                          0.00    0.00   clock network delay (ideal)
                          2.00    2.00 ^ input external delay
     1    0.00    0.02    0.01    2.01 ^ B[0] (in)
                                         B[0] (net)
                  0.02    0.00    2.01 ^ input9/A (sky130_fd_sc_hd__clkbuf_2)
     4    0.04    0.18    0.17    2.18 ^ input9/X (sky130_fd_sc_hd__clkbuf_2)
                                         net9 (net)
                  0.18    0.00    2.18 ^ _184_/A (sky130_fd_sc_hd__clkbuf_4)
    10    0.07    0.17    0.23    2.41 ^ _184_/X (sky130_fd_sc_hd__clkbuf_4)
                                         _112_ (net)
                  0.17    0.01    2.41 ^ _185_/B2 (sky130_fd_sc_hd__a22oi_4)
     3    0.02    0.07    0.06    2.48 v _185_/Y (sky130_fd_sc_hd__a22oi_4)
                                         _113_ (net)
                  0.07    0.00    2.48 v _192_/C (sky130_fd_sc_hd__or3_1)
     2    0.02    0.11    0.28    2.75 v _192_/X (sky130_fd_sc_hd__or3_1)
                                         _120_ (net)
                  0.11    0.00    2.76 v _197_/A1 (sky130_fd_sc_hd__a21o_1)
     2    0.02    0.06    0.17    2.93 v _197_/X (sky130_fd_sc_hd__a21o_1)
                                         _125_ (net)
                  0.06    0.00    2.93 v _199_/A3 (sky130_fd_sc_hd__a31o_2)
     2    0.03    0.07    0.23    3.16 v _199_/X (sky130_fd_sc_hd__a31o_2)
                                         _127_ (net)
                  0.07    0.00    3.16 v _201_/B (sky130_fd_sc_hd__xor2_2)
     2    0.03    0.29    0.26    3.42 ^ _201_/X (sky130_fd_sc_hd__xor2_2)
                                         _129_ (net)
                  0.29    0.00    3.42 ^ _210_/A (sky130_fd_sc_hd__nand3_2)
     3    0.03    0.15    0.15    3.57 v _210_/Y (sky130_fd_sc_hd__nand3_2)
                                         _138_ (net)
                  0.15    0.00    3.57 v _219_/A2 (sky130_fd_sc_hd__a21oi_1)
     1    0.01    0.23    0.26    3.84 ^ _219_/Y (sky130_fd_sc_hd__a21oi_1)
                                         _147_ (net)
                  0.23    0.00    3.84 ^ _221_/A (sky130_fd_sc_hd__nor2_1)
     1    0.02    0.11    0.12    3.96 v _221_/Y (sky130_fd_sc_hd__nor2_1)
                                         _149_ (net)
                  0.11    0.00    3.96 v _267_/A2 (sky130_fd_sc_hd__a211o_1)
     1    0.02    0.08    0.26    4.22 v _267_/X (sky130_fd_sc_hd__a211o_1)
                                         net25 (net)
                  0.08    0.00    4.22 v output25/A (sky130_fd_sc_hd__buf_2)
     1    0.03    0.06    0.14    4.37 v output25/X (sky130_fd_sc_hd__buf_2)
                                         out[5] (net)
                  0.06    0.00    4.37 v out[5] (out)
                                  4.37   data arrival time

                  0.00   10.00   10.00   clock __VIRTUAL_CLK__ (rise edge)
                          0.00   10.00   clock network delay (ideal)
                         -0.25    9.75   clock uncertainty
                          0.00    9.75   clock reconvergence pessimism
                         -2.00    7.75   output external delay
                                  7.75   data required time
-----------------------------------------------------------------------------
                                  7.75   data required time
                                 -4.37   data arrival time
-----------------------------------------------------------------------------
                                  3.38   slack (MET)



======================= Slowest Corner ===================================

Startpoint: opcode[0] (input port clocked by __VIRTUAL_CLK__)
Endpoint: out[4] (output port clocked by __VIRTUAL_CLK__)
Path Group: __VIRTUAL_CLK__
Path Type: max
Corner: Slowest

Fanout     Cap    Slew   Delay    Time   Description
-----------------------------------------------------------------------------
                  0.00    0.00    0.00   clock __VIRTUAL_CLK__ (rise edge)
                          0.00    0.00   clock network delay (ideal)
                          2.00    2.00 v input external delay
     1    0.00    0.02    0.01    2.01 v opcode[0] (in)
                                         opcode[0] (net)
                  0.02    0.00    2.01 v input17/A (sky130_fd_sc_hd__clkbuf_2)
     5    0.04    0.27    0.35    2.36 v input17/X (sky130_fd_sc_hd__clkbuf_2)
                                         net17 (net)
                  0.27    0.00    2.36 v _235_/A_N (sky130_fd_sc_hd__nand3b_4)
     4    0.02    0.23    0.49    2.85 v _235_/Y (sky130_fd_sc_hd__nand3b_4)
                                         _163_ (net)
                  0.23    0.00    2.85 v rebuffer1/A (sky130_fd_sc_hd__buf_6)
     6    0.03    0.07    0.34    3.19 v rebuffer1/X (sky130_fd_sc_hd__buf_6)
                                         net28 (net)
                  0.07    0.00    3.19 v _243_/A2 (sky130_fd_sc_hd__a21oi_1)
     2    0.02    0.67    0.64    3.83 ^ _243_/Y (sky130_fd_sc_hd__a21oi_1)
                                         _001_ (net)
                  0.67    0.00    3.83 ^ _244_/A2 (sky130_fd_sc_hd__o21a_2)
     4    0.03    0.25    0.61    4.44 ^ _244_/X (sky130_fd_sc_hd__o21a_2)
                                         _002_ (net)
                  0.25    0.00    4.44 ^ _247_/A_N (sky130_fd_sc_hd__and3b_2)
     3    0.02    0.16    0.63    5.07 v _247_/X (sky130_fd_sc_hd__and3b_2)
                                         _005_ (net)
                  0.16    0.00    5.07 v _250_/A2 (sky130_fd_sc_hd__o21ai_4)
     4    0.03    0.40    0.44    5.51 ^ _250_/Y (sky130_fd_sc_hd__o21ai_4)
                                         _008_ (net)
                  0.40    0.00    5.51 ^ _336_/A1 (sky130_fd_sc_hd__a31o_1)
     1    0.03    0.49    0.74    6.25 ^ _336_/X (sky130_fd_sc_hd__a31o_1)
                                         _087_ (net)
                  0.49    0.00    6.26 ^ _337_/B (sky130_fd_sc_hd__nand2_1)
     1    0.02    0.31    0.46    6.72 v _337_/Y (sky130_fd_sc_hd__nand2_1)
                                         _088_ (net)
                  0.31    0.00    6.72 v _338_/C (sky130_fd_sc_hd__and3_1)
     1    0.01    0.09    0.53    7.25 v _338_/X (sky130_fd_sc_hd__and3_1)
                                         _089_ (net)
                  0.09    0.00    7.25 v _346_/A (sky130_fd_sc_hd__or3_1)
     1    0.01    0.24    1.05    8.30 v _346_/X (sky130_fd_sc_hd__or3_1)
                                         _097_ (net)
                  0.24    0.00    8.30 v _347_/A (sky130_fd_sc_hd__buf_1)
     1    0.01    0.17    0.35    8.65 v _347_/X (sky130_fd_sc_hd__buf_1)
                                         net24 (net)
                  0.17    0.00    8.65 v output24/A (sky130_fd_sc_hd__buf_2)
     1    0.03    0.17    0.41    9.06 v output24/X (sky130_fd_sc_hd__buf_2)
                                         out[4] (net)
                  0.17    0.00    9.06 v out[4] (out)
                                  9.06   data arrival time

                  0.00   10.00   10.00   clock __VIRTUAL_CLK__ (rise edge)
                          0.00   10.00   clock network delay (ideal)
                         -0.25    9.75   clock uncertainty
                          0.00    9.75   clock reconvergence pessimism
                         -2.00    7.75   output external delay
                                  7.75   data required time
-----------------------------------------------------------------------------
                                  7.75   data required time
                                 -9.06   data arrival time
-----------------------------------------------------------------------------
                                 -1.31   slack (VIOLATED)



======================= Typical Corner ===================================

Startpoint: B[0] (input port clocked by __VIRTUAL_CLK__)
Endpoint: out[5] (output port clocked by __VIRTUAL_CLK__)
Path Group: __VIRTUAL_CLK__
Path Type: max
Corner: Typical

Fanout     Cap    Slew   Delay    Time   Description
-----------------------------------------------------------------------------
                  0.00    0.00    0.00   clock __VIRTUAL_CLK__ (rise edge)
                          0.00    0.00   clock network delay (ideal)
                          2.00    2.00 ^ input external delay
     1    0.00    0.02    0.01    2.01 ^ B[0] (in)
                                         B[0] (net)
                  0.02    0.00    2.01 ^ input9/A (sky130_fd_sc_hd__clkbuf_2)
     4    0.04    0.23    0.24    2.25 ^ input9/X (sky130_fd_sc_hd__clkbuf_2)
                                         net9 (net)
                  0.23    0.00    2.25 ^ _184_/A (sky130_fd_sc_hd__clkbuf_4)
    10    0.07    0.22    0.34    2.59 ^ _184_/X (sky130_fd_sc_hd__clkbuf_4)
                                         _112_ (net)
                  0.22    0.01    2.60 ^ _185_/B2 (sky130_fd_sc_hd__a22oi_4)
     3    0.02    0.10    0.12    2.72 v _185_/Y (sky130_fd_sc_hd__a22oi_4)
                                         _113_ (net)
                  0.10    0.00    2.72 v _192_/C (sky130_fd_sc_hd__or3_1)
     2    0.02    0.17    0.46    3.18 v _192_/X (sky130_fd_sc_hd__or3_1)
                                         _120_ (net)
                  0.17    0.00    3.18 v _197_/A1 (sky130_fd_sc_hd__a21o_1)
     2    0.02    0.09    0.27    3.45 v _197_/X (sky130_fd_sc_hd__a21o_1)
                                         _125_ (net)
                  0.09    0.00    3.45 v _199_/A3 (sky130_fd_sc_hd__a31o_2)
     2    0.03    0.10    0.35    3.80 v _199_/X (sky130_fd_sc_hd__a31o_2)
                                         _127_ (net)
                  0.10    0.00    3.80 v _201_/B (sky130_fd_sc_hd__xor2_2)
     2    0.03    0.38    0.36    4.16 ^ _201_/X (sky130_fd_sc_hd__xor2_2)
                                         _129_ (net)
                  0.38    0.00    4.17 ^ _210_/A (sky130_fd_sc_hd__nand3_2)
     3    0.03    0.23    0.27    4.44 v _210_/Y (sky130_fd_sc_hd__nand3_2)
                                         _138_ (net)
                  0.23    0.00    4.44 v _219_/A2 (sky130_fd_sc_hd__a21oi_1)
     1    0.01    0.32    0.38    4.82 ^ _219_/Y (sky130_fd_sc_hd__a21oi_1)
                                         _147_ (net)
                  0.32    0.00    4.82 ^ _221_/A (sky130_fd_sc_hd__nor2_1)
     1    0.02    0.14    0.21    5.03 v _221_/Y (sky130_fd_sc_hd__nor2_1)
                                         _149_ (net)
                  0.14    0.00    5.03 v _267_/A2 (sky130_fd_sc_hd__a211o_1)
     1    0.02    0.11    0.41    5.44 v _267_/X (sky130_fd_sc_hd__a211o_1)
                                         net25 (net)
                  0.11    0.00    5.44 v output25/A (sky130_fd_sc_hd__buf_2)
     1    0.03    0.09    0.22    5.66 v output25/X (sky130_fd_sc_hd__buf_2)
                                         out[5] (net)
                  0.09    0.00    5.66 v out[5] (out)
                                  5.66   data arrival time

                  0.00   10.00   10.00   clock __VIRTUAL_CLK__ (rise edge)
                          0.00   10.00   clock network delay (ideal)
                         -0.25    9.75   clock uncertainty
                          0.00    9.75   clock reconvergence pessimism
                         -2.00    7.75   output external delay
                                  7.75   data required time
-----------------------------------------------------------------------------
                                  7.75   data required time
                                 -5.66   data arrival time
-----------------------------------------------------------------------------
                                  2.09   slack (MET)




===========================================================================
report_checks --slack_max -0.01
============================================================================
======================= Fastest Corner ===================================

No paths found.

======================= Slowest Corner ===================================

Startpoint: opcode[0] (input port clocked by __VIRTUAL_CLK__)
Endpoint: out[4] (output port clocked by __VIRTUAL_CLK__)
Path Group: __VIRTUAL_CLK__
Path Type: max
Corner: Slowest

Fanout     Cap    Slew   Delay    Time   Description
-----------------------------------------------------------------------------
                  0.00    0.00    0.00   clock __VIRTUAL_CLK__ (rise edge)
                          0.00    0.00   clock network delay (ideal)
                          2.00    2.00 v input external delay
     1    0.00    0.02    0.01    2.01 v opcode[0] (in)
                                         opcode[0] (net)
                  0.02    0.00    2.01 v input17/A (sky130_fd_sc_hd__clkbuf_2)
     5    0.04    0.27    0.35    2.36 v input17/X (sky130_fd_sc_hd__clkbuf_2)
                                         net17 (net)
                  0.27    0.00    2.36 v _235_/A_N (sky130_fd_sc_hd__nand3b_4)
     4    0.02    0.23    0.49    2.85 v _235_/Y (sky130_fd_sc_hd__nand3b_4)
                                         _163_ (net)
                  0.23    0.00    2.85 v rebuffer1/A (sky130_fd_sc_hd__buf_6)
     6    0.03    0.07    0.34    3.19 v rebuffer1/X (sky130_fd_sc_hd__buf_6)
                                         net28 (net)
                  0.07    0.00    3.19 v _243_/A2 (sky130_fd_sc_hd__a21oi_1)
     2    0.02    0.67    0.64    3.83 ^ _243_/Y (sky130_fd_sc_hd__a21oi_1)
                                         _001_ (net)
                  0.67    0.00    3.83 ^ _244_/A2 (sky130_fd_sc_hd__o21a_2)
     4    0.03    0.25    0.61    4.44 ^ _244_/X (sky130_fd_sc_hd__o21a_2)
                                         _002_ (net)
                  0.25    0.00    4.44 ^ _247_/A_N (sky130_fd_sc_hd__and3b_2)
     3    0.02    0.16    0.63    5.07 v _247_/X (sky130_fd_sc_hd__and3b_2)
                                         _005_ (net)
                  0.16    0.00    5.07 v _250_/A2 (sky130_fd_sc_hd__o21ai_4)
     4    0.03    0.40    0.44    5.51 ^ _250_/Y (sky130_fd_sc_hd__o21ai_4)
                                         _008_ (net)
                  0.40    0.00    5.51 ^ _336_/A1 (sky130_fd_sc_hd__a31o_1)
     1    0.03    0.49    0.74    6.25 ^ _336_/X (sky130_fd_sc_hd__a31o_1)
                                         _087_ (net)
                  0.49    0.00    6.26 ^ _337_/B (sky130_fd_sc_hd__nand2_1)
     1    0.02    0.31    0.46    6.72 v _337_/Y (sky130_fd_sc_hd__nand2_1)
                                         _088_ (net)
                  0.31    0.00    6.72 v _338_/C (sky130_fd_sc_hd__and3_1)
     1    0.01    0.09    0.53    7.25 v _338_/X (sky130_fd_sc_hd__and3_1)
                                         _089_ (net)
                  0.09    0.00    7.25 v _346_/A (sky130_fd_sc_hd__or3_1)
     1    0.01    0.24    1.05    8.30 v _346_/X (sky130_fd_sc_hd__or3_1)
                                         _097_ (net)
                  0.24    0.00    8.30 v _347_/A (sky130_fd_sc_hd__buf_1)
     1    0.01    0.17    0.35    8.65 v _347_/X (sky130_fd_sc_hd__buf_1)
                                         net24 (net)
                  0.17    0.00    8.65 v output24/A (sky130_fd_sc_hd__buf_2)
     1    0.03    0.17    0.41    9.06 v output24/X (sky130_fd_sc_hd__buf_2)
                                         out[4] (net)
                  0.17    0.00    9.06 v out[4] (out)
                                  9.06   data arrival time

                  0.00   10.00   10.00   clock __VIRTUAL_CLK__ (rise edge)
                          0.00   10.00   clock network delay (ideal)
                         -0.25    9.75   clock uncertainty
                          0.00    9.75   clock reconvergence pessimism
                         -2.00    7.75   output external delay
                                  7.75   data required time
-----------------------------------------------------------------------------
                                  7.75   data required time
                                 -9.06   data arrival time
-----------------------------------------------------------------------------
                                 -1.31   slack (VIOLATED)



======================= Typical Corner ===================================

No paths found.


===========================================================================
 report_check_types -max_slew -max_cap -max_fanout -violators
============================================================================
======================= Fastest Corner ===================================


max slew violations count Fastest: 0
max fanout violations count Fastest: 0
max cap violations count Fastest: 0
======================= Slowest Corner ===================================

max slew

Pin                                    Limit    Slew   Slack
------------------------------------------------------------
_216_/Y                                 0.75    1.12   -0.37 (VIOLATED)
_218_/A                                 0.75    1.12   -0.37 (VIOLATED)
_282_/B1                                0.75    1.12   -0.37 (VIOLATED)
_322_/B2                                0.75    0.94   -0.19 (VIOLATED)
_321_/Y                                 0.75    0.94   -0.19 (VIOLATED)
_238_/B                                 0.75    0.77   -0.02 (VIOLATED)
_255_/B                                 0.75    0.77   -0.02 (VIOLATED)
_237_/Y                                 0.75    0.77   -0.02 (VIOLATED)
_317_/C                                 0.75    0.76   -0.01 (VIOLATED)
_313_/Y                                 0.75    0.76   -0.01 (VIOLATED)
_217_/B1                                0.75    0.75   -0.00 (VIOLATED)
_216_/C                                 0.75    0.75   -0.00 (VIOLATED)
_215_/Y                                 0.75    0.75   -0.00 (VIOLATED)


max slew violations count Slowest: 13
max fanout violations count Slowest: 0
max cap violations count Slowest: 0
======================= Typical Corner ===================================


max slew violations count Typical: 0
max fanout violations count Typical: 0
max cap violations count Typical: 0

===========================================================================
report_parasitic_annotation -report_unannotated
============================================================================
Found 0 unannotated drivers.
Found 0 partially unannotated drivers.

===========================================================================
max slew violation count 13
max fanout violation count 0
max cap violation count 0
============================================================================

===========================================================================
check_setup -verbose -unconstrained_endpoints -multiple_clock -no_clock -no_input_delay -loops -generated_clocks
===========================================================================
