
===========================================================================
report_checks -path_delay max (Setup)
============================================================================
======================= Fastest Corner ===================================

Startpoint: x[1] (input port clocked by __VIRTUAL_CLK__)
Endpoint: y[6] (output port clocked by __VIRTUAL_CLK__)
Path Group: __VIRTUAL_CLK__
Path Type: max
Corner: Fastest

Fanout     Cap    Slew   Delay    Time   Description
-----------------------------------------------------------------------------
                  0.00    0.00    0.00   clock __VIRTUAL_CLK__ (rise edge)
                          0.00    0.00   clock network delay (ideal)
                          2.00    2.00 v input external delay
     1    0.00    0.00    0.00    2.00 v x[1] (in)
                                         x[1] (net)
                  0.00    0.00    2.00 v input2/A (sky130_fd_sc_hd__clkbuf_2)
     4    0.03    0.07    0.11    2.11 v input2/X (sky130_fd_sc_hd__clkbuf_2)
                                         net2 (net)
                  0.07    0.00    2.11 v _13_/A (sky130_fd_sc_hd__or4_4)
     5    0.03    0.09    0.39    2.50 v _13_/X (sky130_fd_sc_hd__or4_4)
                                         _02_ (net)
                  0.09    0.00    2.51 v _20_/D (sky130_fd_sc_hd__or4_2)
     2    0.02    0.10    0.38    2.88 v _20_/X (sky130_fd_sc_hd__or4_2)
                                         _06_ (net)
                  0.10    0.00    2.89 v _22_/A (sky130_fd_sc_hd__and2_1)
     1    0.01    0.03    0.12    3.01 v _22_/X (sky130_fd_sc_hd__and2_1)
                                         _08_ (net)
                  0.03    0.00    3.01 v _23_/A (sky130_fd_sc_hd__clkbuf_1)
     1    0.01    0.03    0.07    3.08 v _23_/X (sky130_fd_sc_hd__clkbuf_1)
                                         net15 (net)
                  0.03    0.00    3.08 v output15/A (sky130_fd_sc_hd__buf_2)
     1    0.03    0.06    0.12    3.21 v output15/X (sky130_fd_sc_hd__buf_2)
                                         y[6] (net)
                  0.06    0.00    3.21 v y[6] (out)
                                  3.21   data arrival time

                  0.00   10.00   10.00   clock __VIRTUAL_CLK__ (rise edge)
                          0.00   10.00   clock network delay (ideal)
                         -0.25    9.75   clock uncertainty
                          0.00    9.75   clock reconvergence pessimism
                         -2.00    7.75   output external delay
                                  7.75   data required time
-----------------------------------------------------------------------------
                                  7.75   data required time
                                 -3.21   data arrival time
-----------------------------------------------------------------------------
                                  4.54   slack (MET)


Startpoint: x[1] (input port clocked by __VIRTUAL_CLK__)
Endpoint: y[7] (output port clocked by __VIRTUAL_CLK__)
Path Group: __VIRTUAL_CLK__
Path Type: max
Corner: Fastest

Fanout     Cap    Slew   Delay    Time   Description
-----------------------------------------------------------------------------
                  0.00    0.00    0.00   clock __VIRTUAL_CLK__ (rise edge)
                          0.00    0.00   clock network delay (ideal)
                          2.00    2.00 v input external delay
     1    0.00    0.00    0.00    2.00 v x[1] (in)
                                         x[1] (net)
                  0.00    0.00    2.00 v input2/A (sky130_fd_sc_hd__clkbuf_2)
     4    0.03    0.07    0.11    2.11 v input2/X (sky130_fd_sc_hd__clkbuf_2)
                                         net2 (net)
                  0.07    0.00    2.11 v _13_/A (sky130_fd_sc_hd__or4_4)
     5    0.03    0.09    0.39    2.50 v _13_/X (sky130_fd_sc_hd__or4_4)
                                         _02_ (net)
                  0.09    0.00    2.51 v _20_/D (sky130_fd_sc_hd__or4_2)
     2    0.02    0.10    0.38    2.88 v _20_/X (sky130_fd_sc_hd__or4_2)
                                         _06_ (net)
                  0.10    0.00    2.89 v _24_/B (sky130_fd_sc_hd__xor2_1)
     1    0.00    0.09    0.12    3.01 ^ _24_/X (sky130_fd_sc_hd__xor2_1)
                                         net16 (net)
                  0.09    0.00    3.01 ^ output16/A (sky130_fd_sc_hd__buf_2)
     1    0.03    0.13    0.16    3.17 ^ output16/X (sky130_fd_sc_hd__buf_2)
                                         y[7] (net)
                  0.13    0.00    3.17 ^ y[7] (out)
                                  3.17   data arrival time

                  0.00   10.00   10.00   clock __VIRTUAL_CLK__ (rise edge)
                          0.00   10.00   clock network delay (ideal)
                         -0.25    9.75   clock uncertainty
                          0.00    9.75   clock reconvergence pessimism
                         -2.00    7.75   output external delay
                                  7.75   data required time
-----------------------------------------------------------------------------
                                  7.75   data required time
                                 -3.17   data arrival time
-----------------------------------------------------------------------------
                                  4.58   slack (MET)


Startpoint: x[1] (input port clocked by __VIRTUAL_CLK__)
Endpoint: y[4] (output port clocked by __VIRTUAL_CLK__)
Path Group: __VIRTUAL_CLK__
Path Type: max
Corner: Fastest

Fanout     Cap    Slew   Delay    Time   Description
-----------------------------------------------------------------------------
                  0.00    0.00    0.00   clock __VIRTUAL_CLK__ (rise edge)
                          0.00    0.00   clock network delay (ideal)
                          2.00    2.00 v input external delay
     1    0.00    0.00    0.00    2.00 v x[1] (in)
                                         x[1] (net)
                  0.00    0.00    2.00 v input2/A (sky130_fd_sc_hd__clkbuf_2)
     4    0.03    0.07    0.11    2.11 v input2/X (sky130_fd_sc_hd__clkbuf_2)
                                         net2 (net)
                  0.07    0.00    2.11 v _13_/A (sky130_fd_sc_hd__or4_4)
     5    0.03    0.09    0.39    2.50 v _13_/X (sky130_fd_sc_hd__or4_4)
                                         _02_ (net)
                  0.09    0.00    2.51 v _17_/B (sky130_fd_sc_hd__and2_1)
     1    0.02    0.07    0.17    2.67 v _17_/X (sky130_fd_sc_hd__and2_1)
                                         _05_ (net)
                  0.07    0.00    2.68 v _18_/B (sky130_fd_sc_hd__nor2_1)
     1    0.01    0.19    0.18    2.85 ^ _18_/Y (sky130_fd_sc_hd__nor2_1)
                                         net13 (net)
                  0.19    0.00    2.86 ^ output13/A (sky130_fd_sc_hd__buf_2)
     1    0.03    0.13    0.17    3.03 ^ output13/X (sky130_fd_sc_hd__buf_2)
                                         y[4] (net)
                  0.13    0.00    3.03 ^ y[4] (out)
                                  3.03   data arrival time

                  0.00   10.00   10.00   clock __VIRTUAL_CLK__ (rise edge)
                          0.00   10.00   clock network delay (ideal)
                         -0.25    9.75   clock uncertainty
                          0.00    9.75   clock reconvergence pessimism
                         -2.00    7.75   output external delay
                                  7.75   data required time
-----------------------------------------------------------------------------
                                  7.75   data required time
                                 -3.03   data arrival time
-----------------------------------------------------------------------------
                                  4.72   slack (MET)


Startpoint: x[1] (input port clocked by __VIRTUAL_CLK__)
Endpoint: y[5] (output port clocked by __VIRTUAL_CLK__)
Path Group: __VIRTUAL_CLK__
Path Type: max
Corner: Fastest

Fanout     Cap    Slew   Delay    Time   Description
-----------------------------------------------------------------------------
                  0.00    0.00    0.00   clock __VIRTUAL_CLK__ (rise edge)
                          0.00    0.00   clock network delay (ideal)
                          2.00    2.00 v input external delay
     1    0.00    0.00    0.00    2.00 v x[1] (in)
                                         x[1] (net)
                  0.00    0.00    2.00 v input2/A (sky130_fd_sc_hd__clkbuf_2)
     4    0.03    0.07    0.11    2.11 v input2/X (sky130_fd_sc_hd__clkbuf_2)
                                         net2 (net)
                  0.07    0.00    2.11 v _13_/A (sky130_fd_sc_hd__or4_4)
     5    0.03    0.09    0.39    2.50 v _13_/X (sky130_fd_sc_hd__or4_4)
                                         _02_ (net)
                  0.09    0.00    2.51 v _16_/B (sky130_fd_sc_hd__nor2_2)
     2    0.03    0.23    0.21    2.72 ^ _16_/Y (sky130_fd_sc_hd__nor2_2)
                                         _04_ (net)
                  0.23    0.00    2.72 ^ _19_/B (sky130_fd_sc_hd__xnor2_2)
     1    0.02    0.22    0.12    2.84 ^ _19_/Y (sky130_fd_sc_hd__xnor2_2)
                                         net14 (net)
                  0.22    0.00    2.85 ^ output14/A (sky130_fd_sc_hd__buf_2)
     1    0.03    0.13    0.18    3.02 ^ output14/X (sky130_fd_sc_hd__buf_2)
                                         y[5] (net)
                  0.13    0.00    3.03 ^ y[5] (out)
                                  3.03   data arrival time

                  0.00   10.00   10.00   clock __VIRTUAL_CLK__ (rise edge)
                          0.00   10.00   clock network delay (ideal)
                         -0.25    9.75   clock uncertainty
                          0.00    9.75   clock reconvergence pessimism
                         -2.00    7.75   output external delay
                                  7.75   data required time
-----------------------------------------------------------------------------
                                  7.75   data required time
                                 -3.03   data arrival time
-----------------------------------------------------------------------------
                                  4.72   slack (MET)


Startpoint: x[1] (input port clocked by __VIRTUAL_CLK__)
Endpoint: y[3] (output port clocked by __VIRTUAL_CLK__)
Path Group: __VIRTUAL_CLK__
Path Type: max
Corner: Fastest

Fanout     Cap    Slew   Delay    Time   Description
-----------------------------------------------------------------------------
                  0.00    0.00    0.00   clock __VIRTUAL_CLK__ (rise edge)
                          0.00    0.00   clock network delay (ideal)
                          2.00    2.00 v input external delay
     1    0.00    0.00    0.00    2.00 v x[1] (in)
                                         x[1] (net)
                  0.00    0.00    2.00 v input2/A (sky130_fd_sc_hd__clkbuf_2)
     4    0.03    0.07    0.11    2.11 v input2/X (sky130_fd_sc_hd__clkbuf_2)
                                         net2 (net)
                  0.07    0.00    2.11 v _13_/A (sky130_fd_sc_hd__or4_4)
     5    0.03    0.09    0.39    2.50 v _13_/X (sky130_fd_sc_hd__or4_4)
                                         _02_ (net)
                  0.09    0.00    2.51 v _14_/B (sky130_fd_sc_hd__and2b_1)
     1    0.00    0.02    0.12    2.63 v _14_/X (sky130_fd_sc_hd__and2b_1)
                                         _03_ (net)
                  0.02    0.00    2.63 v _15_/A (sky130_fd_sc_hd__clkbuf_1)
     1    0.01    0.04    0.07    2.70 v _15_/X (sky130_fd_sc_hd__clkbuf_1)
                                         net12 (net)
                  0.04    0.00    2.70 v output12/A (sky130_fd_sc_hd__buf_2)
     1    0.03    0.06    0.13    2.83 v output12/X (sky130_fd_sc_hd__buf_2)
                                         y[3] (net)
                  0.06    0.00    2.83 v y[3] (out)
                                  2.83   data arrival time

                  0.00   10.00   10.00   clock __VIRTUAL_CLK__ (rise edge)
                          0.00   10.00   clock network delay (ideal)
                         -0.25    9.75   clock uncertainty
                          0.00    9.75   clock reconvergence pessimism
                         -2.00    7.75   output external delay
                                  7.75   data required time
-----------------------------------------------------------------------------
                                  7.75   data required time
                                 -2.83   data arrival time
-----------------------------------------------------------------------------
                                  4.92   slack (MET)


Startpoint: x[0] (input port clocked by __VIRTUAL_CLK__)
Endpoint: y[1] (output port clocked by __VIRTUAL_CLK__)
Path Group: __VIRTUAL_CLK__
Path Type: max
Corner: Fastest

Fanout     Cap    Slew   Delay    Time   Description
-----------------------------------------------------------------------------
                  0.00    0.00    0.00   clock __VIRTUAL_CLK__ (rise edge)
                          0.00    0.00   clock network delay (ideal)
                          2.00    2.00 v input external delay
     1    0.00    0.00    0.00    2.00 v x[0] (in)
                                         x[0] (net)
                  0.00    0.00    2.00 v input1/A (sky130_fd_sc_hd__clkbuf_2)
     5    0.03    0.08    0.11    2.11 v input1/X (sky130_fd_sc_hd__clkbuf_2)
                                         net1 (net)
                  0.08    0.00    2.12 v _25_/B (sky130_fd_sc_hd__and2_1)
     1    0.01    0.05    0.15    2.27 v _25_/X (sky130_fd_sc_hd__and2_1)
                                         _09_ (net)
                  0.05    0.00    2.27 v _26_/B (sky130_fd_sc_hd__nor2_1)
     1    0.02    0.26    0.22    2.49 ^ _26_/Y (sky130_fd_sc_hd__nor2_1)
                                         net10 (net)
                  0.26    0.00    2.50 ^ output10/A (sky130_fd_sc_hd__buf_2)
     1    0.03    0.13    0.18    2.68 ^ output10/X (sky130_fd_sc_hd__buf_2)
                                         y[1] (net)
                  0.13    0.00    2.68 ^ y[1] (out)
                                  2.68   data arrival time

                  0.00   10.00   10.00   clock __VIRTUAL_CLK__ (rise edge)
                          0.00   10.00   clock network delay (ideal)
                         -0.25    9.75   clock uncertainty
                          0.00    9.75   clock reconvergence pessimism
                         -2.00    7.75   output external delay
                                  7.75   data required time
-----------------------------------------------------------------------------
                                  7.75   data required time
                                 -2.68   data arrival time
-----------------------------------------------------------------------------
                                  5.07   slack (MET)


Startpoint: x[0] (input port clocked by __VIRTUAL_CLK__)
Endpoint: y[2] (output port clocked by __VIRTUAL_CLK__)
Path Group: __VIRTUAL_CLK__
Path Type: max
Corner: Fastest

Fanout     Cap    Slew   Delay    Time   Description
-----------------------------------------------------------------------------
                  0.00    0.00    0.00   clock __VIRTUAL_CLK__ (rise edge)
                          0.00    0.00   clock network delay (ideal)
                          2.00    2.00 v input external delay
     1    0.00    0.00    0.00    2.00 v x[0] (in)
                                         x[0] (net)
                  0.00    0.00    2.00 v input1/A (sky130_fd_sc_hd__clkbuf_2)
     5    0.03    0.08    0.11    2.11 v input1/X (sky130_fd_sc_hd__clkbuf_2)
                                         net1 (net)
                  0.08    0.00    2.12 v _10_/B (sky130_fd_sc_hd__nor2_1)
     2    0.02    0.26    0.23    2.35 ^ _10_/Y (sky130_fd_sc_hd__nor2_1)
                                         _00_ (net)
                  0.26    0.00    2.35 ^ _11_/B (sky130_fd_sc_hd__xnor2_1)
     1    0.01    0.19    0.13    2.48 ^ _11_/Y (sky130_fd_sc_hd__xnor2_1)
                                         net11 (net)
                  0.19    0.00    2.49 ^ output11/A (sky130_fd_sc_hd__buf_2)
     1    0.03    0.13    0.17    2.66 ^ output11/X (sky130_fd_sc_hd__buf_2)
                                         y[2] (net)
                  0.13    0.00    2.66 ^ y[2] (out)
                                  2.66   data arrival time

                  0.00   10.00   10.00   clock __VIRTUAL_CLK__ (rise edge)
                          0.00   10.00   clock network delay (ideal)
                         -0.25    9.75   clock uncertainty
                          0.00    9.75   clock reconvergence pessimism
                         -2.00    7.75   output external delay
                                  7.75   data required time
-----------------------------------------------------------------------------
                                  7.75   data required time
                                 -2.66   data arrival time
-----------------------------------------------------------------------------
                                  5.09   slack (MET)


Startpoint: x[0] (input port clocked by __VIRTUAL_CLK__)
Endpoint: y[0] (output port clocked by __VIRTUAL_CLK__)
Path Group: __VIRTUAL_CLK__
Path Type: max
Corner: Fastest

Fanout     Cap    Slew   Delay    Time   Description
-----------------------------------------------------------------------------
                  0.00    0.00    0.00   clock __VIRTUAL_CLK__ (rise edge)
                          0.00    0.00   clock network delay (ideal)
                          2.00    2.00 ^ input external delay
     1    0.00    0.01    0.01    2.01 ^ x[0] (in)
                                         x[0] (net)
                  0.01    0.00    2.01 ^ input1/A (sky130_fd_sc_hd__clkbuf_2)
     5    0.03    0.13    0.14    2.15 ^ input1/X (sky130_fd_sc_hd__clkbuf_2)
                                         net1 (net)
                  0.13    0.00    2.15 ^ _27_/A (sky130_fd_sc_hd__clkbuf_1)
     1    0.01    0.05    0.08    2.23 ^ _27_/X (sky130_fd_sc_hd__clkbuf_1)
                                         net9 (net)
                  0.05    0.00    2.23 ^ output9/A (sky130_fd_sc_hd__buf_2)
     1    0.03    0.13    0.15    2.38 ^ output9/X (sky130_fd_sc_hd__buf_2)
                                         y[0] (net)
                  0.13    0.00    2.38 ^ y[0] (out)
                                  2.38   data arrival time

                  0.00   10.00   10.00   clock __VIRTUAL_CLK__ (rise edge)
                          0.00   10.00   clock network delay (ideal)
                         -0.25    9.75   clock uncertainty
                          0.00    9.75   clock reconvergence pessimism
                         -2.00    7.75   output external delay
                                  7.75   data required time
-----------------------------------------------------------------------------
                                  7.75   data required time
                                 -2.38   data arrival time
-----------------------------------------------------------------------------
                                  5.37   slack (MET)



worst slack corner Fastest: 4.5423
======================= Slowest Corner ===================================

Startpoint: x[1] (input port clocked by __VIRTUAL_CLK__)
Endpoint: y[6] (output port clocked by __VIRTUAL_CLK__)
Path Group: __VIRTUAL_CLK__
Path Type: max
Corner: Slowest

Fanout     Cap    Slew   Delay    Time   Description
-----------------------------------------------------------------------------
                  0.00    0.00    0.00   clock __VIRTUAL_CLK__ (rise edge)
                          0.00    0.00   clock network delay (ideal)
                          2.00    2.00 v input external delay
     1    0.00    0.02    0.01    2.01 v x[1] (in)
                                         x[1] (net)
                  0.02    0.00    2.01 v input2/A (sky130_fd_sc_hd__clkbuf_2)
     4    0.03    0.19    0.29    2.30 v input2/X (sky130_fd_sc_hd__clkbuf_2)
                                         net2 (net)
                  0.19    0.00    2.30 v _13_/A (sky130_fd_sc_hd__or4_4)
     5    0.03    0.23    1.29    3.60 v _13_/X (sky130_fd_sc_hd__or4_4)
                                         _02_ (net)
                  0.23    0.00    3.60 v _20_/D (sky130_fd_sc_hd__or4_2)
     2    0.02    0.32    1.62    5.21 v _20_/X (sky130_fd_sc_hd__or4_2)
                                         _06_ (net)
                  0.32    0.00    5.22 v _22_/A (sky130_fd_sc_hd__and2_1)
     1    0.00    0.09    0.44    5.65 v _22_/X (sky130_fd_sc_hd__and2_1)
                                         _08_ (net)
                  0.09    0.00    5.66 v _23_/A (sky130_fd_sc_hd__clkbuf_1)
     1    0.01    0.09    0.21    5.87 v _23_/X (sky130_fd_sc_hd__clkbuf_1)
                                         net15 (net)
                  0.09    0.00    5.87 v output15/A (sky130_fd_sc_hd__buf_2)
     1    0.03    0.16    0.37    6.24 v output15/X (sky130_fd_sc_hd__buf_2)
                                         y[6] (net)
                  0.16    0.00    6.24 v y[6] (out)
                                  6.24   data arrival time

                  0.00   10.00   10.00   clock __VIRTUAL_CLK__ (rise edge)
                          0.00   10.00   clock network delay (ideal)
                         -0.25    9.75   clock uncertainty
                          0.00    9.75   clock reconvergence pessimism
                         -2.00    7.75   output external delay
                                  7.75   data required time
-----------------------------------------------------------------------------
                                  7.75   data required time
                                 -6.24   data arrival time
-----------------------------------------------------------------------------
                                  1.51   slack (MET)


Startpoint: x[1] (input port clocked by __VIRTUAL_CLK__)
Endpoint: y[7] (output port clocked by __VIRTUAL_CLK__)
Path Group: __VIRTUAL_CLK__
Path Type: max
Corner: Slowest

Fanout     Cap    Slew   Delay    Time   Description
-----------------------------------------------------------------------------
                  0.00    0.00    0.00   clock __VIRTUAL_CLK__ (rise edge)
                          0.00    0.00   clock network delay (ideal)
                          2.00    2.00 v input external delay
     1    0.00    0.02    0.01    2.01 v x[1] (in)
                                         x[1] (net)
                  0.02    0.00    2.01 v input2/A (sky130_fd_sc_hd__clkbuf_2)
     4    0.03    0.19    0.29    2.30 v input2/X (sky130_fd_sc_hd__clkbuf_2)
                                         net2 (net)
                  0.19    0.00    2.30 v _13_/A (sky130_fd_sc_hd__or4_4)
     5    0.03    0.23    1.29    3.60 v _13_/X (sky130_fd_sc_hd__or4_4)
                                         _02_ (net)
                  0.23    0.00    3.60 v _20_/D (sky130_fd_sc_hd__or4_2)
     2    0.02    0.32    1.62    5.21 v _20_/X (sky130_fd_sc_hd__or4_2)
                                         _06_ (net)
                  0.32    0.00    5.22 v _24_/B (sky130_fd_sc_hd__xor2_1)
     1    0.00    0.10    0.38    5.60 v _24_/X (sky130_fd_sc_hd__xor2_1)
                                         net16 (net)
                  0.10    0.00    5.60 v output16/A (sky130_fd_sc_hd__buf_2)
     1    0.03    0.17    0.38    5.98 v output16/X (sky130_fd_sc_hd__buf_2)
                                         y[7] (net)
                  0.17    0.00    5.98 v y[7] (out)
                                  5.98   data arrival time

                  0.00   10.00   10.00   clock __VIRTUAL_CLK__ (rise edge)
                          0.00   10.00   clock network delay (ideal)
                         -0.25    9.75   clock uncertainty
                          0.00    9.75   clock reconvergence pessimism
                         -2.00    7.75   output external delay
                                  7.75   data required time
-----------------------------------------------------------------------------
                                  7.75   data required time
                                 -5.98   data arrival time
-----------------------------------------------------------------------------
                                  1.77   slack (MET)


Startpoint: x[1] (input port clocked by __VIRTUAL_CLK__)
Endpoint: y[4] (output port clocked by __VIRTUAL_CLK__)
Path Group: __VIRTUAL_CLK__
Path Type: max
Corner: Slowest

Fanout     Cap    Slew   Delay    Time   Description
-----------------------------------------------------------------------------
                  0.00    0.00    0.00   clock __VIRTUAL_CLK__ (rise edge)
                          0.00    0.00   clock network delay (ideal)
                          2.00    2.00 v input external delay
     1    0.00    0.02    0.01    2.01 v x[1] (in)
                                         x[1] (net)
                  0.02    0.00    2.01 v input2/A (sky130_fd_sc_hd__clkbuf_2)
     4    0.03    0.19    0.29    2.30 v input2/X (sky130_fd_sc_hd__clkbuf_2)
                                         net2 (net)
                  0.19    0.00    2.30 v _13_/A (sky130_fd_sc_hd__or4_4)
     5    0.03    0.23    1.29    3.60 v _13_/X (sky130_fd_sc_hd__or4_4)
                                         _02_ (net)
                  0.23    0.00    3.60 v _17_/B (sky130_fd_sc_hd__and2_1)
     1    0.02    0.18    0.53    4.13 v _17_/X (sky130_fd_sc_hd__and2_1)
                                         _05_ (net)
                  0.18    0.00    4.13 v _18_/B (sky130_fd_sc_hd__nor2_1)
     1    0.01    0.45    0.45    4.58 ^ _18_/Y (sky130_fd_sc_hd__nor2_1)
                                         net13 (net)
                  0.45    0.00    4.58 ^ output13/A (sky130_fd_sc_hd__buf_2)
     1    0.03    0.27    0.53    5.11 ^ output13/X (sky130_fd_sc_hd__buf_2)
                                         y[4] (net)
                  0.27    0.00    5.11 ^ y[4] (out)
                                  5.11   data arrival time

                  0.00   10.00   10.00   clock __VIRTUAL_CLK__ (rise edge)
                          0.00   10.00   clock network delay (ideal)
                         -0.25    9.75   clock uncertainty
                          0.00    9.75   clock reconvergence pessimism
                         -2.00    7.75   output external delay
                                  7.75   data required time
-----------------------------------------------------------------------------
                                  7.75   data required time
                                 -5.11   data arrival time
-----------------------------------------------------------------------------
                                  2.64   slack (MET)


Startpoint: x[1] (input port clocked by __VIRTUAL_CLK__)
Endpoint: y[5] (output port clocked by __VIRTUAL_CLK__)
Path Group: __VIRTUAL_CLK__
Path Type: max
Corner: Slowest

Fanout     Cap    Slew   Delay    Time   Description
-----------------------------------------------------------------------------
                  0.00    0.00    0.00   clock __VIRTUAL_CLK__ (rise edge)
                          0.00    0.00   clock network delay (ideal)
                          2.00    2.00 v input external delay
     1    0.00    0.02    0.01    2.01 v x[1] (in)
                                         x[1] (net)
                  0.02    0.00    2.01 v input2/A (sky130_fd_sc_hd__clkbuf_2)
     4    0.03    0.19    0.29    2.30 v input2/X (sky130_fd_sc_hd__clkbuf_2)
                                         net2 (net)
                  0.19    0.00    2.30 v _13_/A (sky130_fd_sc_hd__or4_4)
     5    0.03    0.23    1.29    3.60 v _13_/X (sky130_fd_sc_hd__or4_4)
                                         _02_ (net)
                  0.23    0.00    3.60 v _16_/B (sky130_fd_sc_hd__nor2_2)
     2    0.03    0.52    0.52    4.12 ^ _16_/Y (sky130_fd_sc_hd__nor2_2)
                                         _04_ (net)
                  0.52    0.00    4.12 ^ _19_/B (sky130_fd_sc_hd__xnor2_2)
     1    0.02    0.45    0.45    4.57 ^ _19_/Y (sky130_fd_sc_hd__xnor2_2)
                                         net14 (net)
                  0.45    0.00    4.58 ^ output14/A (sky130_fd_sc_hd__buf_2)
     1    0.03    0.27    0.53    5.11 ^ output14/X (sky130_fd_sc_hd__buf_2)
                                         y[5] (net)
                  0.27    0.00    5.11 ^ y[5] (out)
                                  5.11   data arrival time

                  0.00   10.00   10.00   clock __VIRTUAL_CLK__ (rise edge)
                          0.00   10.00   clock network delay (ideal)
                         -0.25    9.75   clock uncertainty
                          0.00    9.75   clock reconvergence pessimism
                         -2.00    7.75   output external delay
                                  7.75   data required time
-----------------------------------------------------------------------------
                                  7.75   data required time
                                 -5.11   data arrival time
-----------------------------------------------------------------------------
                                  2.64   slack (MET)


Startpoint: x[1] (input port clocked by __VIRTUAL_CLK__)
Endpoint: y[3] (output port clocked by __VIRTUAL_CLK__)
Path Group: __VIRTUAL_CLK__
Path Type: max
Corner: Slowest

Fanout     Cap    Slew   Delay    Time   Description
-----------------------------------------------------------------------------
                  0.00    0.00    0.00   clock __VIRTUAL_CLK__ (rise edge)
                          0.00    0.00   clock network delay (ideal)
                          2.00    2.00 v input external delay
     1    0.00    0.02    0.01    2.01 v x[1] (in)
                                         x[1] (net)
                  0.02    0.00    2.01 v input2/A (sky130_fd_sc_hd__clkbuf_2)
     4    0.03    0.19    0.29    2.30 v input2/X (sky130_fd_sc_hd__clkbuf_2)
                                         net2 (net)
                  0.19    0.00    2.30 v _13_/A (sky130_fd_sc_hd__or4_4)
     5    0.03    0.23    1.29    3.60 v _13_/X (sky130_fd_sc_hd__or4_4)
                                         _02_ (net)
                  0.23    0.00    3.60 v _14_/B (sky130_fd_sc_hd__and2b_1)
     1    0.00    0.06    0.41    4.01 v _14_/X (sky130_fd_sc_hd__and2b_1)
                                         _03_ (net)
                  0.06    0.00    4.01 v _15_/A (sky130_fd_sc_hd__clkbuf_1)
     1    0.01    0.11    0.21    4.22 v _15_/X (sky130_fd_sc_hd__clkbuf_1)
                                         net12 (net)
                  0.11    0.00    4.23 v output12/A (sky130_fd_sc_hd__buf_2)
     1    0.03    0.17    0.38    4.60 v output12/X (sky130_fd_sc_hd__buf_2)
                                         y[3] (net)
                  0.17    0.00    4.60 v y[3] (out)
                                  4.60   data arrival time

                  0.00   10.00   10.00   clock __VIRTUAL_CLK__ (rise edge)
                          0.00   10.00   clock network delay (ideal)
                         -0.25    9.75   clock uncertainty
                          0.00    9.75   clock reconvergence pessimism
                         -2.00    7.75   output external delay
                                  7.75   data required time
-----------------------------------------------------------------------------
                                  7.75   data required time
                                 -4.60   data arrival time
-----------------------------------------------------------------------------
                                  3.15   slack (MET)


Startpoint: x[0] (input port clocked by __VIRTUAL_CLK__)
Endpoint: y[1] (output port clocked by __VIRTUAL_CLK__)
Path Group: __VIRTUAL_CLK__
Path Type: max
Corner: Slowest

Fanout     Cap    Slew   Delay    Time   Description
-----------------------------------------------------------------------------
                  0.00    0.00    0.00   clock __VIRTUAL_CLK__ (rise edge)
                          0.00    0.00   clock network delay (ideal)
                          2.00    2.00 v input external delay
     1    0.00    0.02    0.01    2.01 v x[0] (in)
                                         x[0] (net)
                  0.02    0.00    2.01 v input1/A (sky130_fd_sc_hd__clkbuf_2)
     5    0.03    0.21    0.30    2.31 v input1/X (sky130_fd_sc_hd__clkbuf_2)
                                         net1 (net)
                  0.21    0.00    2.32 v _25_/B (sky130_fd_sc_hd__and2_1)
     1    0.01    0.15    0.49    2.81 v _25_/X (sky130_fd_sc_hd__and2_1)
                                         _09_ (net)
                  0.15    0.00    2.81 v _26_/B (sky130_fd_sc_hd__nor2_1)
     1    0.02    0.61    0.56    3.36 ^ _26_/Y (sky130_fd_sc_hd__nor2_1)
                                         net10 (net)
                  0.61    0.00    3.36 ^ output10/A (sky130_fd_sc_hd__buf_2)
     1    0.03    0.27    0.59    3.96 ^ output10/X (sky130_fd_sc_hd__buf_2)
                                         y[1] (net)
                  0.27    0.00    3.96 ^ y[1] (out)
                                  3.96   data arrival time

                  0.00   10.00   10.00   clock __VIRTUAL_CLK__ (rise edge)
                          0.00   10.00   clock network delay (ideal)
                         -0.25    9.75   clock uncertainty
                          0.00    9.75   clock reconvergence pessimism
                         -2.00    7.75   output external delay
                                  7.75   data required time
-----------------------------------------------------------------------------
                                  7.75   data required time
                                 -3.96   data arrival time
-----------------------------------------------------------------------------
                                  3.79   slack (MET)


Startpoint: x[1] (input port clocked by __VIRTUAL_CLK__)
Endpoint: y[2] (output port clocked by __VIRTUAL_CLK__)
Path Group: __VIRTUAL_CLK__
Path Type: max
Corner: Slowest

Fanout     Cap    Slew   Delay    Time   Description
-----------------------------------------------------------------------------
                  0.00    0.00    0.00   clock __VIRTUAL_CLK__ (rise edge)
                          0.00    0.00   clock network delay (ideal)
                          2.00    2.00 v input external delay
     1    0.00    0.02    0.01    2.01 v x[1] (in)
                                         x[1] (net)
                  0.02    0.00    2.01 v input2/A (sky130_fd_sc_hd__clkbuf_2)
     4    0.03    0.19    0.29    2.30 v input2/X (sky130_fd_sc_hd__clkbuf_2)
                                         net2 (net)
                  0.19    0.00    2.30 v _10_/A (sky130_fd_sc_hd__nor2_1)
     2    0.02    0.60    0.60    2.90 ^ _10_/Y (sky130_fd_sc_hd__nor2_1)
                                         _00_ (net)
                  0.60    0.00    2.90 ^ _11_/B (sky130_fd_sc_hd__xnor2_1)
     1    0.01    0.44    0.49    3.39 ^ _11_/Y (sky130_fd_sc_hd__xnor2_1)
                                         net11 (net)
                  0.44    0.00    3.39 ^ output11/A (sky130_fd_sc_hd__buf_2)
     1    0.03    0.27    0.52    3.91 ^ output11/X (sky130_fd_sc_hd__buf_2)
                                         y[2] (net)
                  0.27    0.00    3.91 ^ y[2] (out)
                                  3.91   data arrival time

                  0.00   10.00   10.00   clock __VIRTUAL_CLK__ (rise edge)
                          0.00   10.00   clock network delay (ideal)
                         -0.25    9.75   clock uncertainty
                          0.00    9.75   clock reconvergence pessimism
                         -2.00    7.75   output external delay
                                  7.75   data required time
-----------------------------------------------------------------------------
                                  7.75   data required time
                                 -3.91   data arrival time
-----------------------------------------------------------------------------
                                  3.84   slack (MET)


Startpoint: x[0] (input port clocked by __VIRTUAL_CLK__)
Endpoint: y[0] (output port clocked by __VIRTUAL_CLK__)
Path Group: __VIRTUAL_CLK__
Path Type: max
Corner: Slowest

Fanout     Cap    Slew   Delay    Time   Description
-----------------------------------------------------------------------------
                  0.00    0.00    0.00   clock __VIRTUAL_CLK__ (rise edge)
                          0.00    0.00   clock network delay (ideal)
                          2.00    2.00 ^ input external delay
     1    0.00    0.03    0.02    2.02 ^ x[0] (in)
                                         x[0] (net)
                  0.03    0.00    2.02 ^ input1/A (sky130_fd_sc_hd__clkbuf_2)
     5    0.03    0.27    0.33    2.35 ^ input1/X (sky130_fd_sc_hd__clkbuf_2)
                                         net1 (net)
                  0.27    0.00    2.35 ^ _27_/A (sky130_fd_sc_hd__clkbuf_1)
     1    0.01    0.11    0.27    2.62 ^ _27_/X (sky130_fd_sc_hd__clkbuf_1)
                                         net9 (net)
                  0.11    0.00    2.62 ^ output9/A (sky130_fd_sc_hd__buf_2)
     1    0.03    0.27    0.38    3.00 ^ output9/X (sky130_fd_sc_hd__buf_2)
                                         y[0] (net)
                  0.27    0.00    3.00 ^ y[0] (out)
                                  3.00   data arrival time

                  0.00   10.00   10.00   clock __VIRTUAL_CLK__ (rise edge)
                          0.00   10.00   clock network delay (ideal)
                         -0.25    9.75   clock uncertainty
                          0.00    9.75   clock reconvergence pessimism
                         -2.00    7.75   output external delay
                                  7.75   data required time
-----------------------------------------------------------------------------
                                  7.75   data required time
                                 -3.00   data arrival time
-----------------------------------------------------------------------------
                                  4.75   slack (MET)



worst slack corner Slowest: 1.5131
======================= Typical Corner ===================================

Startpoint: x[1] (input port clocked by __VIRTUAL_CLK__)
Endpoint: y[6] (output port clocked by __VIRTUAL_CLK__)
Path Group: __VIRTUAL_CLK__
Path Type: max
Corner: Typical

Fanout     Cap    Slew   Delay    Time   Description
-----------------------------------------------------------------------------
                  0.00    0.00    0.00   clock __VIRTUAL_CLK__ (rise edge)
                          0.00    0.00   clock network delay (ideal)
                          2.00    2.00 v input external delay
     1    0.00    0.01    0.00    2.00 v x[1] (in)
                                         x[1] (net)
                  0.01    0.00    2.00 v input2/A (sky130_fd_sc_hd__clkbuf_2)
     4    0.03    0.11    0.16    2.16 v input2/X (sky130_fd_sc_hd__clkbuf_2)
                                         net2 (net)
                  0.11    0.00    2.17 v _13_/A (sky130_fd_sc_hd__or4_4)
     5    0.03    0.13    0.65    2.82 v _13_/X (sky130_fd_sc_hd__or4_4)
                                         _02_ (net)
                  0.13    0.00    2.82 v _20_/D (sky130_fd_sc_hd__or4_2)
     2    0.02    0.15    0.67    3.49 v _20_/X (sky130_fd_sc_hd__or4_2)
                                         _06_ (net)
                  0.15    0.00    3.49 v _22_/A (sky130_fd_sc_hd__and2_1)
     1    0.00    0.04    0.20    3.69 v _22_/X (sky130_fd_sc_hd__and2_1)
                                         _08_ (net)
                  0.04    0.00    3.69 v _23_/A (sky130_fd_sc_hd__clkbuf_1)
     1    0.01    0.05    0.11    3.80 v _23_/X (sky130_fd_sc_hd__clkbuf_1)
                                         net15 (net)
                  0.05    0.00    3.80 v output15/A (sky130_fd_sc_hd__buf_2)
     1    0.03    0.09    0.19    3.99 v output15/X (sky130_fd_sc_hd__buf_2)
                                         y[6] (net)
                  0.09    0.00    3.99 v y[6] (out)
                                  3.99   data arrival time

                  0.00   10.00   10.00   clock __VIRTUAL_CLK__ (rise edge)
                          0.00   10.00   clock network delay (ideal)
                         -0.25    9.75   clock uncertainty
                          0.00    9.75   clock reconvergence pessimism
                         -2.00    7.75   output external delay
                                  7.75   data required time
-----------------------------------------------------------------------------
                                  7.75   data required time
                                 -3.99   data arrival time
-----------------------------------------------------------------------------
                                  3.76   slack (MET)


Startpoint: x[1] (input port clocked by __VIRTUAL_CLK__)
Endpoint: y[7] (output port clocked by __VIRTUAL_CLK__)
Path Group: __VIRTUAL_CLK__
Path Type: max
Corner: Typical

Fanout     Cap    Slew   Delay    Time   Description
-----------------------------------------------------------------------------
                  0.00    0.00    0.00   clock __VIRTUAL_CLK__ (rise edge)
                          0.00    0.00   clock network delay (ideal)
                          2.00    2.00 v input external delay
     1    0.00    0.01    0.00    2.00 v x[1] (in)
                                         x[1] (net)
                  0.01    0.00    2.00 v input2/A (sky130_fd_sc_hd__clkbuf_2)
     4    0.03    0.11    0.16    2.16 v input2/X (sky130_fd_sc_hd__clkbuf_2)
                                         net2 (net)
                  0.11    0.00    2.17 v _13_/A (sky130_fd_sc_hd__or4_4)
     5    0.03    0.13    0.65    2.82 v _13_/X (sky130_fd_sc_hd__or4_4)
                                         _02_ (net)
                  0.13    0.00    2.82 v _20_/D (sky130_fd_sc_hd__or4_2)
     2    0.02    0.15    0.67    3.49 v _20_/X (sky130_fd_sc_hd__or4_2)
                                         _06_ (net)
                  0.15    0.00    3.49 v _24_/B (sky130_fd_sc_hd__xor2_1)
     1    0.00    0.12    0.18    3.67 ^ _24_/X (sky130_fd_sc_hd__xor2_1)
                                         net16 (net)
                  0.12    0.00    3.67 ^ output16/A (sky130_fd_sc_hd__buf_2)
     1    0.03    0.17    0.24    3.91 ^ output16/X (sky130_fd_sc_hd__buf_2)
                                         y[7] (net)
                  0.17    0.00    3.91 ^ y[7] (out)
                                  3.91   data arrival time

                  0.00   10.00   10.00   clock __VIRTUAL_CLK__ (rise edge)
                          0.00   10.00   clock network delay (ideal)
                         -0.25    9.75   clock uncertainty
                          0.00    9.75   clock reconvergence pessimism
                         -2.00    7.75   output external delay
                                  7.75   data required time
-----------------------------------------------------------------------------
                                  7.75   data required time
                                 -3.91   data arrival time
-----------------------------------------------------------------------------
                                  3.84   slack (MET)


Startpoint: x[1] (input port clocked by __VIRTUAL_CLK__)
Endpoint: y[5] (output port clocked by __VIRTUAL_CLK__)
Path Group: __VIRTUAL_CLK__
Path Type: max
Corner: Typical

Fanout     Cap    Slew   Delay    Time   Description
-----------------------------------------------------------------------------
                  0.00    0.00    0.00   clock __VIRTUAL_CLK__ (rise edge)
                          0.00    0.00   clock network delay (ideal)
                          2.00    2.00 v input external delay
     1    0.00    0.01    0.00    2.00 v x[1] (in)
                                         x[1] (net)
                  0.01    0.00    2.00 v input2/A (sky130_fd_sc_hd__clkbuf_2)
     4    0.03    0.11    0.16    2.16 v input2/X (sky130_fd_sc_hd__clkbuf_2)
                                         net2 (net)
                  0.11    0.00    2.17 v _13_/A (sky130_fd_sc_hd__or4_4)
     5    0.03    0.13    0.65    2.82 v _13_/X (sky130_fd_sc_hd__or4_4)
                                         _02_ (net)
                  0.13    0.00    2.82 v _16_/B (sky130_fd_sc_hd__nor2_2)
     2    0.03    0.32    0.31    3.13 ^ _16_/Y (sky130_fd_sc_hd__nor2_2)
                                         _04_ (net)
                  0.32    0.00    3.13 ^ _19_/B (sky130_fd_sc_hd__xnor2_2)
     1    0.02    0.29    0.22    3.34 ^ _19_/Y (sky130_fd_sc_hd__xnor2_2)
                                         net14 (net)
                  0.29    0.00    3.35 ^ output14/A (sky130_fd_sc_hd__buf_2)
     1    0.03    0.17    0.28    3.63 ^ output14/X (sky130_fd_sc_hd__buf_2)
                                         y[5] (net)
                  0.17    0.00    3.63 ^ y[5] (out)
                                  3.63   data arrival time

                  0.00   10.00   10.00   clock __VIRTUAL_CLK__ (rise edge)
                          0.00   10.00   clock network delay (ideal)
                         -0.25    9.75   clock uncertainty
                          0.00    9.75   clock reconvergence pessimism
                         -2.00    7.75   output external delay
                                  7.75   data required time
-----------------------------------------------------------------------------
                                  7.75   data required time
                                 -3.63   data arrival time
-----------------------------------------------------------------------------
                                  4.12   slack (MET)


Startpoint: x[1] (input port clocked by __VIRTUAL_CLK__)
Endpoint: y[4] (output port clocked by __VIRTUAL_CLK__)
Path Group: __VIRTUAL_CLK__
Path Type: max
Corner: Typical

Fanout     Cap    Slew   Delay    Time   Description
-----------------------------------------------------------------------------
                  0.00    0.00    0.00   clock __VIRTUAL_CLK__ (rise edge)
                          0.00    0.00   clock network delay (ideal)
                          2.00    2.00 v input external delay
     1    0.00    0.01    0.00    2.00 v x[1] (in)
                                         x[1] (net)
                  0.01    0.00    2.00 v input2/A (sky130_fd_sc_hd__clkbuf_2)
     4    0.03    0.11    0.16    2.16 v input2/X (sky130_fd_sc_hd__clkbuf_2)
                                         net2 (net)
                  0.11    0.00    2.17 v _13_/A (sky130_fd_sc_hd__or4_4)
     5    0.03    0.13    0.65    2.82 v _13_/X (sky130_fd_sc_hd__or4_4)
                                         _02_ (net)
                  0.13    0.00    2.82 v _17_/B (sky130_fd_sc_hd__and2_1)
     1    0.02    0.10    0.26    3.08 v _17_/X (sky130_fd_sc_hd__and2_1)
                                         _05_ (net)
                  0.10    0.00    3.08 v _18_/B (sky130_fd_sc_hd__nor2_1)
     1    0.01    0.27    0.26    3.34 ^ _18_/Y (sky130_fd_sc_hd__nor2_1)
                                         net13 (net)
                  0.27    0.00    3.34 ^ output13/A (sky130_fd_sc_hd__buf_2)
     1    0.03    0.17    0.28    3.62 ^ output13/X (sky130_fd_sc_hd__buf_2)
                                         y[4] (net)
                  0.17    0.00    3.62 ^ y[4] (out)
                                  3.62   data arrival time

                  0.00   10.00   10.00   clock __VIRTUAL_CLK__ (rise edge)
                          0.00   10.00   clock network delay (ideal)
                         -0.25    9.75   clock uncertainty
                          0.00    9.75   clock reconvergence pessimism
                         -2.00    7.75   output external delay
                                  7.75   data required time
-----------------------------------------------------------------------------
                                  7.75   data required time
                                 -3.62   data arrival time
-----------------------------------------------------------------------------
                                  4.13   slack (MET)


Startpoint: x[1] (input port clocked by __VIRTUAL_CLK__)
Endpoint: y[3] (output port clocked by __VIRTUAL_CLK__)
Path Group: __VIRTUAL_CLK__
Path Type: max
Corner: Typical

Fanout     Cap    Slew   Delay    Time   Description
-----------------------------------------------------------------------------
                  0.00    0.00    0.00   clock __VIRTUAL_CLK__ (rise edge)
                          0.00    0.00   clock network delay (ideal)
                          2.00    2.00 v input external delay
     1    0.00    0.01    0.00    2.00 v x[1] (in)
                                         x[1] (net)
                  0.01    0.00    2.00 v input2/A (sky130_fd_sc_hd__clkbuf_2)
     4    0.03    0.11    0.16    2.16 v input2/X (sky130_fd_sc_hd__clkbuf_2)
                                         net2 (net)
                  0.11    0.00    2.17 v _13_/A (sky130_fd_sc_hd__or4_4)
     5    0.03    0.13    0.65    2.82 v _13_/X (sky130_fd_sc_hd__or4_4)
                                         _02_ (net)
                  0.13    0.00    2.82 v _14_/B (sky130_fd_sc_hd__and2b_1)
     1    0.00    0.03    0.19    3.01 v _14_/X (sky130_fd_sc_hd__and2b_1)
                                         _03_ (net)
                  0.03    0.00    3.01 v _15_/A (sky130_fd_sc_hd__clkbuf_1)
     1    0.01    0.05    0.11    3.13 v _15_/X (sky130_fd_sc_hd__clkbuf_1)
                                         net12 (net)
                  0.05    0.00    3.13 v output12/A (sky130_fd_sc_hd__buf_2)
     1    0.03    0.09    0.19    3.32 v output12/X (sky130_fd_sc_hd__buf_2)
                                         y[3] (net)
                  0.09    0.00    3.32 v y[3] (out)
                                  3.32   data arrival time

                  0.00   10.00   10.00   clock __VIRTUAL_CLK__ (rise edge)
                          0.00   10.00   clock network delay (ideal)
                         -0.25    9.75   clock uncertainty
                          0.00    9.75   clock reconvergence pessimism
                         -2.00    7.75   output external delay
                                  7.75   data required time
-----------------------------------------------------------------------------
                                  7.75   data required time
                                 -3.32   data arrival time
-----------------------------------------------------------------------------
                                  4.43   slack (MET)


Startpoint: x[0] (input port clocked by __VIRTUAL_CLK__)
Endpoint: y[1] (output port clocked by __VIRTUAL_CLK__)
Path Group: __VIRTUAL_CLK__
Path Type: max
Corner: Typical

Fanout     Cap    Slew   Delay    Time   Description
-----------------------------------------------------------------------------
                  0.00    0.00    0.00   clock __VIRTUAL_CLK__ (rise edge)
                          0.00    0.00   clock network delay (ideal)
                          2.00    2.00 v input external delay
     1    0.00    0.01    0.00    2.00 v x[0] (in)
                                         x[0] (net)
                  0.01    0.00    2.00 v input1/A (sky130_fd_sc_hd__clkbuf_2)
     5    0.03    0.12    0.17    2.17 v input1/X (sky130_fd_sc_hd__clkbuf_2)
                                         net1 (net)
                  0.12    0.00    2.17 v _25_/B (sky130_fd_sc_hd__and2_1)
     1    0.01    0.08    0.24    2.41 v _25_/X (sky130_fd_sc_hd__and2_1)
                                         _09_ (net)
                  0.08    0.00    2.41 v _26_/B (sky130_fd_sc_hd__nor2_1)
     1    0.02    0.36    0.32    2.73 ^ _26_/Y (sky130_fd_sc_hd__nor2_1)
                                         net10 (net)
                  0.36    0.00    2.73 ^ output10/A (sky130_fd_sc_hd__buf_2)
     1    0.03    0.17    0.30    3.03 ^ output10/X (sky130_fd_sc_hd__buf_2)
                                         y[1] (net)
                  0.17    0.00    3.03 ^ y[1] (out)
                                  3.03   data arrival time

                  0.00   10.00   10.00   clock __VIRTUAL_CLK__ (rise edge)
                          0.00   10.00   clock network delay (ideal)
                         -0.25    9.75   clock uncertainty
                          0.00    9.75   clock reconvergence pessimism
                         -2.00    7.75   output external delay
                                  7.75   data required time
-----------------------------------------------------------------------------
                                  7.75   data required time
                                 -3.03   data arrival time
-----------------------------------------------------------------------------
                                  4.72   slack (MET)


Startpoint: x[1] (input port clocked by __VIRTUAL_CLK__)
Endpoint: y[2] (output port clocked by __VIRTUAL_CLK__)
Path Group: __VIRTUAL_CLK__
Path Type: max
Corner: Typical

Fanout     Cap    Slew   Delay    Time   Description
-----------------------------------------------------------------------------
                  0.00    0.00    0.00   clock __VIRTUAL_CLK__ (rise edge)
                          0.00    0.00   clock network delay (ideal)
                          2.00    2.00 v input external delay
     1    0.00    0.01    0.00    2.00 v x[1] (in)
                                         x[1] (net)
                  0.01    0.00    2.00 v input2/A (sky130_fd_sc_hd__clkbuf_2)
     4    0.03    0.11    0.16    2.16 v input2/X (sky130_fd_sc_hd__clkbuf_2)
                                         net2 (net)
                  0.11    0.00    2.17 v _10_/A (sky130_fd_sc_hd__nor2_1)
     2    0.02    0.36    0.35    2.51 ^ _10_/Y (sky130_fd_sc_hd__nor2_1)
                                         _00_ (net)
                  0.36    0.00    2.51 ^ _11_/B (sky130_fd_sc_hd__xnor2_1)
     1    0.01    0.27    0.23    2.75 ^ _11_/Y (sky130_fd_sc_hd__xnor2_1)
                                         net11 (net)
                  0.27    0.00    2.75 ^ output11/A (sky130_fd_sc_hd__buf_2)
     1    0.03    0.17    0.28    3.03 ^ output11/X (sky130_fd_sc_hd__buf_2)
                                         y[2] (net)
                  0.17    0.00    3.03 ^ y[2] (out)
                                  3.03   data arrival time

                  0.00   10.00   10.00   clock __VIRTUAL_CLK__ (rise edge)
                          0.00   10.00   clock network delay (ideal)
                         -0.25    9.75   clock uncertainty
                          0.00    9.75   clock reconvergence pessimism
                         -2.00    7.75   output external delay
                                  7.75   data required time
-----------------------------------------------------------------------------
                                  7.75   data required time
                                 -3.03   data arrival time
-----------------------------------------------------------------------------
                                  4.72   slack (MET)


Startpoint: x[0] (input port clocked by __VIRTUAL_CLK__)
Endpoint: y[0] (output port clocked by __VIRTUAL_CLK__)
Path Group: __VIRTUAL_CLK__
Path Type: max
Corner: Typical

Fanout     Cap    Slew   Delay    Time   Description
-----------------------------------------------------------------------------
                  0.00    0.00    0.00   clock __VIRTUAL_CLK__ (rise edge)
                          0.00    0.00   clock network delay (ideal)
                          2.00    2.00 ^ input external delay
     1    0.00    0.02    0.01    2.01 ^ x[0] (in)
                                         x[0] (net)
                  0.02    0.00    2.01 ^ input1/A (sky130_fd_sc_hd__clkbuf_2)
     5    0.03    0.17    0.19    2.20 ^ input1/X (sky130_fd_sc_hd__clkbuf_2)
                                         net1 (net)
                  0.17    0.00    2.21 ^ _27_/A (sky130_fd_sc_hd__clkbuf_1)
     1    0.01    0.07    0.13    2.34 ^ _27_/X (sky130_fd_sc_hd__clkbuf_1)
                                         net9 (net)
                  0.07    0.00    2.34 ^ output9/A (sky130_fd_sc_hd__buf_2)
     1    0.03    0.17    0.22    2.56 ^ output9/X (sky130_fd_sc_hd__buf_2)
                                         y[0] (net)
                  0.17    0.00    2.56 ^ y[0] (out)
                                  2.56   data arrival time

                  0.00   10.00   10.00   clock __VIRTUAL_CLK__ (rise edge)
                          0.00   10.00   clock network delay (ideal)
                         -0.25    9.75   clock uncertainty
                          0.00    9.75   clock reconvergence pessimism
                         -2.00    7.75   output external delay
                                  7.75   data required time
-----------------------------------------------------------------------------
                                  7.75   data required time
                                 -2.56   data arrival time
-----------------------------------------------------------------------------
                                  5.19   slack (MET)



worst slack corner Typical: 3.7575
